<?xml version="1.0" encoding="UTF-8"?>
<testsuite xmlns:xsi="http://www.w3.org/2001/XMLSchema-instance" xsi:noNamespaceSchemaLocation="https://maven.apache.org/surefire/maven-surefire-plugin/xsd/surefire-test-report-3.0.xsd" version="3.0" name="TestSuite" time="110.767" tests="22" errors="0" skipped="0" failures="2">
  <properties>
    <property name="java.specification.version" value="13"/>
    <property name="sun.cpu.isalist" value="amd64"/>
    <property name="sun.jnu.encoding" value="Cp1252"/>
    <property name="java.class.path" value="C:\Users\Basement\eclipse-workspace\AppiumFramework\target\test-classes;C:\Users\Basement\eclipse-workspace\AppiumFramework\target\classes;C:\Users\Basement\.m2\repository\io\appium\java-client\7.3.0\java-client-7.3.0.jar;C:\Users\Basement\.m2\repository\org\seleniumhq\selenium\selenium-support\3.141.59\selenium-support-3.141.59.jar;C:\Users\Basement\.m2\repository\org\seleniumhq\selenium\selenium-api\3.141.59\selenium-api-3.141.59.jar;C:\Users\Basement\.m2\repository\com\google\code\gson\gson\2.8.5\gson-2.8.5.jar;C:\Users\Basement\.m2\repository\org\apache\httpcomponents\httpclient\4.5.9\httpclient-4.5.9.jar;C:\Users\Basement\.m2\repository\org\apache\httpcomponents\httpcore\4.4.11\httpcore-4.4.11.jar;C:\Users\Basement\.m2\repository\commons-codec\commons-codec\1.11\commons-codec-1.11.jar;C:\Users\Basement\.m2\repository\cglib\cglib\3.2.12\cglib-3.2.12.jar;C:\Users\Basement\.m2\repository\org\ow2\asm\asm\7.1\asm-7.1.jar;C:\Users\Basement\.m2\repository\org\springframework\spring-context\5.1.8.RELEASE\spring-context-5.1.8.RELEASE.jar;C:\Users\Basement\.m2\repository\org\springframework\spring-aop\5.1.8.RELEASE\spring-aop-5.1.8.RELEASE.jar;C:\Users\Basement\.m2\repository\org\springframework\spring-beans\5.1.8.RELEASE\spring-beans-5.1.8.RELEASE.jar;C:\Users\Basement\.m2\repository\org\springframework\spring-core\5.1.8.RELEASE\spring-core-5.1.8.RELEASE.jar;C:\Users\Basement\.m2\repository\org\springframework\spring-jcl\5.1.8.RELEASE\spring-jcl-5.1.8.RELEASE.jar;C:\Users\Basement\.m2\repository\org\springframework\spring-expression\5.1.8.RELEASE\spring-expression-5.1.8.RELEASE.jar;C:\Users\Basement\.m2\repository\org\aspectj\aspectjweaver\1.9.4\aspectjweaver-1.9.4.jar;C:\Users\Basement\.m2\repository\org\seleniumhq\selenium\selenium-java\3.141.59\selenium-java-3.141.59.jar;C:\Users\Basement\.m2\repository\org\seleniumhq\selenium\selenium-chrome-driver\3.141.59\selenium-chrome-driver-3.141.59.jar;C:\Users\Basement\.m2\repository\org\seleniumhq\selenium\selenium-edge-driver\3.141.59\selenium-edge-driver-3.141.59.jar;C:\Users\Basement\.m2\repository\org\seleniumhq\selenium\selenium-firefox-driver\3.141.59\selenium-firefox-driver-3.141.59.jar;C:\Users\Basement\.m2\repository\org\seleniumhq\selenium\selenium-ie-driver\3.141.59\selenium-ie-driver-3.141.59.jar;C:\Users\Basement\.m2\repository\org\seleniumhq\selenium\selenium-opera-driver\3.141.59\selenium-opera-driver-3.141.59.jar;C:\Users\Basement\.m2\repository\org\seleniumhq\selenium\selenium-remote-driver\3.141.59\selenium-remote-driver-3.141.59.jar;C:\Users\Basement\.m2\repository\org\seleniumhq\selenium\selenium-safari-driver\3.141.59\selenium-safari-driver-3.141.59.jar;C:\Users\Basement\.m2\repository\net\bytebuddy\byte-buddy\1.8.15\byte-buddy-1.8.15.jar;C:\Users\Basement\.m2\repository\org\apache\commons\commons-exec\1.3\commons-exec-1.3.jar;C:\Users\Basement\.m2\repository\com\google\guava\guava\25.0-jre\guava-25.0-jre.jar;C:\Users\Basement\.m2\repository\com\google\code\findbugs\jsr305\1.3.9\jsr305-1.3.9.jar;C:\Users\Basement\.m2\repository\org\checkerframework\checker-compat-qual\2.0.0\checker-compat-qual-2.0.0.jar;C:\Users\Basement\.m2\repository\com\google\errorprone\error_prone_annotations\2.1.3\error_prone_annotations-2.1.3.jar;C:\Users\Basement\.m2\repository\com\google\j2objc\j2objc-annotations\1.1\j2objc-annotations-1.1.jar;C:\Users\Basement\.m2\repository\org\codehaus\mojo\animal-sniffer-annotations\1.14\animal-sniffer-annotations-1.14.jar;C:\Users\Basement\.m2\repository\com\squareup\okhttp3\okhttp\3.11.0\okhttp-3.11.0.jar;C:\Users\Basement\.m2\repository\com\squareup\okio\okio\1.14.0\okio-1.14.0.jar;C:\Users\Basement\.m2\repository\org\testng\testng\7.3.0\testng-7.3.0.jar;C:\Users\Basement\.m2\repository\com\beust\jcommander\1.78\jcommander-1.78.jar;C:\Users\Basement\.m2\repository\org\apache\ant\ant\1.10.3\ant-1.10.3.jar;C:\Users\Basement\.m2\repository\org\apache\ant\ant-launcher\1.10.3\ant-launcher-1.10.3.jar;C:\Users\Basement\.m2\repository\junit\junit\4.12\junit-4.12.jar;C:\Users\Basement\.m2\repository\org\hamcrest\hamcrest-core\1.3\hamcrest-core-1.3.jar;C:\Users\Basement\.m2\repository\com\google\inject\guice\4.2.2\guice-4.2.2-no_aop.jar;C:\Users\Basement\.m2\repository\javax\inject\javax.inject\1\javax.inject-1.jar;C:\Users\Basement\.m2\repository\aopalliance\aopalliance\1.0\aopalliance-1.0.jar;C:\Users\Basement\.m2\repository\org\yaml\snakeyaml\1.21\snakeyaml-1.21.jar;C:\Users\Basement\.m2\repository\com\aventstack\extentreports\5.0.4\extentreports-5.0.4.jar;C:\Users\Basement\.m2\repository\io\reactivex\rxjava3\rxjava\3.0.4\rxjava-3.0.4.jar;C:\Users\Basement\.m2\repository\org\reactivestreams\reactive-streams\1.0.3\reactive-streams-1.0.3.jar;C:\Users\Basement\.m2\repository\org\freemarker\freemarker\2.3.30\freemarker-2.3.30.jar;C:\Users\Basement\.m2\repository\org\projectlombok\lombok\1.18.12\lombok-1.18.12.jar;C:\Users\Basement\.m2\repository\org\slf4j\slf4j-simple\1.7.30\slf4j-simple-1.7.30.jar;C:\Users\Basement\.m2\repository\org\slf4j\slf4j-api\1.7.30\slf4j-api-1.7.30.jar;C:\Users\Basement\.m2\repository\org\apache\commons\commons-lang3\3.11\commons-lang3-3.11.jar;C:\Users\Basement\.m2\repository\commons-io\commons-io\2.8.0\commons-io-2.8.0.jar;C:\Users\Basement\.m2\repository\commons-validator\commons-validator\1.7\commons-validator-1.7.jar;C:\Users\Basement\.m2\repository\commons-beanutils\commons-beanutils\1.9.4\commons-beanutils-1.9.4.jar;C:\Users\Basement\.m2\repository\commons-digester\commons-digester\2.1\commons-digester-2.1.jar;C:\Users\Basement\.m2\repository\commons-logging\commons-logging\1.2\commons-logging-1.2.jar;C:\Users\Basement\.m2\repository\commons-collections\commons-collections\3.2.2\commons-collections-3.2.2.jar;C:\Users\Basement\.m2\repository\mysql\mysql-connector-java\8.0.21\mysql-connector-java-8.0.21.jar;C:\Users\Basement\.m2\repository\com\google\protobuf\protobuf-java\3.11.4\protobuf-java-3.11.4.jar;"/>
    <property name="java.vm.vendor" value="Oracle Corporation"/>
    <property name="deviceName" value="emulator-5554"/>
    <property name="sun.arch.data.model" value="64"/>
    <property name="user.variant" value=""/>
    <property name="java.vendor.url" value="https://java.oracle.com/"/>
    <property name="user.timezone" value="America/Toronto"/>
    <property name="os.name" value="Windows 10"/>
    <property name="java.vm.specification.version" value="13"/>
    <property name="sun.java.launcher" value="SUN_STANDARD"/>
    <property name="user.country" value="CA"/>
    <property name="sun.boot.library.path" value="C:\Program Files\Java\jdk-13.0.2\bin"/>
    <property name="sun.java.command" value="C:\Users\Basement\AppData\Local\Temp\surefire11420877695026809188\surefirebooter14173990529799563603.jar C:\Users\Basement\AppData\Local\Temp\surefire11420877695026809188 2020-10-19T04-51-09_151-jvmRun1 surefire8508061545041802738tmp surefire_06041857966320864420tmp"/>
    <property name="jdk.debug" value="release"/>
    <property name="surefire.test.class.path" value="C:\Users\Basement\eclipse-workspace\AppiumFramework\target\test-classes;C:\Users\Basement\eclipse-workspace\AppiumFramework\target\classes;C:\Users\Basement\.m2\repository\io\appium\java-client\7.3.0\java-client-7.3.0.jar;C:\Users\Basement\.m2\repository\org\seleniumhq\selenium\selenium-support\3.141.59\selenium-support-3.141.59.jar;C:\Users\Basement\.m2\repository\org\seleniumhq\selenium\selenium-api\3.141.59\selenium-api-3.141.59.jar;C:\Users\Basement\.m2\repository\com\google\code\gson\gson\2.8.5\gson-2.8.5.jar;C:\Users\Basement\.m2\repository\org\apache\httpcomponents\httpclient\4.5.9\httpclient-4.5.9.jar;C:\Users\Basement\.m2\repository\org\apache\httpcomponents\httpcore\4.4.11\httpcore-4.4.11.jar;C:\Users\Basement\.m2\repository\commons-codec\commons-codec\1.11\commons-codec-1.11.jar;C:\Users\Basement\.m2\repository\cglib\cglib\3.2.12\cglib-3.2.12.jar;C:\Users\Basement\.m2\repository\org\ow2\asm\asm\7.1\asm-7.1.jar;C:\Users\Basement\.m2\repository\org\springframework\spring-context\5.1.8.RELEASE\spring-context-5.1.8.RELEASE.jar;C:\Users\Basement\.m2\repository\org\springframework\spring-aop\5.1.8.RELEASE\spring-aop-5.1.8.RELEASE.jar;C:\Users\Basement\.m2\repository\org\springframework\spring-beans\5.1.8.RELEASE\spring-beans-5.1.8.RELEASE.jar;C:\Users\Basement\.m2\repository\org\springframework\spring-core\5.1.8.RELEASE\spring-core-5.1.8.RELEASE.jar;C:\Users\Basement\.m2\repository\org\springframework\spring-jcl\5.1.8.RELEASE\spring-jcl-5.1.8.RELEASE.jar;C:\Users\Basement\.m2\repository\org\springframework\spring-expression\5.1.8.RELEASE\spring-expression-5.1.8.RELEASE.jar;C:\Users\Basement\.m2\repository\org\aspectj\aspectjweaver\1.9.4\aspectjweaver-1.9.4.jar;C:\Users\Basement\.m2\repository\org\seleniumhq\selenium\selenium-java\3.141.59\selenium-java-3.141.59.jar;C:\Users\Basement\.m2\repository\org\seleniumhq\selenium\selenium-chrome-driver\3.141.59\selenium-chrome-driver-3.141.59.jar;C:\Users\Basement\.m2\repository\org\seleniumhq\selenium\selenium-edge-driver\3.141.59\selenium-edge-driver-3.141.59.jar;C:\Users\Basement\.m2\repository\org\seleniumhq\selenium\selenium-firefox-driver\3.141.59\selenium-firefox-driver-3.141.59.jar;C:\Users\Basement\.m2\repository\org\seleniumhq\selenium\selenium-ie-driver\3.141.59\selenium-ie-driver-3.141.59.jar;C:\Users\Basement\.m2\repository\org\seleniumhq\selenium\selenium-opera-driver\3.141.59\selenium-opera-driver-3.141.59.jar;C:\Users\Basement\.m2\repository\org\seleniumhq\selenium\selenium-remote-driver\3.141.59\selenium-remote-driver-3.141.59.jar;C:\Users\Basement\.m2\repository\org\seleniumhq\selenium\selenium-safari-driver\3.141.59\selenium-safari-driver-3.141.59.jar;C:\Users\Basement\.m2\repository\net\bytebuddy\byte-buddy\1.8.15\byte-buddy-1.8.15.jar;C:\Users\Basement\.m2\repository\org\apache\commons\commons-exec\1.3\commons-exec-1.3.jar;C:\Users\Basement\.m2\repository\com\google\guava\guava\25.0-jre\guava-25.0-jre.jar;C:\Users\Basement\.m2\repository\com\google\code\findbugs\jsr305\1.3.9\jsr305-1.3.9.jar;C:\Users\Basement\.m2\repository\org\checkerframework\checker-compat-qual\2.0.0\checker-compat-qual-2.0.0.jar;C:\Users\Basement\.m2\repository\com\google\errorprone\error_prone_annotations\2.1.3\error_prone_annotations-2.1.3.jar;C:\Users\Basement\.m2\repository\com\google\j2objc\j2objc-annotations\1.1\j2objc-annotations-1.1.jar;C:\Users\Basement\.m2\repository\org\codehaus\mojo\animal-sniffer-annotations\1.14\animal-sniffer-annotations-1.14.jar;C:\Users\Basement\.m2\repository\com\squareup\okhttp3\okhttp\3.11.0\okhttp-3.11.0.jar;C:\Users\Basement\.m2\repository\com\squareup\okio\okio\1.14.0\okio-1.14.0.jar;C:\Users\Basement\.m2\repository\org\testng\testng\7.3.0\testng-7.3.0.jar;C:\Users\Basement\.m2\repository\com\beust\jcommander\1.78\jcommander-1.78.jar;C:\Users\Basement\.m2\repository\org\apache\ant\ant\1.10.3\ant-1.10.3.jar;C:\Users\Basement\.m2\repository\org\apache\ant\ant-launcher\1.10.3\ant-launcher-1.10.3.jar;C:\Users\Basement\.m2\repository\junit\junit\4.12\junit-4.12.jar;C:\Users\Basement\.m2\repository\org\hamcrest\hamcrest-core\1.3\hamcrest-core-1.3.jar;C:\Users\Basement\.m2\repository\com\google\inject\guice\4.2.2\guice-4.2.2-no_aop.jar;C:\Users\Basement\.m2\repository\javax\inject\javax.inject\1\javax.inject-1.jar;C:\Users\Basement\.m2\repository\aopalliance\aopalliance\1.0\aopalliance-1.0.jar;C:\Users\Basement\.m2\repository\org\yaml\snakeyaml\1.21\snakeyaml-1.21.jar;C:\Users\Basement\.m2\repository\com\aventstack\extentreports\5.0.4\extentreports-5.0.4.jar;C:\Users\Basement\.m2\repository\io\reactivex\rxjava3\rxjava\3.0.4\rxjava-3.0.4.jar;C:\Users\Basement\.m2\repository\org\reactivestreams\reactive-streams\1.0.3\reactive-streams-1.0.3.jar;C:\Users\Basement\.m2\repository\org\freemarker\freemarker\2.3.30\freemarker-2.3.30.jar;C:\Users\Basement\.m2\repository\org\projectlombok\lombok\1.18.12\lombok-1.18.12.jar;C:\Users\Basement\.m2\repository\org\slf4j\slf4j-simple\1.7.30\slf4j-simple-1.7.30.jar;C:\Users\Basement\.m2\repository\org\slf4j\slf4j-api\1.7.30\slf4j-api-1.7.30.jar;C:\Users\Basement\.m2\repository\org\apache\commons\commons-lang3\3.11\commons-lang3-3.11.jar;C:\Users\Basement\.m2\repository\commons-io\commons-io\2.8.0\commons-io-2.8.0.jar;C:\Users\Basement\.m2\repository\commons-validator\commons-validator\1.7\commons-validator-1.7.jar;C:\Users\Basement\.m2\repository\commons-beanutils\commons-beanutils\1.9.4\commons-beanutils-1.9.4.jar;C:\Users\Basement\.m2\repository\commons-digester\commons-digester\2.1\commons-digester-2.1.jar;C:\Users\Basement\.m2\repository\commons-logging\commons-logging\1.2\commons-logging-1.2.jar;C:\Users\Basement\.m2\repository\commons-collections\commons-collections\3.2.2\commons-collections-3.2.2.jar;C:\Users\Basement\.m2\repository\mysql\mysql-connector-java\8.0.21\mysql-connector-java-8.0.21.jar;C:\Users\Basement\.m2\repository\com\google\protobuf\protobuf-java\3.11.4\protobuf-java-3.11.4.jar;"/>
    <property name="sun.cpu.endian" value="little"/>
    <property name="user.home" value="C:\Users\Basement"/>
    <property name="user.language" value="en"/>
    <property name="java.specification.vendor" value="Oracle Corporation"/>
    <property name="java.version.date" value="2020-01-14"/>
    <property name="java.home" value="C:\Program Files\Java\jdk-13.0.2"/>
    <property name="file.separator" value="\"/>
    <property name="basedir" value="C:\Users\Basement\eclipse-workspace\AppiumFramework"/>
    <property name="java.vm.compressedOopsMode" value="Zero based"/>
    <property name="line.separator" value="&#10;"/>
    <property name="java.vm.specification.vendor" value="Oracle Corporation"/>
    <property name="java.specification.name" value="Java Platform API Specification"/>
    <property name="surefire.real.class.path" value="C:\Users\Basement\AppData\Local\Temp\surefire11420877695026809188\surefirebooter14173990529799563603.jar"/>
    <property name="user.script" value=""/>
    <property name="sun.management.compiler" value="HotSpot 64-Bit Tiered Compilers"/>
    <property name="java.runtime.version" value="13.0.2+8"/>
    <property name="user.name" value="Basement"/>
    <property name="path.separator" value=";"/>
    <property name="os.version" value="10.0"/>
    <property name="java.runtime.name" value="Java(TM) SE Runtime Environment"/>
    <property name="file.encoding" value="Cp1252"/>
    <property name="java.vm.name" value="Java HotSpot(TM) 64-Bit Server VM"/>
    <property name="localRepository" value="C:\Users\Basement\.m2\repository"/>
    <property name="java.vendor.url.bug" value="https://bugreport.java.com/bugreport/"/>
    <property name="java.io.tmpdir" value="C:\Users\Basement\AppData\Local\Temp\"/>
    <property name="java.version" value="13.0.2"/>
    <property name="user.dir" value="C:\Users\Basement\eclipse-workspace\AppiumFramework"/>
    <property name="os.arch" value="amd64"/>
    <property name="java.vm.specification.name" value="Java Virtual Machine Specification"/>
    <property name="sun.os.patch.level" value=""/>
    <property name="java.library.path" value="C:\Program Files\Java\jdk-13.0.2\bin;C:\WINDOWS\Sun\Java\bin;C:\WINDOWS\system32;C:\WINDOWS;C:\Program Files\apache-maven-3.6.3/bin;C:\Program Files\Java\jdk-13.0.2/bin;C:\Program Files\Java\jdk-13.0.2/bin;C:\Program Files (x86)\Common Files\Oracle\Java\javapath;C:\WINDOWS\system32;C:\WINDOWS;C:\WINDOWS\System32\Wbem;C:\WINDOWS\System32\WindowsPowerShell\v1.0\;C:\WINDOWS\System32\OpenSSH\;C:\Program Files\NVIDIA Corporation\NVIDIA NvDLISR;C:\Program Files (x86)\NVIDIA Corporation\PhysX\Common;C:\SQL_Lite;C:\Program Files\SmartBear\ReadyAPI-3.2.0\bin;C:\Program Files\Git\bin\;C:\Program Files\apache-maven-3.6.3;C:\Program Files\apache-maven-3.6.3\bin;B:\Android\sdk\tools\bin;B:\Android\sdk\tools;B:\Android\sdk\platform-tools;C:\Program Files\nodejs;C:\Program Files\Java\jdk-13.0.2\bin;B:\Android\sdk\platform-tools;B:\Android\sdk\tools\bin;C:\Program Files\MySQL\MySQL Shell 8.0\bin\;C:\Users\Basement\AppData\Local\Programs\Python\Python38-32\Scripts\;C:\Users\Basement\AppData\Local\Programs\Python\Python38-32\;C:\Users\Basement\AppData\Local\Microsoft\WindowsApps;C:\Program Files\Java\jdk-13.0.2\bin\;TF_NOTELEMETRY=TRUE;C:\Users\Basement\AppData\Roaming\npm;B:\Programs\Microsoft VS Code\bin;."/>
    <property name="java.vm.info" value="mixed mode, sharing"/>
    <property name="java.vendor" value="Oracle Corporation"/>
    <property name="java.vm.version" value="13.0.2+8"/>
    <property name="sun.io.unicode.encoding" value="UnicodeLittle"/>
    <property name="java.class.version" value="57.0"/>
  </properties>
  <testcase name="pageTitle[General Store](1)" classname="test.AppiumFramework.HomeTest" time="3.486">
    <system-out><![CDATA[&amp#27;[35m[Appium]&amp#27;[39m Welcome to Appium v1.18.3
&amp#27;[35m[Appium]&amp#27;[39m Non-default server args:
&amp#27;[35m[Appium]&amp#27;[39m   chromedriverExecutable: C:\Selenium\ChromeDriver\v69\chromedriver.exe
&amp#27;[35m[Appium]&amp#27;[39m Appium REST http interface listener started on 0.0.0.0:4723
&amp#27;[35m[HTTP]&amp#27;[39m &amp#27;[37m-->&amp#27;[39m &amp#27;[37mGET&amp#27;[39m &amp#27;[37m/wd/hub/status&amp#27;[39m
&amp#27;[35m[HTTP]&amp#27;[39m &amp#27;[90m{}&amp#27;[39m
[debug] &amp#27;[35m[GENERIC]&amp#27;[39m Calling AppiumDriver.getStatus() with args: []
[debug] &amp#27;[35m[GENERIC]&amp#27;[39m Responding to client with driver.getStatus() result: {"build":{"version":"1.18.3"}}
&amp#27;[35m[HTTP]&amp#27;[39m &amp#27;[37m<-- GET /wd/hub/status &amp#27;[39m&amp#27;[32m200&amp#27;[39m &amp#27;[90m7 ms - 68&amp#27;[39m
&amp#27;[35m[HTTP]&amp#27;[39m &amp#27;[90m&amp#27;[39m
&amp#27;[35m[HTTP]&amp#27;[39m &amp#27;[37m-->&amp#27;[39m &amp#27;[37mPOST&amp#27;[39m &amp#27;[37m/wd/hub/session&amp#27;[39m
&amp#27;[35m[HTTP]&amp#27;[39m &amp#27;[90m{"desiredCapabilities":{"app":"C:\\Users\\Basement\\eclipse-workspace\\AppiumFramework\\src\\General-Store.apk","automationName":"uiautomator2","platformName":"Android","deviceName":"emulator-5554","newCommandTimeout":14},"capabilities":{"firstMatch":[{"appium:app":"C:\\Users\\Basement\\eclipse-workspace\\AppiumFramework\\src\\General-Store.apk","appium:automationName":"uiautomator2","appium:deviceName":"emulator-5554","appium:newCommandTimeout":14,"platformName":"android"}]}}&amp#27;[39m
[debug] &amp#27;[35m[W3C]&amp#27;[39m Calling AppiumDriver.createSession() with args: [{"app":"C:\\Users\\Basement\\eclipse-workspace\\AppiumFramework\\src\\General-Store.apk","automationName":"uiautomator2","platformName":"Android","deviceName":"emulator-5554","newCommandTimeout":14},null,{"firstMatch":[{"appium:app":"C:\\Users\\Basement\\eclipse-workspace\\AppiumFramework\\src\\General-Store.apk","appium:automationName":"uiautomator2","appium:deviceName":"emulator-5554","appium:newCommandTimeout":14,"platformName":"android"}]}]
[debug] &amp#27;[35m[BaseDriver]&amp#27;[39m Event 'newSessionRequested' logged at 1603097484375 (04:51:24 GMT-0400 (Eastern Daylight Time))
&amp#27;[35m[Appium]&amp#27;[39m Appium v1.18.3 creating new AndroidUiautomator2Driver (v1.56.1) session
[debug] &amp#27;[35m[BaseDriver]&amp#27;[39m W3C capabilities and MJSONWP desired capabilities were provided
[debug] &amp#27;[35m[BaseDriver]&amp#27;[39m Creating session with W3C capabilities: {
[debug] &amp#27;[35m[BaseDriver]&amp#27;[39m   "alwaysMatch": {
[debug] &amp#27;[35m[BaseDriver]&amp#27;[39m     "platformName": "android",
[debug] &amp#27;[35m[BaseDriver]&amp#27;[39m     "appium:app": "C:\\Users\\Basement\\eclipse-workspace\\AppiumFramework\\src\\General-Store.apk",
[debug] &amp#27;[35m[BaseDriver]&amp#27;[39m     "appium:automationName": "uiautomator2",
[debug] &amp#27;[35m[BaseDriver]&amp#27;[39m     "appium:deviceName": "emulator-5554",
[debug] &amp#27;[35m[BaseDriver]&amp#27;[39m     "appium:newCommandTimeout": 14
[debug] &amp#27;[35m[BaseDriver]&amp#27;[39m   },
[debug] &amp#27;[35m[BaseDriver]&amp#27;[39m   "firstMatch": [
[debug] &amp#27;[35m[BaseDriver]&amp#27;[39m     {}
[debug] &amp#27;[35m[BaseDriver]&amp#27;[39m   ]
[debug] &amp#27;[35m[BaseDriver]&amp#27;[39m }
&amp#27;[35m[BaseDriver]&amp#27;[39m Session created with session id: 17588393-9eac-4cd9-9399-d342c6384ea7
&amp#27;[35m[BaseDriver]&amp#27;[39m Using local app 'C:\Users\Basement\eclipse-workspace\AppiumFramework\src\General-Store.apk'
[debug] &amp#27;[35m[UiAutomator2]&amp#27;[39m Checking whether app is actually present
&amp#27;[35m[ADB]&amp#27;[39m Found 1 'build-tools' folders under 'B:\Android\sdk' (newest first):
&amp#27;[35m[ADB]&amp#27;[39m     B:/Android/sdk/build-tools/30.0.1
&amp#27;[35m[ADB]&amp#27;[39m Using 'adb.exe' from 'B:\Android\sdk\platform-tools\adb.exe'
[debug] &amp#27;[35m[ADB]&amp#27;[39m Running 'B:\Android\sdk\platform-tools\adb.exe -P 5037 start-server'
&amp#27;[35m[AndroidDriver]&amp#27;[39m Retrieving device list
[debug] &amp#27;[35m[ADB]&amp#27;[39m Trying to find a connected android device
[debug] &amp#27;[35m[ADB]&amp#27;[39m Getting connected devices
[debug] &amp#27;[35m[ADB]&amp#27;[39m Connected devices: [{"udid":"emulator-5554","state":"device"}]
&amp#27;[35m[AndroidDriver]&amp#27;[39m Using device: emulator-5554
&amp#27;[35m[ADB]&amp#27;[39m Using 'adb.exe' from 'B:\Android\sdk\platform-tools\adb.exe'
[debug] &amp#27;[35m[ADB]&amp#27;[39m Running 'B:\Android\sdk\platform-tools\adb.exe -P 5037 start-server'
[debug] &amp#27;[35m[ADB]&amp#27;[39m Setting device id to emulator-5554
[debug] &amp#27;[35m[ADB]&amp#27;[39m Running 'B:\Android\sdk\platform-tools\adb.exe -P 5037 -s emulator-5554 shell getprop ro.build.version.sdk'
[debug] &amp#27;[35m[ADB]&amp#27;[39m Current device property 'ro.build.version.sdk': 28
&amp#27;[35m[ADB]&amp#27;[39m Getting device platform version
[debug] &amp#27;[35m[ADB]&amp#27;[39m Running 'B:\Android\sdk\platform-tools\adb.exe -P 5037 -s emulator-5554 shell getprop ro.build.version.release'
[debug] &amp#27;[35m[ADB]&amp#27;[39m Current device property 'ro.build.version.release': 9
[debug] &amp#27;[35m[ADB]&amp#27;[39m Device API level: 28
&amp#27;[35m[UiAutomator2]&amp#27;[39m Relaxing hidden api policy
[debug] &amp#27;[35m[ADB]&amp#27;[39m Running 'B:\Android\sdk\platform-tools\adb.exe -P 5037 -s emulator-5554 shell 'settings put global hidden_api_policy_pre_p_apps 1;settings put global hidden_api_policy_p_apps 1;settings put global hidden_api_policy 1''
[debug] &amp#27;[35m[AndroidDriver]&amp#27;[39m Parsing package and activity from app manifest
&amp#27;[35m[ADB]&amp#27;[39m Package name: 'com.androidsample.generalstore'
&amp#27;[35m[ADB]&amp#27;[39m Main activity name: 'com.androidsample.generalstore.SplashActivity'
[debug] &amp#27;[35m[AndroidDriver]&amp#27;[39m Parsed package and activity are: com.androidsample.generalstore/com.androidsample.generalstore.SplashActivity
[debug] &amp#27;[35m[ADB]&amp#27;[39m Running 'B:\Android\sdk\platform-tools\adb.exe -P 5037 -s emulator-5554 wait-for-device'
[debug] &amp#27;[35m[ADB]&amp#27;[39m Running 'B:\Android\sdk\platform-tools\adb.exe -P 5037 -s emulator-5554 shell echo ping'
[debug] &amp#27;[35m[AndroidDriver]&amp#27;[39m Pushing settings apk to device...
[debug] &amp#27;[35m[ADB]&amp#27;[39m Getting install status for io.appium.settings
[debug] &amp#27;[35m[ADB]&amp#27;[39m Running 'B:\Android\sdk\platform-tools\adb.exe -P 5037 -s emulator-5554 shell dumpsys package io.appium.settings'
[debug] &amp#27;[35m[ADB]&amp#27;[39m 'io.appium.settings' is installed
[debug] &amp#27;[35m[ADB]&amp#27;[39m Getting package info for 'io.appium.settings'
[debug] &amp#27;[35m[ADB]&amp#27;[39m Running 'B:\Android\sdk\platform-tools\adb.exe -P 5037 -s emulator-5554 shell dumpsys package io.appium.settings'
[debug] &amp#27;[35m[ADB]&amp#27;[39m The version name of the installed 'io.appium.settings' is greater or equal to the application version name ('3.2.0' >= '3.2.0')
[debug] &amp#27;[35m[ADB]&amp#27;[39m There is no need to install/upgrade 'C:\Users\Basement\AppData\Roaming\npm\node_modules\appium\node_modules\io.appium.settings\apks\settings_apk-debug.apk'
[debug] &amp#27;[35m[ADB]&amp#27;[39m Getting IDs of all 'io.appium.settings' processes
[debug] &amp#27;[35m[ADB]&amp#27;[39m Running 'B:\Android\sdk\platform-tools\adb.exe -P 5037 -s emulator-5554 shell 'pgrep --help; echo $?''
[debug] &amp#27;[35m[ADB]&amp#27;[39m Running 'B:\Android\sdk\platform-tools\adb.exe -P 5037 -s emulator-5554 shell pgrep -f io\\.appium\\.settings'
[debug] &amp#27;[35m[AndroidDriver]&amp#27;[39m io.appium.settings is already running. There is no need to reset its permissions.
[debug] &amp#27;[35m[Logcat]&amp#27;[39m Starting logs capture with command: B:\\Android\\sdk\\platform-tools\\adb.exe -P 5037 -s emulator-5554 logcat -v threadtime
[debug] &amp#27;[35m[UiAutomator2]&amp#27;[39m Forwarding UiAutomator2 Server port 6790 to 8200
[debug] &amp#27;[35m[ADB]&amp#27;[39m Forwarding system: 8200 to device: 6790
[debug] &amp#27;[35m[ADB]&amp#27;[39m Running 'B:\Android\sdk\platform-tools\adb.exe -P 5037 -s emulator-5554 forward tcp\:8200 tcp\:6790'
[debug] &amp#27;[35m[ADB]&amp#27;[39m Getting install status for io.appium.uiautomator2.server
[debug] &amp#27;[35m[ADB]&amp#27;[39m Running 'B:\Android\sdk\platform-tools\adb.exe -P 5037 -s emulator-5554 shell dumpsys package io.appium.uiautomator2.server'
[debug] &amp#27;[35m[ADB]&amp#27;[39m 'io.appium.uiautomator2.server' is installed
[debug] &amp#27;[35m[ADB]&amp#27;[39m Getting package info for 'io.appium.uiautomator2.server'
[debug] &amp#27;[35m[ADB]&amp#27;[39m Running 'B:\Android\sdk\platform-tools\adb.exe -P 5037 -s emulator-5554 shell dumpsys package io.appium.uiautomator2.server'
[debug] &amp#27;[35m[ADB]&amp#27;[39m The version name of the installed 'io.appium.uiautomator2.server' is greater or equal to the application version name ('4.12.2' >= '4.12.2')
[debug] &amp#27;[35m[UiAutomator2]&amp#27;[39m io.appium.uiautomator2.server installation state: sameVersionInstalled
[debug] &amp#27;[35m[ADB]&amp#27;[39m Checking app cert for C:\Users\Basement\AppData\Roaming\npm\node_modules\appium\node_modules\appium-uiautomator2-server\apks\appium-uiautomator2-server-v4.12.2.apk
&amp#27;[35m[ADB]&amp#27;[39m Using 'apksigner.jar' from 'B:\Android\sdk\build-tools\30.0.1\lib\apksigner.jar'
[debug] &amp#27;[35m[ADB]&amp#27;[39m Starting apksigner: 'C:\\Program Files\\Java\\jdk-13.0.2\\bin\\java.exe' -Xmx1024M -Xss1m -jar B:\\Android\\sdk\\build-tools\\30.0.1\\lib\\apksigner.jar verify --print-certs C:\\Users\\Basement\\AppData\\Roaming\\npm\\node_modules\\appium\\node_modules\\appium-uiautomator2-server\\apks\\appium-uiautomator2-server-v4.12.2.apk
[debug] &amp#27;[35m[ADB]&amp#27;[39m apksigner stdout: Signer #1 certificate DN: EMAILADDRESS=android@android.com, CN=Android, OU=Android, O=Android, L=Mountain View, ST=California, C=US
[debug] &amp#27;[35m[ADB]&amp#27;[39m Signer #1 certificate SHA-256 digest: a40da80a59d170caa950cf15c18c454d47a39b26989d8b640ecd745ba71bf5dc
[debug] &amp#27;[35m[ADB]&amp#27;[39m Signer #1 certificate SHA-1 digest: 61ed377e85d386a8dfee6b864bd85b0bfaa5af81
[debug] &amp#27;[35m[ADB]&amp#27;[39m Signer #1 certificate MD5 digest: e89b158e4bcf988ebd09eb83f5378e87
[debug] &amp#27;[35m[ADB]&amp#27;[39m 
[debug] &amp#27;[35m[ADB]&amp#27;[39m 'C:\Users\Basement\AppData\Roaming\npm\node_modules\appium\node_modules\appium-uiautomator2-server\apks\appium-uiautomator2-server-v4.12.2.apk' is signed with the default certificate
[debug] &amp#27;[35m[ADB]&amp#27;[39m Getting install status for io.appium.uiautomator2.server.test
[debug] &amp#27;[35m[ADB]&amp#27;[39m Running 'B:\Android\sdk\platform-tools\adb.exe -P 5037 -s emulator-5554 shell dumpsys package io.appium.uiautomator2.server.test'
[debug] &amp#27;[35m[ADB]&amp#27;[39m 'io.appium.uiautomator2.server.test' is installed
[debug] &amp#27;[35m[ADB]&amp#27;[39m Checking app cert for C:\Users\Basement\AppData\Roaming\npm\node_modules\appium\node_modules\appium-uiautomator2-server\apks\appium-uiautomator2-server-debug-androidTest.apk
[debug] &amp#27;[35m[ADB]&amp#27;[39m Starting apksigner: 'C:\\Program Files\\Java\\jdk-13.0.2\\bin\\java.exe' -Xmx1024M -Xss1m -jar B:\\Android\\sdk\\build-tools\\30.0.1\\lib\\apksigner.jar verify --print-certs C:\\Users\\Basement\\AppData\\Roaming\\npm\\node_modules\\appium\\node_modules\\appium-uiautomator2-server\\apks\\appium-uiautomator2-server-debug-androidTest.apk
[debug] &amp#27;[35m[ADB]&amp#27;[39m apksigner stdout: Signer #1 certificate DN: EMAILADDRESS=android@android.com, CN=Android, OU=Android, O=Android, L=Mountain View, ST=California, C=US
[debug] &amp#27;[35m[ADB]&amp#27;[39m Signer #1 certificate SHA-256 digest: a40da80a59d170caa950cf15c18c454d47a39b26989d8b640ecd745ba71bf5dc
[debug] &amp#27;[35m[ADB]&amp#27;[39m Signer #1 certificate SHA-1 digest: 61ed377e85d386a8dfee6b864bd85b0bfaa5af81
[debug] &amp#27;[35m[ADB]&amp#27;[39m Signer #1 certificate MD5 digest: e89b158e4bcf988ebd09eb83f5378e87
[debug] &amp#27;[35m[ADB]&amp#27;[39m 
[debug] &amp#27;[35m[ADB]&amp#27;[39m 'C:\Users\Basement\AppData\Roaming\npm\node_modules\appium\node_modules\appium-uiautomator2-server\apks\appium-uiautomator2-server-debug-androidTest.apk' is signed with the default certificate
&amp#27;[35m[UiAutomator2]&amp#27;[39m Server packages are not going to be (re)installed
[debug] &amp#27;[35m[UiAutomator2]&amp#27;[39m Waiting up to 30000ms for services to be available
[debug] &amp#27;[35m[ADB]&amp#27;[39m Running 'B:\Android\sdk\platform-tools\adb.exe -P 5037 -s emulator-5554 shell pm list instrumentation'
[debug] &amp#27;[35m[UiAutomator2]&amp#27;[39m Instrumentation target 'io.appium.uiautomator2.server.test/androidx.test.runner.AndroidJUnitRunner' is available
[debug] &amp#27;[35m[ADB]&amp#27;[39m Checking app cert for C:\Users\Basement\eclipse-workspace\AppiumFramework\src\General-Store.apk
[debug] &amp#27;[35m[ADB]&amp#27;[39m Starting apksigner: 'C:\\Program Files\\Java\\jdk-13.0.2\\bin\\java.exe' -Xmx1024M -Xss1m -jar B:\\Android\\sdk\\build-tools\\30.0.1\\lib\\apksigner.jar verify --print-certs C:\\Users\\Basement\\eclipse-workspace\\AppiumFramework\\src\\General-Store.apk
[debug] &amp#27;[35m[ADB]&amp#27;[39m apksigner stdout: Signer #1 certificate DN: EMAILADDRESS=android@android.com, CN=Android, OU=Android, O=Android, L=Mountain View, ST=California, C=US
[debug] &amp#27;[35m[ADB]&amp#27;[39m Signer #1 certificate SHA-256 digest: a40da80a59d170caa950cf15c18c454d47a39b26989d8b640ecd745ba71bf5dc
[debug] &amp#27;[35m[ADB]&amp#27;[39m Signer #1 certificate SHA-1 digest: 61ed377e85d386a8dfee6b864bd85b0bfaa5af81
[debug] &amp#27;[35m[ADB]&amp#27;[39m Signer #1 certificate MD5 digest: e89b158e4bcf988ebd09eb83f5378e87
[debug] &amp#27;[35m[ADB]&amp#27;[39m 
[debug] &amp#27;[35m[ADB]&amp#27;[39m 'C:\Users\Basement\eclipse-workspace\AppiumFramework\src\General-Store.apk' is signed with the default certificate
[debug] &amp#27;[35m[ADB]&amp#27;[39m Getting install status for com.androidsample.generalstore
[debug] &amp#27;[35m[ADB]&amp#27;[39m Running 'B:\Android\sdk\platform-tools\adb.exe -P 5037 -s emulator-5554 shell dumpsys package com.androidsample.generalstore'
[debug] &amp#27;[35m[ADB]&amp#27;[39m 'com.androidsample.generalstore' is installed
[debug] &amp#27;[35m[ADB]&amp#27;[39m Getting package info for 'com.androidsample.generalstore'
[debug] &amp#27;[35m[ADB]&amp#27;[39m Running 'B:\Android\sdk\platform-tools\adb.exe -P 5037 -s emulator-5554 shell dumpsys package com.androidsample.generalstore'
[debug] &amp#27;[35m[ADB]&amp#27;[39m The version name of the installed 'com.androidsample.generalstore' is greater or equal to the application version name ('1.0.0' >= '1.0.0')
[debug] &amp#27;[35m[ADB]&amp#27;[39m There is no need to install/upgrade 'C:\Users\Basement\eclipse-workspace\AppiumFramework\src\General-Store.apk'
&amp#27;[35m[AndroidDriver]&amp#27;[39m Performing fast reset on 'com.androidsample.generalstore'
[debug] &amp#27;[35m[ADB]&amp#27;[39m Getting install status for com.androidsample.generalstore
[debug] &amp#27;[35m[ADB]&amp#27;[39m Running 'B:\Android\sdk\platform-tools\adb.exe -P 5037 -s emulator-5554 shell dumpsys package com.androidsample.generalstore'
[debug] &amp#27;[35m[ADB]&amp#27;[39m 'com.androidsample.generalstore' is installed
[debug] &amp#27;[35m[ADB]&amp#27;[39m Running 'B:\Android\sdk\platform-tools\adb.exe -P 5037 -s emulator-5554 shell am force-stop com.androidsample.generalstore'
[debug] &amp#27;[35m[ADB]&amp#27;[39m Running 'B:\Android\sdk\platform-tools\adb.exe -P 5037 -s emulator-5554 shell pm clear com.androidsample.generalstore'
[debug] &amp#27;[35m[AndroidDriver]&amp#27;[39m Performed fast reset on the installed 'com.androidsample.generalstore' application (stop and clear)
[debug] &amp#27;[35m[UiAutomator2]&amp#27;[39m Performing shallow cleanup of automation leftovers
[debug] &amp#27;[35m[UiAutomator2]&amp#27;[39m The following obsolete sessions are still running: [null]
[debug] &amp#27;[35m[UiAutomator2]&amp#27;[39m Cleaning up the obsolete sessions
[debug] &amp#27;[35m[ADB]&amp#27;[39m Running 'B:\Android\sdk\platform-tools\adb.exe -P 5037 -s emulator-5554 shell am force-stop io.appium.uiautomator2.server.test'
&amp#27;[35m[UiAutomator2]&amp#27;[39m Starting UIAutomator2 server 4.12.2
&amp#27;[35m[UiAutomator2]&amp#27;[39m Using UIAutomator2 server from 'C:\Users\Basement\AppData\Roaming\npm\node_modules\appium\node_modules\appium-uiautomator2-server\apks\appium-uiautomator2-server-v4.12.2.apk' and test from 'C:\Users\Basement\AppData\Roaming\npm\node_modules\appium\node_modules\appium-uiautomator2-server\apks\appium-uiautomator2-server-debug-androidTest.apk'
&amp#27;[35m[UiAutomator2]&amp#27;[39m Waiting up to 30000ms for UiAutomator2 to be online...
[debug] &amp#27;[35m[ADB]&amp#27;[39m Creating ADB subprocess with args: ["-P",5037,"-s","emulator-5554","shell","am","instrument","-w","io.appium.uiautomator2.server.test/androidx.test.runner.AndroidJUnitRunner"]
[debug] &amp#27;[35m[Instrumentation]&amp#27;[39m io.appium.uiautomator2.server.test.AppiumUiAutomator2Server:
[debug] &amp#27;[35m[WD Proxy]&amp#27;[39m Matched '/status' to command name 'getStatus'
[debug] &amp#27;[35m[WD Proxy]&amp#27;[39m Proxying [GET /status] to [GET http://127.0.0.1:8200/wd/hub/status] with no body
&amp#27;[35m[WD Proxy]&amp#27;[39m socket hang up
[debug] &amp#27;[35m[WD Proxy]&amp#27;[39m Matched '/status' to command name 'getStatus'
[debug] &amp#27;[35m[WD Proxy]&amp#27;[39m Proxying [GET /status] to [GET http://127.0.0.1:8200/wd/hub/status] with no body
[debug] &amp#27;[35m[WD Proxy]&amp#27;[39m Got response with status 200: {"sessionId":"None","value":{"message":"UiAutomator2 Server is ready to accept commands","ready":true}}
[debug] &amp#27;[35m[UiAutomator2]&amp#27;[39m The initialization of the instrumentation process took 2112ms
[debug] &amp#27;[35m[WD Proxy]&amp#27;[39m Matched '/session' to command name 'createSession'
[debug] &amp#27;[35m[WD Proxy]&amp#27;[39m Proxying [POST /session] to [POST http://127.0.0.1:8200/wd/hub/session] with body: {"capabilities":{"firstMatch":[{"platform":"LINUX","webStorageEnabled":false,"takesScreenshot":true,"javascriptEnabled":true,"databaseEnabled":false,"networkConnectionEnabled":true,"locationContextEnabled":false,"warnings":{},"desired":{"platformName":"android","app":"C:\\Users\\Basement\\eclipse-workspace\\AppiumFramework\\src\\General-Store.apk","automationName":"uiautomator2","deviceName":"emulator-5554","newCommandTimeout":14},"platformName":"android","app":"C:\\Users\\Basement\\eclipse-workspace\\AppiumFramework\\src\\General-Store.apk","automationName":"uiautomator2","deviceName":"emulator-5554","newCommandTimeout":14,"deviceUDID":"emulator-5554","appPackage":"com.androidsample.generalstore"}],"alwaysMatch":{}}}
[debug] &amp#27;[35m[WD Proxy]&amp#27;[39m Got response with status 200: {"sessionId":"91bae3ee-22d3-4f66-983f-d2a440c0f1db","value":{"capabilities":{"firstMatch":[{"platform":"LINUX","webStorageEnabled":false,"takesScreenshot":true,"javascriptEnabled":true,"databaseEnabled":false,"networkConnectionEnabled":true,"locationContextEnabled":false,"warnings":{},"desired":{"platformName":"android","app":"C:\\Users\\Basement\\eclipse-workspace\\AppiumFramework\\src\\General-Store.apk","automationName":"uiautomator2","deviceName":"emulator-5554","newCommandTimeout":14},"platformName":"android","app":"C:\\Users\\Basement\\eclipse-workspace\\AppiumFramework\\src\\General-Store.apk","automationName":"uiautomator2","deviceName":"emulator-5554","newCommandTimeout":14,"deviceUDID":"emulator-5554","appPackage":"com.androidsample.generalstore"}],"alwaysMatch":{}},"sessionId":"91bae3ee-22d3-4f66-983f-d2a440c0f1db"}}
&amp#27;[35m[WD Proxy]&amp#27;[39m Determined the downstream protocol as 'W3C'
[debug] &amp#27;[35m[WD Proxy]&amp#27;[39m Proxying [GET /appium/device/info] to [GET http://127.0.0.1:8200/wd/hub/session/91bae3ee-22d3-4f66-983f-d2a440c0f1db/appium/device/info] with no body
[debug] &amp#27;[35m[WD Proxy]&amp#27;[39m Got response with status 200: {"sessionId":"91bae3ee-22d3-4f66-983f-d2a440c0f1db","value":{"androidId":"b1d22995bbee6676","apiVersion":"28","bluetooth":null,"brand":"google","carrierName":"Android","displayDensity":420,"locale":"en_US","manufacturer":"Google","model":"AOSP on IA Emulator","networks":[{"capabilities":{"SSID":null,"linkDownBandwidthKbps":102400,"linkUpstreamBandwidthKbps":51200,"networkCapabilities":"NET_CAPABILITY_MMS,NET_CAPABILITY_SUPL,NET_CAPABILITY_DUN,NET_CAPABILITY_FOTA,NET_CAPABILITY_IMS,NET_CAPABILITY_CBS,NET_CAPABILITY_IA,NET_CAPABILITY_INTERNET,NET_CAPABILITY_NOT_RESTRICTED,NET_CAPABILITY_TRUSTED,NET_CAPABILITY_NOT_VPN,NET_CAPABILITY_VALIDATED,NET_CAPABILITY_NOT_ROAMING,NET_CAPABILITY_NOT_CONGESTED,NET_CAPABILITY_NOT_SUSPENDED","signalStrength":-2147483648,"transportTypes":"TRANSPORT_CELLULAR"},"detailedState":"CONNECTED","extraInfo":"epc.tmobile.com","isAvailable":true,"isConnected":true,"isFailover":false,"isRoaming":false,"state":"CONNECTED","subtype":13,"subtypeName":"LTE","type":0,"typeName":"MOBILE"},{"c...
[debug] &amp#27;[35m[ADB]&amp#27;[39m Running 'B:\Android\sdk\platform-tools\adb.exe -P 5037 -s emulator-5554 shell dumpsys window'
&amp#27;[35m[AndroidDriver]&amp#27;[39m Screen already unlocked, doing nothing
&amp#27;[35m[UiAutomator2]&amp#27;[39m Starting 'com.androidsample.generalstore/com.androidsample.generalstore.SplashActivity and waiting for 'com.androidsample.generalstore/com.androidsample.generalstore.SplashActivity'
[debug] &amp#27;[35m[ADB]&amp#27;[39m Running 'B:\Android\sdk\platform-tools\adb.exe -P 5037 -s emulator-5554 shell am start -W -n com.androidsample.generalstore/com.androidsample.generalstore.SplashActivity -S -a android.intent.action.MAIN -c android.intent.category.LAUNCHER -f 0x10200000'
[debug] &amp#27;[35m[ADB]&amp#27;[39m Waiting up to 20000ms for activity matching pkg: 'com.androidsample.generalstore' and activity: 'com.androidsample.generalstore.SplashActivity' to be focused
[debug] &amp#27;[35m[ADB]&amp#27;[39m Possible activities, to be checked: 'com.androidsample.generalstore.SplashActivity', 'com.androidsample.generalstore.com.androidsample.generalstore.SplashActivity'
[debug] &amp#27;[35m[ADB]&amp#27;[39m Getting focused package and activity
[debug] &amp#27;[35m[ADB]&amp#27;[39m Running 'B:\Android\sdk\platform-tools\adb.exe -P 5037 -s emulator-5554 shell dumpsys window windows'
[debug] &amp#27;[35m[ADB]&amp#27;[39m Found package: 'com.androidsample.generalstore' and fully qualified activity name : 'com.androidsample.generalstore.SplashActivity'
[debug] &amp#27;[35m[WD Proxy]&amp#27;[39m Proxying [GET /appium/device/pixel_ratio] to [GET http://127.0.0.1:8200/wd/hub/session/91bae3ee-22d3-4f66-983f-d2a440c0f1db/appium/device/pixel_ratio] with no body
[debug] &amp#27;[35m[WD Proxy]&amp#27;[39m Got response with status 200: {"sessionId":"91bae3ee-22d3-4f66-983f-d2a440c0f1db","value":2.625}
[debug] &amp#27;[35m[WD Proxy]&amp#27;[39m Matched '/appium/device/system_bars' to command name 'getSystemBars'
[debug] &amp#27;[35m[WD Proxy]&amp#27;[39m Proxying [GET /appium/device/system_bars] to [GET http://127.0.0.1:8200/wd/hub/session/91bae3ee-22d3-4f66-983f-d2a440c0f1db/appium/device/system_bars] with no body
[debug] &amp#27;[35m[WD Proxy]&amp#27;[39m Got response with status 200: {"sessionId":"91bae3ee-22d3-4f66-983f-d2a440c0f1db","value":{"statusBar":63}}
[debug] &amp#27;[35m[WD Proxy]&amp#27;[39m Matched '/window/current/size' to command name 'getWindowSize'
[debug] &amp#27;[35m[WD Proxy]&amp#27;[39m Proxying [GET /window/current/size] to [GET http://127.0.0.1:8200/wd/hub/session/91bae3ee-22d3-4f66-983f-d2a440c0f1db/window/current/size] with no body
[debug] &amp#27;[35m[WD Proxy]&amp#27;[39m Got response with status 200: {"sessionId":"91bae3ee-22d3-4f66-983f-d2a440c0f1db","value":{"height":1794,"width":1080}}
&amp#27;[35m[Appium]&amp#27;[39m New AndroidUiautomator2Driver session created successfully, session 17588393-9eac-4cd9-9399-d342c6384ea7 added to master session list
[debug] &amp#27;[35m[BaseDriver]&amp#27;[39m Event 'newSessionStarted' logged at 1603097491594 (04:51:31 GMT-0400 (Eastern Daylight Time))
[debug] &amp#27;[35m[W3C (17588393)]&amp#27;[39m Cached the protocol value 'W3C' for the new session 17588393-9eac-4cd9-9399-d342c6384ea7
[debug] &amp#27;[35m[W3C (17588393)]&amp#27;[39m Responding to client with driver.createSession() result: {"capabilities":{"platform":"LINUX","webStorageEnabled":false,"takesScreenshot":true,"javascriptEnabled":true,"databaseEnabled":false,"networkConnectionEnabled":true,"locationContextEnabled":false,"warnings":{},"desired":{"platformName":"android","app":"C:\\Users\\Basement\\eclipse-workspace\\AppiumFramework\\src\\General-Store.apk","automationName":"uiautomator2","deviceName":"emulator-5554","newCommandTimeout":14},"platformName":"android","app":"C:\\Users\\Basement\\eclipse-workspace\\AppiumFramework\\src\\General-Store.apk","automationName":"uiautomator2","deviceName":"emulator-5554","newCommandTimeout":14,"deviceUDID":"emulator-5554","appPackage":"com.androidsample.generalstore","deviceApiLevel":28,"platformVersion":"9","deviceScreenSize":"1080x1920","deviceScreenDensity":420,"deviceModel":"AOSP on IA Emulator","deviceManufacturer":"Google","pixelRatio":2.625,"statBarHeight":63,"viewportRect":{"left":0,"top":63,"width":1080,"height":1731}}}
&amp#27;[35m[HTTP]&amp#27;[39m &amp#27;[37m<-- POST /wd/hub/session &amp#27;[39m&amp#27;[32m200&amp#27;[39m &amp#27;[90m7222 ms - 1019&amp#27;[39m
&amp#27;[35m[HTTP]&amp#27;[39m &amp#27;[90m&amp#27;[39m
&amp#27;[35m[HTTP]&amp#27;[39m &amp#27;[37m-->&amp#27;[39m &amp#27;[37mPOST&amp#27;[39m &amp#27;[37m/wd/hub/session/17588393-9eac-4cd9-9399-d342c6384ea7/timeouts&amp#27;[39m
&amp#27;[35m[HTTP]&amp#27;[39m &amp#27;[90m{"implicit":10000}&amp#27;[39m
[debug] &amp#27;[35m[W3C (17588393)]&amp#27;[39m Calling AppiumDriver.timeouts() with args: [null,null,null,null,10000,"17588393-9eac-4cd9-9399-d342c6384ea7"]
[debug] &amp#27;[35m[BaseDriver]&amp#27;[39m W3C timeout argument: {"implicit":10000}}
[debug] &amp#27;[35m[BaseDriver]&amp#27;[39m Set implicit wait to 10000ms
[debug] &amp#27;[35m[W3C (17588393)]&amp#27;[39m Responding to client with driver.timeouts() result: null
&amp#27;[35m[HTTP]&amp#27;[39m &amp#27;[37m<-- POST /wd/hub/session/17588393-9eac-4cd9-9399-d342c6384ea7/timeouts &amp#27;[39m&amp#27;[32m200&amp#27;[39m &amp#27;[90m4 ms - 14&amp#27;[39m
&amp#27;[35m[HTTP]&amp#27;[39m &amp#27;[90m&amp#27;[39m
&amp#27;[35m[HTTP]&amp#27;[39m &amp#27;[37m-->&amp#27;[39m &amp#27;[37mGET&amp#27;[39m &amp#27;[37m/wd/hub/session/17588393-9eac-4cd9-9399-d342c6384ea7/context&amp#27;[39m
&amp#27;[35m[HTTP]&amp#27;[39m &amp#27;[90m{}&amp#27;[39m
[debug] &amp#27;[35m[W3C (17588393)]&amp#27;[39m Calling AppiumDriver.getCurrentContext() with args: ["17588393-9eac-4cd9-9399-d342c6384ea7"]
[debug] &amp#27;[35m[W3C (17588393)]&amp#27;[39m Responding to client with driver.getCurrentContext() result: "NATIVE_APP"
&amp#27;[35m[HTTP]&amp#27;[39m &amp#27;[37m<-- GET /wd/hub/session/17588393-9eac-4cd9-9399-d342c6384ea7/context &amp#27;[39m&amp#27;[32m200&amp#27;[39m &amp#27;[90m10 ms - 22&amp#27;[39m
&amp#27;[35m[HTTP]&amp#27;[39m &amp#27;[90m&amp#27;[39m
&amp#27;[35m[HTTP]&amp#27;[39m &amp#27;[37m-->&amp#27;[39m &amp#27;[37mPOST&amp#27;[39m &amp#27;[37m/wd/hub/session/17588393-9eac-4cd9-9399-d342c6384ea7/element&amp#27;[39m
&amp#27;[35m[HTTP]&amp#27;[39m &amp#27;[90m{"using":"id","value":"com.androidsample.generalstore:id/toolbar_title"}&amp#27;[39m
[debug] &amp#27;[35m[W3C (17588393)]&amp#27;[39m Calling AppiumDriver.findElement() with args: ["id","com.androidsample.generalstore:id/toolbar_title","17588393-9eac-4cd9-9399-d342c6384ea7"]
[debug] &amp#27;[35m[BaseDriver]&amp#27;[39m Valid locator strategies for this request: xpath, id, class name, accessibility id, -android uiautomator
[debug] &amp#27;[35m[BaseDriver]&amp#27;[39m Waiting up to 10000 ms for condition
[debug] &amp#27;[35m[WD Proxy]&amp#27;[39m Matched '/element' to command name 'findElement'
[debug] &amp#27;[35m[WD Proxy]&amp#27;[39m Proxying [POST /element] to [POST http://127.0.0.1:8200/wd/hub/session/91bae3ee-22d3-4f66-983f-d2a440c0f1db/element] with body: {"strategy":"id","selector":"com.androidsample.generalstore:id/toolbar_title","context":"","multiple":false}
&amp#27;[35m[WD Proxy]&amp#27;[39m Got response with status 404: {"sessionId":"91bae3ee-22d3-4f66-983f-d2a440c0f1db","value":{"error":"no such element","message":"An element could not be located on the page using the given search parameters","stacktrace":"io.appium.uiautomator2.common.exceptions.ElementNotFoundException: An element could not be located on the page using the given search parameters\n\tat io.appium.uiautomator2.handler.FindElement.safeHandle(FindElement.java:73)\n\tat io.appium.uiautomator2.handler.request.SafeRequestHandler.handle(SafeRequestHandler.java:41)\n\tat io.appium.uiautomator2.server.AppiumServlet.handleRequest(AppiumServlet.java:253)\n\tat io.appium.uiautomator2.server.AppiumServlet.handleHttpRequest(AppiumServlet.java:247)\n\tat io.appium.uiautomator2.http.ServerHandler.channelRead(ServerHandler.java:68)\n\tat io.netty.channel.AbstractChannelHandlerContext.invokeChannelRead(AbstractChannelHandlerContext.java:366)\n\tat io.netty.channel.AbstractChannelHandlerContext.invokeChannelRead(AbstractChannelHandlerContext.java:352)\n\tat io.netty.chann...
[debug] &amp#27;[35m[W3C]&amp#27;[39m Matched W3C error code 'no such element' to NoSuchElementError
[debug] &amp#27;[35m[BaseDriver]&amp#27;[39m Waited for 499 ms so far
[debug] &amp#27;[35m[WD Proxy]&amp#27;[39m Matched '/element' to command name 'findElement'
[debug] &amp#27;[35m[WD Proxy]&amp#27;[39m Proxying [POST /element] to [POST http://127.0.0.1:8200/wd/hub/session/91bae3ee-22d3-4f66-983f-d2a440c0f1db/element] with body: {"strategy":"id","selector":"com.androidsample.generalstore:id/toolbar_title","context":"","multiple":false}
&amp#27;[35m[WD Proxy]&amp#27;[39m Got response with status 404: {"sessionId":"91bae3ee-22d3-4f66-983f-d2a440c0f1db","value":{"error":"no such element","message":"An element could not be located on the page using the given search parameters","stacktrace":"io.appium.uiautomator2.common.exceptions.ElementNotFoundException: An element could not be located on the page using the given search parameters\n\tat io.appium.uiautomator2.handler.FindElement.safeHandle(FindElement.java:73)\n\tat io.appium.uiautomator2.handler.request.SafeRequestHandler.handle(SafeRequestHandler.java:41)\n\tat io.appium.uiautomator2.server.AppiumServlet.handleRequest(AppiumServlet.java:253)\n\tat io.appium.uiautomator2.server.AppiumServlet.handleHttpRequest(AppiumServlet.java:247)\n\tat io.appium.uiautomator2.http.ServerHandler.channelRead(ServerHandler.java:68)\n\tat io.netty.channel.AbstractChannelHandlerContext.invokeChannelRead(AbstractChannelHandlerContext.java:366)\n\tat io.netty.channel.AbstractChannelHandlerContext.invokeChannelRead(AbstractChannelHandlerContext.java:352)\n\tat io.netty.chann...
[debug] &amp#27;[35m[W3C]&amp#27;[39m Matched W3C error code 'no such element' to NoSuchElementError
[debug] &amp#27;[35m[BaseDriver]&amp#27;[39m Waited for 1023 ms so far
[debug] &amp#27;[35m[WD Proxy]&amp#27;[39m Matched '/element' to command name 'findElement'
[debug] &amp#27;[35m[WD Proxy]&amp#27;[39m Proxying [POST /element] to [POST http://127.0.0.1:8200/wd/hub/session/91bae3ee-22d3-4f66-983f-d2a440c0f1db/element] with body: {"strategy":"id","selector":"com.androidsample.generalstore:id/toolbar_title","context":"","multiple":false}
&amp#27;[35m[WD Proxy]&amp#27;[39m Got response with status 404: {"sessionId":"91bae3ee-22d3-4f66-983f-d2a440c0f1db","value":{"error":"no such element","message":"An element could not be located on the page using the given search parameters","stacktrace":"io.appium.uiautomator2.common.exceptions.ElementNotFoundException: An element could not be located on the page using the given search parameters\n\tat io.appium.uiautomator2.handler.FindElement.safeHandle(FindElement.java:73)\n\tat io.appium.uiautomator2.handler.request.SafeRequestHandler.handle(SafeRequestHandler.java:41)\n\tat io.appium.uiautomator2.server.AppiumServlet.handleRequest(AppiumServlet.java:253)\n\tat io.appium.uiautomator2.server.AppiumServlet.handleHttpRequest(AppiumServlet.java:247)\n\tat io.appium.uiautomator2.http.ServerHandler.channelRead(ServerHandler.java:68)\n\tat io.netty.channel.AbstractChannelHandlerContext.invokeChannelRead(AbstractChannelHandlerContext.java:366)\n\tat io.netty.channel.AbstractChannelHandlerContext.invokeChannelRead(AbstractChannelHandlerContext.java:352)\n\tat io.netty.chann...
[debug] &amp#27;[35m[W3C]&amp#27;[39m Matched W3C error code 'no such element' to NoSuchElementError
[debug] &amp#27;[35m[BaseDriver]&amp#27;[39m Waited for 1555 ms so far
[debug] &amp#27;[35m[WD Proxy]&amp#27;[39m Matched '/element' to command name 'findElement'
[debug] &amp#27;[35m[WD Proxy]&amp#27;[39m Proxying [POST /element] to [POST http://127.0.0.1:8200/wd/hub/session/91bae3ee-22d3-4f66-983f-d2a440c0f1db/element] with body: {"strategy":"id","selector":"com.androidsample.generalstore:id/toolbar_title","context":"","multiple":false}
&amp#27;[35m[WD Proxy]&amp#27;[39m Got response with status 404: {"sessionId":"91bae3ee-22d3-4f66-983f-d2a440c0f1db","value":{"error":"no such element","message":"An element could not be located on the page using the given search parameters","stacktrace":"io.appium.uiautomator2.common.exceptions.ElementNotFoundException: An element could not be located on the page using the given search parameters\n\tat io.appium.uiautomator2.handler.FindElement.safeHandle(FindElement.java:73)\n\tat io.appium.uiautomator2.handler.request.SafeRequestHandler.handle(SafeRequestHandler.java:41)\n\tat io.appium.uiautomator2.server.AppiumServlet.handleRequest(AppiumServlet.java:253)\n\tat io.appium.uiautomator2.server.AppiumServlet.handleHttpRequest(AppiumServlet.java:247)\n\tat io.appium.uiautomator2.http.ServerHandler.channelRead(ServerHandler.java:68)\n\tat io.netty.channel.AbstractChannelHandlerContext.invokeChannelRead(AbstractChannelHandlerContext.java:366)\n\tat io.netty.channel.AbstractChannelHandlerContext.invokeChannelRead(AbstractChannelHandlerContext.java:352)\n\tat io.netty.chann...
[debug] &amp#27;[35m[W3C]&amp#27;[39m Matched W3C error code 'no such element' to NoSuchElementError
[debug] &amp#27;[35m[BaseDriver]&amp#27;[39m Waited for 2077 ms so far
[debug] &amp#27;[35m[WD Proxy]&amp#27;[39m Matched '/element' to command name 'findElement'
[debug] &amp#27;[35m[WD Proxy]&amp#27;[39m Proxying [POST /element] to [POST http://127.0.0.1:8200/wd/hub/session/91bae3ee-22d3-4f66-983f-d2a440c0f1db/element] with body: {"strategy":"id","selector":"com.androidsample.generalstore:id/toolbar_title","context":"","multiple":false}
&amp#27;[35m[WD Proxy]&amp#27;[39m Got response with status 404: {"sessionId":"91bae3ee-22d3-4f66-983f-d2a440c0f1db","value":{"error":"no such element","message":"An element could not be located on the page using the given search parameters","stacktrace":"io.appium.uiautomator2.common.exceptions.ElementNotFoundException: An element could not be located on the page using the given search parameters\n\tat io.appium.uiautomator2.handler.FindElement.safeHandle(FindElement.java:73)\n\tat io.appium.uiautomator2.handler.request.SafeRequestHandler.handle(SafeRequestHandler.java:41)\n\tat io.appium.uiautomator2.server.AppiumServlet.handleRequest(AppiumServlet.java:253)\n\tat io.appium.uiautomator2.server.AppiumServlet.handleHttpRequest(AppiumServlet.java:247)\n\tat io.appium.uiautomator2.http.ServerHandler.channelRead(ServerHandler.java:68)\n\tat io.netty.channel.AbstractChannelHandlerContext.invokeChannelRead(AbstractChannelHandlerContext.java:366)\n\tat io.netty.channel.AbstractChannelHandlerContext.invokeChannelRead(AbstractChannelHandlerContext.java:352)\n\tat io.netty.chann...
[debug] &amp#27;[35m[W3C]&amp#27;[39m Matched W3C error code 'no such element' to NoSuchElementError
[debug] &amp#27;[35m[BaseDriver]&amp#27;[39m Waited for 2688 ms so far
[debug] &amp#27;[35m[WD Proxy]&amp#27;[39m Matched '/element' to command name 'findElement'
[debug] &amp#27;[35m[WD Proxy]&amp#27;[39m Proxying [POST /element] to [POST http://127.0.0.1:8200/wd/hub/session/91bae3ee-22d3-4f66-983f-d2a440c0f1db/element] with body: {"strategy":"id","selector":"com.androidsample.generalstore:id/toolbar_title","context":"","multiple":false}
[debug] &amp#27;[35m[WD Proxy]&amp#27;[39m Got response with status 200: {"sessionId":"91bae3ee-22d3-4f66-983f-d2a440c0f1db","value":{"ELEMENT":"b1a74341-8dd5-4729-af51-7ccbee906760","element-6066-11e4-a52e-4f735466cecf":"b1a74341-8dd5-4729-af51-7ccbee906760"}}
[debug] &amp#27;[35m[W3C (17588393)]&amp#27;[39m Responding to client with driver.findElement() result: {"element-6066-11e4-a52e-4f735466cecf":"b1a74341-8dd5-4729-af51-7ccbee906760","ELEMENT":"b1a74341-8dd5-4729-af51-7ccbee906760"}
&amp#27;[35m[HTTP]&amp#27;[39m &amp#27;[37m<-- POST /wd/hub/session/17588393-9eac-4cd9-9399-d342c6384ea7/element &amp#27;[39m&amp#27;[32m200&amp#27;[39m &amp#27;[90m3411 ms - 137&amp#27;[39m
&amp#27;[35m[HTTP]&amp#27;[39m &amp#27;[90m&amp#27;[39m
&amp#27;[35m[HTTP]&amp#27;[39m &amp#27;[37m-->&amp#27;[39m &amp#27;[37mGET&amp#27;[39m &amp#27;[37m/wd/hub/session/17588393-9eac-4cd9-9399-d342c6384ea7/element/b1a74341-8dd5-4729-af51-7ccbee906760/text&amp#27;[39m
&amp#27;[35m[HTTP]&amp#27;[39m &amp#27;[90m{}&amp#27;[39m
&amp#27;[35m[W3C (17588393)]&amp#27;[39m Driver proxy active, passing request on via HTTP proxy
[debug] &amp#27;[35m[WD Proxy]&amp#27;[39m Matched '/wd/hub/session/17588393-9eac-4cd9-9399-d342c6384ea7/element/b1a74341-8dd5-4729-af51-7ccbee906760/text' to command name 'getText'
[debug] &amp#27;[35m[WD Proxy]&amp#27;[39m Proxying [GET /wd/hub/session/17588393-9eac-4cd9-9399-d342c6384ea7/element/b1a74341-8dd5-4729-af51-7ccbee906760/text] to [GET http://127.0.0.1:8200/wd/hub/session/91bae3ee-22d3-4f66-983f-d2a440c0f1db/element/b1a74341-8dd5-4729-af51-7ccbee906760/text] with no body
[debug] &amp#27;[35m[WD Proxy]&amp#27;[39m Got response with status 200: {"sessionId":"91bae3ee-22d3-4f66-983f-d2a440c0f1db","value":"General Store"}
&amp#27;[35m[WD Proxy]&amp#27;[39m Replacing sessionId 91bae3ee-22d3-4f66-983f-d2a440c0f1db with 17588393-9eac-4cd9-9399-d342c6384ea7
&amp#27;[35m[HTTP]&amp#27;[39m &amp#27;[37m<-- GET /wd/hub/session/17588393-9eac-4cd9-9399-d342c6384ea7/element/b1a74341-8dd5-4729-af51-7ccbee906760/text &amp#27;[39m&amp#27;[32m200&amp#27;[39m &amp#27;[90m29 ms - 76&amp#27;[39m
&amp#27;[35m[HTTP]&amp#27;[39m &amp#27;[90m&amp#27;[39m
]]></system-out>
    <system-err><![CDATA[Oct. 19, 2020 4:51:31 A.M. io.appium.java_client.remote.AppiumCommandExecutor$1 lambda$0
INFO: Detected dialect: W3C
]]></system-err>
  </testcase>
  <testcase name="dropdownLabel" classname="test.AppiumFramework.HomeTest" time="0.235">
    <failure message="The following asserts failed:&#10;	expected [false] but found [true]" type="java.lang.AssertionError"><![CDATA[java.lang.AssertionError: 
The following asserts failed:
	expected [false] but found [true]
	at test.AppiumFramework.HomeTest.dropdownLabel(HomeTest.java:41)
]]></failure>
    <system-out><![CDATA[&amp#27;[35m[HTTP]&amp#27;[39m &amp#27;[37m-->&amp#27;[39m &amp#27;[37mGET&amp#27;[39m &amp#27;[37m/wd/hub/session/17588393-9eac-4cd9-9399-d342c6384ea7/context&amp#27;[39m
&amp#27;[35m[HTTP]&amp#27;[39m &amp#27;[90m{}&amp#27;[39m
[debug] &amp#27;[35m[W3C (17588393)]&amp#27;[39m Calling AppiumDriver.getCurrentContext() with args: ["17588393-9eac-4cd9-9399-d342c6384ea7"]
[debug] &amp#27;[35m[W3C (17588393)]&amp#27;[39m Responding to client with driver.getCurrentContext() result: "NATIVE_APP"
&amp#27;[35m[HTTP]&amp#27;[39m &amp#27;[37m<-- GET /wd/hub/session/17588393-9eac-4cd9-9399-d342c6384ea7/context &amp#27;[39m&amp#27;[32m200&amp#27;[39m &amp#27;[90m4 ms - 22&amp#27;[39m
&amp#27;[35m[HTTP]&amp#27;[39m &amp#27;[90m&amp#27;[39m
&amp#27;[35m[HTTP]&amp#27;[39m &amp#27;[37m-->&amp#27;[39m &amp#27;[37mPOST&amp#27;[39m &amp#27;[37m/wd/hub/session/17588393-9eac-4cd9-9399-d342c6384ea7/element&amp#27;[39m
&amp#27;[35m[HTTP]&amp#27;[39m &amp#27;[90m{"using":"xpath","value":"//*[@text=\"Select the country where you want to shop\"]"}&amp#27;[39m
[debug] &amp#27;[35m[W3C (17588393)]&amp#27;[39m Calling AppiumDriver.findElement() with args: ["xpath","//*[@text=\"Select the country where you want to shop\"]","17588393-9eac-4cd9-9399-d342c6384ea7"]
[debug] &amp#27;[35m[BaseDriver]&amp#27;[39m Valid locator strategies for this request: xpath, id, class name, accessibility id, -android uiautomator
[debug] &amp#27;[35m[BaseDriver]&amp#27;[39m Waiting up to 10000 ms for condition
[debug] &amp#27;[35m[WD Proxy]&amp#27;[39m Matched '/element' to command name 'findElement'
[debug] &amp#27;[35m[WD Proxy]&amp#27;[39m Proxying [POST /element] to [POST http://127.0.0.1:8200/wd/hub/session/91bae3ee-22d3-4f66-983f-d2a440c0f1db/element] with body: {"strategy":"xpath","selector":"//*[@text=\"Select the country where you want to shop\"]","context":"","multiple":false}
[debug] &amp#27;[35m[WD Proxy]&amp#27;[39m Got response with status 200: {"sessionId":"91bae3ee-22d3-4f66-983f-d2a440c0f1db","value":{"ELEMENT":"770247cd-fec6-4b6f-9b22-6f1437f5b180","element-6066-11e4-a52e-4f735466cecf":"770247cd-fec6-4b6f-9b22-6f1437f5b180"}}
[debug] &amp#27;[35m[W3C (17588393)]&amp#27;[39m Responding to client with driver.findElement() result: {"element-6066-11e4-a52e-4f735466cecf":"770247cd-fec6-4b6f-9b22-6f1437f5b180","ELEMENT":"770247cd-fec6-4b6f-9b22-6f1437f5b180"}
&amp#27;[35m[HTTP]&amp#27;[39m &amp#27;[37m<-- POST /wd/hub/session/17588393-9eac-4cd9-9399-d342c6384ea7/element &amp#27;[39m&amp#27;[32m200&amp#27;[39m &amp#27;[90m199 ms - 137&amp#27;[39m
&amp#27;[35m[HTTP]&amp#27;[39m &amp#27;[90m&amp#27;[39m
&amp#27;[35m[HTTP]&amp#27;[39m &amp#27;[37m-->&amp#27;[39m &amp#27;[37mGET&amp#27;[39m &amp#27;[37m/wd/hub/session/17588393-9eac-4cd9-9399-d342c6384ea7/element/770247cd-fec6-4b6f-9b22-6f1437f5b180/displayed&amp#27;[39m
&amp#27;[35m[HTTP]&amp#27;[39m &amp#27;[90m{}&amp#27;[39m
[debug] &amp#27;[35m[W3C (17588393)]&amp#27;[39m Calling AppiumDriver.elementDisplayed() with args: ["770247cd-fec6-4b6f-9b22-6f1437f5b180","17588393-9eac-4cd9-9399-d342c6384ea7"]
[debug] &amp#27;[35m[WD Proxy]&amp#27;[39m Matched '/element/770247cd-fec6-4b6f-9b22-6f1437f5b180/attribute/displayed' to command name 'getAttribute'
[debug] &amp#27;[35m[WD Proxy]&amp#27;[39m Proxying [GET /element/770247cd-fec6-4b6f-9b22-6f1437f5b180/attribute/displayed] to [GET http://127.0.0.1:8200/wd/hub/session/91bae3ee-22d3-4f66-983f-d2a440c0f1db/element/770247cd-fec6-4b6f-9b22-6f1437f5b180/attribute/displayed] with no body
[debug] &amp#27;[35m[WD Proxy]&amp#27;[39m Got response with status 200: {"sessionId":"91bae3ee-22d3-4f66-983f-d2a440c0f1db","value":"true"}
[debug] &amp#27;[35m[W3C (17588393)]&amp#27;[39m Responding to client with driver.elementDisplayed() result: true
&amp#27;[35m[HTTP]&amp#27;[39m &amp#27;[37m<-- GET /wd/hub/session/17588393-9eac-4cd9-9399-d342c6384ea7/element/770247cd-fec6-4b6f-9b22-6f1437f5b180/displayed &amp#27;[39m&amp#27;[32m200&amp#27;[39m &amp#27;[90m16 ms - 14&amp#27;[39m
&amp#27;[35m[HTTP]&amp#27;[39m &amp#27;[90m&amp#27;[39m
]]></system-out>
  </testcase>
  <testcase name="selectCountry[Algeria](1)" classname="test.AppiumFramework.HomeTest" time="1.686">
    <system-out><![CDATA[&amp#27;[35m[HTTP]&amp#27;[39m &amp#27;[37m-->&amp#27;[39m &amp#27;[37mGET&amp#27;[39m &amp#27;[37m/wd/hub/session/17588393-9eac-4cd9-9399-d342c6384ea7/screenshot&amp#27;[39m
&amp#27;[35m[HTTP]&amp#27;[39m &amp#27;[90m{}&amp#27;[39m
[debug] &amp#27;[35m[W3C (17588393)]&amp#27;[39m Calling AppiumDriver.getScreenshot() with args: ["17588393-9eac-4cd9-9399-d342c6384ea7"]
[debug] &amp#27;[35m[WD Proxy]&amp#27;[39m Matched '/screenshot' to command name 'getScreenshot'
[debug] &amp#27;[35m[WD Proxy]&amp#27;[39m Proxying [GET /screenshot] to [GET http://127.0.0.1:8200/wd/hub/session/91bae3ee-22d3-4f66-983f-d2a440c0f1db/screenshot] with no body
[debug] &amp#27;[35m[WD Proxy]&amp#27;[39m Got response with status 200: {"sessionId":"91bae3ee-22d3-4f66-983f-d2a440c0f1db","value":"iVBORw0KGgoAAAANSUhEUgAABDgAAAeACAYAAAArYecKAAAABHNCSVQICAgIfAhkiAAAIABJREFU\neJzs3XecHGXhx/Hv88zslSR36b1DCL2EFnqVKoIgRSJdAUFUBJQfgqKCWCiiIkVRQUVQEQRRpKNS\npBk6BgiEFEJIr5fbnZnn98eW272bvb53N+Hz9hW5nfLMM7NTv/vMjBn8+klOAAAAAAAACWZ7uwIA\nAAAAAABdRcABAAAAAAASj4ADAAAAAAAkHgEHAAAAAABIPAIOAAAAAACQeAQcAAAAAAAg8Qg4AAAA\nAABA4hFwAAAAAACAxCPgAAAAAAAAiUfAAQAAAAAAEo+AAwAAAAAAJJ7f2xXAhsuT1ejUYB1Wt4P2\n67+1Nq0eo6FenSRpWbhGb6UX6tE1r+qvq5/T+8FyBS7s5RoDAAAAAJLKDH79JNfblcCGw8ho8+qx\n+vHo07RNzST5xsrItDqOk1PoIr3aOE8XfHCrZja8KydWSwAAAABA+xFwoNuMTw3Ti1OukqQ2Q41y\n8sHGiDdOU6io2+oGAAAAIDmqjK8h3gAN8+s11KvTEG+Ahnp1Guj10+qoQcuCNVoSrtbczGLNSX+o\niB9IO+yO8edplD+obP+0C3TgnO/0YI26jltU0GU1pkp/n3SxtqmZ2OlgIy8//vVjztCZ79/YHdXr\nNmNSQ/TZwftrfGqobBfnsz0aooweWfuy7lv9ArfvAAAAYINWbXzt2X8L7d1/C+3db0ttWTO+3dcW\njS7Qm43v63+NC/R64zy9vP49PbHuDWU4h27VltXjNTY1pGz/Rhf0YG26BwEHumRiarie2fj7qjLd\nuyodWjdNRkZOTv1stdZFjd1afkft0m+qfjTqFE2pHi2vh57N6+R0ZP3O2rPf5jr/g1t7ZJoAAABA\nT0kZT0fWT9eR9dO1T/8tVW1S...
[debug] &amp#27;[35m[W3C (17588393)]&amp#27;[39m Responding to client with driver.getScreenshot() result: "iVBORw0KGgoAAAANSUhEUgAABDgAAAeACAYAAAArYecKAAAABHNCSVQICAgIfAhkiAAAIABJREFU\neJzs3XecHGXhx/Hv88zslSR36b1DCL2EFnqVKoIgRSJdAUFUBJQfgqKCWCiiIkVRQUVQEQRRpKNS\npBk6BgiEFEJIr5fbnZnn98eW272bvb53N+Hz9hW5nfLMM7NTv/vMjBn8+klOAAAAAAAACWZ7uwIA\nAAAAAABdRcABAAAAAAASj4ADAAAAAAAkHgEHAAAAAABIPAIOAAAAAACQeAQcAAAAAAAg8Qg4AAAA\nAABA4hFwAAAAAACAxCPgAAAAAAAAiUfAAQAAAAAAEo+AAwAAAAAAJJ7f2xXAhsuT1ejUYB1Wt4P2\n67+1Nq0eo6FenSRpWbhGb6UX6tE1r+qvq5/T+8FyBS7s5RoDAAAAAJLKDH79JNfblcCGw8ho8+qx\n+vHo07RNzST5xsrItDqOk1PoIr3aOE8XfHCrZja8KydWSwAAAABA+xFwoNuMTw3Ti1OukqQ2Q41y\n8sHGiDdOU6io2+oGAAAAIDmqjK8h3gAN8+s11KvTEG+Ahnp1Guj10+qoQcuCNVoSrtbczGLNSX+o\niB9IO+yO8edplD+obP+0C3TgnO/0YI26jltU0GU1pkp/n3SxtqmZ2OlgIy8//vVjztCZ79/YHdXr\nNmNSQ/TZwftrfGqobBfnsz0aooweWfuy7lv9ArfvAAAAYINWbXzt2X8L7d1/C+3db0ttWTO+3dcW\njS7Qm43v63+NC/R64zy9vP49PbHuDWU4h27VltXjNTY1pGz/Rhf0YG26BwEHumRiarie2fj7qjLd\nuyodWjdNRkZOTv1stdZFjd1afkft0m+qfjTqFE2pHi2vh57N6+R0ZP3O2rPf5jr/g1t7ZJoAAABA\nT0kZT0fWT9eR9dO1T/8tVW1SnSqn2vjaumaCtq6ZIGlXSdLScLX+sPJJ3b7iCb3WOK8ba10ZA2yN\nplaPUT...
&amp#27;[35m[HTTP]&amp#27;[39m &amp#27;[37m<-- GET /wd/hub/session/17588393-9eac-4cd9-9399-d342c6384ea7/screenshot &amp#27;[39m&amp#27;[32m200&amp#27;[39m &amp#27;[90m515 ms - 604694&amp#27;[39m
&amp#27;[35m[HTTP]&amp#27;[39m &amp#27;[90m&amp#27;[39m
&amp#27;[35m[HTTP]&amp#27;[39m &amp#27;[37m-->&amp#27;[39m &amp#27;[37mGET&amp#27;[39m &amp#27;[37m/wd/hub/session/17588393-9eac-4cd9-9399-d342c6384ea7/context&amp#27;[39m
&amp#27;[35m[HTTP]&amp#27;[39m &amp#27;[90m{}&amp#27;[39m
[debug] &amp#27;[35m[W3C (17588393)]&amp#27;[39m Calling AppiumDriver.getCurrentContext() with args: ["17588393-9eac-4cd9-9399-d342c6384ea7"]
[debug] &amp#27;[35m[W3C (17588393)]&amp#27;[39m Responding to client with driver.getCurrentContext() result: "NATIVE_APP"
&amp#27;[35m[HTTP]&amp#27;[39m &amp#27;[37m<-- GET /wd/hub/session/17588393-9eac-4cd9-9399-d342c6384ea7/context &amp#27;[39m&amp#27;[32m200&amp#27;[39m &amp#27;[90m4 ms - 22&amp#27;[39m
&amp#27;[35m[HTTP]&amp#27;[39m &amp#27;[90m&amp#27;[39m
&amp#27;[35m[HTTP]&amp#27;[39m &amp#27;[37m-->&amp#27;[39m &amp#27;[37mPOST&amp#27;[39m &amp#27;[37m/wd/hub/session/17588393-9eac-4cd9-9399-d342c6384ea7/element&amp#27;[39m
&amp#27;[35m[HTTP]&amp#27;[39m &amp#27;[90m{"using":"class name","value":"android.widget.Spinner"}&amp#27;[39m
[debug] &amp#27;[35m[W3C (17588393)]&amp#27;[39m Calling AppiumDriver.findElement() with args: ["class name","android.widget.Spinner","17588393-9eac-4cd9-9399-d342c6384ea7"]
[debug] &amp#27;[35m[BaseDriver]&amp#27;[39m Valid locator strategies for this request: xpath, id, class name, accessibility id, -android uiautomator
[debug] &amp#27;[35m[BaseDriver]&amp#27;[39m Waiting up to 10000 ms for condition
[debug] &amp#27;[35m[WD Proxy]&amp#27;[39m Matched '/element' to command name 'findElement'
[debug] &amp#27;[35m[WD Proxy]&amp#27;[39m Proxying [POST /element] to [POST http://127.0.0.1:8200/wd/hub/session/91bae3ee-22d3-4f66-983f-d2a440c0f1db/element] with body: {"strategy":"class name","selector":"android.widget.Spinner","context":"","multiple":false}
[debug] &amp#27;[35m[WD Proxy]&amp#27;[39m Got response with status 200: {"sessionId":"91bae3ee-22d3-4f66-983f-d2a440c0f1db","value":{"ELEMENT":"29742302-eb42-4112-b7d8-ef3ac96eb18f","element-6066-11e4-a52e-4f735466cecf":"29742302-eb42-4112-b7d8-ef3ac96eb18f"}}
[debug] &amp#27;[35m[W3C (17588393)]&amp#27;[39m Responding to client with driver.findElement() result: {"element-6066-11e4-a52e-4f735466cecf":"29742302-eb42-4112-b7d8-ef3ac96eb18f","ELEMENT":"29742302-eb42-4112-b7d8-ef3ac96eb18f"}
&amp#27;[35m[HTTP]&amp#27;[39m &amp#27;[37m<-- POST /wd/hub/session/17588393-9eac-4cd9-9399-d342c6384ea7/element &amp#27;[39m&amp#27;[32m200&amp#27;[39m &amp#27;[90m31 ms - 137&amp#27;[39m
&amp#27;[35m[HTTP]&amp#27;[39m &amp#27;[90m&amp#27;[39m
&amp#27;[35m[HTTP]&amp#27;[39m &amp#27;[37m-->&amp#27;[39m &amp#27;[37mPOST&amp#27;[39m &amp#27;[37m/wd/hub/session/17588393-9eac-4cd9-9399-d342c6384ea7/element/29742302-eb42-4112-b7d8-ef3ac96eb18f/click&amp#27;[39m
&amp#27;[35m[HTTP]&amp#27;[39m &amp#27;[90m{"id":"29742302-eb42-4112-b7d8-ef3ac96eb18f"}&amp#27;[39m
[debug] &amp#27;[35m[W3C (17588393)]&amp#27;[39m Calling AppiumDriver.click() with args: ["29742302-eb42-4112-b7d8-ef3ac96eb18f","17588393-9eac-4cd9-9399-d342c6384ea7"]
[debug] &amp#27;[35m[WD Proxy]&amp#27;[39m Matched '/element/29742302-eb42-4112-b7d8-ef3ac96eb18f/click' to command name 'click'
[debug] &amp#27;[35m[WD Proxy]&amp#27;[39m Proxying [POST /element/29742302-eb42-4112-b7d8-ef3ac96eb18f/click] to [POST http://127.0.0.1:8200/wd/hub/session/91bae3ee-22d3-4f66-983f-d2a440c0f1db/element/29742302-eb42-4112-b7d8-ef3ac96eb18f/click] with body: {"element":"29742302-eb42-4112-b7d8-ef3ac96eb18f"}
[debug] &amp#27;[35m[WD Proxy]&amp#27;[39m Got response with status 200: {"sessionId":"91bae3ee-22d3-4f66-983f-d2a440c0f1db","value":null}
[debug] &amp#27;[35m[W3C (17588393)]&amp#27;[39m Responding to client with driver.click() result: null
&amp#27;[35m[HTTP]&amp#27;[39m &amp#27;[37m<-- POST /wd/hub/session/17588393-9eac-4cd9-9399-d342c6384ea7/element/29742302-eb42-4112-b7d8-ef3ac96eb18f/click &amp#27;[39m&amp#27;[32m200&amp#27;[39m &amp#27;[90m27 ms - 14&amp#27;[39m
&amp#27;[35m[HTTP]&amp#27;[39m &amp#27;[90m&amp#27;[39m
&amp#27;[35m[HTTP]&amp#27;[39m &amp#27;[37m-->&amp#27;[39m &amp#27;[37mPOST&amp#27;[39m &amp#27;[37m/wd/hub/session/17588393-9eac-4cd9-9399-d342c6384ea7/element&amp#27;[39m
&amp#27;[35m[HTTP]&amp#27;[39m &amp#27;[90m{"using":"-android uiautomator","value":"new UiScrollable(new UiSelector()).setMaxSearchSwipes(100).scrollIntoView(new UiSelector().textMatches(\"Algeria\"))"}&amp#27;[39m
[debug] &amp#27;[35m[W3C (17588393)]&amp#27;[39m Calling AppiumDriver.findElement() with args: ["-android uiautomator","new UiScrollable(new UiSelector()).setMaxSearchSwipes(100).scrollIntoView(new UiSelector().textMatches(\"Algeria\"))","17588393-9eac-4cd9-9399-d342c6384ea7"]
[debug] &amp#27;[35m[BaseDriver]&amp#27;[39m Valid locator strategies for this request: xpath, id, class name, accessibility id, -android uiautomator
[debug] &amp#27;[35m[BaseDriver]&amp#27;[39m Waiting up to 10000 ms for condition
[debug] &amp#27;[35m[WD Proxy]&amp#27;[39m Matched '/element' to command name 'findElement'
[debug] &amp#27;[35m[WD Proxy]&amp#27;[39m Proxying [POST /element] to [POST http://127.0.0.1:8200/wd/hub/session/91bae3ee-22d3-4f66-983f-d2a440c0f1db/element] with body: {"strategy":"-android uiautomator","selector":"new UiScrollable(new UiSelector()).setMaxSearchSwipes(100).scrollIntoView(new UiSelector().textMatches(\"Algeria\"))","context":"","multiple":false}
[debug] &amp#27;[35m[WD Proxy]&amp#27;[39m Got response with status 200: {"sessionId":"91bae3ee-22d3-4f66-983f-d2a440c0f1db","value":{"ELEMENT":"36af0bd9-5fe9-4efa-8d50-76e6bd3db8fd","element-6066-11e4-a52e-4f735466cecf":"36af0bd9-5fe9-4efa-8d50-76e6bd3db8fd"}}
[debug] &amp#27;[35m[W3C (17588393)]&amp#27;[39m Responding to client with driver.findElement() result: {"element-6066-11e4-a52e-4f735466cecf":"36af0bd9-5fe9-4efa-8d50-76e6bd3db8fd","ELEMENT":"36af0bd9-5fe9-4efa-8d50-76e6bd3db8fd"}
&amp#27;[35m[HTTP]&amp#27;[39m &amp#27;[37m<-- POST /wd/hub/session/17588393-9eac-4cd9-9399-d342c6384ea7/element &amp#27;[39m&amp#27;[32m200&amp#27;[39m &amp#27;[90m871 ms - 137&amp#27;[39m
&amp#27;[35m[HTTP]&amp#27;[39m &amp#27;[90m&amp#27;[39m
&amp#27;[35m[HTTP]&amp#27;[39m &amp#27;[37m-->&amp#27;[39m &amp#27;[37mPOST&amp#27;[39m &amp#27;[37m/wd/hub/session/17588393-9eac-4cd9-9399-d342c6384ea7/element&amp#27;[39m
&amp#27;[35m[HTTP]&amp#27;[39m &amp#27;[90m{"using":"xpath","value":"//*[@text=\"Algeria\"]"}&amp#27;[39m
[debug] &amp#27;[35m[W3C (17588393)]&amp#27;[39m Calling AppiumDriver.findElement() with args: ["xpath","//*[@text=\"Algeria\"]","17588393-9eac-4cd9-9399-d342c6384ea7"]
[debug] &amp#27;[35m[BaseDriver]&amp#27;[39m Valid locator strategies for this request: xpath, id, class name, accessibility id, -android uiautomator
[debug] &amp#27;[35m[BaseDriver]&amp#27;[39m Waiting up to 10000 ms for condition
[debug] &amp#27;[35m[WD Proxy]&amp#27;[39m Matched '/element' to command name 'findElement'
[debug] &amp#27;[35m[WD Proxy]&amp#27;[39m Proxying [POST /element] to [POST http://127.0.0.1:8200/wd/hub/session/91bae3ee-22d3-4f66-983f-d2a440c0f1db/element] with body: {"strategy":"xpath","selector":"//*[@text=\"Algeria\"]","context":"","multiple":false}
[debug] &amp#27;[35m[WD Proxy]&amp#27;[39m Got response with status 200: {"sessionId":"91bae3ee-22d3-4f66-983f-d2a440c0f1db","value":{"ELEMENT":"56c06784-e7de-43e8-b842-a7090c5d9968","element-6066-11e4-a52e-4f735466cecf":"56c06784-e7de-43e8-b842-a7090c5d9968"}}
[debug] &amp#27;[35m[W3C (17588393)]&amp#27;[39m Responding to client with driver.findElement() result: {"element-6066-11e4-a52e-4f735466cecf":"56c06784-e7de-43e8-b842-a7090c5d9968","ELEMENT":"56c06784-e7de-43e8-b842-a7090c5d9968"}
&amp#27;[35m[HTTP]&amp#27;[39m &amp#27;[37m<-- POST /wd/hub/session/17588393-9eac-4cd9-9399-d342c6384ea7/element &amp#27;[39m&amp#27;[32m200&amp#27;[39m &amp#27;[90m54 ms - 137&amp#27;[39m
&amp#27;[35m[HTTP]&amp#27;[39m &amp#27;[90m&amp#27;[39m
&amp#27;[35m[HTTP]&amp#27;[39m &amp#27;[37m-->&amp#27;[39m &amp#27;[37mPOST&amp#27;[39m &amp#27;[37m/wd/hub/session/17588393-9eac-4cd9-9399-d342c6384ea7/element/56c06784-e7de-43e8-b842-a7090c5d9968/click&amp#27;[39m
&amp#27;[35m[HTTP]&amp#27;[39m &amp#27;[90m{"id":"56c06784-e7de-43e8-b842-a7090c5d9968"}&amp#27;[39m
[debug] &amp#27;[35m[W3C (17588393)]&amp#27;[39m Calling AppiumDriver.click() with args: ["56c06784-e7de-43e8-b842-a7090c5d9968","17588393-9eac-4cd9-9399-d342c6384ea7"]
[debug] &amp#27;[35m[WD Proxy]&amp#27;[39m Matched '/element/56c06784-e7de-43e8-b842-a7090c5d9968/click' to command name 'click'
[debug] &amp#27;[35m[WD Proxy]&amp#27;[39m Proxying [POST /element/56c06784-e7de-43e8-b842-a7090c5d9968/click] to [POST http://127.0.0.1:8200/wd/hub/session/91bae3ee-22d3-4f66-983f-d2a440c0f1db/element/56c06784-e7de-43e8-b842-a7090c5d9968/click] with body: {"element":"56c06784-e7de-43e8-b842-a7090c5d9968"}
[debug] &amp#27;[35m[WD Proxy]&amp#27;[39m Got response with status 200: {"sessionId":"91bae3ee-22d3-4f66-983f-d2a440c0f1db","value":null}
[debug] &amp#27;[35m[W3C (17588393)]&amp#27;[39m Responding to client with driver.click() result: null
&amp#27;[35m[HTTP]&amp#27;[39m &amp#27;[37m<-- POST /wd/hub/session/17588393-9eac-4cd9-9399-d342c6384ea7/element/56c06784-e7de-43e8-b842-a7090c5d9968/click &amp#27;[39m&amp#27;[32m200&amp#27;[39m &amp#27;[90m625 ms - 14&amp#27;[39m
&amp#27;[35m[HTTP]&amp#27;[39m &amp#27;[90m&amp#27;[39m
&amp#27;[35m[HTTP]&amp#27;[39m &amp#27;[37m-->&amp#27;[39m &amp#27;[37mGET&amp#27;[39m &amp#27;[37m/wd/hub/session/17588393-9eac-4cd9-9399-d342c6384ea7/context&amp#27;[39m
&amp#27;[35m[HTTP]&amp#27;[39m &amp#27;[90m{}&amp#27;[39m
[debug] &amp#27;[35m[W3C (17588393)]&amp#27;[39m Calling AppiumDriver.getCurrentContext() with args: ["17588393-9eac-4cd9-9399-d342c6384ea7"]
[debug] &amp#27;[35m[W3C (17588393)]&amp#27;[39m Responding to client with driver.getCurrentContext() result: "NATIVE_APP"
&amp#27;[35m[HTTP]&amp#27;[39m &amp#27;[37m<-- GET /wd/hub/session/17588393-9eac-4cd9-9399-d342c6384ea7/context &amp#27;[39m&amp#27;[32m200&amp#27;[39m &amp#27;[90m2 ms - 22&amp#27;[39m
&amp#27;[35m[HTTP]&amp#27;[39m &amp#27;[90m&amp#27;[39m
&amp#27;[35m[HTTP]&amp#27;[39m &amp#27;[37m-->&amp#27;[39m &amp#27;[37mPOST&amp#27;[39m &amp#27;[37m/wd/hub/session/17588393-9eac-4cd9-9399-d342c6384ea7/element&amp#27;[39m
&amp#27;[35m[HTTP]&amp#27;[39m &amp#27;[90m{"using":"id","value":"android:id/text1"}&amp#27;[39m
[debug] &amp#27;[35m[W3C (17588393)]&amp#27;[39m Calling AppiumDriver.findElement() with args: ["id","android:id/text1","17588393-9eac-4cd9-9399-d342c6384ea7"]
[debug] &amp#27;[35m[BaseDriver]&amp#27;[39m Valid locator strategies for this request: xpath, id, class name, accessibility id, -android uiautomator
[debug] &amp#27;[35m[BaseDriver]&amp#27;[39m Waiting up to 10000 ms for condition
[debug] &amp#27;[35m[WD Proxy]&amp#27;[39m Matched '/element' to command name 'findElement'
[debug] &amp#27;[35m[WD Proxy]&amp#27;[39m Proxying [POST /element] to [POST http://127.0.0.1:8200/wd/hub/session/91bae3ee-22d3-4f66-983f-d2a440c0f1db/element] with body: {"strategy":"id","selector":"android:id/text1","context":"","multiple":false}
[debug] &amp#27;[35m[WD Proxy]&amp#27;[39m Got response with status 200: {"sessionId":"91bae3ee-22d3-4f66-983f-d2a440c0f1db","value":{"ELEMENT":"e648a539-36e0-4f6d-bdc8-f06f3d7c2a49","element-6066-11e4-a52e-4f735466cecf":"e648a539-36e0-4f6d-bdc8-f06f3d7c2a49"}}
[debug] &amp#27;[35m[W3C (17588393)]&amp#27;[39m Responding to client with driver.findElement() result: {"element-6066-11e4-a52e-4f735466cecf":"e648a539-36e0-4f6d-bdc8-f06f3d7c2a49","ELEMENT":"e648a539-36e0-4f6d-bdc8-f06f3d7c2a49"}
&amp#27;[35m[HTTP]&amp#27;[39m &amp#27;[37m<-- POST /wd/hub/session/17588393-9eac-4cd9-9399-d342c6384ea7/element &amp#27;[39m&amp#27;[32m200&amp#27;[39m &amp#27;[90m23 ms - 137&amp#27;[39m
&amp#27;[35m[HTTP]&amp#27;[39m &amp#27;[90m&amp#27;[39m
&amp#27;[35m[HTTP]&amp#27;[39m &amp#27;[37m-->&amp#27;[39m &amp#27;[37mGET&amp#27;[39m &amp#27;[37m/wd/hub/session/17588393-9eac-4cd9-9399-d342c6384ea7/element/e648a539-36e0-4f6d-bdc8-f06f3d7c2a49/text&amp#27;[39m
&amp#27;[35m[HTTP]&amp#27;[39m &amp#27;[90m{}&amp#27;[39m
&amp#27;[35m[W3C (17588393)]&amp#27;[39m Driver proxy active, passing request on via HTTP proxy
[debug] &amp#27;[35m[WD Proxy]&amp#27;[39m Matched '/wd/hub/session/17588393-9eac-4cd9-9399-d342c6384ea7/element/e648a539-36e0-4f6d-bdc8-f06f3d7c2a49/text' to command name 'getText'
[debug] &amp#27;[35m[WD Proxy]&amp#27;[39m Proxying [GET /wd/hub/session/17588393-9eac-4cd9-9399-d342c6384ea7/element/e648a539-36e0-4f6d-bdc8-f06f3d7c2a49/text] to [GET http://127.0.0.1:8200/wd/hub/session/91bae3ee-22d3-4f66-983f-d2a440c0f1db/element/e648a539-36e0-4f6d-bdc8-f06f3d7c2a49/text] with no body
[debug] &amp#27;[35m[WD Proxy]&amp#27;[39m Got response with status 200: {"sessionId":"91bae3ee-22d3-4f66-983f-d2a440c0f1db","value":"Algeria"}
&amp#27;[35m[WD Proxy]&amp#27;[39m Replacing sessionId 91bae3ee-22d3-4f66-983f-d2a440c0f1db with 17588393-9eac-4cd9-9399-d342c6384ea7
&amp#27;[35m[HTTP]&amp#27;[39m &amp#27;[37m<-- GET /wd/hub/session/17588393-9eac-4cd9-9399-d342c6384ea7/element/e648a539-36e0-4f6d-bdc8-f06f3d7c2a49/text &amp#27;[39m&amp#27;[32m200&amp#27;[39m &amp#27;[90m14 ms - ]]></system-out>
  </testcase>
  <testcase name="nameField[Enter name here, Joe](1)" classname="test.AppiumFramework.HomeTest" time="1.275">
    <system-out><![CDATA[70&amp#27;[39m
&amp#27;[35m[HTTP]&amp#27;[39m &amp#27;[90m&amp#27;[39m
&amp#27;[35m[HTTP]&amp#27;[39m &amp#27;[37m-->&amp#27;[39m &amp#27;[37mGET&amp#27;[39m &amp#27;[37m/wd/hub/session/17588393-9eac-4cd9-9399-d342c6384ea7/context&amp#27;[39m
&amp#27;[35m[HTTP]&amp#27;[39m &amp#27;[90m{}&amp#27;[39m
[debug] &amp#27;[35m[W3C (17588393)]&amp#27;[39m Calling AppiumDriver.getCurrentContext() with args: ["17588393-9eac-4cd9-9399-d342c6384ea7"]
[debug] &amp#27;[35m[W3C (17588393)]&amp#27;[39m Responding to client with driver.getCurrentContext() result: "NATIVE_APP"
&amp#27;[35m[HTTP]&amp#27;[39m &amp#27;[37m<-- GET /wd/hub/session/17588393-9eac-4cd9-9399-d342c6384ea7/context &amp#27;[39m&amp#27;[32m200&amp#27;[39m &amp#27;[90m1 ms - 22&amp#27;[39m
&amp#27;[35m[HTTP]&amp#27;[39m &amp#27;[90m&amp#27;[39m
&amp#27;[35m[HTTP]&amp#27;[39m &amp#27;[37m-->&amp#27;[39m &amp#27;[37mPOST&amp#27;[39m &amp#27;[37m/wd/hub/session/17588393-9eac-4cd9-9399-d342c6384ea7/element&amp#27;[39m
&amp#27;[35m[HTTP]&amp#27;[39m &amp#27;[90m{"using":"xpath","value":"//android.widget.TextView[@text=\"Your Name\"]"}&amp#27;[39m
[debug] &amp#27;[35m[W3C (17588393)]&amp#27;[39m Calling AppiumDriver.findElement() with args: ["xpath","//android.widget.TextView[@text=\"Your Name\"]","17588393-9eac-4cd9-9399-d342c6384ea7"]
[debug] &amp#27;[35m[BaseDriver]&amp#27;[39m Valid locator strategies for this request: xpath, id, class name, accessibility id, -android uiautomator
[debug] &amp#27;[35m[BaseDriver]&amp#27;[39m Waiting up to 10000 ms for condition
[debug] &amp#27;[35m[WD Proxy]&amp#27;[39m Matched '/element' to command name 'findElement'
[debug] &amp#27;[35m[WD Proxy]&amp#27;[39m Proxying [POST /element] to [POST http://127.0.0.1:8200/wd/hub/session/91bae3ee-22d3-4f66-983f-d2a440c0f1db/element] with body: {"strategy":"xpath","selector":"//android.widget.TextView[@text=\"Your Name\"]","context":"","multiple":false}
[debug] &amp#27;[35m[WD Proxy]&amp#27;[39m Got response with status 200: {"sessionId":"91bae3ee-22d3-4f66-983f-d2a440c0f1db","value":{"ELEMENT":"4afcbdcf-10ca-4101-8b24-771eb365fd96","element-6066-11e4-a52e-4f735466cecf":"4afcbdcf-10ca-4101-8b24-771eb365fd96"}}
[debug] &amp#27;[35m[W3C (17588393)]&amp#27;[39m Responding to client with driver.findElement() result: {"element-6066-11e4-a52e-4f735466cecf":"4afcbdcf-10ca-4101-8b24-771eb365fd96","ELEMENT":"4afcbdcf-10ca-4101-8b24-771eb365fd96"}
&amp#27;[35m[HTTP]&amp#27;[39m &amp#27;[37m<-- POST /wd/hub/session/17588393-9eac-4cd9-9399-d342c6384ea7/element &amp#27;[39m&amp#27;[32m200&amp#27;[39m &amp#27;[90m104 ms - 137&amp#27;[39m
&amp#27;[35m[HTTP]&amp#27;[39m &amp#27;[90m&amp#27;[39m
&amp#27;[35m[HTTP]&amp#27;[39m &amp#27;[37m-->&amp#27;[39m &amp#27;[37mGET&amp#27;[39m &amp#27;[37m/wd/hub/session/17588393-9eac-4cd9-9399-d342c6384ea7/element/4afcbdcf-10ca-4101-8b24-771eb365fd96/displayed&amp#27;[39m
&amp#27;[35m[HTTP]&amp#27;[39m &amp#27;[90m{}&amp#27;[39m
[debug] &amp#27;[35m[W3C (17588393)]&amp#27;[39m Calling AppiumDriver.elementDisplayed() with args: ["4afcbdcf-10ca-4101-8b24-771eb365fd96","17588393-9eac-4cd9-9399-d342c6384ea7"]
[debug] &amp#27;[35m[WD Proxy]&amp#27;[39m Matched '/element/4afcbdcf-10ca-4101-8b24-771eb365fd96/attribute/displayed' to command name 'getAttribute'
[debug] &amp#27;[35m[WD Proxy]&amp#27;[39m Proxying [GET /element/4afcbdcf-10ca-4101-8b24-771eb365fd96/attribute/displayed] to [GET http://127.0.0.1:8200/wd/hub/session/91bae3ee-22d3-4f66-983f-d2a440c0f1db/element/4afcbdcf-10ca-4101-8b24-771eb365fd96/attribute/displayed] with no body
[debug] &amp#27;[35m[WD Proxy]&amp#27;[39m Got response with status 200: {"sessionId":"91bae3ee-22d3-4f66-983f-d2a440c0f1db","value":"true"}
[debug] &amp#27;[35m[W3C (17588393)]&amp#27;[39m Responding to client with driver.elementDisplayed() result: true
&amp#27;[35m[HTTP]&amp#27;[39m &amp#27;[37m<-- GET /wd/hub/session/17588393-9eac-4cd9-9399-d342c6384ea7/element/4afcbdcf-10ca-4101-8b24-771eb365fd96/displayed &amp#27;[39m&amp#27;[32m200&amp#27;[39m &amp#27;[90m13 ms - 14&amp#27;[39m
&amp#27;[35m[HTTP]&amp#27;[39m &amp#27;[90m&amp#27;[39m
&amp#27;[35m[HTTP]&amp#27;[39m &amp#27;[37m-->&amp#27;[39m &amp#27;[37mGET&amp#27;[39m &amp#27;[37m/wd/hub/session/17588393-9eac-4cd9-9399-d342c6384ea7/context&amp#27;[39m
&amp#27;[35m[HTTP]&amp#27;[39m &amp#27;[90m{}&amp#27;[39m
[debug] &amp#27;[35m[W3C (17588393)]&amp#27;[39m Calling AppiumDriver.getCurrentContext() with args: ["17588393-9eac-4cd9-9399-d342c6384ea7"]
[debug] &amp#27;[35m[W3C (17588393)]&amp#27;[39m Responding to client with driver.getCurrentContext() result: "NATIVE_APP"
&amp#27;[35m[HTTP]&amp#27;[39m &amp#27;[37m<-- GET /wd/hub/session/17588393-9eac-4cd9-9399-d342c6384ea7/context &amp#27;[39m&amp#27;[32m200&amp#27;[39m &amp#27;[90m1 ms - 22&amp#27;[39m
&amp#27;[35m[HTTP]&amp#27;[39m &amp#27;[90m&amp#27;[39m
&amp#27;[35m[HTTP]&amp#27;[39m &amp#27;[37m-->&amp#27;[39m &amp#27;[37mPOST&amp#27;[39m &amp#27;[37m/wd/hub/session/17588393-9eac-4cd9-9399-d342c6384ea7/element&amp#27;[39m
&amp#27;[35m[HTTP]&amp#27;[39m &amp#27;[90m{"using":"id","value":"com.androidsample.generalstore:id/nameField"}&amp#27;[39m
[debug] &amp#27;[35m[W3C (17588393)]&amp#27;[39m Calling AppiumDriver.findElement() with args: ["id","com.androidsample.generalstore:id/nameField","17588393-9eac-4cd9-9399-d342c6384ea7"]
[debug] &amp#27;[35m[BaseDriver]&amp#27;[39m Valid locator strategies for this request: xpath, id, class name, accessibility id, -android uiautomator
[debug] &amp#27;[35m[BaseDriver]&amp#27;[39m Waiting up to 10000 ms for condition
[debug] &amp#27;[35m[WD Proxy]&amp#27;[39m Matched '/element' to command name 'findElement'
[debug] &amp#27;[35m[WD Proxy]&amp#27;[39m Proxying [POST /element] to [POST http://127.0.0.1:8200/wd/hub/session/91bae3ee-22d3-4f66-983f-d2a440c0f1db/element] with body: {"strategy":"id","selector":"com.androidsample.generalstore:id/nameField","context":"","multiple":false}
[debug] &amp#27;[35m[WD Proxy]&amp#27;[39m Got response with status 200: {"sessionId":"91bae3ee-22d3-4f66-983f-d2a440c0f1db","value":{"ELEMENT":"4e716335-be85-45c7-a6b9-88588a129b46","element-6066-11e4-a52e-4f735466cecf":"4e716335-be85-45c7-a6b9-88588a129b46"}}
[debug] &amp#27;[35m[W3C (17588393)]&amp#27;[39m Responding to client with driver.findElement() result: {"element-6066-11e4-a52e-4f735466cecf":"4e716335-be85-45c7-a6b9-88588a129b46","ELEMENT":"4e716335-be85-45c7-a6b9-88588a129b46"}
&amp#27;[35m[HTTP]&amp#27;[39m &amp#27;[37m<-- POST /wd/hub/session/17588393-9eac-4cd9-9399-d342c6384ea7/element &amp#27;[39m&amp#27;[32m200&amp#27;[39m &amp#27;[90m23 ms - 137&amp#27;[39m
&amp#27;[35m[HTTP]&amp#27;[39m &amp#27;[90m&amp#27;[39m
&amp#27;[35m[HTTP]&amp#27;[39m &amp#27;[37m-->&amp#27;[39m &amp#27;[37mGET&amp#27;[39m &amp#27;[37m/wd/hub/session/17588393-9eac-4cd9-9399-d342c6384ea7/element/4e716335-be85-45c7-a6b9-88588a129b46/text&amp#27;[39m
&amp#27;[35m[HTTP]&amp#27;[39m &amp#27;[90m{}&amp#27;[39m
&amp#27;[35m[W3C (17588393)]&amp#27;[39m Driver proxy active, passing request on via HTTP proxy
[debug] &amp#27;[35m[WD Proxy]&amp#27;[39m Matched '/wd/hub/session/17588393-9eac-4cd9-9399-d342c6384ea7/element/4e716335-be85-45c7-a6b9-88588a129b46/text' to command name 'getText'
[debug] &amp#27;[35m[WD Proxy]&amp#27;[39m Proxying [GET /wd/hub/session/17588393-9eac-4cd9-9399-d342c6384ea7/element/4e716335-be85-45c7-a6b9-88588a129b46/text] to [GET http://127.0.0.1:8200/wd/hub/session/91bae3ee-22d3-4f66-983f-d2a440c0f1db/element/4e716335-be85-45c7-a6b9-88588a129b46/text] with no body
[debug] &amp#27;[35m[WD Proxy]&amp#27;[39m Got response with status 200: {"sessionId":"91bae3ee-22d3-4f66-983f-d2a440c0f1db","value":"Enter name here"}
&amp#27;[35m[WD Proxy]&amp#27;[39m Replacing sessionId 91bae3ee-22d3-4f66-983f-d2a440c0f1db with 17588393-9eac-4cd9-9399-d342c6384ea7
&amp#27;[35m[HTTP]&amp#27;[39m &amp#27;[37m<-- GET /wd/hub/session/17588393-9eac-4cd9-9399-d342c6384ea7/element/4e716335-be85-45c7-a6b9-88588a129b46/text &amp#27;[39m&amp#27;[32m200&amp#27;[39m &amp#27;[90m16 ms - 78&amp#27;[39m
&amp#27;[35m[HTTP]&amp#27;[39m &amp#27;[90m&amp#27;[39m
&amp#27;[35m[HTTP]&amp#27;[39m &amp#27;[37m-->&amp#27;[39m &amp#27;[37mGET&amp#27;[39m &amp#27;[37m/wd/hub/session/17588393-9eac-4cd9-9399-d342c6384ea7/context&amp#27;[39m
&amp#27;[35m[HTTP]&amp#27;[39m &amp#27;[90m{}&amp#27;[39m
[debug] &amp#27;[35m[W3C (17588393)]&amp#27;[39m Calling AppiumDriver.getCurrentContext() with args: ["17588393-9eac-4cd9-9399-d342c6384ea7"]
[debug] &amp#27;[35m[W3C (17588393)]&amp#27;[39m Responding to client with driver.getCurrentContext() result: "NATIVE_APP"
&amp#27;[35m[HTTP]&amp#27;[39m &amp#27;[37m<-- GET /wd/hub/session/17588393-9eac-4cd9-9399-d342c6384ea7/context &amp#27;[39m&amp#27;[32m200&amp#27;[39m &amp#27;[90m2 ms - 22&amp#27;[39m
&amp#27;[35m[HTTP]&amp#27;[39m &amp#27;[90m&amp#27;[39m
&amp#27;[35m[HTTP]&amp#27;[39m &amp#27;[37m-->&amp#27;[39m &amp#27;[37mPOST&amp#27;[39m &amp#27;[37m/wd/hub/session/17588393-9eac-4cd9-9399-d342c6384ea7/element&amp#27;[39m
&amp#27;[35m[HTTP]&amp#27;[39m &amp#27;[90m{"using":"id","value":"com.androidsample.generalstore:id/nameField"}&amp#27;[39m
[debug] &amp#27;[35m[W3C (17588393)]&amp#27;[39m Calling AppiumDriver.findElement() with args: ["id","com.androidsample.generalstore:id/nameField","17588393-9eac-4cd9-9399-d342c6384ea7"]
[debug] &amp#27;[35m[BaseDriver]&amp#27;[39m Valid locator strategies for this request: xpath, id, class name, accessibility id, -android uiautomator
[debug] &amp#27;[35m[BaseDriver]&amp#27;[39m Waiting up to 10000 ms for condition
[debug] &amp#27;[35m[WD Proxy]&amp#27;[39m Matched '/element' to command name 'findElement'
[debug] &amp#27;[35m[WD Proxy]&amp#27;[39m Proxying [POST /element] to [POST http://127.0.0.1:8200/wd/hub/session/91bae3ee-22d3-4f66-983f-d2a440c0f1db/element] with body: {"strategy":"id","selector":"com.androidsample.generalstore:id/nameField","context":"","multiple":false}
[debug] &amp#27;[35m[WD Proxy]&amp#27;[39m Got response with status 200: {"sessionId":"91bae3ee-22d3-4f66-983f-d2a440c0f1db","value":{"ELEMENT":"8c0803fd-2589-4d52-af27-361adde00e28","element-6066-11e4-a52e-4f735466cecf":"8c0803fd-2589-4d52-af27-361adde00e28"}}
[debug] &amp#27;[35m[W3C (17588393)]&amp#27;[39m Responding to client with driver.findElement() result: {"element-6066-11e4-a52e-4f735466cecf":"8c0803fd-2589-4d52-af27-361adde00e28","ELEMENT":"8c0803fd-2589-4d52-af27-361adde00e28"}
&amp#27;[35m[HTTP]&amp#27;[39m &amp#27;[37m<-- POST /wd/hub/session/17588393-9eac-4cd9-9399-d342c6384ea7/element &amp#27;[39m&amp#27;[32m200&amp#27;[39m &amp#27;[90m22 ms - 137&amp#27;[39m
&amp#27;[35m[HTTP]&amp#27;[39m &amp#27;[90m&amp#27;[39m
&amp#27;[35m[HTTP]&amp#27;[39m &amp#27;[37m-->&amp#27;[39m &amp#27;[37mPOST&amp#27;[39m &amp#27;[37m/wd/hub/session/17588393-9eac-4cd9-9399-d342c6384ea7/element/8c0803fd-2589-4d52-af27-361adde00e28/value&amp#27;[39m
&amp#27;[35m[HTTP]&amp#27;[39m &amp#27;[90m{"id":"8c0803fd-2589-4d52-af27-361adde00e28","text":"Joe","value":["J","o","e"]}&amp#27;[39m
[debug] &amp#27;[35m[W3C (17588393)]&amp#27;[39m Calling AppiumDriver.setValue() with args: [["J","o","e"],"8c0803fd-2589-4d52-af27-361adde00e28","17588393-9eac-4cd9-9399-d342c6384ea7"]
[debug] &amp#27;[35m[WD Proxy]&amp#27;[39m Matched '/element/8c0803fd-2589-4d52-af27-361adde00e28/value' to command name 'setValue'
[debug] &amp#27;[35m[Protocol Converter]&amp#27;[39m Added 'value' property ["J","o","e"] to 'setValue' request body
[debug] &amp#27;[35m[WD Proxy]&amp#27;[39m Proxying [POST /element/8c0803fd-2589-4d52-af27-361adde00e28/value] to [POST http://127.0.0.1:8200/wd/hub/session/91bae3ee-22d3-4f66-983f-d2a440c0f1db/element/8c0803fd-2589-4d52-af27-361adde00e28/value] with body: {"elementId":"8c0803fd-2589-4d52-af27-361adde00e28","text":"Joe","replace":false,"value":["J","o","e"]}
[debug] &amp#27;[35m[WD Proxy]&amp#27;[39m Got response with status 200: {"sessionId":"91bae3ee-22d3-4f66-983f-d2a440c0f1db","value":null}
[debug] &amp#27;[35m[W3C (17588393)]&amp#27;[39m Responding to client with driver.setValue() result: null
&amp#27;[35m[HTTP]&amp#27;[39m &amp#27;[37m<-- POST /wd/hub/session/17588393-9eac-4cd9-9399-d342c6384ea7/element/8c0803fd-2589-4d52-af27-361adde00e28/value &amp#27;[39m&amp#27;[32m200&amp#27;[39m &amp#27;[90m537 ms - 14&amp#27;[39m
&amp#27;[35m[HTTP]&amp#27;[39m &amp#27;[90m&amp#27;[39m
&amp#27;[35m[HTTP]&amp#27;[39m &amp#27;[37m-->&amp#27;[39m &amp#27;[37mGET&amp#27;[39m &amp#27;[37m/wd/hub/session/17588393-9eac-4cd9-9399-d342c6384ea7/context&amp#27;[39m
&amp#27;[35m[HTTP]&amp#27;[39m &amp#27;[90m{}&amp#27;[39m
[debug] &amp#27;[35m[W3C (17588393)]&amp#27;[39m Calling AppiumDriver.getCurrentContext() with args: ["17588393-9eac-4cd9-9399-d342c6384ea7"]
[debug] &amp#27;[35m[W3C (17588393)]&amp#27;[39m Responding to client with driver.getCurrentContext() result: "NATIVE_APP"
&amp#27;[35m[HTTP]&amp#27;[39m &amp#27;[37m<-- GET /wd/hub/session/17588393-9eac-4cd9-9399-d342c6384ea7/context &amp#27;[39m&amp#27;[32m200&amp#27;[39m &amp#27;[90m1 ms - 22&amp#27;[39m
&amp#27;[35m[HTTP]&amp#27;[39m &amp#27;[90m&amp#27;[39m
&amp#27;[35m[HTTP]&amp#27;[39m &amp#27;[37m-->&amp#27;[39m &amp#27;[37mPOST&amp#27;[39m &amp#27;[37m/wd/hub/session/17588393-9eac-4cd9-9399-d342c6384ea7/element&amp#27;[39m
&amp#27;[35m[HTTP]&amp#27;[39m &amp#27;[90m{"using":"id","value":"com.androidsample.generalstore:id/nameField"}&amp#27;[39m
[debug] &amp#27;[35m[W3C (17588393)]&amp#27;[39m Calling AppiumDriver.findElement() with args: ["id","com.androidsample.generalstore:id/nameField","17588393-9eac-4cd9-9399-d342c6384ea7"]
[debug] &amp#27;[35m[BaseDriver]&amp#27;[39m Valid locator strategies for this request: xpath, id, class name, accessibility id, -android uiautomator
[debug] &amp#27;[35m[BaseDriver]&amp#27;[39m Waiting up to 10000 ms for condition
[debug] &amp#27;[35m[WD Proxy]&amp#27;[39m Matched '/element' to command name 'findElement'
[debug] &amp#27;[35m[WD Proxy]&amp#27;[39m Proxying [POST /element] to [POST http://127.0.0.1:8200/wd/hub/session/91bae3ee-22d3-4f66-983f-d2a440c0f1db/element] with body: {"strategy":"id","selector":"com.androidsample.generalstore:id/nameField","context":"","multiple":false}
[debug] &amp#27;[35m[WD Proxy]&amp#27;[39m Got response with status 200: {"sessionId":"91bae3ee-22d3-4f66-983f-d2a440c0f1db","value":{"ELEMENT":"61314181-acf6-40f8-865d-b52cdb7019a7","element-6066-11e4-a52e-4f735466cecf":"61314181-acf6-40f8-865d-b52cdb7019a7"}}
[debug] &amp#27;[35m[W3C (17588393)]&amp#27;[39m Responding to client with driver.findElement() result: {"element-6066-11e4-a52e-4f735466cecf":"61314181-acf6-40f8-865d-b52cdb7019a7","ELEMENT":"61314181-acf6-40f8-865d-b52cdb7019a7"}
&amp#27;[35m[HTTP]&amp#27;[39m &amp#27;[37m<-- POST /wd/hub/session/17588393-9eac-4cd9-9399-d342c6384ea7/element &amp#27;[39m&amp#27;[32m200&amp#27;[39m &amp#27;[90m497 ms - 137&amp#27;[39m
&amp#27;[35m[HTTP]&amp#27;[39m &amp#27;[90m&amp#27;[39m
&amp#27;[35m[HTTP]&amp#27;[39m &amp#27;[37m-->&amp#27;[39m &amp#27;[37mGET&amp#27;[39m &amp#27;[37m/wd/hub/session/17588393-9eac-4cd9-9399-d342c6384ea7/element/61314181-acf6-40f8-865d-b52cdb7019a7/text&amp#27;[39m
&amp#27;[35m[HTTP]&amp#27;[39m &amp#27;[90m{}&amp#27;[39m
&amp#27;[35m[W3C (17588393)]&amp#27;[39m Driver proxy active, passing request on via HTTP proxy
[debug] &amp#27;[35m[WD Proxy]&amp#27;[39m Matched '/wd/hub/session/17588393-9eac-4cd9-9399-d342c6384ea7/element/61314181-acf6-40f8-865d-b52cdb7019a7/text' to command name 'getText'
[debug] &amp#27;[35m[WD Proxy]&amp#27;[39m Proxying [GET /wd/hub/session/17588393-9eac-4cd9-9399-d342c6384ea7/element/61314181-acf6-40f8-865d-b52cdb7019a7/text] to [GET http://127.0.0.1:8200/wd/hub/session/91bae3ee-22d3-4f66-983f-d2a440c0f1db/element/61314181-acf6-40f8-865d-b52cdb7019a7/text] with no body
[debug] &amp#27;[35m[WD Proxy]&amp#27;[39m Got response with status 200: {"sessionId":"91bae3ee-22d3-4f66-983f-d2a440c0f1db","value":"Joe"}
&amp#27;[35m[WD Proxy]&amp#27;[39m Replacing sessionId 91bae3ee-22d3-4f66-983f-d2a440c0f1db with 17588393-9eac-4cd9-9399-d342c6384ea7
&amp#27;[35m[HTTP]&amp#27;[39m &amp#27;[37m<-- GET /wd/hub/session/17588393-9eac-4cd9-9399-d342c6384ea7/element/61314181-acf6-40f8-865d-b52cdb7019a7/text &amp#27;[39m&amp#27;[32m200&amp#27;[39m &amp#27;[90m11 ms - 66&amp#27;[39m
&amp#27;[35m[HTTP]&amp#27;[39m &amp#27;[90m&amp#27;[39m
]]></system-out>
  </testcase>
  <testcase name="genderSelect" classname="test.AppiumFramework.HomeTest" time="0.257">
    <system-out><![CDATA[&amp#27;[35m[HTTP]&amp#27;[39m &amp#27;[37m-->&amp#27;[39m &amp#27;[37mGET&amp#27;[39m &amp#27;[37m/wd/hub/session/17588393-9eac-4cd9-9399-d342c6384ea7/context&amp#27;[39m
&amp#27;[35m[HTTP]&amp#27;[39m &amp#27;[90m{}&amp#27;[39m
[debug] &amp#27;[35m[W3C (17588393)]&amp#27;[39m Calling AppiumDriver.getCurrentContext() with args: ["17588393-9eac-4cd9-9399-d342c6384ea7"]
[debug] &amp#27;[35m[W3C (17588393)]&amp#27;[39m Responding to client with driver.getCurrentContext() result: "NATIVE_APP"
&amp#27;[35m[HTTP]&amp#27;[39m &amp#27;[37m<-- GET /wd/hub/session/17588393-9eac-4cd9-9399-d342c6384ea7/context &amp#27;[39m&amp#27;[32m200&amp#27;[39m &amp#27;[90m1 ms - 22&amp#27;[39m
&amp#27;[35m[HTTP]&amp#27;[39m &amp#27;[90m&amp#27;[39m
&amp#27;[35m[HTTP]&amp#27;[39m &amp#27;[37m-->&amp#27;[39m &amp#27;[37mPOST&amp#27;[39m &amp#27;[37m/wd/hub/session/17588393-9eac-4cd9-9399-d342c6384ea7/element&amp#27;[39m
&amp#27;[35m[HTTP]&amp#27;[39m &amp#27;[90m{"using":"xpath","value":"//android.widget.TextView[@text=\"Gender\"]"}&amp#27;[39m
[debug] &amp#27;[35m[W3C (17588393)]&amp#27;[39m Calling AppiumDriver.findElement() with args: ["xpath","//android.widget.TextView[@text=\"Gender\"]","17588393-9eac-4cd9-9399-d342c6384ea7"]
[debug] &amp#27;[35m[BaseDriver]&amp#27;[39m Valid locator strategies for this request: xpath, id, class name, accessibility id, -android uiautomator
[debug] &amp#27;[35m[BaseDriver]&amp#27;[39m Waiting up to 10000 ms for condition
[debug] &amp#27;[35m[WD Proxy]&amp#27;[39m Matched '/element' to command name 'findElement'
[debug] &amp#27;[35m[WD Proxy]&amp#27;[39m Proxying [POST /element] to [POST http://127.0.0.1:8200/wd/hub/session/91bae3ee-22d3-4f66-983f-d2a440c0f1db/element] with body: {"strategy":"xpath","selector":"//android.widget.TextView[@text=\"Gender\"]","context":"","multiple":false}
[debug] &amp#27;[35m[WD Proxy]&amp#27;[39m Got response with status 200: {"sessionId":"91bae3ee-22d3-4f66-983f-d2a440c0f1db","value":{"ELEMENT":"ec371361-deaf-4d89-ad52-d823185cc045","element-6066-11e4-a52e-4f735466cecf":"ec371361-deaf-4d89-ad52-d823185cc045"}}
[debug] &amp#27;[35m[W3C (17588393)]&amp#27;[39m Responding to client with driver.findElement() result: {"element-6066-11e4-a52e-4f735466cecf":"ec371361-deaf-4d89-ad52-d823185cc045","ELEMENT":"ec371361-deaf-4d89-ad52-d823185cc045"}
&amp#27;[35m[HTTP]&amp#27;[39m &amp#27;[37m<-- POST /wd/hub/session/17588393-9eac-4cd9-9399-d342c6384ea7/element &amp#27;[39m&amp#27;[32m200&amp#27;[39m &amp#27;[90m95 ms - 137&amp#27;[39m
&amp#27;[35m[HTTP]&amp#27;[39m &amp#27;[90m&amp#27;[39m
&amp#27;[35m[HTTP]&amp#27;[39m &amp#27;[37m-->&amp#27;[39m &amp#27;[37mGET&amp#27;[39m &amp#27;[37m/wd/hub/session/17588393-9eac-4cd9-9399-d342c6384ea7/element/ec371361-deaf-4d89-ad52-d823185cc045/displayed&amp#27;[39m
&amp#27;[35m[HTTP]&amp#27;[39m &amp#27;[90m{}&amp#27;[39m
[debug] &amp#27;[35m[W3C (17588393)]&amp#27;[39m Calling AppiumDriver.elementDisplayed() with args: ["ec371361-deaf-4d89-ad52-d823185cc045","17588393-9eac-4cd9-9399-d342c6384ea7"]
[debug] &amp#27;[35m[WD Proxy]&amp#27;[39m Matched '/element/ec371361-deaf-4d89-ad52-d823185cc045/attribute/displayed' to command name 'getAttribute'
[debug] &amp#27;[35m[WD Proxy]&amp#27;[39m Proxying [GET /element/ec371361-deaf-4d89-ad52-d823185cc045/attribute/displayed] to [GET http://127.0.0.1:8200/wd/hub/session/91bae3ee-22d3-4f66-983f-d2a440c0f1db/element/ec371361-deaf-4d89-ad52-d823185cc045/attribute/displayed] with no body
[debug] &amp#27;[35m[WD Proxy]&amp#27;[39m Got response with status 200: {"sessionId":"91bae3ee-22d3-4f66-983f-d2a440c0f1db","value":"true"}
[debug] &amp#27;[35m[W3C (17588393)]&amp#27;[39m Responding to client with driver.elementDisplayed() result: true
&amp#27;[35m[HTTP]&amp#27;[39m &amp#27;[37m<-- GET /wd/hub/session/17588393-9eac-4cd9-9399-d342c6384ea7/element/ec371361-deaf-4d89-ad52-d823185cc045/displayed &amp#27;[39m&amp#27;[32m200&amp#27;[39m &amp#27;[90m12 ms - 14&amp#27;[39m
&amp#27;[35m[HTTP]&amp#27;[39m &amp#27;[90m&amp#27;[39m
&amp#27;[35m[HTTP]&amp#27;[39m &amp#27;[37m-->&amp#27;[39m &amp#27;[37mGET&amp#27;[39m &amp#27;[37m/wd/hub/session/17588393-9eac-4cd9-9399-d342c6384ea7/context&amp#27;[39m
&amp#27;[35m[HTTP]&amp#27;[39m &amp#27;[90m{}&amp#27;[39m
[debug] &amp#27;[35m[W3C (17588393)]&amp#27;[39m Calling AppiumDriver.getCurrentContext() with args: ["17588393-9eac-4cd9-9399-d342c6384ea7"]
[debug] &amp#27;[35m[W3C (17588393)]&amp#27;[39m Responding to client with driver.getCurrentContext() result: "NATIVE_APP"
&amp#27;[35m[HTTP]&amp#27;[39m &amp#27;[37m<-- GET /wd/hub/session/17588393-9eac-4cd9-9399-d342c6384ea7/context &amp#27;[39m&amp#27;[32m200&amp#27;[39m &amp#27;[90m1 ms - 22&amp#27;[39m
&amp#27;[35m[HTTP]&amp#27;[39m &amp#27;[90m&amp#27;[39m
&amp#27;[35m[HTTP]&amp#27;[39m &amp#27;[37m-->&amp#27;[39m &amp#27;[37mPOST&amp#27;[39m &amp#27;[37m/wd/hub/session/17588393-9eac-4cd9-9399-d342c6384ea7/element&amp#27;[39m
&amp#27;[35m[HTTP]&amp#27;[39m &amp#27;[90m{"using":"id","value":"com.androidsample.generalstore:id/radioMale"}&amp#27;[39m
[debug] &amp#27;[35m[W3C (17588393)]&amp#27;[39m Calling AppiumDriver.findElement() with args: ["id","com.androidsample.generalstore:id/radioMale","17588393-9eac-4cd9-9399-d342c6384ea7"]
[debug] &amp#27;[35m[BaseDriver]&amp#27;[39m Valid locator strategies for this request: xpath, id, class name, accessibility id, -android uiautomator
[debug] &amp#27;[35m[BaseDriver]&amp#27;[39m Waiting up to 10000 ms for condition
[debug] &amp#27;[35m[WD Proxy]&amp#27;[39m Matched '/element' to command name 'findElement'
[debug] &amp#27;[35m[WD Proxy]&amp#27;[39m Proxying [POST /element] to [POST http://127.0.0.1:8200/wd/hub/session/91bae3ee-22d3-4f66-983f-d2a440c0f1db/element] with body: {"strategy":"id","selector":"com.androidsample.generalstore:id/radioMale","context":"","multiple":false}
[debug] &amp#27;[35m[WD Proxy]&amp#27;[39m Got response with status 200: {"sessionId":"91bae3ee-22d3-4f66-983f-d2a440c0f1db","value":{"ELEMENT":"8809f44b-0f79-4bcb-b5b5-0b8817dd4246","element-6066-11e4-a52e-4f735466cecf":"8809f44b-0f79-4bcb-b5b5-0b8817dd4246"}}
[debug] &amp#27;[35m[W3C (17588393)]&amp#27;[39m Responding to client with driver.findElement() result: {"element-6066-11e4-a52e-4f735466cecf":"8809f44b-0f79-4bcb-b5b5-0b8817dd4246","ELEMENT":"8809f44b-0f79-4bcb-b5b5-0b8817dd4246"}
&amp#27;[35m[HTTP]&amp#27;[39m &amp#27;[37m<-- POST /wd/hub/session/17588393-9eac-4cd9-9399-d342c6384ea7/element &amp#27;[39m&amp#27;[32m200&amp#27;[39m &amp#27;[90m18 ms - 137&amp#27;[39m
&amp#27;[35m[HTTP]&amp#27;[39m &amp#27;[90m&amp#27;[39m
&amp#27;[35m[HTTP]&amp#27;[39m &amp#27;[37m-->&amp#27;[39m &amp#27;[37mGET&amp#27;[39m &amp#27;[37m/wd/hub/session/17588393-9eac-4cd9-9399-d342c6384ea7/element/8809f44b-0f79-4bcb-b5b5-0b8817dd4246/text&amp#27;[39m
&amp#27;[35m[HTTP]&amp#27;[39m &amp#27;[90m{}&amp#27;[39m
&amp#27;[35m[W3C (17588393)]&amp#27;[39m Driver proxy active, passing request on via HTTP proxy
[debug] &amp#27;[35m[WD Proxy]&amp#27;[39m Matched '/wd/hub/session/17588393-9eac-4cd9-9399-d342c6384ea7/element/8809f44b-0f79-4bcb-b5b5-0b8817dd4246/text' to command name 'getText'
[debug] &amp#27;[35m[WD Proxy]&amp#27;[39m Proxying [GET /wd/hub/session/17588393-9eac-4cd9-9399-d342c6384ea7/element/8809f44b-0f79-4bcb-b5b5-0b8817dd4246/text] to [GET http://127.0.0.1:8200/wd/hub/session/91bae3ee-22d3-4f66-983f-d2a440c0f1db/element/8809f44b-0f79-4bcb-b5b5-0b8817dd4246/text] with no body
[debug] &amp#27;[35m[WD Proxy]&amp#27;[39m Got response with status 200: {"sessionId":"91bae3ee-22d3-4f66-983f-d2a440c0f1db","value":"Male"}
&amp#27;[35m[WD Proxy]&amp#27;[39m Replacing sessionId 91bae3ee-22d3-4f66-983f-d2a440c0f1db with 17588393-9eac-4cd9-9399-d342c6384ea7
&amp#27;[35m[HTTP]&amp#27;[39m &amp#27;[37m<-- GET /wd/hub/session/17588393-9eac-4cd9-9399-d342c6384ea7/element/8809f44b-0f79-4bcb-b5b5-0b8817dd4246/text &amp#27;[39m&amp#27;[32m200&amp#27;[39m &amp#27;[90m12 ms - 67&amp#27;[39m
&amp#27;[35m[HTTP]&amp#27;[39m &amp#27;[90m&amp#27;[39m
&amp#27;[35m[HTTP]&amp#27;[39m &amp#27;[37m-->&amp#27;[39m &amp#27;[37mGET&amp#27;[39m &amp#27;[37m/wd/hub/session/17588393-9eac-4cd9-9399-d342c6384ea7/context&amp#27;[39m
&amp#27;[35m[HTTP]&amp#27;[39m &amp#27;[90m{}&amp#27;[39m
[debug] &amp#27;[35m[W3C (17588393)]&amp#27;[39m Calling AppiumDriver.getCurrentContext() with args: ["17588393-9eac-4cd9-9399-d342c6384ea7"]
[debug] &amp#27;[35m[W3C (17588393)]&amp#27;[39m Responding to client with driver.getCurrentContext() result: "NATIVE_APP"
&amp#27;[35m[HTTP]&amp#27;[39m &amp#27;[37m<-- GET /wd/hub/session/17588393-9eac-4cd9-9399-d342c6384ea7/context &amp#27;[39m&amp#27;[32m200&amp#27;[39m &amp#27;[90m1 ms - 22&amp#27;[39m
&amp#27;[35m[HTTP]&amp#27;[39m &amp#27;[90m&amp#27;[39m
&amp#27;[35m[HTTP]&amp#27;[39m &amp#27;[37m-->&amp#27;[39m &amp#27;[37mPOST&amp#27;[39m &amp#27;[37m/wd/hub/session/17588393-9eac-4cd9-9399-d342c6384ea7/element&amp#27;[39m
&amp#27;[35m[HTTP]&amp#27;[39m &amp#27;[90m{"using":"id","value":"com.androidsample.generalstore:id/radioFemale"}&amp#27;[39m
[debug] &amp#27;[35m[W3C (17588393)]&amp#27;[39m Calling AppiumDriver.findElement() with args: ["id","com.androidsample.generalstore:id/radioFemale","17588393-9eac-4cd9-9399-d342c6384ea7"]
[debug] &amp#27;[35m[BaseDriver]&amp#27;[39m Valid locator strategies for this request: xpath, id, class name, accessibility id, -android uiautomator
[debug] &amp#27;[35m[BaseDriver]&amp#27;[39m Waiting up to 10000 ms for condition
[debug] &amp#27;[35m[WD Proxy]&amp#27;[39m Matched '/element' to command name 'findElement'
[debug] &amp#27;[35m[WD Proxy]&amp#27;[39m Proxying [POST /element] to [POST http://127.0.0.1:8200/wd/hub/session/91bae3ee-22d3-4f66-983f-d2a440c0f1db/element] with body: {"strategy":"id","selector":"com.androidsample.generalstore:id/radioFemale","context":"","multiple":false}
[debug] &amp#27;[35m[WD Proxy]&amp#27;[39m Got response with status 200: {"sessionId":"91bae3ee-22d3-4f66-983f-d2a440c0f1db","value":{"ELEMENT":"ed677643-8eb2-483a-8eff-0e72e764d53c","element-6066-11e4-a52e-4f735466cecf":"ed677643-8eb2-483a-8eff-0e72e764d53c"}}
[debug] &amp#27;[35m[W3C (17588393)]&amp#27;[39m Responding to client with driver.findElement() result: {"element-6066-11e4-a52e-4f735466cecf":"ed677643-8eb2-483a-8eff-0e72e764d53c","ELEMENT":"ed677643-8eb2-483a-8eff-0e72e764d53c"}
&amp#27;[35m[HTTP]&amp#27;[39m &amp#27;[37m<-- POST /wd/hub/session/17588393-9eac-4cd9-9399-d342c6384ea7/element &amp#27;[39m&amp#27;[32m200&amp#27;[39m &amp#27;[90m19 ms - 137&amp#27;[39m
&amp#27;[35m[HTTP]&amp#27;[39m &amp#27;[90m&amp#27;[39m
&amp#27;[35m[HTTP]&amp#27;[39m &amp#27;[37m-->&amp#27;[39m &amp#27;[37mGET&amp#27;[39m &amp#27;[37m/wd/hub/session/17588393-9eac-4cd9-9399-d342c6384ea7/element/ed677643-8eb2-483a-8eff-0e72e764d53c/text&amp#27;[39m
&amp#27;[35m[HTTP]&amp#27;[39m &amp#27;[90m{}&amp#27;[39m
&amp#27;[35m[W3C (17588393)]&amp#27;[39m Driver proxy active, passing request on via HTTP proxy
[debug] &amp#27;[35m[WD Proxy]&amp#27;[39m Matched '/wd/hub/session/17588393-9eac-4cd9-9399-d342c6384ea7/element/ed677643-8eb2-483a-8eff-0e72e764d53c/text' to command name 'getText'
[debug] &amp#27;[35m[WD Proxy]&amp#27;[39m Proxying [GET /wd/hub/session/17588393-9eac-4cd9-9399-d342c6384ea7/element/ed677643-8eb2-483a-8eff-0e72e764d53c/text] to [GET http://127.0.0.1:8200/wd/hub/session/91bae3ee-22d3-4f66-983f-d2a440c0f1db/element/ed677643-8eb2-483a-8eff-0e72e764d53c/text] with no body
[debug] &amp#27;[35m[WD Proxy]&amp#27;[39m Got response with status 200: {"sessionId":"91bae3ee-22d3-4f66-983f-d2a440c0f1db","value":"Female"}
&amp#27;[35m[WD Proxy]&amp#27;[39m Replacing sessionId 91bae3ee-22d3-4f66-983f-d2a440c0f1db with 17588393-9eac-4cd9-9399-d342c6384ea7
&amp#27;[35m[HTTP]&amp#27;[39m &amp#27;[37m<-- GET /wd/hub/session/17588393-9eac-4cd9-9399-d342c6384ea7/element/ed677643-8eb2-483a-8eff-0e72e764d53c/text &amp#27;[39m&amp#27;[32m200&amp#27;[39m &amp#27;[90m12 ms - 69&amp#27;[39m
&amp#27;[35m[HTTP]&amp#27;[39m &amp#27;[90m&amp#27;[39m
&amp#27;[35m[HTTP]&amp#27;[39m &amp#27;[37m-->&amp#27;[39m &amp#27;[37mGET&amp#27;[39m &amp#27;[37m/wd/hub/session/17588393-9eac-4cd9-9399-d342c6384ea7/context&amp#27;[39m
&amp#27;[35m[HTTP]&amp#27;[39m &amp#27;[90m{}&amp#27;[39m
[debug] &amp#27;[35m[W3C (17588393)]&amp#27;[39m Calling AppiumDriver.getCurrentContext() with args: ["17588393-9eac-4cd9-9399-d342c6384ea7"]
[debug] &amp#27;[35m[W3C (17588393)]&amp#27;[39m Responding to client with driver.getCurrentContext() result: "NATIVE_APP"
&amp#27;[35m[HTTP]&amp#27;[39m &amp#27;[37m<-- GET /wd/hub/session/17588393-9eac-4cd9-9399-d342c6384ea7/context &amp#27;[39m&amp#27;[32m200&amp#27;[39m &amp#27;[90m1 ms - 22&amp#27;[39m
&amp#27;[35m[HTTP]&amp#27;[39m &amp#27;[90m&amp#27;[39m
&amp#27;[35m[HTTP]&amp#27;[39m &amp#27;[37m-->&amp#27;[39m &amp#27;[37mPOST&amp#27;[39m &amp#27;[37m/wd/hub/session/17588393-9eac-4cd9-9399-d342c6384ea7/element&amp#27;[39m
&amp#27;[35m[HTTP]&amp#27;[39m &amp#27;[90m{"using":"id","value":"com.androidsample.generalstore:id/radioMale"}&amp#27;[39m
[debug] &amp#27;[35m[W3C (17588393)]&amp#27;[39m Calling AppiumDriver.findElement() with args: ["id","com.androidsample.generalstore:id/radioMale","17588393-9eac-4cd9-9399-d342c6384ea7"]
[debug] &amp#27;[35m[BaseDriver]&amp#27;[39m Valid locator strategies for this request: xpath, id, class name, accessibility id, -android uiautomator
[debug] &amp#27;[35m[BaseDriver]&amp#27;[39m Waiting up to 10000 ms for condition
[debug] &amp#27;[35m[WD Proxy]&amp#27;[39m Matched '/element' to command name 'findElement'
[debug] &amp#27;[35m[WD Proxy]&amp#27;[39m Proxying [POST /element] to [POST http://127.0.0.1:8200/wd/hub/session/91bae3ee-22d3-4f66-983f-d2a440c0f1db/element] with body: {"strategy":"id","selector":"com.androidsample.generalstore:id/radioMale","context":"","multiple":false}
[debug] &amp#27;[35m[WD Proxy]&amp#27;[39m Got response with status 200: {"sessionId":"91bae3ee-22d3-4f66-983f-d2a440c0f1db","value":{"ELEMENT":"fd9d260f-4bef-482c-8cb1-be1d8dde4c82","element-6066-11e4-a52e-4f735466cecf":"fd9d260f-4bef-482c-8cb1-be1d8dde4c82"}}
[debug] &amp#27;[35m[W3C (17588393)]&amp#27;[39m Responding to client with driver.findElement() result: {"element-6066-11e4-a52e-4f735466cecf":"fd9d260f-4bef-482c-8cb1-be1d8dde4c82","ELEMENT":"fd9d260f-4bef-482c-8cb1-be1d8dde4c82"}
&amp#27;[35m[HTTP]&amp#27;[39m &amp#27;[37m<-- POST /wd/hub/session/17588393-9eac-4cd9-9399-d342c6384ea7/element &amp#27;[39m&amp#27;[32m200&amp#27;[39m &amp#27;[90m23 ms - 137&amp#27;[39m
&amp#27;[35m[HTTP]&amp#27;[39m &amp#27;[90m&amp#27;[39m
&amp#27;[35m[HTTP]&amp#27;[39m &amp#27;[37m-->&amp#27;[39m &amp#27;[37mGET&amp#27;[39m &amp#27;[37m/wd/hub/session/17588393-9eac-4cd9-9399-d342c6384ea7/element/fd9d260f-4bef-482c-8cb1-be1d8dde4c82/attribute/checked&amp#27;[39m
&amp#27;[35m[HTTP]&amp#27;[39m &amp#27;[90m{}&amp#27;[39m
[debug] &amp#27;[35m[W3C (17588393)]&amp#27;[39m Calling AppiumDriver.getAttribute() with args: ["checked","fd9d260f-4bef-482c-8cb1-be1d8dde4c82","17588393-9eac-4cd9-9399-d342c6384ea7"]
[debug] &amp#27;[35m[WD Proxy]&amp#27;[39m Matched '/element/fd9d260f-4bef-482c-8cb1-be1d8dde4c82/attribute/checked' to command name 'getAttribute'
[debug] &amp#27;[35m[WD Proxy]&amp#27;[39m Proxying [GET /element/fd9d260f-4bef-482c-8cb1-be1d8dde4c82/attribute/checked] to [GET http://127.0.0.1:8200/wd/hub/session/91bae3ee-22d3-4f66-983f-d2a440c0f1db/element/fd9d260f-4bef-482c-8cb1-be1d8dde4c82/attribute/checked] with no body
[debug] &amp#27;[35m[WD Proxy]&amp#27;[39m Got response with status 200: {"sessionId":"91bae3ee-22d3-4f66-983f-d2a440c0f1db","value":"true"}
[debug] &amp#27;[35m[W3C (17588393)]&amp#27;[39m Responding to client with driver.getAttribute() result: "true"
&amp#27;[35m[HTTP]&amp#27;[39m &amp#27;[37m<-- GET /wd/hub/session/17588393-9eac-4cd9-9399-d342c6384ea7/element/fd9d260f-4bef-482c-8cb1-be1d8dde4c82/attribute/checked &amp#27;[39m&amp#27;[32m200&amp#27;[39m &amp#27;[90m14 ms - 16&amp#27;[39m
&amp#27;[35m[HTTP]&amp#27;[39m &amp#27;[90m&amp#27;[39m
]]></system-out>
  </testcase>
  <testcase name="toastMsg[Please enter your name](1)" classname="test.AppiumFramework.HomeTest" time="2.481">
    <system-out><![CDATA[&amp#27;[35m[HTTP]&amp#27;[39m &amp#27;[37m-->&amp#27;[39m &amp#27;[37mGET&amp#27;[39m &amp#27;[37m/wd/hub/session/17588393-9eac-4cd9-9399-d342c6384ea7/context&amp#27;[39m
&amp#27;[35m[HTTP]&amp#27;[39m &amp#27;[90m{}&amp#27;[39m
[debug] &amp#27;[35m[W3C (17588393)]&amp#27;[39m Calling AppiumDriver.getCurrentContext() with args: ["17588393-9eac-4cd9-9399-d342c6384ea7"]
[debug] &amp#27;[35m[W3C (17588393)]&amp#27;[39m Responding to client with driver.getCurrentContext() result: "NATIVE_APP"
&amp#27;[35m[HTTP]&amp#27;[39m &amp#27;[37m<-- GET /wd/hub/session/17588393-9eac-4cd9-9399-d342c6384ea7/context &amp#27;[39m&amp#27;[32m200&amp#27;[39m &amp#27;[90m1 ms - 22&amp#27;[39m
&amp#27;[35m[HTTP]&amp#27;[39m &amp#27;[90m&amp#27;[39m
&amp#27;[35m[HTTP]&amp#27;[39m &amp#27;[37m-->&amp#27;[39m &amp#27;[37mPOST&amp#27;[39m &amp#27;[37m/wd/hub/session/17588393-9eac-4cd9-9399-d342c6384ea7/element&amp#27;[39m
&amp#27;[35m[HTTP]&amp#27;[39m &amp#27;[90m{"using":"id","value":"com.androidsample.generalstore:id/nameField"}&amp#27;[39m
[debug] &amp#27;[35m[W3C (17588393)]&amp#27;[39m Calling AppiumDriver.findElement() with args: ["id","com.androidsample.generalstore:id/nameField","17588393-9eac-4cd9-9399-d342c6384ea7"]
[debug] &amp#27;[35m[BaseDriver]&amp#27;[39m Valid locator strategies for this request: xpath, id, class name, accessibility id, -android uiautomator
[debug] &amp#27;[35m[BaseDriver]&amp#27;[39m Waiting up to 10000 ms for condition
[debug] &amp#27;[35m[WD Proxy]&amp#27;[39m Matched '/element' to command name 'findElement'
[debug] &amp#27;[35m[WD Proxy]&amp#27;[39m Proxying [POST /element] to [POST http://127.0.0.1:8200/wd/hub/session/91bae3ee-22d3-4f66-983f-d2a440c0f1db/element] with body: {"strategy":"id","selector":"com.androidsample.generalstore:id/nameField","context":"","multiple":false}
[debug] &amp#27;[35m[WD Proxy]&amp#27;[39m Got response with status 200: {"sessionId":"91bae3ee-22d3-4f66-983f-d2a440c0f1db","value":{"ELEMENT":"0be4f137-71ca-4853-9d7e-c4bb0f01723f","element-6066-11e4-a52e-4f735466cecf":"0be4f137-71ca-4853-9d7e-c4bb0f01723f"}}
[debug] &amp#27;[35m[W3C (17588393)]&amp#27;[39m Responding to client with driver.findElement() result: {"element-6066-11e4-a52e-4f735466cecf":"0be4f137-71ca-4853-9d7e-c4bb0f01723f","ELEMENT":"0be4f137-71ca-4853-9d7e-c4bb0f01723f"}
&amp#27;[35m[HTTP]&amp#27;[39m &amp#27;[37m<-- POST /wd/hub/session/17588393-9eac-4cd9-9399-d342c6384ea7/element &amp#27;[39m&amp#27;[32m200&amp#27;[39m &amp#27;[90m18 ms - 137&amp#27;[39m
&amp#27;[35m[HTTP]&amp#27;[39m &amp#27;[90m&amp#27;[39m
&amp#27;[35m[HTTP]&amp#27;[39m &amp#27;[37m-->&amp#27;[39m &amp#27;[37mGET&amp#27;[39m &amp#27;[37m/wd/hub/session/17588393-9eac-4cd9-9399-d342c6384ea7/element/0be4f137-71ca-4853-9d7e-c4bb0f01723f/text&amp#27;[39m
&amp#27;[35m[HTTP]&amp#27;[39m &amp#27;[90m{}&amp#27;[39m
&amp#27;[35m[W3C (17588393)]&amp#27;[39m Driver proxy active, passing request on via HTTP proxy
[debug] &amp#27;[35m[WD Proxy]&amp#27;[39m Matched '/wd/hub/session/17588393-9eac-4cd9-9399-d342c6384ea7/element/0be4f137-71ca-4853-9d7e-c4bb0f01723f/text' to command name 'getText'
[debug] &amp#27;[35m[WD Proxy]&amp#27;[39m Proxying [GET /wd/hub/session/17588393-9eac-4cd9-9399-d342c6384ea7/element/0be4f137-71ca-4853-9d7e-c4bb0f01723f/text] to [GET http://127.0.0.1:8200/wd/hub/session/91bae3ee-22d3-4f66-983f-d2a440c0f1db/element/0be4f137-71ca-4853-9d7e-c4bb0f01723f/text] with no body
[debug] &amp#27;[35m[WD Proxy]&amp#27;[39m Got response with status 200: {"sessionId":"91bae3ee-22d3-4f66-983f-d2a440c0f1db","value":"Joe"}
&amp#27;[35m[WD Proxy]&amp#27;[39m Replacing sessionId 91bae3ee-22d3-4f66-983f-d2a440c0f1db with 17588393-9eac-4cd9-9399-d342c6384ea7
&amp#27;[35m[HTTP]&amp#27;[39m &amp#27;[37m<-- GET /wd/hub/session/17588393-9eac-4cd9-9399-d342c6384ea7/element/0be4f137-71ca-4853-9d7e-c4bb0f01723f/text &amp#27;[39m&amp#27;[32m200&amp#27;[39m &amp#27;[90m12 ms - 66&amp#27;[39m
&amp#27;[35m[HTTP]&amp#27;[39m &amp#27;[90m&amp#27;[39m
&amp#27;[35m[HTTP]&amp#27;[39m &amp#27;[37m-->&amp#27;[39m &amp#27;[37mGET&amp#27;[39m &amp#27;[37m/wd/hub/session/17588393-9eac-4cd9-9399-d342c6384ea7/context&amp#27;[39m
&amp#27;[35m[HTTP]&amp#27;[39m &amp#27;[90m{}&amp#27;[39m
[debug] &amp#27;[35m[W3C (17588393)]&amp#27;[39m Calling AppiumDriver.getCurrentContext() with args: ["17588393-9eac-4cd9-9399-d342c6384ea7"]
[debug] &amp#27;[35m[W3C (17588393)]&amp#27;[39m Responding to client with driver.getCurrentContext() result: "NATIVE_APP"
&amp#27;[35m[HTTP]&amp#27;[39m &amp#27;[37m<-- GET /wd/hub/session/17588393-9eac-4cd9-9399-d342c6384ea7/context &amp#27;[39m&amp#27;[32m200&amp#27;[39m &amp#27;[90m1 ms - 22&amp#27;[39m
&amp#27;[35m[HTTP]&amp#27;[39m &amp#27;[90m&amp#27;[39m
&amp#27;[35m[HTTP]&amp#27;[39m &amp#27;[37m-->&amp#27;[39m &amp#27;[37mPOST&amp#27;[39m &amp#27;[37m/wd/hub/session/17588393-9eac-4cd9-9399-d342c6384ea7/element&amp#27;[39m
&amp#27;[35m[HTTP]&amp#27;[39m &amp#27;[90m{"using":"id","value":"com.androidsample.generalstore:id/nameField"}&amp#27;[39m
[debug] &amp#27;[35m[W3C (17588393)]&amp#27;[39m Calling AppiumDriver.findElement() with args: ["id","com.androidsample.generalstore:id/nameField","17588393-9eac-4cd9-9399-d342c6384ea7"]
[debug] &amp#27;[35m[BaseDriver]&amp#27;[39m Valid locator strategies for this request: xpath, id, class name, accessibility id, -android uiautomator
[debug] &amp#27;[35m[BaseDriver]&amp#27;[39m Waiting up to 10000 ms for condition
[debug] &amp#27;[35m[WD Proxy]&amp#27;[39m Matched '/element' to command name 'findElement'
[debug] &amp#27;[35m[WD Proxy]&amp#27;[39m Proxying [POST /element] to [POST http://127.0.0.1:8200/wd/hub/session/91bae3ee-22d3-4f66-983f-d2a440c0f1db/element] with body: {"strategy":"id","selector":"com.androidsample.generalstore:id/nameField","context":"","multiple":false}
[debug] &amp#27;[35m[WD Proxy]&amp#27;[39m Got response with status 200: {"sessionId":"91bae3ee-22d3-4f66-983f-d2a440c0f1db","value":{"ELEMENT":"cf19784d-abf2-4ba9-bf7d-d356423aa1bd","element-6066-11e4-a52e-4f735466cecf":"cf19784d-abf2-4ba9-bf7d-d356423aa1bd"}}
[debug] &amp#27;[35m[W3C (17588393)]&amp#27;[39m Responding to client with driver.findElement() result: {"element-6066-11e4-a52e-4f735466cecf":"cf19784d-abf2-4ba9-bf7d-d356423aa1bd","ELEMENT":"cf19784d-abf2-4ba9-bf7d-d356423aa1bd"}
&amp#27;[35m[HTTP]&amp#27;[39m &amp#27;[37m<-- POST /wd/hub/session/17588393-9eac-4cd9-9399-d342c6384ea7/element &amp#27;[39m&amp#27;[32m200&amp#27;[39m &amp#27;[90m18 ms - 137&amp#27;[39m
&amp#27;[35m[HTTP]&amp#27;[39m &amp#27;[90m&amp#27;[39m
&amp#27;[35m[HTTP]&amp#27;[39m &amp#27;[37m-->&amp#27;[39m &amp#27;[37mPOST&amp#27;[39m &amp#27;[37m/wd/hub/session/17588393-9eac-4cd9-9399-d342c6384ea7/element/cf19784d-abf2-4ba9-bf7d-d356423aa1bd/clear&amp#27;[39m
&amp#27;[35m[HTTP]&amp#27;[39m &amp#27;[90m{"id":"cf19784d-abf2-4ba9-bf7d-d356423aa1bd"}&amp#27;[39m
[debug] &amp#27;[35m[W3C (17588393)]&amp#27;[39m Calling AppiumDriver.clear() with args: ["cf19784d-abf2-4ba9-bf7d-d356423aa1bd","17588393-9eac-4cd9-9399-d342c6384ea7"]
[debug] &amp#27;[35m[WD Proxy]&amp#27;[39m Matched '/element/cf19784d-abf2-4ba9-bf7d-d356423aa1bd/clear' to command name 'clear'
[debug] &amp#27;[35m[WD Proxy]&amp#27;[39m Proxying [POST /element/cf19784d-abf2-4ba9-bf7d-d356423aa1bd/clear] to [POST http://127.0.0.1:8200/wd/hub/session/91bae3ee-22d3-4f66-983f-d2a440c0f1db/element/cf19784d-abf2-4ba9-bf7d-d356423aa1bd/clear] with body: {"elementId":"cf19784d-abf2-4ba9-bf7d-d356423aa1bd"}
[debug] &amp#27;[35m[WD Proxy]&amp#27;[39m Got response with status 200: {"sessionId":"91bae3ee-22d3-4f66-983f-d2a440c0f1db","value":null}
[debug] &amp#27;[35m[W3C (17588393)]&amp#27;[39m Responding to client with driver.clear() result: null
&amp#27;[35m[HTTP]&amp#27;[39m &amp#27;[37m<-- POST /wd/hub/session/17588393-9eac-4cd9-9399-d342c6384ea7/element/cf19784d-abf2-4ba9-bf7d-d356423aa1bd/clear &amp#27;[39m&amp#27;[32m200&amp#27;[39m &amp#27;[90m15 ms - 14&amp#27;[39m
&amp#27;[35m[HTTP]&amp#27;[39m &amp#27;[90m&amp#27;[39m
&amp#27;[35m[HTTP]&amp#27;[39m &amp#27;[37m-->&amp#27;[39m &amp#27;[37mGET&amp#27;[39m &amp#27;[37m/wd/hub/session/17588393-9eac-4cd9-9399-d342c6384ea7/context&amp#27;[39m
&amp#27;[35m[HTTP]&amp#27;[39m &amp#27;[90m{}&amp#27;[39m
[debug] &amp#27;[35m[W3C (17588393)]&amp#27;[39m Calling AppiumDriver.getCurrentContext() with args: ["17588393-9eac-4cd9-9399-d342c6384ea7"]
[debug] &amp#27;[35m[W3C (17588393)]&amp#27;[39m Responding to client with driver.getCurrentContext() result: "NATIVE_APP"
&amp#27;[35m[HTTP]&amp#27;[39m &amp#27;[37m<-- GET /wd/hub/session/17588393-9eac-4cd9-9399-d342c6384ea7/context &amp#27;[39m&amp#27;[32m200&amp#27;[39m &amp#27;[90m1 ms - 22&amp#27;[39m
&amp#27;[35m[HTTP]&amp#27;[39m &amp#27;[90m&amp#27;[39m
&amp#27;[35m[HTTP]&amp#27;[39m &amp#27;[37m-->&amp#27;[39m &amp#27;[37mPOST&amp#27;[39m &amp#27;[37m/wd/hub/session/17588393-9eac-4cd9-9399-d342c6384ea7/element&amp#27;[39m
&amp#27;[35m[HTTP]&amp#27;[39m &amp#27;[90m{"using":"id","value":"com.androidsample.generalstore:id/btnLetsShop"}&amp#27;[39m
[debug] &amp#27;[35m[W3C (17588393)]&amp#27;[39m Calling AppiumDriver.findElement() with args: ["id","com.androidsample.generalstore:id/btnLetsShop","17588393-9eac-4cd9-9399-d342c6384ea7"]
[debug] &amp#27;[35m[BaseDriver]&amp#27;[39m Valid locator strategies for this request: xpath, id, class name, accessibility id, -android uiautomator
[debug] &amp#27;[35m[BaseDriver]&amp#27;[39m Waiting up to 10000 ms for condition
[debug] &amp#27;[35m[WD Proxy]&amp#27;[39m Matched '/element' to command name 'findElement'
[debug] &amp#27;[35m[WD Proxy]&amp#27;[39m Proxying [POST /element] to [POST http://127.0.0.1:8200/wd/hub/session/91bae3ee-22d3-4f66-983f-d2a440c0f1db/element] with body: {"strategy":"id","selector":"com.androidsample.generalstore:id/btnLetsShop","context":"","multiple":false}
[debug] &amp#27;[35m[WD Proxy]&amp#27;[39m Got response with status 200: {"sessionId":"91bae3ee-22d3-4f66-983f-d2a440c0f1db","value":{"ELEMENT":"a3d63dfd-a9c8-4061-8eff-1fa06f39fd19","element-6066-11e4-a52e-4f735466cecf":"a3d63dfd-a9c8-4061-8eff-1fa06f39fd19"}}
[debug] &amp#27;[35m[W3C (17588393)]&amp#27;[39m Responding to client with driver.findElement() result: {"element-6066-11e4-a52e-4f735466cecf":"a3d63dfd-a9c8-4061-8eff-1fa06f39fd19","ELEMENT":"a3d63dfd-a9c8-4061-8eff-1fa06f39fd19"}
&amp#27;[35m[HTTP]&amp#27;[39m &amp#27;[37m<-- POST /wd/hub/session/17588393-9eac-4cd9-9399-d342c6384ea7/element &amp#27;[39m&amp#27;[32m200&amp#27;[39m &amp#27;[90m694 ms - 137&amp#27;[39m
&amp#27;[35m[HTTP]&amp#27;[39m &amp#27;[90m&amp#27;[39m
&amp#27;[35m[HTTP]&amp#27;[39m &amp#27;[37m-->&amp#27;[39m &amp#27;[37mPOST&amp#27;[39m &amp#27;[37m/wd/hub/session/17588393-9eac-4cd9-9399-d342c6384ea7/element/a3d63dfd-a9c8-4061-8eff-1fa06f39fd19/click&amp#27;[39m
&amp#27;[35m[HTTP]&amp#27;[39m &amp#27;[90m{"id":"a3d63dfd-a9c8-4061-8eff-1fa06f39fd19"}&amp#27;[39m
[debug] &amp#27;[35m[W3C (17588393)]&amp#27;[39m Calling AppiumDriver.click() with args: ["a3d63dfd-a9c8-4061-8eff-1fa06f39fd19","17588393-9eac-4cd9-9399-d342c6384ea7"]
[debug] &amp#27;[35m[WD Proxy]&amp#27;[39m Matched '/element/a3d63dfd-a9c8-4061-8eff-1fa06f39fd19/click' to command name 'click'
[debug] &amp#27;[35m[WD Proxy]&amp#27;[39m Proxying [POST /element/a3d63dfd-a9c8-4061-8eff-1fa06f39fd19/click] to [POST http://127.0.0.1:8200/wd/hub/session/91bae3ee-22d3-4f66-983f-d2a440c0f1db/element/a3d63dfd-a9c8-4061-8eff-1fa06f39fd19/click] with body: {"element":"a3d63dfd-a9c8-4061-8eff-1fa06f39fd19"}
[debug] &amp#27;[35m[WD Proxy]&amp#27;[39m Got response with status 200: {"sessionId":"91bae3ee-22d3-4f66-983f-d2a440c0f1db","value":null}
[debug] &amp#27;[35m[W3C (17588393)]&amp#27;[39m Responding to client with driver.click() result: null
&amp#27;[35m[HTTP]&amp#27;[39m &amp#27;[37m<-- POST /wd/hub/session/17588393-9eac-4cd9-9399-d342c6384ea7/element/a3d63dfd-a9c8-4061-8eff-1fa06f39fd19/click &amp#27;[39m&amp#27;[32m200&amp#27;[39m &amp#27;[90m23 ms - 14&amp#27;[39m
&amp#27;[35m[HTTP]&amp#27;[39m &amp#27;[90m&amp#27;[39m
&amp#27;[35m[HTTP]&amp#27;[39m &amp#27;[37m-->&amp#27;[39m &amp#27;[37mGET&amp#27;[39m &amp#27;[37m/wd/hub/session/17588393-9eac-4cd9-9399-d342c6384ea7/context&amp#27;[39m
&amp#27;[35m[HTTP]&amp#27;[39m &amp#27;[90m{}&amp#27;[39m
[debug] &amp#27;[35m[W3C (17588393)]&amp#27;[39m Calling AppiumDriver.getCurrentContext() with args: ["17588393-9eac-4cd9-9399-d342c6384ea7"]
[debug] &amp#27;[35m[W3C (17588393)]&amp#27;[39m Responding to client with driver.getCurrentContext() result: "NATIVE_APP"
&amp#27;[35m[HTTP]&amp#27;[39m &amp#27;[37m<-- GET /wd/hub/session/17588393-9eac-4cd9-9399-d342c6384ea7/context &amp#27;[39m&amp#27;[32m200&amp#27;[39m &amp#27;[90m2 ms - 22&amp#27;[39m
&amp#27;[35m[HTTP]&amp#27;[39m &amp#27;[90m&amp#27;[39m
&amp#27;[35m[HTTP]&amp#27;[39m &amp#27;[37m-->&amp#27;[39m &amp#27;[37mPOST&amp#27;[39m &amp#27;[37m/wd/hub/session/17588393-9eac-4cd9-9399-d342c6384ea7/element&amp#27;[39m
&amp#27;[35m[HTTP]&amp#27;[39m &amp#27;[90m{"using":"xpath","value":"//android.widget.Toast[1]"}&amp#27;[39m
[debug] &amp#27;[35m[W3C (17588393)]&amp#27;[39m Calling AppiumDriver.findElement() with args: ["xpath","//android.widget.Toast[1]","17588393-9eac-4cd9-9399-d342c6384ea7"]
[debug] &amp#27;[35m[BaseDriver]&amp#27;[39m Valid locator strategies for this request: xpath, id, class name, accessibility id, -android uiautomator
[debug] &amp#27;[35m[BaseDriver]&amp#27;[39m Waiting up to 10000 ms for condition
[debug] &amp#27;[35m[WD Proxy]&amp#27;[39m Matched '/element' to command name 'findElement'
[debug] &amp#27;[35m[WD Proxy]&amp#27;[39m Proxying [POST /element] to [POST http://127.0.0.1:8200/wd/hub/session/91bae3ee-22d3-4f66-983f-d2a440c0f1db/element] with body: {"strategy":"xpath","selector":"//android.widget.Toast[1]","context":"","multiple":false}
[debug] &amp#27;[35m[WD Proxy]&amp#27;[39m Got response with status 200: {"sessionId":"91bae3ee-22d3-4f66-983f-d2a440c0f1db","value":{"ELEMENT":"1cded710-c7b9-4f82-9fb0-06aef2efedb4","element-6066-11e4-a52e-4f735466cecf":"1cded710-c7b9-4f82-9fb0-06aef2efedb4"}}
[debug] &amp#27;[35m[W3C (17588393)]&amp#27;[39m Responding to client with driver.findElement() result: {"element-6066-11e4-a52e-4f735466cecf":"1cded710-c7b9-4f82-9fb0-06aef2efedb4","ELEMENT":"1cded710-c7b9-4f82-9fb0-06aef2efedb4"}
&amp#27;[35m[HTTP]&amp#27;[39m &amp#27;[37m<-- POST /wd/hub/session/17588393-9eac-4cd9-9399-d342c6384ea7/element &amp#27;[39m&amp#27;[32m200&amp#27;[39m &amp#27;[90m108 ms - 137&amp#27;[39m
&amp#27;[35m[HTTP]&amp#27;[39m &amp#27;[90m&amp#27;[39m
&amp#27;[35m[HTTP]&amp#27;[39m &amp#27;[37m-->&amp#27;[39m &amp#27;[37mGET&amp#27;[39m &amp#27;[37m/wd/hub/session/17588393-9eac-4cd9-9399-d342c6384ea7/element/1cded710-c7b9-4f82-9fb0-06aef2efedb4/attribute/name&amp#27;[39m
&amp#27;[35m[HTTP]&amp#27;[39m &amp#27;[90m{}&amp#27;[39m
[debug] &amp#27;[35m[W3C (17588393)]&amp#27;[39m Calling AppiumDriver.getAttribute() with args: ["name","1cded710-c7b9-4f82-9fb0-06aef2efedb4","17588393-9eac-4cd9-9399-d342c6384ea7"]
[debug] &amp#27;[35m[WD Proxy]&amp#27;[39m Matched '/element/1cded710-c7b9-4f82-9fb0-06aef2efedb4/attribute/name' to command name 'getAttribute'
[debug] &amp#27;[35m[WD Proxy]&amp#27;[39m Proxying [GET /element/1cded710-c7b9-4f82-9fb0-06aef2efedb4/attribute/name] to [GET http://127.0.0.1:8200/wd/hub/session/91bae3ee-22d3-4f66-983f-d2a440c0f1db/element/1cded710-c7b9-4f82-9fb0-06aef2efedb4/attribute/name] with no body
[debug] &amp#27;[35m[WD Proxy]&amp#27;[39m Got response with status 200: {"sessionId":"91bae3ee-22d3-4f66-983f-d2a440c0f1db","value":"Please enter your name"}
[debug] &amp#27;[35m[W3C (17588393)]&amp#27;[39m Responding to client with driver.getAttribute() result: "Please enter your name"
&amp#27;[35m[HTTP]&amp#27;[39m &amp#27;[37m<-- GET /wd/hub/session/17588393-9eac-4cd9-9399-d342c6384ea7/element/1cded710-c7b9-4f82-9fb0-06aef2efedb4/attribute/name &amp#27;[39m&amp#27;[32m200&amp#27;[39m &amp#27;[90m541 ms - 34&amp#27;[39m
&amp#27;[35m[HTTP]&amp#27;[39m &amp#27;[90m&amp#27;[39m
&amp#27;[35m[HTTP]&amp#27;[39m &amp#27;[37m-->&amp#27;[39m &amp#27;[37mGET&amp#27;[39m &amp#27;[37m/wd/hub/session/17588393-9eac-4cd9-9399-d342c6384ea7/context&amp#27;[39m
&amp#27;[35m[HTTP]&amp#27;[39m &amp#27;[90m{}&amp#27;[39m
[debug] &amp#27;[35m[W3C (17588393)]&amp#27;[39m Calling AppiumDriver.getCurrentContext() with args: ["17588393-9eac-4cd9-9399-d342c6384ea7"]
[debug] &amp#27;[35m[W3C (17588393)]&amp#27;[39m Responding to client with driver.getCurrentContext() result: "NATIVE_APP"
&amp#27;[35m[HTTP]&amp#27;[39m &amp#27;[37m<-- GET /wd/hub/session/17588393-9eac-4cd9-9399-d342c6384ea7/context &amp#27;[39m&amp#27;[32m200&amp#27;[39m &amp#27;[90m1 ms - 22&amp#27;[39m
&amp#27;[35m[HTTP]&amp#27;[39m &amp#27;[90m&amp#27;[39m
&amp#27;[35m[HTTP]&amp#27;[39m &amp#27;[37m-->&amp#27;[39m &amp#27;[37mPOST&amp#27;[39m &amp#27;[37m/wd/hub/session/17588393-9eac-4cd9-9399-d342c6384ea7/element&amp#27;[39m
&amp#27;[35m[HTTP]&amp#27;[39m &amp#27;[90m{"using":"id","value":"com.androidsample.generalstore:id/nameField"}&amp#27;[39m
[debug] &amp#27;[35m[W3C (17588393)]&amp#27;[39m Calling AppiumDriver.findElement() with args: ["id","com.androidsample.generalstore:id/nameField","17588393-9eac-4cd9-9399-d342c6384ea7"]
[debug] &amp#27;[35m[BaseDriver]&amp#27;[39m Valid locator strategies for this request: xpath, id, class name, accessibility id, -android uiautomator
[debug] &amp#27;[35m[BaseDriver]&amp#27;[39m Waiting up to 10000 ms for condition
[debug] &amp#27;[35m[WD Proxy]&amp#27;[39m Matched '/element' to command name 'findElement'
[debug] &amp#27;[35m[WD Proxy]&amp#27;[39m Proxying [POST /element] to [POST http://127.0.0.1:8200/wd/hub/session/91bae3ee-22d3-4f66-983f-d2a440c0f1db/element] with body: {"strategy":"id","selector":"com.androidsample.generalstore:id/nameField","context":"","multiple":false}
[debug] &amp#27;[35m[WD Proxy]&amp#27;[39m Got response with status 200: {"sessionId":"91bae3ee-22d3-4f66-983f-d2a440c0f1db","value":{"ELEMENT":"36c695e1-e438-46a8-bb25-0a999602cc21","element-6066-11e4-a52e-4f735466cecf":"36c695e1-e438-46a8-bb25-0a999602cc21"}}
[debug] &amp#27;[35m[W3C (17588393)]&amp#27;[39m Responding to client with driver.findElement() result: {"element-6066-11e4-a52e-4f735466cecf":"36c695e1-e438-46a8-bb25-0a999602cc21","ELEMENT":"36c695e1-e438-46a8-bb25-0a999602cc21"}
&amp#27;[35m[HTTP]&amp#27;[39m &amp#27;[37m<-- POST /wd/hub/session/17588393-9eac-4cd9-9399-d342c6384ea7/element &amp#27;[39m&amp#27;[32m200&amp#27;[39m &amp#27;[90m468 ms - 137&amp#27;[39m
&amp#27;[35m[HTTP]&amp#27;[39m &amp#27;[90m&amp#27;[39m
&amp#27;[35m[HTTP]&amp#27;[39m &amp#27;[37m-->&amp#27;[39m &amp#27;[37mPOST&amp#27;[39m &amp#27;[37m/wd/hub/session/17588393-9eac-4cd9-9399-d342c6384ea7/element/36c695e1-e438-46a8-bb25-0a999602cc21/value&amp#27;[39m
&amp#27;[35m[HTTP]&amp#27;[39m &amp#27;[90m{"id":"36c695e1-e438-46a8-bb25-0a999602cc21","text":"Joe","value":["J","o","e"]}&amp#27;[39m
[debug] &amp#27;[35m[W3C (17588393)]&amp#27;[39m Calling AppiumDriver.setValue() with args: [["J","o","e"],"36c695e1-e438-46a8-bb25-0a999602cc21","17588393-9eac-4cd9-9399-d342c6384ea7"]
[debug] &amp#27;[35m[WD Proxy]&amp#27;[39m Matched '/element/36c695e1-e438-46a8-bb25-0a999602cc21/value' to command name 'setValue'
[debug] &amp#27;[35m[Protocol Converter]&amp#27;[39m Added 'value' property ["J","o","e"] to 'setValue' request body
[debug] &amp#27;[35m[WD Proxy]&amp#27;[39m Proxying [POST /element/36c695e1-e438-46a8-bb25-0a999602cc21/value] to [POST http://127.0.0.1:8200/wd/hub/session/91bae3ee-22d3-4f66-983f-d2a440c0f1db/element/36c695e1-e438-46a8-bb25-0a999602cc21/value] with body: {"elementId":"36c695e1-e438-46a8-bb25-0a999602cc21","text":"Joe","replace":false,"value":["J","o","e"]}
[debug] &amp#27;[35m[WD Proxy]&amp#27;[39m Got response with status 200: {"sessionId":"91bae3ee-22d3-4f66-983f-d2a440c0f1db","value":null}
[debug] &amp#27;[35m[W3C (17588393)]&amp#27;[39m Responding to client with driver.setValue() result: null
&amp#27;[35m[HTTP]&amp#27;[39m &amp#27;[37m<-- POST /wd/hub/session/17588393-9eac-4cd9-9399-d342c6384ea7/element/36c695e1-e438-46a8-bb25-0a999602cc21/value &amp#27;[39m&amp#27;[32m200&amp#27;[39m &amp#27;[90m529 ms - 14&amp#27;[39m
&amp#27;[35m[HTTP]&amp#27;[39m &amp#27;[90m&amp#27;[39m
]]></system-out>
  </testcase>
  <testcase name="login[Let&apos;s  Shop](1)" classname="test.AppiumFramework.HomeTest" time="2.658">
    <system-out><![CDATA[&amp#27;[35m[HTTP]&amp#27;[39m &amp#27;[37m-->&amp#27;[39m &amp#27;[37mGET&amp#27;[39m &amp#27;[37m/wd/hub/session/17588393-9eac-4cd9-9399-d342c6384ea7/context&amp#27;[39m
&amp#27;[35m[HTTP]&amp#27;[39m &amp#27;[90m{}&amp#27;[39m
[debug] &amp#27;[35m[W3C (17588393)]&amp#27;[39m Calling AppiumDriver.getCurrentContext() with args: ["17588393-9eac-4cd9-9399-d342c6384ea7"]
[debug] &amp#27;[35m[W3C (17588393)]&amp#27;[39m Responding to client with driver.getCurrentContext() result: "NATIVE_APP"
&amp#27;[35m[HTTP]&amp#27;[39m &amp#27;[37m<-- GET /wd/hub/session/17588393-9eac-4cd9-9399-d342c6384ea7/context &amp#27;[39m&amp#27;[32m200&amp#27;[39m &amp#27;[90m1 ms - 22&amp#27;[39m
&amp#27;[35m[HTTP]&amp#27;[39m &amp#27;[90m&amp#27;[39m
&amp#27;[35m[HTTP]&amp#27;[39m &amp#27;[37m-->&amp#27;[39m &amp#27;[37mPOST&amp#27;[39m &amp#27;[37m/wd/hub/session/17588393-9eac-4cd9-9399-d342c6384ea7/element&amp#27;[39m
&amp#27;[35m[HTTP]&amp#27;[39m &amp#27;[90m{"using":"id","value":"com.androidsample.generalstore:id/btnLetsShop"}&amp#27;[39m
[debug] &amp#27;[35m[W3C (17588393)]&amp#27;[39m Calling AppiumDriver.findElement() with args: ["id","com.androidsample.generalstore:id/btnLetsShop","17588393-9eac-4cd9-9399-d342c6384ea7"]
[debug] &amp#27;[35m[BaseDriver]&amp#27;[39m Valid locator strategies for this request: xpath, id, class name, accessibility id, -android uiautomator
[debug] &amp#27;[35m[BaseDriver]&amp#27;[39m Waiting up to 10000 ms for condition
[debug] &amp#27;[35m[WD Proxy]&amp#27;[39m Matched '/element' to command name 'findElement'
[debug] &amp#27;[35m[WD Proxy]&amp#27;[39m Proxying [POST /element] to [POST http://127.0.0.1:8200/wd/hub/session/91bae3ee-22d3-4f66-983f-d2a440c0f1db/element] with body: {"strategy":"id","selector":"com.androidsample.generalstore:id/btnLetsShop","context":"","multiple":false}
[debug] &amp#27;[35m[WD Proxy]&amp#27;[39m Got response with status 200: {"sessionId":"91bae3ee-22d3-4f66-983f-d2a440c0f1db","value":{"ELEMENT":"32e7053e-7073-47bc-8a7f-f95057577aea","element-6066-11e4-a52e-4f735466cecf":"32e7053e-7073-47bc-8a7f-f95057577aea"}}
[debug] &amp#27;[35m[W3C (17588393)]&amp#27;[39m Responding to client with driver.findElement() result: {"element-6066-11e4-a52e-4f735466cecf":"32e7053e-7073-47bc-8a7f-f95057577aea","ELEMENT":"32e7053e-7073-47bc-8a7f-f95057577aea"}
&amp#27;[35m[HTTP]&amp#27;[39m &amp#27;[37m<-- POST /wd/hub/session/17588393-9eac-4cd9-9399-d342c6384ea7/element &amp#27;[39m&amp#27;[32m200&amp#27;[39m &amp#27;[90m501 ms - 137&amp#27;[39m
&amp#27;[35m[HTTP]&amp#27;[39m &amp#27;[90m&amp#27;[39m
&amp#27;[35m[HTTP]&amp#27;[39m &amp#27;[37m-->&amp#27;[39m &amp#27;[37mGET&amp#27;[39m &amp#27;[37m/wd/hub/session/17588393-9eac-4cd9-9399-d342c6384ea7/element/32e7053e-7073-47bc-8a7f-f95057577aea/displayed&amp#27;[39m
&amp#27;[35m[HTTP]&amp#27;[39m &amp#27;[90m{}&amp#27;[39m
[debug] &amp#27;[35m[W3C (17588393)]&amp#27;[39m Calling AppiumDriver.elementDisplayed() with args: ["32e7053e-7073-47bc-8a7f-f95057577aea","17588393-9eac-4cd9-9399-d342c6384ea7"]
[debug] &amp#27;[35m[WD Proxy]&amp#27;[39m Matched '/element/32e7053e-7073-47bc-8a7f-f95057577aea/attribute/displayed' to command name 'getAttribute'
[debug] &amp#27;[35m[WD Proxy]&amp#27;[39m Proxying [GET /element/32e7053e-7073-47bc-8a7f-f95057577aea/attribute/displayed] to [GET http://127.0.0.1:8200/wd/hub/session/91bae3ee-22d3-4f66-983f-d2a440c0f1db/element/32e7053e-7073-47bc-8a7f-f95057577aea/attribute/displayed] with no body
[debug] &amp#27;[35m[WD Proxy]&amp#27;[39m Got response with status 200: {"sessionId":"91bae3ee-22d3-4f66-983f-d2a440c0f1db","value":"true"}
[debug] &amp#27;[35m[W3C (17588393)]&amp#27;[39m Responding to client with driver.elementDisplayed() result: true
&amp#27;[35m[HTTP]&amp#27;[39m &amp#27;[37m<-- GET /wd/hub/session/17588393-9eac-4cd9-9399-d342c6384ea7/element/32e7053e-7073-47bc-8a7f-f95057577aea/displayed &amp#27;[39m&amp#27;[32m200&amp#27;[39m &amp#27;[90m12 ms - 14&amp#27;[39m
&amp#27;[35m[HTTP]&amp#27;[39m &amp#27;[90m&amp#27;[39m
&amp#27;[35m[HTTP]&amp#27;[39m &amp#27;[37m-->&amp#27;[39m &amp#27;[37mGET&amp#27;[39m &amp#27;[37m/wd/hub/session/17588393-9eac-4cd9-9399-d342c6384ea7/context&amp#27;[39m
&amp#27;[35m[HTTP]&amp#27;[39m &amp#27;[90m{}&amp#27;[39m
[debug] &amp#27;[35m[W3C (17588393)]&amp#27;[39m Calling AppiumDriver.getCurrentContext() with args: ["17588393-9eac-4cd9-9399-d342c6384ea7"]
[debug] &amp#27;[35m[W3C (17588393)]&amp#27;[39m Responding to client with driver.getCurrentContext() result: "NATIVE_APP"
&amp#27;[35m[HTTP]&amp#27;[39m &amp#27;[37m<-- GET /wd/hub/session/17588393-9eac-4cd9-9399-d342c6384ea7/context &amp#27;[39m&amp#27;[32m200&amp#27;[39m &amp#27;[90m1 ms - 22&amp#27;[39m
&amp#27;[35m[HTTP]&amp#27;[39m &amp#27;[90m&amp#27;[39m
&amp#27;[35m[HTTP]&amp#27;[39m &amp#27;[37m-->&amp#27;[39m &amp#27;[37mPOST&amp#27;[39m &amp#27;[37m/wd/hub/session/17588393-9eac-4cd9-9399-d342c6384ea7/element&amp#27;[39m
&amp#27;[35m[HTTP]&amp#27;[39m &amp#27;[90m{"using":"id","value":"com.androidsample.generalstore:id/btnLetsShop"}&amp#27;[39m
[debug] &amp#27;[35m[W3C (17588393)]&amp#27;[39m Calling AppiumDriver.findElement() with args: ["id","com.androidsample.generalstore:id/btnLetsShop","17588393-9eac-4cd9-9399-d342c6384ea7"]
[debug] &amp#27;[35m[BaseDriver]&amp#27;[39m Valid locator strategies for this request: xpath, id, class name, accessibility id, -android uiautomator
[debug] &amp#27;[35m[BaseDriver]&amp#27;[39m Waiting up to 10000 ms for condition
[debug] &amp#27;[35m[WD Proxy]&amp#27;[39m Matched '/element' to command name 'findElement'
[debug] &amp#27;[35m[WD Proxy]&amp#27;[39m Proxying [POST /element] to [POST http://127.0.0.1:8200/wd/hub/session/91bae3ee-22d3-4f66-983f-d2a440c0f1db/element] with body: {"strategy":"id","selector":"com.androidsample.generalstore:id/btnLetsShop","context":"","multiple":false}
[debug] &amp#27;[35m[WD Proxy]&amp#27;[39m Got response with status 200: {"sessionId":"91bae3ee-22d3-4f66-983f-d2a440c0f1db","value":{"ELEMENT":"0a096c83-8044-4985-80f0-f6bb0c72235c","element-6066-11e4-a52e-4f735466cecf":"0a096c83-8044-4985-80f0-f6bb0c72235c"}}
[debug] &amp#27;[35m[W3C (17588393)]&amp#27;[39m Responding to client with driver.findElement() result: {"element-6066-11e4-a52e-4f735466cecf":"0a096c83-8044-4985-80f0-f6bb0c72235c","ELEMENT":"0a096c83-8044-4985-80f0-f6bb0c72235c"}
&amp#27;[35m[HTTP]&amp#27;[39m &amp#27;[37m<-- POST /wd/hub/session/17588393-9eac-4cd9-9399-d342c6384ea7/element &amp#27;[39m&amp#27;[32m200&amp#27;[39m &amp#27;[90m18 ms - 137&amp#27;[39m
&amp#27;[35m[HTTP]&amp#27;[39m &amp#27;[90m&amp#27;[39m
&amp#27;[35m[HTTP]&amp#27;[39m &amp#27;[37m-->&amp#27;[39m &amp#27;[37mGET&amp#27;[39m &amp#27;[37m/wd/hub/session/17588393-9eac-4cd9-9399-d342c6384ea7/element/0a096c83-8044-4985-80f0-f6bb0c72235c/enabled&amp#27;[39m
&amp#27;[35m[HTTP]&amp#27;[39m &amp#27;[90m{}&amp#27;[39m
[debug] &amp#27;[35m[W3C (17588393)]&amp#27;[39m Calling AppiumDriver.elementEnabled() with args: ["0a096c83-8044-4985-80f0-f6bb0c72235c","17588393-9eac-4cd9-9399-d342c6384ea7"]
[debug] &amp#27;[35m[WD Proxy]&amp#27;[39m Matched '/element/0a096c83-8044-4985-80f0-f6bb0c72235c/attribute/enabled' to command name 'getAttribute'
[debug] &amp#27;[35m[WD Proxy]&amp#27;[39m Proxying [GET /element/0a096c83-8044-4985-80f0-f6bb0c72235c/attribute/enabled] to [GET http://127.0.0.1:8200/wd/hub/session/91bae3ee-22d3-4f66-983f-d2a440c0f1db/element/0a096c83-8044-4985-80f0-f6bb0c72235c/attribute/enabled] with no body
[debug] &amp#27;[35m[WD Proxy]&amp#27;[39m Got response with status 200: {"sessionId":"91bae3ee-22d3-4f66-983f-d2a440c0f1db","value":"true"}
[debug] &amp#27;[35m[W3C (17588393)]&amp#27;[39m Responding to client with driver.elementEnabled() result: true
&amp#27;[35m[HTTP]&amp#27;[39m &amp#27;[37m<-- GET /wd/hub/session/17588393-9eac-4cd9-9399-d342c6384ea7/element/0a096c83-8044-4985-80f0-f6bb0c72235c/enabled &amp#27;[39m&amp#27;[32m200&amp#27;[39m &amp#27;[90m13 ms - 14&amp#27;[39m
&amp#27;[35m[HTTP]&amp#27;[39m &amp#27;[90m&amp#27;[39m
&amp#27;[35m[HTTP]&amp#27;[39m &amp#27;[37m-->&amp#27;[39m &amp#27;[37mGET&amp#27;[39m &amp#27;[37m/wd/hub/session/17588393-9eac-4cd9-9399-d342c6384ea7/context&amp#27;[39m
&amp#27;[35m[HTTP]&amp#27;[39m &amp#27;[90m{}&amp#27;[39m
[debug] &amp#27;[35m[W3C (17588393)]&amp#27;[39m Calling AppiumDriver.getCurrentContext() with args: ["17588393-9eac-4cd9-9399-d342c6384ea7"]
[debug] &amp#27;[35m[W3C (17588393)]&amp#27;[39m Responding to client with driver.getCurrentContext() result: "NATIVE_APP"
&amp#27;[35m[HTTP]&amp#27;[39m &amp#27;[37m<-- GET /wd/hub/session/17588393-9eac-4cd9-9399-d342c6384ea7/context &amp#27;[39m&amp#27;[32m200&amp#27;[39m &amp#27;[90m1 ms - 22&amp#27;[39m
&amp#27;[35m[HTTP]&amp#27;[39m &amp#27;[90m&amp#27;[39m
&amp#27;[35m[HTTP]&amp#27;[39m &amp#27;[37m-->&amp#27;[39m &amp#27;[37mPOST&amp#27;[39m &amp#27;[37m/wd/hub/session/17588393-9eac-4cd9-9399-d342c6384ea7/element&amp#27;[39m
&amp#27;[35m[HTTP]&amp#27;[39m &amp#27;[90m{"using":"id","value":"com.androidsample.generalstore:id/btnLetsShop"}&amp#27;[39m
[debug] &amp#27;[35m[W3C (17588393)]&amp#27;[39m Calling AppiumDriver.findElement() with args: ["id","com.androidsample.generalstore:id/btnLetsShop","17588393-9eac-4cd9-9399-d342c6384ea7"]
[debug] &amp#27;[35m[BaseDriver]&amp#27;[39m Valid locator strategies for this request: xpath, id, class name, accessibility id, -android uiautomator
[debug] &amp#27;[35m[BaseDriver]&amp#27;[39m Waiting up to 10000 ms for condition
[debug] &amp#27;[35m[WD Proxy]&amp#27;[39m Matched '/element' to command name 'findElement'
[debug] &amp#27;[35m[WD Proxy]&amp#27;[39m Proxying [POST /element] to [POST http://127.0.0.1:8200/wd/hub/session/91bae3ee-22d3-4f66-983f-d2a440c0f1db/element] with body: {"strategy":"id","selector":"com.androidsample.generalstore:id/btnLetsShop","context":"","multiple":false}
[debug] &amp#27;[35m[WD Proxy]&amp#27;[39m Got response with status 200: {"sessionId":"91bae3ee-22d3-4f66-983f-d2a440c0f1db","value":{"ELEMENT":"e31e0cd3-ee9d-4438-a099-c88a994cdf8e","element-6066-11e4-a52e-4f735466cecf":"e31e0cd3-ee9d-4438-a099-c88a994cdf8e"}}
[debug] &amp#27;[35m[W3C (17588393)]&amp#27;[39m Responding to client with driver.findElement() result: {"element-6066-11e4-a52e-4f735466cecf":"e31e0cd3-ee9d-4438-a099-c88a994cdf8e","ELEMENT":"e31e0cd3-ee9d-4438-a099-c88a994cdf8e"}
&amp#27;[35m[HTTP]&amp#27;[39m &amp#27;[37m<-- POST /wd/hub/session/17588393-9eac-4cd9-9399-d342c6384ea7/element &amp#27;[39m&amp#27;[32m200&amp#27;[39m &amp#27;[90m25 ms - 137&amp#27;[39m
&amp#27;[35m[HTTP]&amp#27;[39m &amp#27;[90m&amp#27;[39m
&amp#27;[35m[HTTP]&amp#27;[39m &amp#27;[37m-->&amp#27;[39m &amp#27;[37mGET&amp#27;[39m &amp#27;[37m/wd/hub/session/17588393-9eac-4cd9-9399-d342c6384ea7/element/e31e0cd3-ee9d-4438-a099-c88a994cdf8e/text&amp#27;[39m
&amp#27;[35m[HTTP]&amp#27;[39m &amp#27;[90m{}&amp#27;[39m
&amp#27;[35m[W3C (17588393)]&amp#27;[39m Driver proxy active, passing request on via HTTP proxy
[debug] &amp#27;[35m[WD Proxy]&amp#27;[39m Matched '/wd/hub/session/17588393-9eac-4cd9-9399-d342c6384ea7/element/e31e0cd3-ee9d-4438-a099-c88a994cdf8e/text' to command name 'getText'
[debug] &amp#27;[35m[WD Proxy]&amp#27;[39m Proxying [GET /wd/hub/session/17588393-9eac-4cd9-9399-d342c6384ea7/element/e31e0cd3-ee9d-4438-a099-c88a994cdf8e/text] to [GET http://127.0.0.1:8200/wd/hub/session/91bae3ee-22d3-4f66-983f-d2a440c0f1db/element/e31e0cd3-ee9d-4438-a099-c88a994cdf8e/text] with no body
[debug] &amp#27;[35m[WD Proxy]&amp#27;[39m Got response with status 200: {"sessionId":"91bae3ee-22d3-4f66-983f-d2a440c0f1db","value":"Let's  Shop"}
&amp#27;[35m[WD Proxy]&amp#27;[39m Replacing sessionId 91bae3ee-22d3-4f66-983f-d2a440c0f1db with 17588393-9eac-4cd9-9399-d342c6384ea7
&amp#27;[35m[HTTP]&amp#27;[39m &amp#27;[37m<-- GET /wd/hub/session/17588393-9eac-4cd9-9399-d342c6384ea7/element/e31e0cd3-ee9d-4438-a099-c88a994cdf8e/text &amp#27;[39m&amp#27;[32m200&amp#27;[39m &amp#27;[90m12 ms - 74&amp#27;[39m
&amp#27;[35m[HTTP]&amp#27;[39m &amp#27;[90m&amp#27;[39m
&amp#27;[35m[HTTP]&amp#27;[39m &amp#27;[37m-->&amp#27;[39m &amp#27;[37mGET&amp#27;[39m &amp#27;[37m/wd/hub/session/17588393-9eac-4cd9-9399-d342c6384ea7/context&amp#27;[39m
&amp#27;[35m[HTTP]&amp#27;[39m &amp#27;[90m{}&amp#27;[39m
[debug] &amp#27;[35m[W3C (17588393)]&amp#27;[39m Calling AppiumDriver.getCurrentContext() with args: ["17588393-9eac-4cd9-9399-d342c6384ea7"]
[debug] &amp#27;[35m[W3C (17588393)]&amp#27;[39m Responding to client with driver.getCurrentContext() result: "NATIVE_APP"
&amp#27;[35m[HTTP]&amp#27;[39m &amp#27;[37m<-- GET /wd/hub/session/17588393-9eac-4cd9-9399-d342c6384ea7/context &amp#27;[39m&amp#27;[32m200&amp#27;[39m &amp#27;[90m1 ms - 22&amp#27;[39m
&amp#27;[35m[HTTP]&amp#27;[39m &amp#27;[90m&amp#27;[39m
&amp#27;[35m[HTTP]&amp#27;[39m &amp#27;[37m-->&amp#27;[39m &amp#27;[37mPOST&amp#27;[39m &amp#27;[37m/wd/hub/session/17588393-9eac-4cd9-9399-d342c6384ea7/element&amp#27;[39m
&amp#27;[35m[HTTP]&amp#27;[39m &amp#27;[90m{"using":"id","value":"com.androidsample.generalstore:id/btnLetsShop"}&amp#27;[39m
[debug] &amp#27;[35m[W3C (17588393)]&amp#27;[39m Calling AppiumDriver.findElement() with args: ["id","com.androidsample.generalstore:id/btnLetsShop","17588393-9eac-4cd9-9399-d342c6384ea7"]
[debug] &amp#27;[35m[BaseDriver]&amp#27;[39m Valid locator strategies for this request: xpath, id, class name, accessibility id, -android uiautomator
[debug] &amp#27;[35m[BaseDriver]&amp#27;[39m Waiting up to 10000 ms for condition
[debug] &amp#27;[35m[WD Proxy]&amp#27;[39m Matched '/element' to command name 'findElement'
[debug] &amp#27;[35m[WD Proxy]&amp#27;[39m Proxying [POST /element] to [POST http://127.0.0.1:8200/wd/hub/session/91bae3ee-22d3-4f66-983f-d2a440c0f1db/element] with body: {"strategy":"id","selector":"com.androidsample.generalstore:id/btnLetsShop","context":"","multiple":false}
[debug] &amp#27;[35m[WD Proxy]&amp#27;[39m Got response with status 200: {"sessionId":"91bae3ee-22d3-4f66-983f-d2a440c0f1db","value":{"ELEMENT":"3118bb0a-eb89-4147-8a09-45bcf863cdf2","element-6066-11e4-a52e-4f735466cecf":"3118bb0a-eb89-4147-8a09-45bcf863cdf2"}}
[debug] &amp#27;[35m[W3C (17588393)]&amp#27;[39m Responding to client with driver.findElement() result: {"element-6066-11e4-a52e-4f735466cecf":"3118bb0a-eb89-4147-8a09-45bcf863cdf2","ELEMENT":"3118bb0a-eb89-4147-8a09-45bcf863cdf2"}
&amp#27;[35m[HTTP]&amp#27;[39m &amp#27;[37m<-- POST /wd/hub/session/17588393-9eac-4cd9-9399-d342c6384ea7/element &amp#27;[39m&amp#27;[32m200&amp#27;[39m &amp#27;[90m17 ms - 137&amp#27;[39m
&amp#27;[35m[HTTP]&amp#27;[39m &amp#27;[90m&amp#27;[39m
&amp#27;[35m[HTTP]&amp#27;[39m &amp#27;[37m-->&amp#27;[39m &amp#27;[37mPOST&amp#27;[39m &amp#27;[37m/wd/hub/session/17588393-9eac-4cd9-9399-d342c6384ea7/element/3118bb0a-eb89-4147-8a09-45bcf863cdf2/click&amp#27;[39m
&amp#27;[35m[HTTP]&amp#27;[39m &amp#27;[90m{"id":"3118bb0a-eb89-4147-8a09-45bcf863cdf2"}&amp#27;[39m
[debug] &amp#27;[35m[W3C (17588393)]&amp#27;[39m Calling AppiumDriver.click() with args: ["3118bb0a-eb89-4147-8a09-45bcf863cdf2","17588393-9eac-4cd9-9399-d342c6384ea7"]
[debug] &amp#27;[35m[WD Proxy]&amp#27;[39m Matched '/element/3118bb0a-eb89-4147-8a09-45bcf863cdf2/click' to command name 'click'
[debug] &amp#27;[35m[WD Proxy]&amp#27;[39m Proxying [POST /element/3118bb0a-eb89-4147-8a09-45bcf863cdf2/click] to [POST http://127.0.0.1:8200/wd/hub/session/91bae3ee-22d3-4f66-983f-d2a440c0f1db/element/3118bb0a-eb89-4147-8a09-45bcf863cdf2/click] with body: {"element":"3118bb0a-eb89-4147-8a09-45bcf863cdf2"}
[debug] &amp#27;[35m[WD Proxy]&amp#27;[39m Got response with status 200: {"sessionId":"91bae3ee-22d3-4f66-983f-d2a440c0f1db","value":null}
[debug] &amp#27;[35m[W3C (17588393)]&amp#27;[39m Responding to client with driver.click() result: null
&amp#27;[35m[HTTP]&amp#27;[39m &amp#27;[37m<-- POST /wd/hub/session/17588393-9eac-4cd9-9399-d342c6384ea7/element/3118bb0a-eb89-4147-8a09-45bcf863cdf2/click &amp#27;[39m&amp#27;[32m200&amp#27;[39m &amp#27;[90m19 ms - 14&amp#27;[39m
&amp#27;[35m[HTTP]&amp#27;[39m &amp#27;[90m&amp#27;[39m
]]></system-out>
  </testcase>
  <testcase name="productsPage[Products](1)" classname="test.AppiumFramework.ProductsTest" time="0.356">
    <system-out><![CDATA[&amp#27;[35m[HTTP]&amp#27;[39m &amp#27;[37m-->&amp#27;[39m &amp#27;[37mGET&amp#27;[39m &amp#27;[37m/wd/hub/session/17588393-9eac-4cd9-9399-d342c6384ea7/context&amp#27;[39m
&amp#27;[35m[HTTP]&amp#27;[39m &amp#27;[90m{}&amp#27;[39m
[debug] &amp#27;[35m[W3C (17588393)]&amp#27;[39m Calling AppiumDriver.getCurrentContext() with args: ["17588393-9eac-4cd9-9399-d342c6384ea7"]
[debug] &amp#27;[35m[W3C (17588393)]&amp#27;[39m Responding to client with driver.getCurrentContext() result: "NATIVE_APP"
&amp#27;[35m[HTTP]&amp#27;[39m &amp#27;[37m<-- GET /wd/hub/session/17588393-9eac-4cd9-9399-d342c6384ea7/context &amp#27;[39m&amp#27;[32m200&amp#27;[39m &amp#27;[90m9 ms - 22&amp#27;[39m
&amp#27;[35m[HTTP]&amp#27;[39m &amp#27;[90m&amp#27;[39m
&amp#27;[35m[HTTP]&amp#27;[39m &amp#27;[37m-->&amp#27;[39m &amp#27;[37mPOST&amp#27;[39m &amp#27;[37m/wd/hub/session/17588393-9eac-4cd9-9399-d342c6384ea7/element&amp#27;[39m
&amp#27;[35m[HTTP]&amp#27;[39m &amp#27;[90m{"using":"id","value":"com.androidsample.generalstore:id/toolbar_title"}&amp#27;[39m
[debug] &amp#27;[35m[W3C (17588393)]&amp#27;[39m Calling AppiumDriver.findElement() with args: ["id","com.androidsample.generalstore:id/toolbar_title","17588393-9eac-4cd9-9399-d342c6384ea7"]
[debug] &amp#27;[35m[BaseDriver]&amp#27;[39m Valid locator strategies for this request: xpath, id, class name, accessibility id, -android uiautomator
[debug] &amp#27;[35m[BaseDriver]&amp#27;[39m Waiting up to 10000 ms for condition
[debug] &amp#27;[35m[WD Proxy]&amp#27;[39m Matched '/element' to command name 'findElement'
[debug] &amp#27;[35m[WD Proxy]&amp#27;[39m Proxying [POST /element] to [POST http://127.0.0.1:8200/wd/hub/session/91bae3ee-22d3-4f66-983f-d2a440c0f1db/element] with body: {"strategy":"id","selector":"com.androidsample.generalstore:id/toolbar_title","context":"","multiple":false}
[debug] &amp#27;[35m[WD Proxy]&amp#27;[39m Got response with status 200: {"sessionId":"91bae3ee-22d3-4f66-983f-d2a440c0f1db","value":{"ELEMENT":"6abbac8e-0be1-4502-9093-d96e50c64fa2","element-6066-11e4-a52e-4f735466cecf":"6abbac8e-0be1-4502-9093-d96e50c64fa2"}}
[debug] &amp#27;[35m[W3C (17588393)]&amp#27;[39m Responding to client with driver.findElement() result: {"element-6066-11e4-a52e-4f735466cecf":"6abbac8e-0be1-4502-9093-d96e50c64fa2","ELEMENT":"6abbac8e-0be1-4502-9093-d96e50c64fa2"}
&amp#27;[35m[HTTP]&amp#27;[39m &amp#27;[37m<-- POST /wd/hub/session/17588393-9eac-4cd9-9399-d342c6384ea7/element &amp#27;[39m&amp#27;[32m200&amp#27;[39m &amp#27;[90m35 ms - 137&amp#27;[39m
&amp#27;[35m[HTTP]&amp#27;[39m &amp#27;[90m&amp#27;[39m
&amp#27;[35m[HTTP]&amp#27;[39m &amp#27;[37m-->&amp#27;[39m &amp#27;[37mGET&amp#27;[39m &amp#27;[37m/wd/hub/session/17588393-9eac-4cd9-9399-d342c6384ea7/element/6abbac8e-0be1-4502-9093-d96e50c64fa2/text&amp#27;[39m
&amp#27;[35m[HTTP]&amp#27;[39m &amp#27;[90m{}&amp#27;[39m
&amp#27;[35m[W3C (17588393)]&amp#27;[39m Driver proxy active, passing request on via HTTP proxy
[debug] &amp#27;[35m[WD Proxy]&amp#27;[39m Matched '/wd/hub/session/17588393-9eac-4cd9-9399-d342c6384ea7/element/6abbac8e-0be1-4502-9093-d96e50c64fa2/text' to command name 'getText'
[debug] &amp#27;[35m[WD Proxy]&amp#27;[39m Proxying [GET /wd/hub/session/17588393-9eac-4cd9-9399-d342c6384ea7/element/6abbac8e-0be1-4502-9093-d96e50c64fa2/text] to [GET http://127.0.0.1:8200/wd/hub/session/91bae3ee-22d3-4f66-983f-d2a440c0f1db/element/6abbac8e-0be1-4502-9093-d96e50c64fa2/text] with no body
[debug] &amp#27;[35m[WD Proxy]&amp#27;[39m Got response with status 200: {"sessionId":"91bae3ee-22d3-4f66-983f-d2a440c0f1db","value":"Products"}
&amp#27;[35m[WD Proxy]&amp#27;[39m Replacing sessionId 91bae3ee-22d3-4f66-983f-d2a440c0f1db with 17588393-9eac-4cd9-9399-d342c6384ea7
&amp#27;[35m[HTTP]&amp#27;[39m &amp#27;[37m<-- GET /wd/hub/session/17588393-9eac-4cd9-9399-d342c6384ea7/element/6abbac8e-0be1-4502-9093-d96e50c64fa2/text &amp#27;[39m&amp#27;[32m200&amp#27;[39m &amp#27;[90m16 ms - 71&amp#27;[39m
&amp#27;[35m[HTTP]&amp#27;[39m &amp#27;[90m&amp#27;[39m
&amp#27;[35m[HTTP]&amp#27;[39m &amp#27;[37m-->&amp#27;[39m &amp#27;[37mGET&amp#27;[39m &amp#27;[37m/wd/hub/session/17588393-9eac-4cd9-9399-d342c6384ea7/context&amp#27;[39m
&amp#27;[35m[HTTP]&amp#27;[39m &amp#27;[90m{}&amp#27;[39m
[debug] &amp#27;[35m[W3C (17588393)]&amp#27;[39m Calling AppiumDriver.getCurrentContext() with args: ["17588393-9eac-4cd9-9399-d342c6384ea7"]
[debug] &amp#27;[35m[W3C (17588393)]&amp#27;[39m Responding to client with driver.getCurrentContext() result: "NATIVE_APP"
&amp#27;[35m[HTTP]&amp#27;[39m &amp#27;[37m<-- GET /wd/hub/session/17588393-9eac-4cd9-9399-d342c6384ea7/context &amp#27;[39m&amp#27;[32m200&amp#27;[39m &amp#27;[90m2 ms - 22&amp#27;[39m
&amp#27;[35m[HTTP]&amp#27;[39m &amp#27;[90m&amp#27;[39m
&amp#27;[35m[HTTP]&amp#27;[39m &amp#27;[37m-->&amp#27;[39m &amp#27;[37mPOST&amp#27;[39m &amp#27;[37m/wd/hub/session/17588393-9eac-4cd9-9399-d342c6384ea7/element&amp#27;[39m
&amp#27;[35m[HTTP]&amp#27;[39m &amp#27;[90m{"using":"id","value":"com.androidsample.generalstore:id/appbar_btn_cart"}&amp#27;[39m
[debug] &amp#27;[35m[W3C (17588393)]&amp#27;[39m Calling AppiumDriver.findElement() with args: ["id","com.androidsample.generalstore:id/appbar_btn_cart","17588393-9eac-4cd9-9399-d342c6384ea7"]
[debug] &amp#27;[35m[BaseDriver]&amp#27;[39m Valid locator strategies for this request: xpath, id, class name, accessibility id, -android uiautomator
[debug] &amp#27;[35m[BaseDriver]&amp#27;[39m Waiting up to 10000 ms for condition
[debug] &amp#27;[35m[WD Proxy]&amp#27;[39m Matched '/element' to command name 'findElement'
[debug] &amp#27;[35m[WD Proxy]&amp#27;[39m Proxying [POST /element] to [POST http://127.0.0.1:8200/wd/hub/session/91bae3ee-22d3-4f66-983f-d2a440c0f1db/element] with body: {"strategy":"id","selector":"com.androidsample.generalstore:id/appbar_btn_cart","context":"","multiple":false}
[debug] &amp#27;[35m[WD Proxy]&amp#27;[39m Got response with status 200: {"sessionId":"91bae3ee-22d3-4f66-983f-d2a440c0f1db","value":{"ELEMENT":"63e18604-03ab-4c3c-9a3a-0f58142766ab","element-6066-11e4-a52e-4f735466cecf":"63e18604-03ab-4c3c-9a3a-0f58142766ab"}}
[debug] &amp#27;[35m[W3C (17588393)]&amp#27;[39m Responding to client with driver.findElement() result: {"element-6066-11e4-a52e-4f735466cecf":"63e18604-03ab-4c3c-9a3a-0f58142766ab","ELEMENT":"63e18604-03ab-4c3c-9a3a-0f58142766ab"}
&amp#27;[35m[HTTP]&amp#27;[39m &amp#27;[37m<-- POST /wd/hub/session/17588393-9eac-4cd9-9399-d342c6384ea7/element &amp#27;[39m&amp#27;[32m200&amp#27;[39m &amp#27;[90m25 ms - 137&amp#27;[39m
&amp#27;[35m[HTTP]&amp#27;[39m &amp#27;[90m&amp#27;[39m
&amp#27;[35m[HTTP]&amp#27;[39m &amp#27;[37m-->&amp#27;[39m &amp#27;[37mGET&amp#27;[39m &amp#27;[37m/wd/hub/session/17588393-9eac-4cd9-9399-d342c6384ea7/element/63e18604-03ab-4c3c-9a3a-0f58142766ab/displayed&amp#27;[39m
&amp#27;[35m[HTTP]&amp#27;[39m &amp#27;[90m{}&amp#27;[39m
[debug] &amp#27;[35m[W3C (17588393)]&amp#27;[39m Calling AppiumDriver.elementDisplayed() with args: ["63e18604-03ab-4c3c-9a3a-0f58142766ab","17588393-9eac-4cd9-9399-d342c6384ea7"]
[debug] &amp#27;[35m[WD Proxy]&amp#27;[39m Matched '/element/63e18604-03ab-4c3c-9a3a-0f58142766ab/attribute/displayed' to command name 'getAttribute'
[debug] &amp#27;[35m[WD Proxy]&amp#27;[39m Proxying [GET /element/63e18604-03ab-4c3c-9a3a-0f58142766ab/attribute/displayed] to [GET http://127.0.0.1:8200/wd/hub/session/91bae3ee-22d3-4f66-983f-d2a440c0f1db/element/63e18604-03ab-4c3c-9a3a-0f58142766ab/attribute/displayed] with no body
[debug] &amp#27;[35m[WD Proxy]&amp#27;[39m Got response with status 200: {"sessionId":"91bae3ee-22d3-4f66-983f-d2a440c0f1db","value":"true"}
[debug] &amp#27;[35m[W3C (17588393)]&amp#27;[39m Responding to client with driver.elementDisplayed() result: true
&amp#27;[35m[HTTP]&amp#27;[39m &amp#27;[37m<-- GET /wd/hub/session/17588393-9eac-4cd9-9399-d342c6384ea7/element/63e18604-03ab-4c3c-9a3a-0f58142766ab/displayed &amp#27;[39m&amp#27;[32m200&amp#27;[39m &amp#27;[90m18 ms - 14&amp#27;[39m
&amp#27;[35m[HTTP]&amp#27;[39m &amp#27;[90m&amp#27;[39m
&amp#27;[35m[HTTP]&amp#27;[39m &amp#27;[37m-->&amp#27;[39m &amp#27;[37mGET&amp#27;[39m &amp#27;[37m/wd/hub/session/17588393-9eac-4cd9-9399-d342c6384ea7/context&amp#27;[39m
&amp#27;[35m[HTTP]&amp#27;[39m &amp#27;[90m{}&amp#27;[39m
[debug] &amp#27;[35m[W3C (17588393)]&amp#27;[39m Calling AppiumDriver.getCurrentContext() with args: ["17588393-9eac-4cd9-9399-d342c6384ea7"]
[debug] &amp#27;[35m[W3C (17588393)]&amp#27;[39m Responding to client with driver.getCurrentContext() result: "NATIVE_APP"
&amp#27;[35m[HTTP]&amp#27;[39m &amp#27;[37m<-- GET /wd/hub/session/17588393-9eac-4cd9-9399-d342c6384ea7/context &amp#27;[39m&amp#27;[32m200&amp#27;[39m &amp#27;[90m2 ms - 22&amp#27;[39m
&amp#27;[35m[HTTP]&amp#27;[39m &amp#27;[90m&amp#27;[39m
&amp#27;[35m[HTTP]&amp#27;[39m &amp#27;[37m-->&amp#27;[39m &amp#27;[37mPOST&amp#27;[39m &amp#27;[37m/wd/hub/session/17588393-9eac-4cd9-9399-d342c6384ea7/element&amp#27;[39m
&amp#27;[35m[HTTP]&amp#27;[39m &amp#27;[90m{"using":"id","value":"com.androidsample.generalstore:id/appbar_btn_cart"}&amp#27;[39m
[debug] &amp#27;[35m[W3C (17588393)]&amp#27;[39m Calling AppiumDriver.findElement() with args: ["id","com.androidsample.generalstore:id/appbar_btn_cart","17588393-9eac-4cd9-9399-d342c6384ea7"]
[debug] &amp#27;[35m[BaseDriver]&amp#27;[39m Valid locator strategies for this request: xpath, id, class name, accessibility id, -android uiautomator
[debug] &amp#27;[35m[BaseDriver]&amp#27;[39m Waiting up to 10000 ms for condition
[debug] &amp#27;[35m[WD Proxy]&amp#27;[39m Matched '/element' to command name 'findElement'
[debug] &amp#27;[35m[WD Proxy]&amp#27;[39m Proxying [POST /element] to [POST http://127.0.0.1:8200/wd/hub/session/91bae3ee-22d3-4f66-983f-d2a440c0f1db/element] with body: {"strategy":"id","selector":"com.androidsample.generalstore:id/appbar_btn_cart","context":"","multiple":false}
[debug] &amp#27;[35m[WD Proxy]&amp#27;[39m Got response with status 200: {"sessionId":"91bae3ee-22d3-4f66-983f-d2a440c0f1db","value":{"ELEMENT":"9388afc3-8289-4334-9c66-d7da66381e62","element-6066-11e4-a52e-4f735466cecf":"9388afc3-8289-4334-9c66-d7da66381e62"}}
[debug] &amp#27;[35m[W3C (17588393)]&amp#27;[39m Responding to client with driver.findElement() result: {"element-6066-11e4-a52e-4f735466cecf":"9388afc3-8289-4334-9c66-d7da66381e62","ELEMENT":"9388afc3-8289-4334-9c66-d7da66381e62"}
&amp#27;[35m[HTTP]&amp#27;[39m &amp#27;[37m<-- POST /wd/hub/session/17588393-9eac-4cd9-9399-d342c6384ea7/element &amp#27;[39m&amp#27;[32m200&amp#27;[39m &amp#27;[90m25 ms - 137&amp#27;[39m
&amp#27;[35m[HTTP]&amp#27;[39m &amp#27;[90m&amp#27;[39m
&amp#27;[35m[HTTP]&amp#27;[39m &amp#27;[37m-->&amp#27;[39m &amp#27;[37mGET&amp#27;[39m &amp#27;[37m/wd/hub/session/17588393-9eac-4cd9-9399-d342c6384ea7/element/9388afc3-8289-4334-9c66-d7da66381e62/enabled&amp#27;[39m
&amp#27;[35m[HTTP]&amp#27;[39m &amp#27;[90m{}&amp#27;[39m
[debug] &amp#27;[35m[W3C (17588393)]&amp#27;[39m Calling AppiumDriver.elementEnabled() with args: ["9388afc3-8289-4334-9c66-d7da66381e62","17588393-9eac-4cd9-9399-d342c6384ea7"]
[debug] &amp#27;[35m[WD Proxy]&amp#27;[39m Matched '/element/9388afc3-8289-4334-9c66-d7da66381e62/attribute/enabled' to command name 'getAttribute'
[debug] &amp#27;[35m[WD Proxy]&amp#27;[39m Proxying [GET /element/9388afc3-8289-4334-9c66-d7da66381e62/attribute/enabled] to [GET http://127.0.0.1:8200/wd/hub/session/91bae3ee-22d3-4f66-983f-d2a440c0f1db/element/9388afc3-8289-4334-9c66-d7da66381e62/attribute/enabled] with no body
[debug] &amp#27;[35m[WD Proxy]&amp#27;[39m Got response with status 200: {"sessionId":"91bae3ee-22d3-4f66-983f-d2a440c0f1db","value":"true"}
[debug] &amp#27;[35m[W3C (17588393)]&amp#27;[39m Responding to client with driver.elementEnabled() result: true
&amp#27;[35m[HTTP]&amp#27;[39m &amp#27;[37m<-- GET /wd/hub/session/17588393-9eac-4cd9-9399-d342c6384ea7/element/9388afc3-8289-4334-9c66-d7da66381e62/enabled &amp#27;[39m&amp#27;[32m200&amp#27;[39m &amp#27;[90m12 ms - 14&amp#27;[39m
&amp#27;[35m[HTTP]&amp#27;[39m &amp#27;[90m&amp#27;[39m
&amp#27;[35m[HTTP]&amp#27;[39m &amp#27;[37m-->&amp#27;[39m &amp#27;[37mGET&amp#27;[39m &amp#27;[37m/wd/hub/session/17588393-9eac-4cd9-9399-d342c6384ea7/context&amp#27;[39m
&amp#27;[35m[HTTP]&amp#27;[39m &amp#27;[90m{}&amp#27;[39m
[debug] &amp#27;[35m[W3C (17588393)]&amp#27;[39m Calling AppiumDriver.getCurrentContext() with args: ["17588393-9eac-4cd9-9399-d342c6384ea7"]
[debug] &amp#27;[35m[W3C (17588393)]&amp#27;[39m Responding to client with driver.getCurrentContext() result: "NATIVE_APP"
&amp#27;[35m[HTTP]&amp#27;[39m &amp#27;[37m<-- GET /wd/hub/session/17588393-9eac-4cd9-9399-d342c6384ea7/context &amp#27;[39m&amp#27;[32m200&amp#27;[39m &amp#27;[90m2 ms - 22&amp#27;[39m
&amp#27;[35m[HTTP]&amp#27;[39m &amp#27;[90m&amp#27;[39m
&amp#27;[35m[HTTP]&amp#27;[39m &amp#27;[37m-->&amp#27;[39m &amp#27;[37mPOST&amp#27;[39m &amp#27;[37m/wd/hub/session/17588393-9eac-4cd9-9399-d342c6384ea7/element&amp#27;[39m
&amp#27;[35m[HTTP]&amp#27;[39m &amp#27;[90m{"using":"id","value":"com.androidsample.generalstore:id/appbar_btn_cart"}&amp#27;[39m
[debug] &amp#27;[35m[W3C (17588393)]&amp#27;[39m Calling AppiumDriver.findElement() with args: ["id","com.androidsample.generalstore:id/appbar_btn_cart","17588393-9eac-4cd9-9399-d342c6384ea7"]
[debug] &amp#27;[35m[BaseDriver]&amp#27;[39m Valid locator strategies for this request: xpath, id, class name, accessibility id, -android uiautomator
[debug] &amp#27;[35m[BaseDriver]&amp#27;[39m Waiting up to 10000 ms for condition
[debug] &amp#27;[35m[WD Proxy]&amp#27;[39m Matched '/element' to command name 'findElement'
[debug] &amp#27;[35m[WD Proxy]&amp#27;[39m Proxying [POST /element] to [POST http://127.0.0.1:8200/wd/hub/session/91bae3ee-22d3-4f66-983f-d2a440c0f1db/element] with body: {"strategy":"id","selector":"com.androidsample.generalstore:id/appbar_btn_cart","context":"","multiple":false}
[debug] &amp#27;[35m[WD Proxy]&amp#27;[39m Got response with status 200: {"sessionId":"91bae3ee-22d3-4f66-983f-d2a440c0f1db","value":{"ELEMENT":"db9f8de0-4d00-4788-a315-7f71f6aaeba8","element-6066-11e4-a52e-4f735466cecf":"db9f8de0-4d00-4788-a315-7f71f6aaeba8"}}
[debug] &amp#27;[35m[W3C (17588393)]&amp#27;[39m Responding to client with driver.findElement() result: {"element-6066-11e4-a52e-4f735466cecf":"db9f8de0-4d00-4788-a315-7f71f6aaeba8","ELEMENT":"db9f8de0-4d00-4788-a315-7f71f6aaeba8"}
&amp#27;[35m[HTTP]&amp#27;[39m &amp#27;[37m<-- POST /wd/hub/session/17588393-9eac-4cd9-9399-d342c6384ea7/element &amp#27;[39m&amp#27;[32m200&amp#27;[39m &amp#27;[90m18 ms - 137&amp#27;[39m
&amp#27;[35m[HTTP]&amp#27;[39m &amp#27;[90m&amp#27;[39m
&amp#27;[35m[HTTP]&amp#27;[39m &amp#27;[37m-->&amp#27;[39m &amp#27;[37mGET&amp#27;[39m &amp#27;[37m/wd/hub/session/17588393-9eac-4cd9-9399-d342c6384ea7/element/db9f8de0-4d00-4788-a315-7f71f6aaeba8/attribute/clickable&amp#27;[39m
&amp#27;[35m[HTTP]&amp#27;[39m &amp#27;[90m{}&amp#27;[39m
[debug] &amp#27;[35m[W3C (17588393)]&amp#27;[39m Calling AppiumDriver.getAttribute() with args: ["clickable","db9f8de0-4d00-4788-a315-7f71f6aaeba8","17588393-9eac-4cd9-9399-d342c6384ea7"]
[debug] &amp#27;[35m[WD Proxy]&amp#27;[39m Matched '/element/db9f8de0-4d00-4788-a315-7f71f6aaeba8/attribute/clickable' to command name 'getAttribute'
[debug] &amp#27;[35m[WD Proxy]&amp#27;[39m Proxying [GET /element/db9f8de0-4d00-4788-a315-7f71f6aaeba8/attribute/clickable] to [GET http://127.0.0.1:8200/wd/hub/session/91bae3ee-22d3-4f66-983f-d2a440c0f1db/element/db9f8de0-4d00-4788-a315-7f71f6aaeba8/attribute/clickable] with no body
[debug] &amp#27;[35m[WD Proxy]&amp#27;[39m Got response with status 200: {"sessionId":"91bae3ee-22d3-4f66-983f-d2a440c0f1db","value":"true"}
[debug] &amp#27;[35m[W3C (17588393)]&amp#27;[39m Responding to client with driver.getAttribute() result: "true"
&amp#27;[35m[HTTP]&amp#27;[39m &amp#27;[37m<-- GET /wd/hub/session/17588393-9eac-4cd9-9399-d342c6384ea7/element/db9f8de0-4d00-4788-a315-7f71f6aaeba8/attribute/clickable &amp#27;[39m&amp#27;[32m200&amp#27;[39m &amp#27;[90m13 ms - 16&amp#27;[39m
&amp#27;[35m[HTTP]&amp#27;[39m &amp#27;[90m&amp#27;[39m
&amp#27;[35m[HTTP]&amp#27;[39m &amp#27;[37m-->&amp#27;[39m &amp#27;[37mGET&amp#27;[39m &amp#27;[37m/wd/hub/session/17588393-9eac-4cd9-9399-d342c6384ea7/context&amp#27;[39m
&amp#27;[35m[HTTP]&amp#27;[39m &amp#27;[90m{}&amp#27;[39m
[debug] &amp#27;[35m[W3C (17588393)]&amp#27;[39m Calling AppiumDriver.getCurrentContext() with args: ["17588393-9eac-4cd9-9399-d342c6384ea7"]
[debug] &amp#27;[35m[W3C (17588393)]&amp#27;[39m Responding to client with driver.getCurrentContext() result: "NATIVE_APP"
&amp#27;[35m[HTTP]&amp#27;[39m &amp#27;[37m<-- GET /wd/hub/session/17588393-9eac-4cd9-9399-d342c6384ea7/context &amp#27;[39m&amp#27;[32m200&amp#27;[39m &amp#27;[90m1 ms - 22&amp#27;[39m
&amp#27;[35m[HTTP]&amp#27;[39m &amp#27;[90m&amp#27;[39m
&amp#27;[35m[HTTP]&amp#27;[39m &amp#27;[37m-->&amp#27;[39m &amp#27;[37mPOST&amp#27;[39m &amp#27;[37m/wd/hub/session/17588393-9eac-4cd9-9399-d342c6384ea7/element&amp#27;[39m
&amp#27;[35m[HTTP]&amp#27;[39m &amp#27;[90m{"using":"id","value":"com.androidsample.generalstore:id/appbar_btn_back"}&amp#27;[39m
[debug] &amp#27;[35m[W3C (17588393)]&amp#27;[39m Calling AppiumDriver.findElement() with args: ["id","com.androidsample.generalstore:id/appbar_btn_back","17588393-9eac-4cd9-9399-d342c6384ea7"]
[debug] &amp#27;[35m[BaseDriver]&amp#27;[39m Valid locator strategies for this request: xpath, id, class name, accessibility id, -android uiautomator
[debug] &amp#27;[35m[BaseDriver]&amp#27;[39m Waiting up to 10000 ms for condition
[debug] &amp#27;[35m[WD Proxy]&amp#27;[39m Matched '/element' to command name 'findElement'
[debug] &amp#27;[35m[WD Proxy]&amp#27;[39m Proxying [POST /element] to [POST http://127.0.0.1:8200/wd/hub/session/91bae3ee-22d3-4f66-983f-d2a440c0f1db/element] with body: {"strategy":"id","selector":"com.androidsample.generalstore:id/appbar_btn_back","context":"","multiple":false}
[debug] &amp#27;[35m[WD Proxy]&amp#27;[39m Got response with status 200: {"sessionId":"91bae3ee-22d3-4f66-983f-d2a440c0f1db","value":{"ELEMENT":"27493f0a-1557-4171-a728-a29e142f343f","element-6066-11e4-a52e-4f735466cecf":"27493f0a-1557-4171-a728-a29e142f343f"}}
[debug] &amp#27;[35m[W3C (17588393)]&amp#27;[39m Responding to client with driver.findElement() result: {"element-6066-11e4-a52e-4f735466cecf":"27493f0a-1557-4171-a728-a29e142f343f","ELEMENT":"27493f0a-1557-4171-a728-a29e142f343f"}
&amp#27;[35m[HTTP]&amp#27;[39m &amp#27;[37m<-- POST /wd/hub/session/17588393-9eac-4cd9-9399-d342c6384ea7/element &amp#27;[39m&amp#27;[32m200&amp#27;[39m &amp#27;[90m20 ms - 137&amp#27;[39m
&amp#27;[35m[HTTP]&amp#27;[39m &amp#27;[90m&amp#27;[39m
&amp#27;[35m[HTTP]&amp#27;[39m &amp#27;[37m-->&amp#27;[39m &amp#27;[37mGET&amp#27;[39m &amp#27;[37m/wd/hub/session/17588393-9eac-4cd9-9399-d342c6384ea7/element/27493f0a-1557-4171-a728-a29e142f343f/displayed&amp#27;[39m
&amp#27;[35m[HTTP]&amp#27;[39m &amp#27;[90m{}&amp#27;[39m
[debug] &amp#27;[35m[W3C (17588393)]&amp#27;[39m Calling AppiumDriver.elementDisplayed() with args: ["27493f0a-1557-4171-a728-a29e142f343f","17588393-9eac-4cd9-9399-d342c6384ea7"]
[debug] &amp#27;[35m[WD Proxy]&amp#27;[39m Matched '/element/27493f0a-1557-4171-a728-a29e142f343f/attribute/displayed' to command name 'getAttribute'
[debug] &amp#27;[35m[WD Proxy]&amp#27;[39m Proxying [GET /element/27493f0a-1557-4171-a728-a29e142f343f/attribute/displayed] to [GET http://127.0.0.1:8200/wd/hub/session/91bae3ee-22d3-4f66-983f-d2a440c0f1db/element/27493f0a-1557-4171-a728-a29e142f343f/attribute/displayed] with no body
[debug] &amp#27;[35m[WD Proxy]&amp#27;[39m Got response with status 200: {"sessionId":"91bae3ee-22d3-4f66-983f-d2a440c0f1db","value":"true"}
[debug] &amp#27;[35m[W3C (17588393)]&amp#27;[39m Responding to client with driver.elementDisplayed() result: true
&amp#27;[35m[HTTP]&amp#27;[39m &amp#27;[37m<-- GET /wd/hub/session/17588393-9eac-4cd9-9399-d342c6384ea7/element/27493f0a-1557-4171-a728-a29e142f343f/displayed &amp#27;[39m&amp#27;[32m200&amp#27;[39m &amp#27;[90m12 ms - 14&amp#27;[39m
&amp#27;[35m[HTTP]&amp#27;[39m &amp#27;[90m&amp#27;[39m
&amp#27;[35m[HTTP]&amp#27;[39m &amp#27;[37m-->&amp#27;[39m &amp#27;[37mGET&amp#27;[39m &amp#27;[37m/wd/hub/session/17588393-9eac-4cd9-9399-d342c6384ea7/context&amp#27;[39m
&amp#27;[35m[HTTP]&amp#27;[39m &amp#27;[90m{}&amp#27;[39m
[debug] &amp#27;[35m[W3C (17588393)]&amp#27;[39m Calling AppiumDriver.getCurrentContext() with args: ["17588393-9eac-4cd9-9399-d342c6384ea7"]
[debug] &amp#27;[35m[W3C (17588393)]&amp#27;[39m Responding to client with driver.getCurrentContext() result: "NATIVE_APP"
&amp#27;[35m[HTTP]&amp#27;[39m &amp#27;[37m<-- GET /wd/hub/session/17588393-9eac-4cd9-9399-d342c6384ea7/context &amp#27;[39m&amp#27;[32m200&amp#27;[39m &amp#27;[90m1 ms - 22&amp#27;[39m
&amp#27;[35m[HTTP]&amp#27;[39m &amp#27;[90m&amp#27;[39m
&amp#27;[35m[HTTP]&amp#27;[39m &amp#27;[37m-->&amp#27;[39m &amp#27;[37mPOST&amp#27;[39m &amp#27;[37m/wd/hub/session/17588393-9eac-4cd9-9399-d342c6384ea7/element&amp#27;[39m
&amp#27;[35m[HTTP]&amp#27;[39m &amp#27;[90m{"using":"id","value":"com.androidsample.generalstore:id/appbar_btn_back"}&amp#27;[39m
[debug] &amp#27;[35m[W3C (17588393)]&amp#27;[39m Calling AppiumDriver.findElement() with args: ["id","com.androidsample.generalstore:id/appbar_btn_back","17588393-9eac-4cd9-9399-d342c6384ea7"]
[debug] &amp#27;[35m[BaseDriver]&amp#27;[39m Valid locator strategies for this request: xpath, id, class name, accessibility id, -android uiautomator
[debug] &amp#27;[35m[BaseDriver]&amp#27;[39m Waiting up to 10000 ms for condition
[debug] &amp#27;[35m[WD Proxy]&amp#27;[39m Matched '/element' to command name 'findElement'
[debug] &amp#27;[35m[WD Proxy]&amp#27;[39m Proxying [POST /element] to [POST http://127.0.0.1:8200/wd/hub/session/91bae3ee-22d3-4f66-983f-d2a440c0f1db/element] with body: {"strategy":"id","selector":"com.androidsample.generalstore:id/appbar_btn_back","context":"","multiple":false}
[debug] &amp#27;[35m[WD Proxy]&amp#27;[39m Got response with status 200: {"sessionId":"91bae3ee-22d3-4f66-983f-d2a440c0f1db","value":{"ELEMENT":"0959c539-099e-4f2a-b8b5-c43968dea5b7","element-6066-11e4-a52e-4f735466cecf":"0959c539-099e-4f2a-b8b5-c43968dea5b7"}}
[debug] &amp#27;[35m[W3C (17588393)]&amp#27;[39m Responding to client with driver.findElement() result: {"element-6066-11e4-a52e-4f735466cecf":"0959c539-099e-4f2a-b8b5-c43968dea5b7","ELEMENT":"0959c539-099e-4f2a-b8b5-c43968dea5b7"}
&amp#27;[35m[HTTP]&amp#27;[39m &amp#27;[37m<-- POST /wd/hub/session/17588393-9eac-4cd9-9399-d342c6384ea7/element &amp#27;[39m&amp#27;[32m200&amp#27;[39m &amp#27;[90m19 ms - 137&amp#27;[39m
&amp#27;[35m[HTTP]&amp#27;[39m &amp#27;[90m&amp#27;[39m
&amp#27;[35m[HTTP]&amp#27;[39m &amp#27;[37m-->&amp#27;[39m &amp#27;[37mGET&amp#27;[39m &amp#27;[37m/wd/hub/session/17588393-9eac-4cd9-9399-d342c6384ea7/element/0959c539-099e-4f2a-b8b5-c43968dea5b7/enabled&amp#27;[39m
&amp#27;[35m[HTTP]&amp#27;[39m &amp#27;[90m{}&amp#27;[39m
[debug] &amp#27;[35m[W3C (17588393)]&amp#27;[39m Calling AppiumDriver.elementEnabled() with args: ["0959c539-099e-4f2a-b8b5-c43968dea5b7","17588393-9eac-4cd9-9399-d342c6384ea7"]
[debug] &amp#27;[35m[WD Proxy]&amp#27;[39m Matched '/element/0959c539-099e-4f2a-b8b5-c43968dea5b7/attribute/enabled' to command name 'getAttribute'
[debug] &amp#27;[35m[WD Proxy]&amp#27;[39m Proxying [GET /element/0959c539-099e-4f2a-b8b5-c43968dea5b7/attribute/enabled] to [GET http://127.0.0.1:8200/wd/hub/session/91bae3ee-22d3-4f66-983f-d2a440c0f1db/element/0959c539-099e-4f2a-b8b5-c43968dea5b7/attribute/enabled] with no body
[debug] &amp#27;[35m[WD Proxy]&amp#27;[39m Got response with status 200: {"sessionId":"91bae3ee-22d3-4f66-983f-d2a440c0f1db","value":"true"}
[debug] &amp#27;[35m[W3C (17588393)]&amp#27;[39m Responding to client with driver.elementEnabled() result: true
&amp#27;[35m[HTTP]&amp#27;[39m &amp#27;[37m<-- GET /wd/hub/session/17588393-9eac-4cd9-9399-d342c6384ea7/element/0959c539-099e-4f2a-b8b5-c43968dea5b7/enabled &amp#27;[39m&amp#27;[32m200&amp#27;[39m &amp#27;[90m11 ms - 14&amp#27;[39m
&amp#27;[35m[HTTP]&amp#27;[39m &amp#27;[90m&amp#27;[39m
&amp#27;[35m[HTTP]&amp#27;[39m &amp#27;[37m-->&amp#27;[39m &amp#27;[37mGET&amp#27;[39m &amp#27;[37m/wd/hub/session/17588393-9eac-4cd9-9399-d342c6384ea7/context&amp#27;[39m
&amp#27;[35m[HTTP]&amp#27;[39m &amp#27;[90m{}&amp#27;[39m
[debug] &amp#27;[35m[W3C (17588393)]&amp#27;[39m Calling AppiumDriver.getCurrentContext() with args: ["17588393-9eac-4cd9-9399-d342c6384ea7"]
[debug] &amp#27;[35m[W3C (17588393)]&amp#27;[39m Responding to client with driver.getCurrentContext() result: "NATIVE_APP"
&amp#27;[35m[HTTP]&amp#27;[39m &amp#27;[37m<-- GET /wd/hub/session/17588393-9eac-4cd9-9399-d342c6384ea7/context &amp#27;[39m&amp#27;[32m200&amp#27;[39m &amp#27;[90m1 ms - 22&amp#27;[39m
&amp#27;[35m[HTTP]&amp#27;[39m &amp#27;[90m&amp#27;[39m
&amp#27;[35m[HTTP]&amp#27;[39m &amp#27;[37m-->&amp#27;[39m &amp#27;[37mPOST&amp#27;[39m &amp#27;[37m/wd/hub/session/17588393-9eac-4cd9-9399-d342c6384ea7/element&amp#27;[39m
&amp#27;[35m[HTTP]&amp#27;[39m &amp#27;[90m{"using":"id","value":"com.androidsample.generalstore:id/appbar_btn_back"}&amp#27;[39m
[debug] &amp#27;[35m[W3C (17588393)]&amp#27;[39m Calling AppiumDriver.findElement() with args: ["id","com.androidsample.generalstore:id/appbar_btn_back","17588393-9eac-4cd9-9399-d342c6384ea7"]
[debug] &amp#27;[35m[BaseDriver]&amp#27;[39m Valid locator strategies for this request: xpath, id, class name, accessibility id, -android uiautomator
[debug] &amp#27;[35m[BaseDriver]&amp#27;[39m Waiting up to 10000 ms for condition
[debug] &amp#27;[35m[WD Proxy]&amp#27;[39m Matched '/element' to command name 'findElement'
[debug] &amp#27;[35m[WD Proxy]&amp#27;[39m Proxying [POST /element] to [POST http://127.0.0.1:8200/wd/hub/session/91bae3ee-22d3-4f66-983f-d2a440c0f1db/element] with body: {"strategy":"id","selector":"com.androidsample.generalstore:id/appbar_btn_back","context":"","multiple":false}
[debug] &amp#27;[35m[WD Proxy]&amp#27;[39m Got response with status 200: {"sessionId":"91bae3ee-22d3-4f66-983f-d2a440c0f1db","value":{"ELEMENT":"4530ea6e-532e-4253-aa65-cf5de28112c8","element-6066-11e4-a52e-4f735466cecf":"4530ea6e-532e-4253-aa65-cf5de28112c8"}}
[debug] &amp#27;[35m[W3C (17588393)]&amp#27;[39m Responding to client with driver.findElement() result: {"element-6066-11e4-a52e-4f735466cecf":"4530ea6e-532e-4253-aa65-cf5de28112c8","ELEMENT":"4530ea6e-532e-4253-aa65-cf5de28112c8"}
&amp#27;[35m[HTTP]&amp#27;[39m &amp#27;[37m<-- POST /wd/hub/session/17588393-9eac-4cd9-9399-d342c6384ea7/element &amp#27;[39m&amp#27;[32m200&amp#27;[39m &amp#27;[90m23 ms - 137&amp#27;[39m
&amp#27;[35m[HTTP]&amp#27;[39m &amp#27;[90m&amp#27;[39m
&amp#27;[35m[HTTP]&amp#27;[39m &amp#27;[37m-->&amp#27;[39m &amp#27;[37mGET&amp#27;[39m &amp#27;[37m/wd/hub/session/17588393-9eac-4cd9-9399-d342c6384ea7/element/4530ea6e-532e-4253-aa65-cf5de28112c8/attribute/clickable&amp#27;[39m
&amp#27;[35m[HTTP]&amp#27;[39m &amp#27;[90m{}&amp#27;[39m
[debug] &amp#27;[35m[W3C (17588393)]&amp#27;[39m Calling AppiumDriver.getAttribute() with args: ["clickable","4530ea6e-532e-4253-aa65-cf5de28112c8","17588393-9eac-4cd9-9399-d342c6384ea7"]
[debug] &amp#27;[35m[WD Proxy]&amp#27;[39m Matched '/element/4530ea6e-532e-4253-aa65-cf5de28112c8/attribute/clickable' to command name 'getAttribute'
[debug] &amp#27;[35m[WD Proxy]&amp#27;[39m Proxying [GET /element/4530ea6e-532e-4253-aa65-cf5de28112c8/attribute/clickable] to [GET http://127.0.0.1:8200/wd/hub/session/91bae3ee-22d3-4f66-983f-d2a440c0f1db/element/4530ea6e-532e-4253-aa65-cf5de28112c8/attribute/clickable] with no body
[debug] &amp#27;[35m[WD Proxy]&amp#27;[39m Got response with status 200: {"sessionId":"91bae3ee-22d3-4f66-983f-d2a440c0f1db","value":"true"}
[debug] &amp#27;[35m[W3C (17588393)]&amp#27;[39m Responding to client with driver.getAttribute() result: "true"
&amp#27;[35m[HTTP]&amp#27;[39m &amp#27;[37m<-- GET /wd/hub/session/17588393-9eac-4cd9-9399-d342c6384ea7/element/4530ea6e-532e-4253-aa65-cf5de28112c8/attribute/clickable &amp#27;[39m&amp#27;[32m200&amp#27;[39m &amp#27;[90m10 ms - 16&amp#27;[39m
&amp#27;[35m[HTTP]&amp#27;[39m &amp#27;[90m&amp#27;[39m
]]></system-out>
  </testcase>
  <testcase name="toastMsg[Please add some product at first](1)" classname="test.AppiumFramework.ProductsTest" time="0.642">
    <failure message="The following asserts failed:&#10;	expected [cheers!] but found [Please add some product at first]" type="java.lang.AssertionError"><![CDATA[java.lang.AssertionError: 
The following asserts failed:
	expected [cheers!] but found [Please add some product at first]
	at test.AppiumFramework.ProductsTest.toastMsg(ProductsTest.java:56)
]]></failure>
    <system-out><![CDATA[&amp#27;[35m[HTTP]&amp#27;[39m &amp#27;[37m-->&amp#27;[39m &amp#27;[37mGET&amp#27;[39m &amp#27;[37m/wd/hub/session/17588393-9eac-4cd9-9399-d342c6384ea7/context&amp#27;[39m
&amp#27;[35m[HTTP]&amp#27;[39m &amp#27;[90m{}&amp#27;[39m
[debug] &amp#27;[35m[W3C (17588393)]&amp#27;[39m Calling AppiumDriver.getCurrentContext() with args: ["17588393-9eac-4cd9-9399-d342c6384ea7"]
[debug] &amp#27;[35m[W3C (17588393)]&amp#27;[39m Responding to client with driver.getCurrentContext() result: "NATIVE_APP"
&amp#27;[35m[HTTP]&amp#27;[39m &amp#27;[37m<-- GET /wd/hub/session/17588393-9eac-4cd9-9399-d342c6384ea7/context &amp#27;[39m&amp#27;[32m200&amp#27;[39m &amp#27;[90m1 ms - 22&amp#27;[39m
&amp#27;[35m[HTTP]&amp#27;[39m &amp#27;[90m&amp#27;[39m
&amp#27;[35m[HTTP]&amp#27;[39m &amp#27;[37m-->&amp#27;[39m &amp#27;[37mPOST&amp#27;[39m &amp#27;[37m/wd/hub/session/17588393-9eac-4cd9-9399-d342c6384ea7/element&amp#27;[39m
&amp#27;[35m[HTTP]&amp#27;[39m &amp#27;[90m{"using":"id","value":"com.androidsample.generalstore:id/appbar_btn_cart"}&amp#27;[39m
[debug] &amp#27;[35m[W3C (17588393)]&amp#27;[39m Calling AppiumDriver.findElement() with args: ["id","com.androidsample.generalstore:id/appbar_btn_cart","17588393-9eac-4cd9-9399-d342c6384ea7"]
[debug] &amp#27;[35m[BaseDriver]&amp#27;[39m Valid locator strategies for this request: xpath, id, class name, accessibility id, -android uiautomator
[debug] &amp#27;[35m[BaseDriver]&amp#27;[39m Waiting up to 10000 ms for condition
[debug] &amp#27;[35m[WD Proxy]&amp#27;[39m Matched '/element' to command name 'findElement'
[debug] &amp#27;[35m[WD Proxy]&amp#27;[39m Proxying [POST /element] to [POST http://127.0.0.1:8200/wd/hub/session/91bae3ee-22d3-4f66-983f-d2a440c0f1db/element] with body: {"strategy":"id","selector":"com.androidsample.generalstore:id/appbar_btn_cart","context":"","multiple":false}
[debug] &amp#27;[35m[WD Proxy]&amp#27;[39m Got response with status 200: {"sessionId":"91bae3ee-22d3-4f66-983f-d2a440c0f1db","value":{"ELEMENT":"cefd373e-16ca-40a5-84da-36cdf99805da","element-6066-11e4-a52e-4f735466cecf":"cefd373e-16ca-40a5-84da-36cdf99805da"}}
[debug] &amp#27;[35m[W3C (17588393)]&amp#27;[39m Responding to client with driver.findElement() result: {"element-6066-11e4-a52e-4f735466cecf":"cefd373e-16ca-40a5-84da-36cdf99805da","ELEMENT":"cefd373e-16ca-40a5-84da-36cdf99805da"}
&amp#27;[35m[HTTP]&amp#27;[39m &amp#27;[37m<-- POST /wd/hub/session/17588393-9eac-4cd9-9399-d342c6384ea7/element &amp#27;[39m&amp#27;[32m200&amp#27;[39m &amp#27;[90m19 ms - 137&amp#27;[39m
&amp#27;[35m[HTTP]&amp#27;[39m &amp#27;[90m&amp#27;[39m
&amp#27;[35m[HTTP]&amp#27;[39m &amp#27;[37m-->&amp#27;[39m &amp#27;[37mPOST&amp#27;[39m &amp#27;[37m/wd/hub/session/17588393-9eac-4cd9-9399-d342c6384ea7/element/cefd373e-16ca-40a5-84da-36cdf99805da/click&amp#27;[39m
&amp#27;[35m[HTTP]&amp#27;[39m &amp#27;[90m{"id":"cefd373e-16ca-40a5-84da-36cdf99805da"}&amp#27;[39m
[debug] &amp#27;[35m[W3C (17588393)]&amp#27;[39m Calling AppiumDriver.click() with args: ["cefd373e-16ca-40a5-84da-36cdf99805da","17588393-9eac-4cd9-9399-d342c6384ea7"]
[debug] &amp#27;[35m[WD Proxy]&amp#27;[39m Matched '/element/cefd373e-16ca-40a5-84da-36cdf99805da/click' to command name 'click'
[debug] &amp#27;[35m[WD Proxy]&amp#27;[39m Proxying [POST /element/cefd373e-16ca-40a5-84da-36cdf99805da/click] to [POST http://127.0.0.1:8200/wd/hub/session/91bae3ee-22d3-4f66-983f-d2a440c0f1db/element/cefd373e-16ca-40a5-84da-36cdf99805da/click] with body: {"element":"cefd373e-16ca-40a5-84da-36cdf99805da"}
[debug] &amp#27;[35m[WD Proxy]&amp#27;[39m Got response with status 200: {"sessionId":"91bae3ee-22d3-4f66-983f-d2a440c0f1db","value":null}
[debug] &amp#27;[35m[W3C (17588393)]&amp#27;[39m Responding to client with driver.click() result: null
&amp#27;[35m[HTTP]&amp#27;[39m &amp#27;[37m<-- POST /wd/hub/session/17588393-9eac-4cd9-9399-d342c6384ea7/element/cefd373e-16ca-40a5-84da-36cdf99805da/click &amp#27;[39m&amp#27;[32m200&amp#27;[39m &amp#27;[90m22 ms - 14&amp#27;[39m
&amp#27;[35m[HTTP]&amp#27;[39m &amp#27;[90m&amp#27;[39m
&amp#27;[35m[HTTP]&amp#27;[39m &amp#27;[37m-->&amp#27;[39m &amp#27;[37mGET&amp#27;[39m &amp#27;[37m/wd/hub/session/17588393-9eac-4cd9-9399-d342c6384ea7/context&amp#27;[39m
&amp#27;[35m[HTTP]&amp#27;[39m &amp#27;[90m{}&amp#27;[39m
[debug] &amp#27;[35m[W3C (17588393)]&amp#27;[39m Calling AppiumDriver.getCurrentContext() with args: ["17588393-9eac-4cd9-9399-d342c6384ea7"]
[debug] &amp#27;[35m[W3C (17588393)]&amp#27;[39m Responding to client with driver.getCurrentContext() result: "NATIVE_APP"
&amp#27;[35m[HTTP]&amp#27;[39m &amp#27;[37m<-- GET /wd/hub/session/17588393-9eac-4cd9-9399-d342c6384ea7/context &amp#27;[39m&amp#27;[32m200&amp#27;[39m &amp#27;[90m2 ms - 22&amp#27;[39m
&amp#27;[35m[HTTP]&amp#27;[39m &amp#27;[90m&amp#27;[39m
&amp#27;[35m[HTTP]&amp#27;[39m &amp#27;[37m-->&amp#27;[39m &amp#27;[37mPOST&amp#27;[39m &amp#27;[37m/wd/hub/session/17588393-9eac-4cd9-9399-d342c6384ea7/element&amp#27;[39m
&amp#27;[35m[HTTP]&amp#27;[39m &amp#27;[90m{"using":"xpath","value":"//android.widget.Toast[1]"}&amp#27;[39m
[debug] &amp#27;[35m[W3C (17588393)]&amp#27;[39m Calling AppiumDriver.findElement() with args: ["xpath","//android.widget.Toast[1]","17588393-9eac-4cd9-9399-d342c6384ea7"]
[debug] &amp#27;[35m[BaseDriver]&amp#27;[39m Valid locator strategies for this request: xpath, id, class name, accessibility id, -android uiautomator
[debug] &amp#27;[35m[BaseDriver]&amp#27;[39m Waiting up to 10000 ms for condition
[debug] &amp#27;[35m[WD Proxy]&amp#27;[39m Matched '/element' to command name 'findElement'
[debug] &amp#27;[35m[WD Proxy]&amp#27;[39m Proxying [POST /element] to [POST http://127.0.0.1:8200/wd/hub/session/91bae3ee-22d3-4f66-983f-d2a440c0f1db/element] with body: {"strategy":"xpath","selector":"//android.widget.Toast[1]","context":"","multiple":false}
[debug] &amp#27;[35m[WD Proxy]&amp#27;[39m Got response with status 200: {"sessionId":"91bae3ee-22d3-4f66-983f-d2a440c0f1db","value":{"ELEMENT":"42b0331d-6d8d-43f1-8ccc-a582465ab399","element-6066-11e4-a52e-4f735466cecf":"42b0331d-6d8d-43f1-8ccc-a582465ab399"}}
[debug] &amp#27;[35m[W3C (17588393)]&amp#27;[39m Responding to client with driver.findElement() result: {"element-6066-11e4-a52e-4f735466cecf":"42b0331d-6d8d-43f1-8ccc-a582465ab399","ELEMENT":"42b0331d-6d8d-43f1-8ccc-a582465ab399"}
&amp#27;[35m[HTTP]&amp#27;[39m &amp#27;[37m<-- POST /wd/hub/session/17588393-9eac-4cd9-9399-d342c6384ea7/element &amp#27;[39m&amp#27;[32m200&amp#27;[39m &amp#27;[90m135 ms - 137&amp#27;[39m
&amp#27;[35m[HTTP]&amp#27;[39m &amp#27;[90m&amp#27;[39m
&amp#27;[35m[HTTP]&amp#27;[39m &amp#27;[37m-->&amp#27;[39m &amp#27;[37mGET&amp#27;[39m &amp#27;[37m/wd/hub/session/17588393-9eac-4cd9-9399-d342c6384ea7/element/42b0331d-6d8d-43f1-8ccc-a582465ab399/attribute/name&amp#27;[39m
&amp#27;[35m[HTTP]&amp#27;[39m &amp#27;[90m{}&amp#27;[39m
[debug] &amp#27;[35m[W3C (17588393)]&amp#27;[39m Calling AppiumDriver.getAttribute() with args: ["name","42b0331d-6d8d-43f1-8ccc-a582465ab399","17588393-9eac-4cd9-9399-d342c6384ea7"]
[debug] &amp#27;[35m[WD Proxy]&amp#27;[39m Matched '/element/42b0331d-6d8d-43f1-8ccc-a582465ab399/attribute/name' to command name 'getAttribute'
[debug] &amp#27;[35m[WD Proxy]&amp#27;[39m Proxying [GET /element/42b0331d-6d8d-43f1-8ccc-a582465ab399/attribute/name] to [GET http://127.0.0.1:8200/wd/hub/session/91bae3ee-22d3-4f66-983f-d2a440c0f1db/element/42b0331d-6d8d-43f1-8ccc-a582465ab399/attribute/name] with no body
[debug] &amp#27;[35m[WD Proxy]&amp#27;[39m Got response with status 200: {"sessionId":"91bae3ee-22d3-4f66-983f-d2a440c0f1db","value":"Please add some product at first"}
[debug] &amp#27;[35m[W3C (17588393)]&amp#27;[39m Responding to client with driver.getAttribute() result: "Please add some product at first"
&amp#27;[35m[HTTP]&amp#27;[39m &amp#27;[37m<-- GET /wd/hub/session/17588393-9eac-4cd9-9399-d342c6384ea7/element/42b0331d-6d8d-43f1-8ccc-a582465ab399/attribute/name &amp#27;[39m&amp#27;[32m200&amp#27;[39m &amp#27;[90m436 ms - 44&amp#27;[39m
&amp#27;[35m[HTTP]&amp#27;[39m &amp#27;[90m&amp#27;[39m
]]></system-out>
  </testcase>
  <testcase name="locateItems[android.widget.TextView, ADDED TO CART](1)" classname="test.AppiumFramework.ProductsTest" time="6.109">
    <system-out><![CDATA[&amp#27;[35m[HTTP]&amp#27;[39m &amp#27;[37m-->&amp#27;[39m &amp#27;[37mGET&amp#27;[39m &amp#27;[37m/wd/hub/session/17588393-9eac-4cd9-9399-d342c6384ea7/screenshot&amp#27;[39m
&amp#27;[35m[HTTP]&amp#27;[39m &amp#27;[90m{}&amp#27;[39m
[debug] &amp#27;[35m[W3C (17588393)]&amp#27;[39m Calling AppiumDriver.getScreenshot() with args: ["17588393-9eac-4cd9-9399-d342c6384ea7"]
[debug] &amp#27;[35m[WD Proxy]&amp#27;[39m Matched '/screenshot' to command name 'getScreenshot'
[debug] &amp#27;[35m[WD Proxy]&amp#27;[39m Proxying [GET /screenshot] to [GET http://127.0.0.1:8200/wd/hub/session/91bae3ee-22d3-4f66-983f-d2a440c0f1db/screenshot] with no body
[debug] &amp#27;[35m[WD Proxy]&amp#27;[39m Got response with status 200: {"sessionId":"91bae3ee-22d3-4f66-983f-d2a440c0f1db","value":"iVBORw0KGgoAAAANSUhEUgAABDgAAAeACAYAAAArYecKAAAABHNCSVQICAgIfAhkiAAAIABJREFU\neJzs3Xd8leX9//H3fd/nnOwQMgh7CzhRQHGhKA4c1TqruLXWam2drT9brbV1tc5vXWiddW9x1C1q\ncSAiKiqi7D0DAbLOucfvD01Kck6Sc5KccSevZx8+5Fz3fd3XJwcqOe9cw+j+7ameAAAAAAAAfMxM\ndwEAAAAAAADtRcABAAAAAAB8j4ADAAAAAAD4HgEHAAAAAADwPQIOAAAAAADgewQcAAAAAADA9wg4\nAAAAAACA7xFwAAAAAAAA3yPgAAAAAAAAvkfAAQAAAAAAfI+AAwAAAAAA+F4g3QWg87Jkqlewuw4v\nGK3983bU8KzeKrEKJEkVzhb9EF6pd7d8rZc3z9AKe4Nsz0lzxQAAAAAAvzK6f3uql+4i0HkYMrRt\nVh/9X68ztVP2QAUMU4aMFvt48uR4rr6uW6pLVz2sWTUL5Yk/lgAAAACA+BFwoMP0C5bqi6E3SVKr\noUZz6oONHnPOlCO3w2oDAAAA4B8hI6BiK1+lgUKVWAUqtvJVYhWom5WrzW6NKuwtWuds1pLIWi0K\nr5HLD0gT9mS/i9UzUNTs9bBn66BFf01hRe3HEhW0W7YR0n8G/kk7ZQ9oc7BRr77/Xb1/pXNWTO6I\n8jpM72Cxzuo+Qf2CJTLb+XXGo8aN6J2qr/TK5pks3wEAAECnlmUENC5vO+2bt532zd1e22f3i/uz\nRZ1n6/u6Ffqubrm+rVuqr2oXa1r1HEX4HrpF22f1U59gcbPX6zw7hdV0DAIOtMuAYJmmD7lBIaNj\n/ygdWrCLDBny5CnXzFK1W9ehz0/U7rnDdGvP0zU0q5esFO3N68nTUYW7aVzutrpk1cMpGRMAAABI\nlaBh6ajCsTqqcKzG522vLCPY...
[debug] &amp#27;[35m[W3C (17588393)]&amp#27;[39m Responding to client with driver.getScreenshot() result: "iVBORw0KGgoAAAANSUhEUgAABDgAAAeACAYAAAArYecKAAAABHNCSVQICAgIfAhkiAAAIABJREFU\neJzs3Xd8leX9//H3fd/nnOwQMgh7CzhRQHGhKA4c1TqruLXWam2drT9brbV1tc5vXWiddW9x1C1q\ncSAiKiqi7D0DAbLOucfvD01Kck6Sc5KccSevZx8+5Fz3fd3XJwcqOe9cw+j+7ameAAAAAAAAfMxM\ndwEAAAAAAADtRcABAAAAAAB8j4ADAAAAAAD4HgEHAAAAAADwPQIOAAAAAADgewQcAAAAAADA9wg4\nAAAAAACA7xFwAAAAAAAA3yPgAAAAAAAAvkfAAQAAAAAAfI+AAwAAAAAA+F4g3QWg87Jkqlewuw4v\nGK3983bU8KzeKrEKJEkVzhb9EF6pd7d8rZc3z9AKe4Nsz0lzxQAAAAAAvzK6f3uql+4i0HkYMrRt\nVh/9X68ztVP2QAUMU4aMFvt48uR4rr6uW6pLVz2sWTUL5Yk/lgAAAACA+BFwoMP0C5bqi6E3SVKr\noUZz6oONHnPOlCO3w2oDAAAA4B8hI6BiK1+lgUKVWAUqtvJVYhWom5WrzW6NKuwtWuds1pLIWi0K\nr5HLD0gT9mS/i9UzUNTs9bBn66BFf01hRe3HEhW0W7YR0n8G/kk7ZQ9oc7BRr77/Xb1/pXNWTO6I\n8jpM72Cxzuo+Qf2CJTLb+XXGo8aN6J2qr/TK5pks3wEAAECnlmUENC5vO+2bt532zd1e22f3i/uz\nRZ1n6/u6Ffqubrm+rVuqr2oXa1r1HEX4HrpF22f1U59gcbPX6zw7hdV0DAIOtMuAYJmmD7lBIaNj\n/ygdWrCLDBny5CnXzFK1W9ehz0/U7rnDdGvP0zU0q5esFO3N68nTUYW7aVzutrpk1cMpGRMAAABI\nlaBh6ajCsTqqcKzG522vLCPYpudkGQHtmN1fO2b3l7SHJGm9s1lPVX6oJzZO0zd1Szuw6uTIN7M1\nLKu3co...
&amp#27;[35m[HTTP]&amp#27;[39m &amp#27;[37m<-- GET /wd/hub/session/17588393-9eac-4cd9-9399-d342c6384ea7/screenshot &amp#27;[39m&amp#27;[32m200&amp#27;[39m &amp#27;[90m339 ms - 330724&amp#27;[39m
&amp#27;[35m[HTTP]&amp#27;[39m &amp#27;[90m&amp#27;[39m
&amp#27;[35m[HTTP]&amp#27;[39m &amp#27;[37m-->&amp#27;[39m &amp#27;[37mPOST&amp#27;[39m &amp#27;[37m/wd/hub/session/17588393-9eac-4cd9-9399-d342c6384ea7/element&amp#27;[39m
&amp#27;[35m[HTTP]&amp#27;[39m &amp#27;[90m{"using":"-android uiautomator","value":"new UiScrollable(new UiSelector()).scrollIntoView(new UiSelector().text(\"Converse All Star\"))"}&amp#27;[39m
[debug] &amp#27;[35m[W3C (17588393)]&amp#27;[39m Calling AppiumDriver.findElement() with args: ["-android uiautomator","new UiScrollable(new UiSelector()).scrollIntoView(new UiSelector().text(\"Converse All Star\"))","17588393-9eac-4cd9-9399-d342c6384ea7"]
[debug] &amp#27;[35m[BaseDriver]&amp#27;[39m Valid locator strategies for this request: xpath, id, class name, accessibility id, -android uiautomator
[debug] &amp#27;[35m[BaseDriver]&amp#27;[39m Waiting up to 10000 ms for condition
[debug] &amp#27;[35m[WD Proxy]&amp#27;[39m Matched '/element' to command name 'findElement'
[debug] &amp#27;[35m[WD Proxy]&amp#27;[39m Proxying [POST /element] to [POST http://127.0.0.1:8200/wd/hub/session/91bae3ee-22d3-4f66-983f-d2a440c0f1db/element] with body: {"strategy":"-android uiautomator","selector":"new UiScrollable(new UiSelector()).scrollIntoView(new UiSelector().text(\"Converse All Star\"))","context":"","multiple":false}
[debug] &amp#27;[35m[WD Proxy]&amp#27;[39m Got response with status 200: {"sessionId":"91bae3ee-22d3-4f66-983f-d2a440c0f1db","value":{"ELEMENT":"653cad8e-b202-4302-9754-70039763640c","element-6066-11e4-a52e-4f735466cecf":"653cad8e-b202-4302-9754-70039763640c"}}
[debug] &amp#27;[35m[W3C (17588393)]&amp#27;[39m Responding to client with driver.findElement() result: {"element-6066-11e4-a52e-4f735466cecf":"653cad8e-b202-4302-9754-70039763640c","ELEMENT":"653cad8e-b202-4302-9754-70039763640c"}
&amp#27;[35m[HTTP]&amp#27;[39m &amp#27;[37m<-- POST /wd/hub/session/17588393-9eac-4cd9-9399-d342c6384ea7/element &amp#27;[39m&amp#27;[32m200&amp#27;[39m &amp#27;[90m3252 ms - 137&amp#27;[39m
&amp#27;[35m[HTTP]&amp#27;[39m &amp#27;[90m&amp#27;[39m
&amp#27;[35m[HTTP]&amp#27;[39m &amp#27;[37m-->&amp#27;[39m &amp#27;[37mGET&amp#27;[39m &amp#27;[37m/wd/hub/session/17588393-9eac-4cd9-9399-d342c6384ea7/context&amp#27;[39m
&amp#27;[35m[HTTP]&amp#27;[39m &amp#27;[90m{}&amp#27;[39m
[debug] &amp#27;[35m[W3C (17588393)]&amp#27;[39m Calling AppiumDriver.getCurrentContext() with args: ["17588393-9eac-4cd9-9399-d342c6384ea7"]
[debug] &amp#27;[35m[W3C (17588393)]&amp#27;[39m Responding to client with driver.getCurrentContext() result: "NATIVE_APP"
&amp#27;[35m[HTTP]&amp#27;[39m &amp#27;[37m<-- GET /wd/hub/session/17588393-9eac-4cd9-9399-d342c6384ea7/context &amp#27;[39m&amp#27;[32m200&amp#27;[39m &amp#27;[90m1 ms - 22&amp#27;[39m
&amp#27;[35m[HTTP]&amp#27;[39m &amp#27;[90m&amp#27;[39m
&amp#27;[35m[HTTP]&amp#27;[39m &amp#27;[37m-->&amp#27;[39m &amp#27;[37mPOST&amp#27;[39m &amp#27;[37m/wd/hub/session/17588393-9eac-4cd9-9399-d342c6384ea7/elements&amp#27;[39m
&amp#27;[35m[HTTP]&amp#27;[39m &amp#27;[90m{"using":"class name","value":"android.widget.TextView"}&amp#27;[39m
[debug] &amp#27;[35m[W3C (17588393)]&amp#27;[39m Calling AppiumDriver.findElements() with args: ["class name","android.widget.TextView","17588393-9eac-4cd9-9399-d342c6384ea7"]
[debug] &amp#27;[35m[BaseDriver]&amp#27;[39m Valid locator strategies for this request: xpath, id, class name, accessibility id, -android uiautomator
[debug] &amp#27;[35m[BaseDriver]&amp#27;[39m Waiting up to 10000 ms for condition
[debug] &amp#27;[35m[WD Proxy]&amp#27;[39m Matched '/elements' to command name 'findElements'
[debug] &amp#27;[35m[WD Proxy]&amp#27;[39m Proxying [POST /elements] to [POST http://127.0.0.1:8200/wd/hub/session/91bae3ee-22d3-4f66-983f-d2a440c0f1db/elements] with body: {"strategy":"class name","selector":"android.widget.TextView","context":"","multiple":true}
[debug] &amp#27;[35m[WD Proxy]&amp#27;[39m Got response with status 200: {"sessionId":"91bae3ee-22d3-4f66-983f-d2a440c0f1db","value":[{"ELEMENT":"885fd7da-d7cd-4343-86f2-e899ca879d4b","element-6066-11e4-a52e-4f735466cecf":"885fd7da-d7cd-4343-86f2-e899ca879d4b"},{"ELEMENT":"7a3446a9-27a3-4a18-afe1-36c6b1fa552d","element-6066-11e4-a52e-4f735466cecf":"7a3446a9-27a3-4a18-afe1-36c6b1fa552d"},{"ELEMENT":"e8b69507-8153-4342-acdc-ff242711ee99","element-6066-11e4-a52e-4f735466cecf":"e8b69507-8153-4342-acdc-ff242711ee99"},{"ELEMENT":"657c37aa-eed8-4cdf-a22f-6636a00057a6","element-6066-11e4-a52e-4f735466cecf":"657c37aa-eed8-4cdf-a22f-6636a00057a6"},{"ELEMENT":"cdbc2247-a5e6-4bca-9934-c5652f599d6d","element-6066-11e4-a52e-4f735466cecf":"cdbc2247-a5e6-4bca-9934-c5652f599d6d"},{"ELEMENT":"845ec158-9b25-4b09-8caf-d417a5650512","element-6066-11e4-a52e-4f735466cecf":"845ec158-9b25-4b09-8caf-d417a5650512"},{"ELEMENT":"8bc8f5af-5eb8-4458-8947-3f70cef3270d","element-6066-11e4-a52e-4f735466cecf":"8bc8f5af-5eb8-4458-8947-3f70cef3270d"}]}
[debug] &amp#27;[35m[W3C (17588393)]&amp#27;[39m Responding to client with driver.findElements() result: [{"element-6066-11e4-a52e-4f735466cecf":"885fd7da-d7cd-4343-86f2-e899ca879d4b","ELEMENT":"885fd7da-d7cd-4343-86f2-e899ca879d4b"},{"element-6066-11e4-a52e-4f735466cecf":"7a3446a9-27a3-4a18-afe1-36c6b1fa552d","ELEMENT":"7a3446a9-27a3-4a18-afe1-36c6b1fa552d"},{"element-6066-11e4-a52e-4f735466cecf":"e8b69507-8153-4342-acdc-ff242711ee99","ELEMENT":"e8b69507-8153-4342-acdc-ff242711ee99"},{"element-6066-11e4-a52e-4f735466cecf":"657c37aa-eed8-4cdf-a22f-6636a00057a6","ELEMENT":"657c37aa-eed8-4cdf-a22f-6636a00057a6"},{"element-6066-11e4-a52e-4f735466cecf":"cdbc2247-a5e6-4bca-9934-c5652f599d6d","ELEMENT":"cdbc2247-a5e6-4bca-9934-c5652f599d6d"},{"element-6066-11e4-a52e-4f735466cecf":"845ec158-9b25-4b09-8caf-d417a5650512","ELEMENT":"845ec158-9b25-4b09-8caf-d417a5650512"},{"element-6066-11e4-a52e-4f735466cecf":"8bc8f5af-5eb8-4458-8947-3f70cef3270d","ELEMENT":"8bc8f5af-5eb8-4458-8947-3f70cef3270d"}]
&amp#27;[35m[HTTP]&amp#27;[39m &amp#27;[37m<-- POST /wd/hub/session/17588393-9eac-4cd9-9399-d342c6384ea7/elements &amp#27;[39m&amp#27;[32m200&amp#27;[39m &amp#27;[90m17 ms - 907&amp#27;[39m
&amp#27;[35m[HTTP]&amp#27;[39m &amp#27;[90m&amp#27;[39m
&amp#27;[35m[HTTP]&amp#27;[39m &amp#27;[37m-->&amp#27;[39m &amp#27;[37mGET&amp#27;[39m &amp#27;[37m/wd/hub/session/17588393-9eac-4cd9-9399-d342c6384ea7/context&amp#27;[39m
&amp#27;[35m[HTTP]&amp#27;[39m &amp#27;[90m{}&amp#27;[39m
[debug] &amp#27;[35m[W3C (17588393)]&amp#27;[39m Calling AppiumDriver.getCurrentContext() with args: ["17588393-9eac-4cd9-9399-d342c6384ea7"]
[debug] &amp#27;[35m[W3C (17588393)]&amp#27;[39m Responding to client with driver.getCurrentContext() result: "NATIVE_APP"
&amp#27;[35m[HTTP]&amp#27;[39m &amp#27;[37m<-- GET /wd/hub/session/17588393-9eac-4cd9-9399-d342c6384ea7/context &amp#27;[39m&amp#27;[32m200&amp#27;[39m &amp#27;[90m1 ms - 22&amp#27;[39m
&amp#27;[35m[HTTP]&amp#27;[39m &amp#27;[90m&amp#27;[39m
&amp#27;[35m[HTTP]&amp#27;[39m &amp#27;[37m-->&amp#27;[39m &amp#27;[37mPOST&amp#27;[39m &amp#27;[37m/wd/hub/session/17588393-9eac-4cd9-9399-d342c6384ea7/elements&amp#27;[39m
&amp#27;[35m[HTTP]&amp#27;[39m &amp#27;[90m{"using":"class name","value":"android.widget.TextView"}&amp#27;[39m
[debug] &amp#27;[35m[W3C (17588393)]&amp#27;[39m Calling AppiumDriver.findElements() with args: ["class name","android.widget.TextView","17588393-9eac-4cd9-9399-d342c6384ea7"]
[debug] &amp#27;[35m[BaseDriver]&amp#27;[39m Valid locator strategies for this request: xpath, id, class name, accessibility id, -android uiautomator
[debug] &amp#27;[35m[BaseDriver]&amp#27;[39m Waiting up to 10000 ms for condition
[debug] &amp#27;[35m[WD Proxy]&amp#27;[39m Matched '/elements' to command name 'findElements'
[debug] &amp#27;[35m[WD Proxy]&amp#27;[39m Proxying [POST /elements] to [POST http://127.0.0.1:8200/wd/hub/session/91bae3ee-22d3-4f66-983f-d2a440c0f1db/elements] with body: {"strategy":"class name","selector":"android.widget.TextView","context":"","multiple":true}
[debug] &amp#27;[35m[WD Proxy]&amp#27;[39m Got response with status 200: {"sessionId":"91bae3ee-22d3-4f66-983f-d2a440c0f1db","value":[{"ELEMENT":"c8d47677-f8a9-4694-b6eb-17c86e3498ec","element-6066-11e4-a52e-4f735466cecf":"c8d47677-f8a9-4694-b6eb-17c86e3498ec"},{"ELEMENT":"6ea1346f-3410-4b8d-9fe3-540da3b49baf","element-6066-11e4-a52e-4f735466cecf":"6ea1346f-3410-4b8d-9fe3-540da3b49baf"},{"ELEMENT":"8bd6aa6f-88da-4e34-8c47-089b291628a2","element-6066-11e4-a52e-4f735466cecf":"8bd6aa6f-88da-4e34-8c47-089b291628a2"},{"ELEMENT":"87393829-9db5-4b2a-aaf9-770a8486738f","element-6066-11e4-a52e-4f735466cecf":"87393829-9db5-4b2a-aaf9-770a8486738f"},{"ELEMENT":"9e7489b6-936e-4fb3-8817-63de5871ecd8","element-6066-11e4-a52e-4f735466cecf":"9e7489b6-936e-4fb3-8817-63de5871ecd8"},{"ELEMENT":"c2dc4f56-982a-4301-9a88-3799e2b2361c","element-6066-11e4-a52e-4f735466cecf":"c2dc4f56-982a-4301-9a88-3799e2b2361c"},{"ELEMENT":"bd4577ea-895a-4c56-883a-25f200cc8402","element-6066-11e4-a52e-4f735466cecf":"bd4577ea-895a-4c56-883a-25f200cc8402"}]}
[debug] &amp#27;[35m[W3C (17588393)]&amp#27;[39m Responding to client with driver.findElements() result: [{"element-6066-11e4-a52e-4f735466cecf":"c8d47677-f8a9-4694-b6eb-17c86e3498ec","ELEMENT":"c8d47677-f8a9-4694-b6eb-17c86e3498ec"},{"element-6066-11e4-a52e-4f735466cecf":"6ea1346f-3410-4b8d-9fe3-540da3b49baf","ELEMENT":"6ea1346f-3410-4b8d-9fe3-540da3b49baf"},{"element-6066-11e4-a52e-4f735466cecf":"8bd6aa6f-88da-4e34-8c47-089b291628a2","ELEMENT":"8bd6aa6f-88da-4e34-8c47-089b291628a2"},{"element-6066-11e4-a52e-4f735466cecf":"87393829-9db5-4b2a-aaf9-770a8486738f","ELEMENT":"87393829-9db5-4b2a-aaf9-770a8486738f"},{"element-6066-11e4-a52e-4f735466cecf":"9e7489b6-936e-4fb3-8817-63de5871ecd8","ELEMENT":"9e7489b6-936e-4fb3-8817-63de5871ecd8"},{"element-6066-11e4-a52e-4f735466cecf":"c2dc4f56-982a-4301-9a88-3799e2b2361c","ELEMENT":"c2dc4f56-982a-4301-9a88-3799e2b2361c"},{"element-6066-11e4-a52e-4f735466cecf":"bd4577ea-895a-4c56-883a-25f200cc8402","ELEMENT":"bd4577ea-895a-4c56-883a-25f200cc8402"}]
&amp#27;[35m[HTTP]&amp#27;[39m &amp#27;[37m<-- POST /wd/hub/session/17588393-9eac-4cd9-9399-d342c6384ea7/elements &amp#27;[39m&amp#27;[32m200&amp#27;[39m &amp#27;[90m19 ms - 907&amp#27;[39m
&amp#27;[35m[HTTP]&amp#27;[39m &amp#27;[90m&amp#27;[39m
&amp#27;[35m[HTTP]&amp#27;[39m &amp#27;[37m-->&amp#27;[39m &amp#27;[37mGET&amp#27;[39m &amp#27;[37m/wd/hub/session/17588393-9eac-4cd9-9399-d342c6384ea7/element/c8d47677-f8a9-4694-b6eb-17c86e3498ec/text&amp#27;[39m
&amp#27;[35m[HTTP]&amp#27;[39m &amp#27;[90m{}&amp#27;[39m
&amp#27;[35m[W3C (17588393)]&amp#27;[39m Driver proxy active, passing request on via HTTP proxy
[debug] &amp#27;[35m[WD Proxy]&amp#27;[39m Matched '/wd/hub/session/17588393-9eac-4cd9-9399-d342c6384ea7/element/c8d47677-f8a9-4694-b6eb-17c86e3498ec/text' to command name 'getText'
[debug] &amp#27;[35m[WD Proxy]&amp#27;[39m Proxying [GET /wd/hub/session/17588393-9eac-4cd9-9399-d342c6384ea7/element/c8d47677-f8a9-4694-b6eb-17c86e3498ec/text] to [GET http://127.0.0.1:8200/wd/hub/session/91bae3ee-22d3-4f66-983f-d2a440c0f1db/element/c8d47677-f8a9-4694-b6eb-17c86e3498ec/text] with no body
[debug] &amp#27;[35m[WD Proxy]&amp#27;[39m Got response with status 200: {"sessionId":"91bae3ee-22d3-4f66-983f-d2a440c0f1db","value":"Products"}
&amp#27;[35m[WD Proxy]&amp#27;[39m Replacing sessionId 91bae3ee-22d3-4f66-983f-d2a440c0f1db with 17588393-9eac-4cd9-9399-d342c6384ea7
&amp#27;[35m[HTTP]&amp#27;[39m &amp#27;[37m<-- GET /wd/hub/session/17588393-9eac-4cd9-9399-d342c6384ea7/element/c8d47677-f8a9-4694-b6eb-17c86e3498ec/text &amp#27;[39m&amp#27;[32m200&amp#27;[39m &amp#27;[90m14 ms - 71&amp#27;[39m
&amp#27;[35m[HTTP]&amp#27;[39m &amp#27;[90m&amp#27;[39m
&amp#27;[35m[HTTP]&amp#27;[39m &amp#27;[37m-->&amp#27;[39m &amp#27;[37mGET&amp#27;[39m &amp#27;[37m/wd/hub/session/17588393-9eac-4cd9-9399-d342c6384ea7/context&amp#27;[39m
&amp#27;[35m[HTTP]&amp#27;[39m &amp#27;[90m{}&amp#27;[39m
[debug] &amp#27;[35m[W3C (17588393)]&amp#27;[39m Calling AppiumDriver.getCurrentContext() with args: ["17588393-9eac-4cd9-9399-d342c6384ea7"]
[debug] &amp#27;[35m[W3C (17588393)]&amp#27;[39m Responding to client with driver.getCurrentContext() result: "NATIVE_APP"
&amp#27;[35m[HTTP]&amp#27;[39m &amp#27;[37m<-- GET /wd/hub/session/17588393-9eac-4cd9-9399-d342c6384ea7/context &amp#27;[39m&amp#27;[32m200&amp#27;[39m &amp#27;[90m1 ms - 22&amp#27;[39m
&amp#27;[35m[HTTP]&amp#27;[39m &amp#27;[90m&amp#27;[39m
&amp#27;[35m[HTTP]&amp#27;[39m &amp#27;[37m-->&amp#27;[39m &amp#27;[37mPOST&amp#27;[39m &amp#27;[37m/wd/hub/session/17588393-9eac-4cd9-9399-d342c6384ea7/elements&amp#27;[39m
&amp#27;[35m[HTTP]&amp#27;[39m &amp#27;[90m{"using":"class name","value":"android.widget.TextView"}&amp#27;[39m
[debug] &amp#27;[35m[W3C (17588393)]&amp#27;[39m Calling AppiumDriver.findElements() with args: ["class name","android.widget.TextView","17588393-9eac-4cd9-9399-d342c6384ea7"]
[debug] &amp#27;[35m[BaseDriver]&amp#27;[39m Valid locator strategies for this request: xpath, id, class name, accessibility id, -android uiautomator
[debug] &amp#27;[35m[BaseDriver]&amp#27;[39m Waiting up to 10000 ms for condition
[debug] &amp#27;[35m[WD Proxy]&amp#27;[39m Matched '/elements' to command name 'findElements'
[debug] &amp#27;[35m[WD Proxy]&amp#27;[39m Proxying [POST /elements] to [POST http://127.0.0.1:8200/wd/hub/session/91bae3ee-22d3-4f66-983f-d2a440c0f1db/elements] with body: {"strategy":"class name","selector":"android.widget.TextView","context":"","multiple":true}
[debug] &amp#27;[35m[WD Proxy]&amp#27;[39m Got response with status 200: {"sessionId":"91bae3ee-22d3-4f66-983f-d2a440c0f1db","value":[{"ELEMENT":"ddc11d81-a3d5-4afb-8b49-fd32a510b0e3","element-6066-11e4-a52e-4f735466cecf":"ddc11d81-a3d5-4afb-8b49-fd32a510b0e3"},{"ELEMENT":"b02d1014-9e71-449b-b4b7-28d028df65ac","element-6066-11e4-a52e-4f735466cecf":"b02d1014-9e71-449b-b4b7-28d028df65ac"},{"ELEMENT":"36fd5b0c-bb38-41f0-b1a9-e2a54f9fe7ed","element-6066-11e4-a52e-4f735466cecf":"36fd5b0c-bb38-41f0-b1a9-e2a54f9fe7ed"},{"ELEMENT":"c22e4885-3965-4afa-9c8b-689e085ea08b","element-6066-11e4-a52e-4f735466cecf":"c22e4885-3965-4afa-9c8b-689e085ea08b"},{"ELEMENT":"cd5c645b-a5e1-4b5d-8e2e-b86860363029","element-6066-11e4-a52e-4f735466cecf":"cd5c645b-a5e1-4b5d-8e2e-b86860363029"},{"ELEMENT":"55fbdc78-0ac7-4f0f-bdb1-4dd7ed48b080","element-6066-11e4-a52e-4f735466cecf":"55fbdc78-0ac7-4f0f-bdb1-4dd7ed48b080"},{"ELEMENT":"c267a809-4394-4c82-aa61-8e01acedbe94","element-6066-11e4-a52e-4f735466cecf":"c267a809-4394-4c82-aa61-8e01acedbe94"}]}
[debug] &amp#27;[35m[W3C (17588393)]&amp#27;[39m Responding to client with driver.findElements() result: [{"element-6066-11e4-a52e-4f735466cecf":"ddc11d81-a3d5-4afb-8b49-fd32a510b0e3","ELEMENT":"ddc11d81-a3d5-4afb-8b49-fd32a510b0e3"},{"element-6066-11e4-a52e-4f735466cecf":"b02d1014-9e71-449b-b4b7-28d028df65ac","ELEMENT":"b02d1014-9e71-449b-b4b7-28d028df65ac"},{"element-6066-11e4-a52e-4f735466cecf":"36fd5b0c-bb38-41f0-b1a9-e2a54f9fe7ed","ELEMENT":"36fd5b0c-bb38-41f0-b1a9-e2a54f9fe7ed"},{"element-6066-11e4-a52e-4f735466cecf":"c22e4885-3965-4afa-9c8b-689e085ea08b","ELEMENT":"c22e4885-3965-4afa-9c8b-689e085ea08b"},{"element-6066-11e4-a52e-4f735466cecf":"cd5c645b-a5e1-4b5d-8e2e-b86860363029","ELEMENT":"cd5c645b-a5e1-4b5d-8e2e-b86860363029"},{"element-6066-11e4-a52e-4f735466cecf":"55fbdc78-0ac7-4f0f-bdb1-4dd7ed48b080","ELEMENT":"55fbdc78-0ac7-4f0f-bdb1-4dd7ed48b080"},{"element-6066-11e4-a52e-4f735466cecf":"c267a809-4394-4c82-aa61-8e01acedbe94","ELEMENT":"c267a809-4394-4c82-aa61-8e01acedbe94"}]
&amp#27;[35m[HTTP]&amp#27;[39m &amp#27;[37m<-- POST /wd/hub/session/17588393-9eac-4cd9-9399-d342c6384ea7/elements &amp#27;[39m&amp#27;[32m200&amp#27;[39m &amp#27;[90m18 ms - 907&amp#27;[39m
&amp#27;[35m[HTTP]&amp#27;[39m &amp#27;[90m&amp#27;[39m
&amp#27;[35m[HTTP]&amp#27;[39m &amp#27;[37m-->&amp#27;[39m &amp#27;[37mGET&amp#27;[39m &amp#27;[37m/wd/hub/session/17588393-9eac-4cd9-9399-d342c6384ea7/element/b02d1014-9e71-449b-b4b7-28d028df65ac/text&amp#27;[39m
&amp#27;[35m[HTTP]&amp#27;[39m &amp#27;[90m{}&amp#27;[39m
&amp#27;[35m[W3C (17588393)]&amp#27;[39m Driver proxy active, passing request on via HTTP proxy
[debug] &amp#27;[35m[WD Proxy]&amp#27;[39m Matched '/wd/hub/session/17588393-9eac-4cd9-9399-d342c6384ea7/element/b02d1014-9e71-449b-b4b7-28d028df65ac/text' to command name 'getText'
[debug] &amp#27;[35m[WD Proxy]&amp#27;[39m Proxying [GET /wd/hub/session/17588393-9eac-4cd9-9399-d342c6384ea7/element/b02d1014-9e71-449b-b4b7-28d028df65ac/text] to [GET http://127.0.0.1:8200/wd/hub/session/91bae3ee-22d3-4f66-983f-d2a440c0f1db/element/b02d1014-9e71-449b-b4b7-28d028df65ac/text] with no body
[debug] &amp#27;[35m[WD Proxy]&amp#27;[39m Got response with status 200: {"sessionId":"91bae3ee-22d3-4f66-983f-d2a440c0f1db","value":"Nike Blazer Mid '77"}
&amp#27;[35m[WD Proxy]&amp#27;[39m Replacing sessionId 91bae3ee-22d3-4f66-983f-d2a440c0f1db with 17588393-9eac-4cd9-9399-d342c6384ea7
&amp#27;[35m[HTTP]&amp#27;[39m &amp#27;[37m<-- GET /wd/hub/session/17588393-9eac-4cd9-9399-d342c6384ea7/element/b02d1014-9e71-449b-b4b7-28d028df65ac/text &amp#27;[39m&amp#27;[32m200&amp#27;[39m &amp#27;[90m12 ms - 82&amp#27;[39m
&amp#27;[35m[HTTP]&amp#27;[39m &amp#27;[90m&amp#27;[39m
&amp#27;[35m[HTTP]&amp#27;[39m &amp#27;[37m-->&amp#27;[39m &amp#27;[37mGET&amp#27;[39m &amp#27;[37m/wd/hub/session/17588393-9eac-4cd9-9399-d342c6384ea7/context&amp#27;[39m
&amp#27;[35m[HTTP]&amp#27;[39m &amp#27;[90m{}&amp#27;[39m
[debug] &amp#27;[35m[W3C (17588393)]&amp#27;[39m Calling AppiumDriver.getCurrentContext() with args: ["17588393-9eac-4cd9-9399-d342c6384ea7"]
[debug] &amp#27;[35m[W3C (17588393)]&amp#27;[39m Responding to client with driver.getCurrentContext() result: "NATIVE_APP"
&amp#27;[35m[HTTP]&amp#27;[39m &amp#27;[37m<-- GET /wd/hub/session/17588393-9eac-4cd9-9399-d342c6384ea7/context &amp#27;[39m&amp#27;[32m200&amp#27;[39m &amp#27;[90m2 ms - 22&amp#27;[39m
&amp#27;[35m[HTTP]&amp#27;[39m &amp#27;[90m&amp#27;[39m
&amp#27;[35m[HTTP]&amp#27;[39m &amp#27;[37m-->&amp#27;[39m &amp#27;[37mPOST&amp#27;[39m &amp#27;[37m/wd/hub/session/17588393-9eac-4cd9-9399-d342c6384ea7/elements&amp#27;[39m
&amp#27;[35m[HTTP]&amp#27;[39m &amp#27;[90m{"using":"class name","value":"android.widget.TextView"}&amp#27;[39m
[debug] &amp#27;[35m[W3C (17588393)]&amp#27;[39m Calling AppiumDriver.findElements() with args: ["class name","android.widget.TextView","17588393-9eac-4cd9-9399-d342c6384ea7"]
[debug] &amp#27;[35m[BaseDriver]&amp#27;[39m Valid locator strategies for this request: xpath, id, class name, accessibility id, -android uiautomator
[debug] &amp#27;[35m[BaseDriver]&amp#27;[39m Waiting up to 10000 ms for condition
[debug] &amp#27;[35m[WD Proxy]&amp#27;[39m Matched '/elements' to command name 'findElements'
[debug] &amp#27;[35m[WD Proxy]&amp#27;[39m Proxying [POST /elements] to [POST http://127.0.0.1:8200/wd/hub/session/91bae3ee-22d3-4f66-983f-d2a440c0f1db/elements] with body: {"strategy":"class name","selector":"android.widget.TextView","context":"","multiple":true}
[debug] &amp#27;[35m[WD Proxy]&amp#27;[39m Got response with status 200: {"sessionId":"91bae3ee-22d3-4f66-983f-d2a440c0f1db","value":[{"ELEMENT":"2fcba6df-82a3-4a5b-ba39-a4378859747c","element-6066-11e4-a52e-4f735466cecf":"2fcba6df-82a3-4a5b-ba39-a4378859747c"},{"ELEMENT":"cec184a1-8e76-4a37-997e-aade1989e9be","element-6066-11e4-a52e-4f735466cecf":"cec184a1-8e76-4a37-997e-aade1989e9be"},{"ELEMENT":"74318a92-1343-41ee-86e8-131dbb7df59c","element-6066-11e4-a52e-4f735466cecf":"74318a92-1343-41ee-86e8-131dbb7df59c"},{"ELEMENT":"536d6012-9695-4b48-b556-d26350ce3a1b","element-6066-11e4-a52e-4f735466cecf":"536d6012-9695-4b48-b556-d26350ce3a1b"},{"ELEMENT":"05c51de3-594e-4717-aa8e-8c2bb6e2924f","element-6066-11e4-a52e-4f735466cecf":"05c51de3-594e-4717-aa8e-8c2bb6e2924f"},{"ELEMENT":"f2c8e714-b8cf-4d3f-ac3f-931944664f55","element-6066-11e4-a52e-4f735466cecf":"f2c8e714-b8cf-4d3f-ac3f-931944664f55"},{"ELEMENT":"eda2e6a7-c6c9-417c-a542-ad2a6e2cd95e","element-6066-11e4-a52e-4f735466cecf":"eda2e6a7-c6c9-417c-a542-ad2a6e2cd95e"}]}
[debug] &amp#27;[35m[W3C (17588393)]&amp#27;[39m Responding to client with driver.findElements() result: [{"element-6066-11e4-a52e-4f735466cecf":"2fcba6df-82a3-4a5b-ba39-a4378859747c","ELEMENT":"2fcba6df-82a3-4a5b-ba39-a4378859747c"},{"element-6066-11e4-a52e-4f735466cecf":"cec184a1-8e76-4a37-997e-aade1989e9be","ELEMENT":"cec184a1-8e76-4a37-997e-aade1989e9be"},{"element-6066-11e4-a52e-4f735466cecf":"74318a92-1343-41ee-86e8-131dbb7df59c","ELEMENT":"74318a92-1343-41ee-86e8-131dbb7df59c"},{"element-6066-11e4-a52e-4f735466cecf":"536d6012-9695-4b48-b556-d26350ce3a1b","ELEMENT":"536d6012-9695-4b48-b556-d26350ce3a1b"},{"element-6066-11e4-a52e-4f735466cecf":"05c51de3-594e-4717-aa8e-8c2bb6e2924f","ELEMENT":"05c51de3-594e-4717-aa8e-8c2bb6e2924f"},{"element-6066-11e4-a52e-4f735466cecf":"f2c8e714-b8cf-4d3f-ac3f-931944664f55","ELEMENT":"f2c8e714-b8cf-4d3f-ac3f-931944664f55"},{"element-6066-11e4-a52e-4f735466cecf":"eda2e6a7-c6c9-417c-a542-ad2a6e2cd95e","ELEMENT":"eda2e6a7-c6c9-417c-a542-ad2a6e2cd95e"}]
&amp#27;[35m[HTTP]&amp#27;[39m &amp#27;[37m<-- POST /wd/hub/session/17588393-9eac-4cd9-9399-d342c6384ea7/elements &amp#27;[39m&amp#27;[32m200&amp#27;[39m &amp#27;[90m20 ms - 907&amp#27;[39m
&amp#27;[35m[HTTP]&amp#27;[39m &amp#27;[90m&amp#27;[39m
&amp#27;[35m[HTTP]&amp#27;[39m &amp#27;[37m-->&amp#27;[39m &amp#27;[37mGET&amp#27;[39m &amp#27;[37m/wd/hub/session/17588393-9eac-4cd9-9399-d342c6384ea7/element/74318a92-1343-41ee-86e8-131dbb7df59c/text&amp#27;[39m
&amp#27;[35m[HTTP]&amp#27;[39m &amp#27;[90m{}&amp#27;[39m
&amp#27;[35m[W3C (17588393)]&amp#27;[39m Driver proxy active, passing request on via HTTP proxy
[debug] &amp#27;[35m[WD Proxy]&amp#27;[39m Matched '/wd/hub/session/17588393-9eac-4cd9-9399-d342c6384ea7/element/74318a92-1343-41ee-86e8-131dbb7df59c/text' to command name 'getText'
[debug] &amp#27;[35m[WD Proxy]&amp#27;[39m Proxying [GET /wd/hub/session/17588393-9eac-4cd9-9399-d342c6384ea7/element/74318a92-1343-41ee-86e8-131dbb7df59c/text] to [GET http://127.0.0.1:8200/wd/hub/session/91bae3ee-22d3-4f66-983f-d2a440c0f1db/element/74318a92-1343-41ee-86e8-131dbb7df59c/text] with no body
[debug] &amp#27;[35m[WD Proxy]&amp#27;[39m Got response with status 200: {"sessionId":"91bae3ee-22d3-4f66-983f-d2a440c0f1db","value":"$110.0"}
&amp#27;[35m[WD Proxy]&amp#27;[39m Replacing sessionId 91bae3ee-22d3-4f66-983f-d2a440c0f1db with 17588393-9eac-4cd9-9399-d342c6384ea7
&amp#27;[35m[HTTP]&amp#27;[39m &amp#27;[37m<-- GET /wd/hub/session/17588393-9eac-4cd9-9399-d342c6384ea7/element/74318a92-1343-41ee-86e8-131dbb7df59c/text &amp#27;[39m&amp#27;[32m200&amp#27;[39m &amp#27;[90m11 ms - 69&amp#27;[39m
&amp#27;[35m[HTTP]&amp#27;[39m &amp#27;[90m&amp#27;[39m
&amp#27;[35m[HTTP]&amp#27;[39m &amp#27;[37m-->&amp#27;[39m &amp#27;[37mGET&amp#27;[39m &amp#27;[37m/wd/hub/session/17588393-9eac-4cd9-9399-d342c6384ea7/context&amp#27;[39m
&amp#27;[35m[HTTP]&amp#27;[39m &amp#27;[90m{}&amp#27;[39m
[debug] &amp#27;[35m[W3C (17588393)]&amp#27;[39m Calling AppiumDriver.getCurrentContext() with args: ["17588393-9eac-4cd9-9399-d342c6384ea7"]
[debug] &amp#27;[35m[W3C (17588393)]&amp#27;[39m Responding to client with driver.getCurrentContext() result: "NATIVE_APP"
&amp#27;[35m[HTTP]&amp#27;[39m &amp#27;[37m<-- GET /wd/hub/session/17588393-9eac-4cd9-9399-d342c6384ea7/context &amp#27;[39m&amp#27;[32m200&amp#27;[39m &amp#27;[90m1 ms - 22&amp#27;[39m
&amp#27;[35m[HTTP]&amp#27;[39m &amp#27;[90m&amp#27;[39m
&amp#27;[35m[HTTP]&amp#27;[39m &amp#27;[37m-->&amp#27;[39m &amp#27;[37mPOST&amp#27;[39m &amp#27;[37m/wd/hub/session/17588393-9eac-4cd9-9399-d342c6384ea7/elements&amp#27;[39m
&amp#27;[35m[HTTP]&amp#27;[39m &amp#27;[90m{"using":"class name","value":"android.widget.TextView"}&amp#27;[39m
[debug] &amp#27;[35m[W3C (17588393)]&amp#27;[39m Calling AppiumDriver.findElements() with args: ["class name","android.widget.TextView","17588393-9eac-4cd9-9399-d342c6384ea7"]
[debug] &amp#27;[35m[BaseDriver]&amp#27;[39m Valid locator strategies for this request: xpath, id, class name, accessibility id, -android uiautomator
[debug] &amp#27;[35m[BaseDriver]&amp#27;[39m Waiting up to 10000 ms for condition
[debug] &amp#27;[35m[WD Proxy]&amp#27;[39m Matched '/elements' to command name 'findElements'
[debug] &amp#27;[35m[WD Proxy]&amp#27;[39m Proxying [POST /elements] to [POST http://127.0.0.1:8200/wd/hub/session/91bae3ee-22d3-4f66-983f-d2a440c0f1db/elements] with body: {"strategy":"class name","selector":"android.widget.TextView","context":"","multiple":true}
[debug] &amp#27;[35m[WD Proxy]&amp#27;[39m Got response with status 200: {"sessionId":"91bae3ee-22d3-4f66-983f-d2a440c0f1db","value":[{"ELEMENT":"c4b40b7b-c74a-4230-b76b-60c37bd30c41","element-6066-11e4-a52e-4f735466cecf":"c4b40b7b-c74a-4230-b76b-60c37bd30c41"},{"ELEMENT":"60d537d6-f420-4ace-a194-10f2cb779717","element-6066-11e4-a52e-4f735466cecf":"60d537d6-f420-4ace-a194-10f2cb779717"},{"ELEMENT":"36918880-64cc-4e49-be05-395ab7e86e66","element-6066-11e4-a52e-4f735466cecf":"36918880-64cc-4e49-be05-395ab7e86e66"},{"ELEMENT":"0bb66f48-5ebe-4d7a-b2c1-eba781141b75","element-6066-11e4-a52e-4f735466cecf":"0bb66f48-5ebe-4d7a-b2c1-eba781141b75"},{"ELEMENT":"2a989b9e-6993-41f3-a471-4344638a9509","element-6066-11e4-a52e-4f735466cecf":"2a989b9e-6993-41f3-a471-4344638a9509"},{"ELEMENT":"f7f909f5-837d-4940-b54f-4bd73fd9da8d","element-6066-11e4-a52e-4f735466cecf":"f7f909f5-837d-4940-b54f-4bd73fd9da8d"},{"ELEMENT":"86c37a52-3d74-4d2a-829b-c44701c7f9cd","element-6066-11e4-a52e-4f735466cecf":"86c37a52-3d74-4d2a-829b-c44701c7f9cd"}]}
[debug] &amp#27;[35m[W3C (17588393)]&amp#27;[39m Responding to client with driver.findElements() result: [{"element-6066-11e4-a52e-4f735466cecf":"c4b40b7b-c74a-4230-b76b-60c37bd30c41","ELEMENT":"c4b40b7b-c74a-4230-b76b-60c37bd30c41"},{"element-6066-11e4-a52e-4f735466cecf":"60d537d6-f420-4ace-a194-10f2cb779717","ELEMENT":"60d537d6-f420-4ace-a194-10f2cb779717"},{"element-6066-11e4-a52e-4f735466cecf":"36918880-64cc-4e49-be05-395ab7e86e66","ELEMENT":"36918880-64cc-4e49-be05-395ab7e86e66"},{"element-6066-11e4-a52e-4f735466cecf":"0bb66f48-5ebe-4d7a-b2c1-eba781141b75","ELEMENT":"0bb66f48-5ebe-4d7a-b2c1-eba781141b75"},{"element-6066-11e4-a52e-4f735466cecf":"2a989b9e-6993-41f3-a471-4344638a9509","ELEMENT":"2a989b9e-6993-41f3-a471-4344638a9509"},{"element-6066-11e4-a52e-4f735466cecf":"f7f909f5-837d-4940-b54f-4bd73fd9da8d","ELEMENT":"f7f909f5-837d-4940-b54f-4bd73fd9da8d"},{"element-6066-11e4-a52e-4f735466cecf":"86c37a52-3d74-4d2a-829b-c44701c7f9cd","ELEMENT":"86c37a52-3d74-4d2a-829b-c44701c7f9cd"}]
&amp#27;[35m[HTTP]&amp#27;[39m &amp#27;[37m<-- POST /wd/hub/session/17588393-9eac-4cd9-9399-d342c6384ea7/elements &amp#27;[39m&amp#27;[32m200&amp#27;[39m &amp#27;[90m18 ms - 907&amp#27;[39m
&amp#27;[35m[HTTP]&amp#27;[39m &amp#27;[90m&amp#27;[39m
&amp#27;[35m[HTTP]&amp#27;[39m &amp#27;[37m-->&amp#27;[39m &amp#27;[37mGET&amp#27;[39m &amp#27;[37m/wd/hub/session/17588393-9eac-4cd9-9399-d342c6384ea7/element/0bb66f48-5ebe-4d7a-b2c1-eba781141b75/text&amp#27;[39m
&amp#27;[35m[HTTP]&amp#27;[39m &amp#27;[90m{}&amp#27;[39m
&amp#27;[35m[W3C (17588393)]&amp#27;[39m Driver proxy active, passing request on via HTTP proxy
[debug] &amp#27;[35m[WD Proxy]&amp#27;[39m Matched '/wd/hub/session/17588393-9eac-4cd9-9399-d342c6384ea7/element/0bb66f48-5ebe-4d7a-b2c1-eba781141b75/text' to command name 'getText'
[debug] &amp#27;[35m[WD Proxy]&amp#27;[39m Proxying [GET /wd/hub/session/17588393-9eac-4cd9-9399-d342c6384ea7/element/0bb66f48-5ebe-4d7a-b2c1-eba781141b75/text] to [GET http://127.0.0.1:8200/wd/hub/session/91bae3ee-22d3-4f66-983f-d2a440c0f1db/element/0bb66f48-5ebe-4d7a-b2c1-eba781141b75/text] with no body
[debug] &amp#27;[35m[WD Proxy]&amp#27;[39m Got response with status 200: {"sessionId":"91bae3ee-22d3-4f66-983f-d2a440c0f1db","value":"ADD TO CART"}
&amp#27;[35m[WD Proxy]&amp#27;[39m Replacing sessionId 91bae3ee-22d3-4f66-983f-d2a440c0f1db with 17588393-9eac-4cd9-9399-d342c6384ea7
&amp#27;[35m[HTTP]&amp#27;[39m &amp#27;[37m<-- GET /wd/hub/session/17588393-9eac-4cd9-9399-d342c6384ea7/element/0bb66f48-5ebe-4d7a-b2c1-eba781141b75/text &amp#27;[39m&amp#27;[32m200&amp#27;[39m &amp#27;[90m11 ms - 74&amp#27;[39m
&amp#27;[35m[HTTP]&amp#27;[39m &amp#27;[90m&amp#27;[39m
&amp#27;[35m[HTTP]&amp#27;[39m &amp#27;[37m-->&amp#27;[39m &amp#27;[37mGET&amp#27;[39m &amp#27;[37m/wd/hub/session/17588393-9eac-4cd9-9399-d342c6384ea7/context&amp#27;[39m
&amp#27;[35m[HTTP]&amp#27;[39m &amp#27;[90m{}&amp#27;[39m
[debug] &amp#27;[35m[W3C (17588393)]&amp#27;[39m Calling AppiumDriver.getCurrentContext() with args: ["17588393-9eac-4cd9-9399-d342c6384ea7"]
[debug] &amp#27;[35m[W3C (17588393)]&amp#27;[39m Responding to client with driver.getCurrentContext() result: "NATIVE_APP"
&amp#27;[35m[HTTP]&amp#27;[39m &amp#27;[37m<-- GET /wd/hub/session/17588393-9eac-4cd9-9399-d342c6384ea7/context &amp#27;[39m&amp#27;[32m200&amp#27;[39m &amp#27;[90m1 ms - 22&amp#27;[39m
&amp#27;[35m[HTTP]&amp#27;[39m &amp#27;[90m&amp#27;[39m
&amp#27;[35m[HTTP]&amp#27;[39m &amp#27;[37m-->&amp#27;[39m &amp#27;[37mPOST&amp#27;[39m &amp#27;[37m/wd/hub/session/17588393-9eac-4cd9-9399-d342c6384ea7/elements&amp#27;[39m
&amp#27;[35m[HTTP]&amp#27;[39m &amp#27;[90m{"using":"class name","value":"android.widget.TextView"}&amp#27;[39m
[debug] &amp#27;[35m[W3C (17588393)]&amp#27;[39m Calling AppiumDriver.findElements() with args: ["class name","android.widget.TextView","17588393-9eac-4cd9-9399-d342c6384ea7"]
[debug] &amp#27;[35m[BaseDriver]&amp#27;[39m Valid locator strategies for this request: xpath, id, class name, accessibility id, -android uiautomator
[debug] &amp#27;[35m[BaseDriver]&amp#27;[39m Waiting up to 10000 ms for condition
[debug] &amp#27;[35m[WD Proxy]&amp#27;[39m Matched '/elements' to command name 'findElements'
[debug] &amp#27;[35m[WD Proxy]&amp#27;[39m Proxying [POST /elements] to [POST http://127.0.0.1:8200/wd/hub/session/91bae3ee-22d3-4f66-983f-d2a440c0f1db/elements] with body: {"strategy":"class name","selector":"android.widget.TextView","context":"","multiple":true}
[debug] &amp#27;[35m[WD Proxy]&amp#27;[39m Got response with status 200: {"sessionId":"91bae3ee-22d3-4f66-983f-d2a440c0f1db","value":[{"ELEMENT":"2114783d-be4e-4312-b04f-93223a840c58","element-6066-11e4-a52e-4f735466cecf":"2114783d-be4e-4312-b04f-93223a840c58"},{"ELEMENT":"ff00c690-a4eb-46ee-a3a5-ddd14e8b5184","element-6066-11e4-a52e-4f735466cecf":"ff00c690-a4eb-46ee-a3a5-ddd14e8b5184"},{"ELEMENT":"07559bdc-2027-4bdb-a334-3bb163825b63","element-6066-11e4-a52e-4f735466cecf":"07559bdc-2027-4bdb-a334-3bb163825b63"},{"ELEMENT":"a822d9e6-8557-4540-ba08-71c8bf692fd8","element-6066-11e4-a52e-4f735466cecf":"a822d9e6-8557-4540-ba08-71c8bf692fd8"},{"ELEMENT":"1611481b-9239-4ba3-bf88-fe85a43560b0","element-6066-11e4-a52e-4f735466cecf":"1611481b-9239-4ba3-bf88-fe85a43560b0"},{"ELEMENT":"b279e73b-720f-43f2-9f3c-4ecabf7a4097","element-6066-11e4-a52e-4f735466cecf":"b279e73b-720f-43f2-9f3c-4ecabf7a4097"},{"ELEMENT":"aea58586-407c-49af-978b-80e8c6ef24d5","element-6066-11e4-a52e-4f735466cecf":"aea58586-407c-49af-978b-80e8c6ef24d5"}]}
[debug] &amp#27;[35m[W3C (17588393)]&amp#27;[39m Responding to client with driver.findElements() result: [{"element-6066-11e4-a52e-4f735466cecf":"2114783d-be4e-4312-b04f-93223a840c58","ELEMENT":"2114783d-be4e-4312-b04f-93223a840c58"},{"element-6066-11e4-a52e-4f735466cecf":"ff00c690-a4eb-46ee-a3a5-ddd14e8b5184","ELEMENT":"ff00c690-a4eb-46ee-a3a5-ddd14e8b5184"},{"element-6066-11e4-a52e-4f735466cecf":"07559bdc-2027-4bdb-a334-3bb163825b63","ELEMENT":"07559bdc-2027-4bdb-a334-3bb163825b63"},{"element-6066-11e4-a52e-4f735466cecf":"a822d9e6-8557-4540-ba08-71c8bf692fd8","ELEMENT":"a822d9e6-8557-4540-ba08-71c8bf692fd8"},{"element-6066-11e4-a52e-4f735466cecf":"1611481b-9239-4ba3-bf88-fe85a43560b0","ELEMENT":"1611481b-9239-4ba3-bf88-fe85a43560b0"},{"element-6066-11e4-a52e-4f735466cecf":"b279e73b-720f-43f2-9f3c-4ecabf7a4097","ELEMENT":"b279e73b-720f-43f2-9f3c-4ecabf7a4097"},{"element-6066-11e4-a52e-4f735466cecf":"aea58586-407c-49af-978b-80e8c6ef24d5","ELEMENT":"aea58586-407c-49af-978b-80e8c6ef24d5"}]
&amp#27;[35m[HTTP]&amp#27;[39m &amp#27;[37m<-- POST /wd/hub/session/17588393-9eac-4cd9-9399-d342c6384ea7/elements &amp#27;[39m&amp#27;[32m200&amp#27;[39m &amp#27;[90m17 ms - 907&amp#27;[39m
&amp#27;[35m[HTTP]&amp#27;[39m &amp#27;[90m&amp#27;[39m
&amp#27;[35m[HTTP]&amp#27;[39m &amp#27;[37m-->&amp#27;[39m &amp#27;[37mGET&amp#27;[39m &amp#27;[37m/wd/hub/session/17588393-9eac-4cd9-9399-d342c6384ea7/element/1611481b-9239-4ba3-bf88-fe85a43560b0/text&amp#27;[39m
&amp#27;[35m[HTTP]&amp#27;[39m &amp#27;[90m{}&amp#27;[39m
&amp#27;[35m[W3C (17588393)]&amp#27;[39m Driver proxy active, passing request on via HTTP proxy
[debug] &amp#27;[35m[WD Proxy]&amp#27;[39m Matched '/wd/hub/session/17588393-9eac-4cd9-9399-d342c6384ea7/element/1611481b-9239-4ba3-bf88-fe85a43560b0/text' to command name 'getText'
[debug] &amp#27;[35m[WD Proxy]&amp#27;[39m Proxying [GET /wd/hub/session/17588393-9eac-4cd9-9399-d342c6384ea7/element/1611481b-9239-4ba3-bf88-fe85a43560b0/text] to [GET http://127.0.0.1:8200/wd/hub/session/91bae3ee-22d3-4f66-983f-d2a440c0f1db/element/1611481b-9239-4ba3-bf88-fe85a43560b0/text] with no body
[debug] &amp#27;[35m[WD Proxy]&amp#27;[39m Got response with status 200: {"sessionId":"91bae3ee-22d3-4f66-983f-d2a440c0f1db","value":"Converse All Star"}
&amp#27;[35m[WD Proxy]&amp#27;[39m Replacing sessionId 91bae3ee-22d3-4f66-983f-d2a440c0f1db with 17588393-9eac-4cd9-9399-d342c6384ea7
&amp#27;[35m[HTTP]&amp#27;[39m &amp#27;[37m<-- GET /wd/hub/session/17588393-9eac-4cd9-9399-d342c6384ea7/element/1611481b-9239-4ba3-bf88-fe85a43560b0/text &amp#27;[39m&amp#27;[32m200&amp#27;[39m &amp#27;[90m9 ms - 80&amp#27;[39m
&amp#27;[35m[HTTP]&amp#27;[39m &amp#27;[90m&amp#27;[39m
&amp#27;[35m[HTTP]&amp#27;[39m &amp#27;[37m-->&amp#27;[39m &amp#27;[37mPOST&amp#27;[39m &amp#27;[37m/wd/hub/session/17588393-9eac-4cd9-9399-d342c6384ea7/elements&amp#27;[39m
&amp#27;[35m[HTTP]&amp#27;[39m &amp#27;[90m{"using":"class name","value":"android.widget.TextView"}&amp#27;[39m
[debug] &amp#27;[35m[W3C (17588393)]&amp#27;[39m Calling AppiumDriver.findElements() with args: ["class name","android.widget.TextView","17588393-9eac-4cd9-9399-d342c6384ea7"]
[debug] &amp#27;[35m[BaseDriver]&amp#27;[39m Valid locator strategies for this request: xpath, id, class name, accessibility id, -android uiautomator
[debug] &amp#27;[35m[BaseDriver]&amp#27;[39m Waiting up to 10000 ms for condition
[debug] &amp#27;[35m[WD Proxy]&amp#27;[39m Matched '/elements' to command name 'findElements'
[debug] &amp#27;[35m[WD Proxy]&amp#27;[39m Proxying [POST /elements] to [POST http://127.0.0.1:8200/wd/hub/session/91bae3ee-22d3-4f66-983f-d2a440c0f1db/elements] with body: {"strategy":"class name","selector":"android.widget.TextView","context":"","multiple":true}
[debug] &amp#27;[35m[WD Proxy]&amp#27;[39m Got response with status 200: {"sessionId":"91bae3ee-22d3-4f66-983f-d2a440c0f1db","value":[{"ELEMENT":"7c07c3da-acf7-4672-9b3d-c87e0248571f","element-6066-11e4-a52e-4f735466cecf":"7c07c3da-acf7-4672-9b3d-c87e0248571f"},{"ELEMENT":"f414642a-aa61-4b4a-930e-7fe4c87214ca","element-6066-11e4-a52e-4f735466cecf":"f414642a-aa61-4b4a-930e-7fe4c87214ca"},{"ELEMENT":"5a9b07cf-8f8f-4e7d-a83a-6d42eb800054","element-6066-11e4-a52e-4f735466cecf":"5a9b07cf-8f8f-4e7d-a83a-6d42eb800054"},{"ELEMENT":"25bb8f18-cd64-48cb-a5d1-edc36ce3e165","element-6066-11e4-a52e-4f735466cecf":"25bb8f18-cd64-48cb-a5d1-edc36ce3e165"},{"ELEMENT":"474213c1-f0b4-4085-8ed5-60740d6f3aad","element-6066-11e4-a52e-4f735466cecf":"474213c1-f0b4-4085-8ed5-60740d6f3aad"},{"ELEMENT":"6c1f3bcc-0525-455f-bc2a-3a9775f5d625","element-6066-11e4-a52e-4f735466cecf":"6c1f3bcc-0525-455f-bc2a-3a9775f5d625"},{"ELEMENT":"7499f50a-22a1-4993-b633-329c5dd34fdc","element-6066-11e4-a52e-4f735466cecf":"7499f50a-22a1-4993-b633-329c5dd34fdc"}]}
[debug] &amp#27;[35m[W3C (17588393)]&amp#27;[39m Responding to client with driver.findElements() result: [{"element-6066-11e4-a52e-4f735466cecf":"7c07c3da-acf7-4672-9b3d-c87e0248571f","ELEMENT":"7c07c3da-acf7-4672-9b3d-c87e0248571f"},{"element-6066-11e4-a52e-4f735466cecf":"f414642a-aa61-4b4a-930e-7fe4c87214ca","ELEMENT":"f414642a-aa61-4b4a-930e-7fe4c87214ca"},{"element-6066-11e4-a52e-4f735466cecf":"5a9b07cf-8f8f-4e7d-a83a-6d42eb800054","ELEMENT":"5a9b07cf-8f8f-4e7d-a83a-6d42eb800054"},{"element-6066-11e4-a52e-4f735466cecf":"25bb8f18-cd64-48cb-a5d1-edc36ce3e165","ELEMENT":"25bb8f18-cd64-48cb-a5d1-edc36ce3e165"},{"element-6066-11e4-a52e-4f735466cecf":"474213c1-f0b4-4085-8ed5-60740d6f3aad","ELEMENT":"474213c1-f0b4-4085-8ed5-60740d6f3aad"},{"element-6066-11e4-a52e-4f735466cecf":"6c1f3bcc-0525-455f-bc2a-3a9775f5d625","ELEMENT":"6c1f3bcc-0525-455f-bc2a-3a9775f5d625"},{"element-6066-11e4-a52e-4f735466cecf":"7499f50a-22a1-4993-b633-329c5dd34fdc","ELEMENT":"7499f50a-22a1-4993-b633-329c5dd34fdc"}]
&amp#27;[35m[HTTP]&amp#27;[39m &amp#27;[37m<-- POST /wd/hub/session/17588393-9eac-4cd9-9399-d342c6384ea7/elements &amp#27;[39m&amp#27;[32m200&amp#27;[39m &amp#27;[90m17 ms - 907&amp#27;[39m
&amp#27;[35m[HTTP]&amp#27;[39m &amp#27;[90m&amp#27;[39m
&amp#27;[35m[HTTP]&amp#27;[39m &amp#27;[37m-->&amp#27;[39m &amp#27;[37mGET&amp#27;[39m &amp#27;[37m/wd/hub/session/17588393-9eac-4cd9-9399-d342c6384ea7/element/6c1f3bcc-0525-455f-bc2a-3a9775f5d625/text&amp#27;[39m
&amp#27;[35m[HTTP]&amp#27;[39m &amp#27;[90m{}&amp#27;[39m
&amp#27;[35m[W3C (17588393)]&amp#27;[39m Driver proxy active, passing request on via HTTP proxy
[debug] &amp#27;[35m[WD Proxy]&amp#27;[39m Matched '/wd/hub/session/17588393-9eac-4cd9-9399-d342c6384ea7/element/6c1f3bcc-0525-455f-bc2a-3a9775f5d625/text' to command name 'getText'
[debug] &amp#27;[35m[WD Proxy]&amp#27;[39m Proxying [GET /wd/hub/session/17588393-9eac-4cd9-9399-d342c6384ea7/element/6c1f3bcc-0525-455f-bc2a-3a9775f5d625/text] to [GET http://127.0.0.1:8200/wd/hub/session/91bae3ee-22d3-4f66-983f-d2a440c0f1db/element/6c1f3bcc-0525-455f-bc2a-3a9775f5d625/text] with no body
[debug] &amp#27;[35m[WD Proxy]&amp#27;[39m Got response with status 200: {"sessionId":"91bae3ee-22d3-4f66-983f-d2a440c0f1db","value":"$55.0"}
&amp#27;[35m[WD Proxy]&amp#27;[39m Replacing sessionId 91bae3ee-22d3-4f66-983f-d2a440c0f1db with 17588393-9eac-4cd9-9399-d342c6384ea7
&amp#27;[35m[HTTP]&amp#27;[39m &amp#27;[37m<-- GET /wd/hub/session/17588393-9eac-4cd9-9399-d342c6384ea7/element/6c1f3bcc-0525-455f-bc2a-3a9775f5d625/text &amp#27;[39m&amp#27;[32m200&amp#27;[39m &amp#27;[90m12 ms - 68&amp#27;[39m
&amp#27;[35m[HTTP]&amp#27;[39m &amp#27;[90m&amp#27;[39m
&amp#27;[35m[HTTP]&amp#27;[39m &amp#27;[37m-->&amp#27;[39m &amp#27;[37mPOST&amp#27;[39m &amp#27;[37m/wd/hub/session/17588393-9eac-4cd9-9399-d342c6384ea7/elements&amp#27;[39m
&amp#27;[35m[HTTP]&amp#27;[39m &amp#27;[90m{"using":"class name","value":"android.widget.TextView"}&amp#27;[39m
[debug] &amp#27;[35m[W3C (17588393)]&amp#27;[39m Calling AppiumDriver.findElements() with args: ["class name","android.widget.TextView","17588393-9eac-4cd9-9399-d342c6384ea7"]
[debug] &amp#27;[35m[BaseDriver]&amp#27;[39m Valid locator strategies for this request: xpath, id, class name, accessibility id, -android uiautomator
[debug] &amp#27;[35m[BaseDriver]&amp#27;[39m Waiting up to 10000 ms for condition
[debug] &amp#27;[35m[WD Proxy]&amp#27;[39m Matched '/elements' to command name 'findElements'
[debug] &amp#27;[35m[WD Proxy]&amp#27;[39m Proxying [POST /elements] to [POST http://127.0.0.1:8200/wd/hub/session/91bae3ee-22d3-4f66-983f-d2a440c0f1db/elements] with body: {"strategy":"class name","selector":"android.widget.TextView","context":"","multiple":true}
[debug] &amp#27;[35m[WD Proxy]&amp#27;[39m Got response with status 200: {"sessionId":"91bae3ee-22d3-4f66-983f-d2a440c0f1db","value":[{"ELEMENT":"64198dbc-eadf-4aaf-a4dc-86f659c73092","element-6066-11e4-a52e-4f735466cecf":"64198dbc-eadf-4aaf-a4dc-86f659c73092"},{"ELEMENT":"85ebe702-40a6-4110-95d0-923cc4342319","element-6066-11e4-a52e-4f735466cecf":"85ebe702-40a6-4110-95d0-923cc4342319"},{"ELEMENT":"43fe6c43-3253-47d2-ba0b-211f772aff24","element-6066-11e4-a52e-4f735466cecf":"43fe6c43-3253-47d2-ba0b-211f772aff24"},{"ELEMENT":"7adbadb0-07c9-4865-b370-7656372544f6","element-6066-11e4-a52e-4f735466cecf":"7adbadb0-07c9-4865-b370-7656372544f6"},{"ELEMENT":"a7008e41-93f8-44bb-b508-1efdf71d5951","element-6066-11e4-a52e-4f735466cecf":"a7008e41-93f8-44bb-b508-1efdf71d5951"},{"ELEMENT":"ceffcd53-b6d7-4afc-a4d7-70da58e426e1","element-6066-11e4-a52e-4f735466cecf":"ceffcd53-b6d7-4afc-a4d7-70da58e426e1"},{"ELEMENT":"a5e572e1-222c-40a6-9e3c-e0aea1b73388","element-6066-11e4-a52e-4f735466cecf":"a5e572e1-222c-40a6-9e3c-e0aea1b73388"}]}
[debug] &amp#27;[35m[W3C (17588393)]&amp#27;[39m Responding to client with driver.findElements() result: [{"element-6066-11e4-a52e-4f735466cecf":"64198dbc-eadf-4aaf-a4dc-86f659c73092","ELEMENT":"64198dbc-eadf-4aaf-a4dc-86f659c73092"},{"element-6066-11e4-a52e-4f735466cecf":"85ebe702-40a6-4110-95d0-923cc4342319","ELEMENT":"85ebe702-40a6-4110-95d0-923cc4342319"},{"element-6066-11e4-a52e-4f735466cecf":"43fe6c43-3253-47d2-ba0b-211f772aff24","ELEMENT":"43fe6c43-3253-47d2-ba0b-211f772aff24"},{"element-6066-11e4-a52e-4f735466cecf":"7adbadb0-07c9-4865-b370-7656372544f6","ELEMENT":"7adbadb0-07c9-4865-b370-7656372544f6"},{"element-6066-11e4-a52e-4f735466cecf":"a7008e41-93f8-44bb-b508-1efdf71d5951","ELEMENT":"a7008e41-93f8-44bb-b508-1efdf71d5951"},{"element-6066-11e4-a52e-4f735466cecf":"ceffcd53-b6d7-4afc-a4d7-70da58e426e1","ELEMENT":"ceffcd53-b6d7-4afc-a4d7-70da58e426e1"},{"element-6066-11e4-a52e-4f735466cecf":"a5e572e1-222c-40a6-9e3c-e0aea1b73388","ELEMENT":"a5e572e1-222c-40a6-9e3c-e0aea1b73388"}]
&amp#27;[35m[HTTP]&amp#27;[39m &amp#27;[37m<-- POST /wd/hub/session/17588393-9eac-4cd9-9399-d342c6384ea7/elements &amp#27;[39m&amp#27;[32m200&amp#27;[39m &amp#27;[90m19 ms - 907&amp#27;[39m
&amp#27;[35m[HTTP]&amp#27;[39m &amp#27;[90m&amp#27;[39m
&amp#27;[35m[HTTP]&amp#27;[39m &amp#27;[37m-->&amp#27;[39m &amp#27;[37mGET&amp#27;[39m &amp#27;[37m/wd/hub/session/17588393-9eac-4cd9-9399-d342c6384ea7/element/a5e572e1-222c-40a6-9e3c-e0aea1b73388/text&amp#27;[39m
&amp#27;[35m[HTTP]&amp#27;[39m &amp#27;[90m{}&amp#27;[39m
&amp#27;[35m[W3C (17588393)]&amp#27;[39m Driver proxy active, passing request on via HTTP proxy
[debug] &amp#27;[35m[WD Proxy]&amp#27;[39m Matched '/wd/hub/session/17588393-9eac-4cd9-9399-d342c6384ea7/element/a5e572e1-222c-40a6-9e3c-e0aea1b73388/text' to command name 'getText'
[debug] &amp#27;[35m[WD Proxy]&amp#27;[39m Proxying [GET /wd/hub/session/17588393-9eac-4cd9-9399-d342c6384ea7/element/a5e572e1-222c-40a6-9e3c-e0aea1b73388/text] to [GET http://127.0.0.1:8200/wd/hub/session/91bae3ee-22d3-4f66-983f-d2a440c0f1db/element/a5e572e1-222c-40a6-9e3c-e0aea1b73388/text] with no body
[debug] &amp#27;[35m[WD Proxy]&amp#27;[39m Got response with status 200: {"sessionId":"91bae3ee-22d3-4f66-983f-d2a440c0f1db","value":"ADD TO CART"}
&amp#27;[35m[WD Proxy]&amp#27;[39m Replacing sessionId 91bae3ee-22d3-4f66-983f-d2a440c0f1db with 17588393-9eac-4cd9-9399-d342c6384ea7
&amp#27;[35m[HTTP]&amp#27;[39m &amp#27;[37m<-- GET /wd/hub/session/17588393-9eac-4cd9-9399-d342c6384ea7/element/a5e572e1-222c-40a6-9e3c-e0aea1b73388/text &amp#27;[39m&amp#27;[32m200&amp#27;[39m &amp#27;[90m11 ms - 74&amp#27;[39m
&amp#27;[35m[HTTP]&amp#27;[39m &amp#27;[90m&amp#27;[39m
&amp#27;[35m[HTTP]&amp#27;[39m &amp#27;[37m-->&amp#27;[39m &amp#27;[37mPOST&amp#27;[39m &amp#27;[37m/wd/hub/session/17588393-9eac-4cd9-9399-d342c6384ea7/elements&amp#27;[39m
&amp#27;[35m[HTTP]&amp#27;[39m &amp#27;[90m{"using":"class name","value":"android.widget.TextView"}&amp#27;[39m
[debug] &amp#27;[35m[W3C (17588393)]&amp#27;[39m Calling AppiumDriver.findElements() with args: ["class name","android.widget.TextView","17588393-9eac-4cd9-9399-d342c6384ea7"]
[debug] &amp#27;[35m[BaseDriver]&amp#27;[39m Valid locator strategies for this request: xpath, id, class name, accessibility id, -android uiautomator
[debug] &amp#27;[35m[BaseDriver]&amp#27;[39m Waiting up to 10000 ms for condition
[debug] &amp#27;[35m[WD Proxy]&amp#27;[39m Matched '/elements' to command name 'findElements'
[debug] &amp#27;[35m[WD Proxy]&amp#27;[39m Proxying [POST /elements] to [POST http://127.0.0.1:8200/wd/hub/session/91bae3ee-22d3-4f66-983f-d2a440c0f1db/elements] with body: {"strategy":"class name","selector":"android.widget.TextView","context":"","multiple":true}
[debug] &amp#27;[35m[WD Proxy]&amp#27;[39m Got response with status 200: {"sessionId":"91bae3ee-22d3-4f66-983f-d2a440c0f1db","value":[{"ELEMENT":"ab76fbff-53c6-4035-bcf0-4109b79c09e4","element-6066-11e4-a52e-4f735466cecf":"ab76fbff-53c6-4035-bcf0-4109b79c09e4"},{"ELEMENT":"76c03961-b2d7-4e4a-bc6e-092c46484853","element-6066-11e4-a52e-4f735466cecf":"76c03961-b2d7-4e4a-bc6e-092c46484853"},{"ELEMENT":"01bbd672-7c30-426d-8428-0d8d511cefa1","element-6066-11e4-a52e-4f735466cecf":"01bbd672-7c30-426d-8428-0d8d511cefa1"},{"ELEMENT":"b8cb28ba-514f-440c-b169-0ed215e3cc99","element-6066-11e4-a52e-4f735466cecf":"b8cb28ba-514f-440c-b169-0ed215e3cc99"},{"ELEMENT":"d1308d54-ec3c-4990-bef8-ef16ef02d64f","element-6066-11e4-a52e-4f735466cecf":"d1308d54-ec3c-4990-bef8-ef16ef02d64f"},{"ELEMENT":"bd428f2c-2977-4730-8599-258edb90ea9e","element-6066-11e4-a52e-4f735466cecf":"bd428f2c-2977-4730-8599-258edb90ea9e"},{"ELEMENT":"1d4e496d-5e21-4299-94bf-aac253906e72","element-6066-11e4-a52e-4f735466cecf":"1d4e496d-5e21-4299-94bf-aac253906e72"}]}
[debug] &amp#27;[35m[W3C (17588393)]&amp#27;[39m Responding to client with driver.findElements() result: [{"element-6066-11e4-a52e-4f735466cecf":"ab76fbff-53c6-4035-bcf0-4109b79c09e4","ELEMENT":"ab76fbff-53c6-4035-bcf0-4109b79c09e4"},{"element-6066-11e4-a52e-4f735466cecf":"76c03961-b2d7-4e4a-bc6e-092c46484853","ELEMENT":"76c03961-b2d7-4e4a-bc6e-092c46484853"},{"element-6066-11e4-a52e-4f735466cecf":"01bbd672-7c30-426d-8428-0d8d511cefa1","ELEMENT":"01bbd672-7c30-426d-8428-0d8d511cefa1"},{"element-6066-11e4-a52e-4f735466cecf":"b8cb28ba-514f-440c-b169-0ed215e3cc99","ELEMENT":"b8cb28ba-514f-440c-b169-0ed215e3cc99"},{"element-6066-11e4-a52e-4f735466cecf":"d1308d54-ec3c-4990-bef8-ef16ef02d64f","ELEMENT":"d1308d54-ec3c-4990-bef8-ef16ef02d64f"},{"element-6066-11e4-a52e-4f735466cecf":"bd428f2c-2977-4730-8599-258edb90ea9e","ELEMENT":"bd428f2c-2977-4730-8599-258edb90ea9e"},{"element-6066-11e4-a52e-4f735466cecf":"1d4e496d-5e21-4299-94bf-aac253906e72","ELEMENT":"1d4e496d-5e21-4299-94bf-aac253906e72"}]
&amp#27;[35m[HTTP]&amp#27;[39m &amp#27;[37m<-- POST /wd/hub/session/17588393-9eac-4cd9-9399-d342c6384ea7/elements &amp#27;[39m&amp#27;[32m200&amp#27;[39m &amp#27;[90m25 ms - 907&amp#27;[39m
&amp#27;[35m[HTTP]&amp#27;[39m &amp#27;[90m&amp#27;[39m
&amp#27;[35m[HTTP]&amp#27;[39m &amp#27;[37m-->&amp#27;[39m &amp#27;[37mPOST&amp#27;[39m &amp#27;[37m/wd/hub/session/17588393-9eac-4cd9-9399-d342c6384ea7/element/1d4e496d-5e21-4299-94bf-aac253906e72/click&amp#27;[39m
&amp#27;[35m[HTTP]&amp#27;[39m &amp#27;[90m{"id":"1d4e496d-5e21-4299-94bf-aac253906e72"}&amp#27;[39m
[debug] &amp#27;[35m[W3C (17588393)]&amp#27;[39m Calling AppiumDriver.click() with args: ["1d4e496d-5e21-4299-94bf-aac253906e72","17588393-9eac-4cd9-9399-d342c6384ea7"]
[debug] &amp#27;[35m[WD Proxy]&amp#27;[39m Matched '/element/1d4e496d-5e21-4299-94bf-aac253906e72/click' to command name 'click'
[debug] &amp#27;[35m[WD Proxy]&amp#27;[39m Proxying [POST /element/1d4e496d-5e21-4299-94bf-aac253906e72/click] to [POST http://127.0.0.1:8200/wd/hub/session/91bae3ee-22d3-4f66-983f-d2a440c0f1db/element/1d4e496d-5e21-4299-94bf-aac253906e72/click] with body: {"element":"1d4e496d-5e21-4299-94bf-aac253906e72"}
[debug] &amp#27;[35m[WD Proxy]&amp#27;[39m Got response with status 200: {"sessionId":"91bae3ee-22d3-4f66-983f-d2a440c0f1db","value":null}
[debug] &amp#27;[35m[W3C (17588393)]&amp#27;[39m Responding to client with driver.click() result: null
&amp#27;[35m[HTTP]&amp#27;[39m &amp#27;[37m<-- POST /wd/hub/session/17588393-9eac-4cd9-9399-d342c6384ea7/element/1d4e496d-5e21-4299-94bf-aac253906e72/click &amp#27;[39m&amp#27;[32m200&amp#27;[39m &amp#27;[90m18 ms - 14&amp#27;[39m
&amp#27;[35m[HTTP]&amp#27;[39m &amp#27;[90m&amp#27;[39m
&amp#27;[35m[HTTP]&amp#27;[39m &amp#27;[37m-->&amp#27;[39m &amp#27;[37mGET&amp#27;[39m &amp#27;[37m/wd/hub/session/17588393-9eac-4cd9-9399-d342c6384ea7/element/1d4e496d-5e21-4299-94bf-aac253906e72/text&amp#27;[39m
&amp#27;[35m[HTTP]&amp#27;[39m &amp#27;[90m{}&amp#27;[39m
&amp#27;[35m[W3C (17588393)]&amp#27;[39m Driver proxy active, passing request on via HTTP proxy
[debug] &amp#27;[35m[WD Proxy]&amp#27;[39m Matched '/wd/hub/session/17588393-9eac-4cd9-9399-d342c6384ea7/element/1d4e496d-5e21-4299-94bf-aac253906e72/text' to command name 'getText'
[debug] &amp#27;[35m[WD Proxy]&amp#27;[39m Proxying [GET /wd/hub/session/17588393-9eac-4cd9-9399-d342c6384ea7/element/1d4e496d-5e21-4299-94bf-aac253906e72/text] to [GET http://127.0.0.1:8200/wd/hub/session/91bae3ee-22d3-4f66-983f-d2a440c0f1db/element/1d4e496d-5e21-4299-94bf-aac253906e72/text] with no body
[debug] &amp#27;[35m[WD Proxy]&amp#27;[39m Got response with status 200: {"sessionId":"91bae3ee-22d3-4f66-983f-d2a440c0f1db","value":"ADDED TO CART"}
&amp#27;[35m[WD Proxy]&amp#27;[39m Replacing sessionId 91bae3ee-22d3-4f66-983f-d2a440c0f1db with 17588393-9eac-4cd9-9399-d342c6384ea7
&amp#27;[35m[HTTP]&amp#27;[39m &amp#27;[37m<-- GET /wd/hub/session/17588393-9eac-4cd9-9399-d342c6384ea7/element/1d4e496d-5e21-4299-94bf-aac253906e72/text &amp#27;[39m&amp#27;[32m200&amp#27;[39m &amp#27;[90m505 ms - 76&amp#27;[39m
&amp#27;[35m[HTTP]&amp#27;[39m &amp#27;[90m&amp#27;[39m
&amp#27;[35m[HTTP]&amp#27;[39m &amp#27;[37m-->&amp#27;[39m &amp#27;[37mPOST&amp#27;[39m &amp#27;[37m/wd/hub/session/17588393-9eac-4cd9-9399-d342c6384ea7/element&amp#27;[39m
&amp#27;[35m[HTTP]&amp#27;[39m &amp#27;[90m{"using":"-android uiautomator","value":"new UiScrollable(new UiSelector().scrollable(true)).scrollToBeginning(30)"}&amp#27;[39m
[debug] &amp#27;[35m[W3C (17588393)]&amp#27;[39m Calling AppiumDriver.findElement() with args: ["-android uiautomator","new UiScrollable(new UiSelector().scrollable(true)).scrollToBeginning(30)","17588393-9eac-4cd9-9399-d342c6384ea7"]
[debug] &amp#27;[35m[BaseDriver]&amp#27;[39m Valid locator strategies for this request: xpath, id, class name, accessibility id, -android uiautomator
[debug] &amp#27;[35m[BaseDriver]&amp#27;[39m Waiting up to 10000 ms for condition
[debug] &amp#27;[35m[WD Proxy]&amp#27;[39m Matched '/element' to command name 'findElement'
[debug] &amp#27;[35m[WD Proxy]&amp#27;[39m Proxying [POST /element] to [POST http://127.0.0.1:8200/wd/hub/session/91bae3ee-22d3-4f66-983f-d2a440c0f1db/element] with body: {"strategy":"-android uiautomator","selector":"new UiScrollable(new UiSelector().scrollable(true)).scrollToBeginning(30)","context":"","multiple":false}
[debug] &amp#27;[35m[WD Proxy]&amp#27;[39m Got response with status 200: {"sessionId":"91bae3ee-22d3-4f66-983f-d2a440c0f1db","value":{"ELEMENT":"59f05e93-ce2a-4d7b-9632-3a9c58ab5e71","element-6066-11e4-a52e-4f735466cecf":"59f05e93-ce2a-4d7b-9632-3a9c58ab5e71"}}
[debug] &amp#27;[35m[W3C (17588393)]&amp#27;[39m Responding to client with driver.findElement() result: {"element-6066-11e4-a52e-4f735466cecf":"59f05e93-ce2a-4d7b-9632-3a9c58ab5e71","ELEMENT":"59f05e93-ce2a-4d7b-9632-3a9c58ab5e71"}
&amp#27;[35m[HTTP]&amp#27;[39m &amp#27;[37m<-- POST /wd/hub/session/17588393-9eac-4cd9-9399-d342c6384ea7/element &amp#27;[39m&amp#27;[32m200&amp#27;[39m &amp#27;[90m1944 ms - 137&amp#27;[39m
&amp#27;[35m[HTTP]&amp#27;[39m &amp#27;[90m&amp#27;[39m
&amp#27;[35m[HTTP]&amp#27;[39m &amp#27;[37m-->&amp#27;[39m &amp#27;[37mPOST&amp#27;[39m &amp#27;[37m/wd/hub/session/17588393-9eac-4cd9-9399-d342c6384ea7/element&amp#27;[39m
&amp#27;[35m[HTTP]&amp#27;[39m &amp#27;[90m{"using":"id","value":"com.androidsample.generalstore:id/counterText"}&amp#27;[39m
[debug] &amp#27;[35m[W3C (17588393)]&amp#27;[39m Calling AppiumDriver.findElement() with args: ["id","com.androidsample.generalstore:id/counterText","17588393-9eac-4cd9-9399-d342c6384ea7"]
[debug] &amp#27;[35m[BaseDriver]&amp#27;[39m Valid locator strategies for this request: xpath, id, class name, accessibility id, -android uiautomator
[debug] &amp#27;[35m[BaseDriver]&amp#27;[39m Waiting up to 10000 ms for condition
[debug] &amp#27;[35m[WD Proxy]&amp#27;[39m Matched '/element' to command name 'findElement'
[debug] &amp#27;[35m[WD Proxy]&amp#27;[39m Proxying [POST /element] to [POST http://127.0.0.1:8200/wd/hub/session/91bae3ee-22d3-4f66-983f-d2a440c0f1db/element] with body: {"strategy":"id","selector":"com.androidsample.generalstore:id/counterText","context":"","multiple":false}
[debug] &amp#27;[35m[WD Proxy]&amp#27;[39m Got response with status 200: {"sessionId":"91bae3ee-22d3-4f66-983f-d2a440c0f1db","value":{"ELEMENT":"0cd2b0fa-b19c-4071-b52b-1313a3a42c80","element-6066-11e4-a52e-4f735466cecf":"0cd2b0fa-b19c-4071-b52b-1313a3a42c80"}}
[debug] &amp#27;[35m[W3C (17588393)]&amp#27;[39m Responding to client with driver.findElement() result: {"element-6066-11e4-a52e-4f735466cecf":"0cd2b0fa-b19c-4071-b52b-1313a3a42c80","ELEMENT":"0cd2b0fa-b19c-4071-b52b-1313a3a42c80"}
&amp#27;[35m[HTTP]&amp#27;[39m &amp#27;[37m<-- POST /wd/hub/session/17588393-9eac-4cd9-9399-d342c6384ea7/element &amp#27;[39m&amp#27;[32m200&amp#27;[39m &amp#27;[90m16 ms - 137&amp#27;[39m
&amp#27;[35m[HTTP]&amp#27;[39m &amp#27;[90m&amp#27;[39m
&amp#27;[35m[HTTP]&amp#27;[39m &amp#27;[37m-->&amp#27;[39m &amp#27;[37mGET&amp#27;[39m &amp#27;[37m/wd/hub/session/17588393-9eac-4cd9-9399-d342c6384ea7/element/0cd2b0fa-b19c-4071-b52b-1313a3a42c80/text&amp#27;[39m
&amp#27;[35m[HTTP]&amp#27;[39m &amp#27;[90m{}&amp#27;[39m
&amp#27;[35m[W3C (17588393)]&amp#27;[39m Driver proxy active, passing request on via HTTP proxy
[debug] &amp#27;[35m[WD Proxy]&amp#27;[39m Matched '/wd/hub/session/17588393-9eac-4cd9-9399-d342c6384ea7/element/0cd2b0fa-b19c-4071-b52b-1313a3a42c80/text' to command name 'getText'
[debug] &amp#27;[35m[WD Proxy]&amp#27;[39m Proxying [GET /wd/hub/session/17588393-9eac-4cd9-9399-d342c6384ea7/element/0cd2b0fa-b19c-4071-b52b-1313a3a42c80/text] to [GET http://127.0.0.1:8200/wd/hub/session/91bae3ee-22d3-4f66-983f-d2a440c0f1db/element/0cd2b0fa-b19c-4071-b52b-1313a3a42c80/text] with no body
[debug] &amp#27;[35m[WD Proxy]&amp#27;[39m Got response with status 200: {"sessionId":"91bae3ee-22d3-4f66-983f-d2a440c0f1db","value":"1"}
&amp#27;[35m[WD Proxy]&amp#27;[39m Replacing sessionId 91bae3ee-22d3-4f66-983f-d2a440c0f1db with 17588393-9eac-4cd9-9399-d342c6384ea7
&amp#27;[35m[HTTP]&amp#27;[39m &amp#27;[37m<-- GET /wd/hub/session/17588393-9eac-4cd9-9399-d342c6384ea7/element/0cd2b0fa-b19c-4071-b52b-1313a3a42c80/text &amp#27;[39m&amp#27;[32m200&amp#27;[39m &amp#27;[90m11 ms - 64&amp#27;[39m
&amp#27;[35m[HTTP]&amp#27;[39m &amp#27;[90m&amp#27;[39m
]]></system-out>
  </testcase>
  <testcase name="gotoCart" classname="test.AppiumFramework.ProductsTest" time="2.04">
    <system-out><![CDATA[&amp#27;[35m[HTTP]&amp#27;[39m &amp#27;[37m-->&amp#27;[39m &amp#27;[37mGET&amp#27;[39m &amp#27;[37m/wd/hub/session/17588393-9eac-4cd9-9399-d342c6384ea7/context&amp#27;[39m
&amp#27;[35m[HTTP]&amp#27;[39m &amp#27;[90m{}&amp#27;[39m
[debug] &amp#27;[35m[W3C (17588393)]&amp#27;[39m Calling AppiumDriver.getCurrentContext() with args: ["17588393-9eac-4cd9-9399-d342c6384ea7"]
[debug] &amp#27;[35m[W3C (17588393)]&amp#27;[39m Responding to client with driver.getCurrentContext() result: "NATIVE_APP"
&amp#27;[35m[HTTP]&amp#27;[39m &amp#27;[37m<-- GET /wd/hub/session/17588393-9eac-4cd9-9399-d342c6384ea7/context &amp#27;[39m&amp#27;[32m200&amp#27;[39m &amp#27;[90m1 ms - 22&amp#27;[39m
&amp#27;[35m[HTTP]&amp#27;[39m &amp#27;[90m&amp#27;[39m
&amp#27;[35m[HTTP]&amp#27;[39m &amp#27;[37m-->&amp#27;[39m &amp#27;[37mPOST&amp#27;[39m &amp#27;[37m/wd/hub/session/17588393-9eac-4cd9-9399-d342c6384ea7/element&amp#27;[39m
&amp#27;[35m[HTTP]&amp#27;[39m &amp#27;[90m{"using":"id","value":"com.androidsample.generalstore:id/appbar_btn_cart"}&amp#27;[39m
[debug] &amp#27;[35m[W3C (17588393)]&amp#27;[39m Calling AppiumDriver.findElement() with args: ["id","com.androidsample.generalstore:id/appbar_btn_cart","17588393-9eac-4cd9-9399-d342c6384ea7"]
[debug] &amp#27;[35m[BaseDriver]&amp#27;[39m Valid locator strategies for this request: xpath, id, class name, accessibility id, -android uiautomator
[debug] &amp#27;[35m[BaseDriver]&amp#27;[39m Waiting up to 10000 ms for condition
[debug] &amp#27;[35m[WD Proxy]&amp#27;[39m Matched '/element' to command name 'findElement'
[debug] &amp#27;[35m[WD Proxy]&amp#27;[39m Proxying [POST /element] to [POST http://127.0.0.1:8200/wd/hub/session/91bae3ee-22d3-4f66-983f-d2a440c0f1db/element] with body: {"strategy":"id","selector":"com.androidsample.generalstore:id/appbar_btn_cart","context":"","multiple":false}
[debug] &amp#27;[35m[WD Proxy]&amp#27;[39m Got response with status 200: {"sessionId":"91bae3ee-22d3-4f66-983f-d2a440c0f1db","value":{"ELEMENT":"ceeb2561-2fbd-45aa-88f8-3b55f373a0b8","element-6066-11e4-a52e-4f735466cecf":"ceeb2561-2fbd-45aa-88f8-3b55f373a0b8"}}
[debug] &amp#27;[35m[W3C (17588393)]&amp#27;[39m Responding to client with driver.findElement() result: {"element-6066-11e4-a52e-4f735466cecf":"ceeb2561-2fbd-45aa-88f8-3b55f373a0b8","ELEMENT":"ceeb2561-2fbd-45aa-88f8-3b55f373a0b8"}
&amp#27;[35m[HTTP]&amp#27;[39m &amp#27;[37m<-- POST /wd/hub/session/17588393-9eac-4cd9-9399-d342c6384ea7/element &amp#27;[39m&amp#27;[32m200&amp#27;[39m &amp#27;[90m16 ms - 137&amp#27;[39m
&amp#27;[35m[HTTP]&amp#27;[39m &amp#27;[90m&amp#27;[39m
&amp#27;[35m[HTTP]&amp#27;[39m &amp#27;[37m-->&amp#27;[39m &amp#27;[37mPOST&amp#27;[39m &amp#27;[37m/wd/hub/session/17588393-9eac-4cd9-9399-d342c6384ea7/element/ceeb2561-2fbd-45aa-88f8-3b55f373a0b8/click&amp#27;[39m
&amp#27;[35m[HTTP]&amp#27;[39m &amp#27;[90m{"id":"ceeb2561-2fbd-45aa-88f8-3b55f373a0b8"}&amp#27;[39m
[debug] &amp#27;[35m[W3C (17588393)]&amp#27;[39m Calling AppiumDriver.click() with args: ["ceeb2561-2fbd-45aa-88f8-3b55f373a0b8","17588393-9eac-4cd9-9399-d342c6384ea7"]
[debug] &amp#27;[35m[WD Proxy]&amp#27;[39m Matched '/element/ceeb2561-2fbd-45aa-88f8-3b55f373a0b8/click' to command name 'click'
[debug] &amp#27;[35m[WD Proxy]&amp#27;[39m Proxying [POST /element/ceeb2561-2fbd-45aa-88f8-3b55f373a0b8/click] to [POST http://127.0.0.1:8200/wd/hub/session/91bae3ee-22d3-4f66-983f-d2a440c0f1db/element/ceeb2561-2fbd-45aa-88f8-3b55f373a0b8/click] with body: {"element":"ceeb2561-2fbd-45aa-88f8-3b55f373a0b8"}
[debug] &amp#27;[35m[WD Proxy]&amp#27;[39m Got response with status 200: {"sessionId":"91bae3ee-22d3-4f66-983f-d2a440c0f1db","value":null}
[debug] &amp#27;[35m[W3C (17588393)]&amp#27;[39m Responding to client with driver.click() result: null
&amp#27;[35m[HTTP]&amp#27;[39m &amp#27;[37m<-- POST /wd/hub/session/17588393-9eac-4cd9-9399-d342c6384ea7/element/ceeb2561-2fbd-45aa-88f8-3b55f373a0b8/click &amp#27;[39m&amp#27;[32m200&amp#27;[39m &amp#27;[90m16 ms - 14&amp#27;[39m
&amp#27;[35m[HTTP]&amp#27;[39m &amp#27;[90m&amp#27;[39m
]]></system-out>
  </testcase>
  <testcase name="cartPage[Cart](1)" classname="test.AppiumFramework.CartTest" time="0.151">
    <system-out><![CDATA[&amp#27;[35m[HTTP]&amp#27;[39m &amp#27;[37m-->&amp#27;[39m &amp#27;[37mGET&amp#27;[39m &amp#27;[37m/wd/hub/session/17588393-9eac-4cd9-9399-d342c6384ea7/context&amp#27;[39m
&amp#27;[35m[HTTP]&amp#27;[39m &amp#27;[90m{}&amp#27;[39m
[debug] &amp#27;[35m[W3C (17588393)]&amp#27;[39m Calling AppiumDriver.getCurrentContext() with args: ["17588393-9eac-4cd9-9399-d342c6384ea7"]
[debug] &amp#27;[35m[W3C (17588393)]&amp#27;[39m Responding to client with driver.getCurrentContext() result: "NATIVE_APP"
&amp#27;[35m[HTTP]&amp#27;[39m &amp#27;[37m<-- GET /wd/hub/session/17588393-9eac-4cd9-9399-d342c6384ea7/context &amp#27;[39m&amp#27;[32m200&amp#27;[39m &amp#27;[90m1 ms - 22&amp#27;[39m
&amp#27;[35m[HTTP]&amp#27;[39m &amp#27;[90m&amp#27;[39m
&amp#27;[35m[HTTP]&amp#27;[39m &amp#27;[37m-->&amp#27;[39m &amp#27;[37mPOST&amp#27;[39m &amp#27;[37m/wd/hub/session/17588393-9eac-4cd9-9399-d342c6384ea7/element&amp#27;[39m
&amp#27;[35m[HTTP]&amp#27;[39m &amp#27;[90m{"using":"id","value":"com.androidsample.generalstore:id/toolbar_title"}&amp#27;[39m
[debug] &amp#27;[35m[W3C (17588393)]&amp#27;[39m Calling AppiumDriver.findElement() with args: ["id","com.androidsample.generalstore:id/toolbar_title","17588393-9eac-4cd9-9399-d342c6384ea7"]
[debug] &amp#27;[35m[BaseDriver]&amp#27;[39m Valid locator strategies for this request: xpath, id, class name, accessibility id, -android uiautomator
[debug] &amp#27;[35m[BaseDriver]&amp#27;[39m Waiting up to 10000 ms for condition
[debug] &amp#27;[35m[WD Proxy]&amp#27;[39m Matched '/element' to command name 'findElement'
[debug] &amp#27;[35m[WD Proxy]&amp#27;[39m Proxying [POST /element] to [POST http://127.0.0.1:8200/wd/hub/session/91bae3ee-22d3-4f66-983f-d2a440c0f1db/element] with body: {"strategy":"id","selector":"com.androidsample.generalstore:id/toolbar_title","context":"","multiple":false}
[debug] &amp#27;[35m[WD Proxy]&amp#27;[39m Got response with status 200: {"sessionId":"91bae3ee-22d3-4f66-983f-d2a440c0f1db","value":{"ELEMENT":"b10e905c-c082-48b8-8269-ad4df15ea2fc","element-6066-11e4-a52e-4f735466cecf":"b10e905c-c082-48b8-8269-ad4df15ea2fc"}}
[debug] &amp#27;[35m[W3C (17588393)]&amp#27;[39m Responding to client with driver.findElement() result: {"element-6066-11e4-a52e-4f735466cecf":"b10e905c-c082-48b8-8269-ad4df15ea2fc","ELEMENT":"b10e905c-c082-48b8-8269-ad4df15ea2fc"}
&amp#27;[35m[HTTP]&amp#27;[39m &amp#27;[37m<-- POST /wd/hub/session/17588393-9eac-4cd9-9399-d342c6384ea7/element &amp#27;[39m&amp#27;[32m200&amp#27;[39m &amp#27;[90m16 ms - 137&amp#27;[39m
&amp#27;[35m[HTTP]&amp#27;[39m &amp#27;[90m&amp#27;[39m
&amp#27;[35m[HTTP]&amp#27;[39m &amp#27;[37m-->&amp#27;[39m &amp#27;[37mGET&amp#27;[39m &amp#27;[37m/wd/hub/session/17588393-9eac-4cd9-9399-d342c6384ea7/element/b10e905c-c082-48b8-8269-ad4df15ea2fc/text&amp#27;[39m
&amp#27;[35m[HTTP]&amp#27;[39m &amp#27;[90m{}&amp#27;[39m
&amp#27;[35m[W3C (17588393)]&amp#27;[39m Driver proxy active, passing request on via HTTP proxy
[debug] &amp#27;[35m[WD Proxy]&amp#27;[39m Matched '/wd/hub/session/17588393-9eac-4cd9-9399-d342c6384ea7/element/b10e905c-c082-48b8-8269-ad4df15ea2fc/text' to command name 'getText'
[debug] &amp#27;[35m[WD Proxy]&amp#27;[39m Proxying [GET /wd/hub/session/17588393-9eac-4cd9-9399-d342c6384ea7/element/b10e905c-c082-48b8-8269-ad4df15ea2fc/text] to [GET http://127.0.0.1:8200/wd/hub/session/91bae3ee-22d3-4f66-983f-d2a440c0f1db/element/b10e905c-c082-48b8-8269-ad4df15ea2fc/text] with no body
[debug] &amp#27;[35m[WD Proxy]&amp#27;[39m Got response with status 200: {"sessionId":"91bae3ee-22d3-4f66-983f-d2a440c0f1db","value":"Cart"}
&amp#27;[35m[WD Proxy]&amp#27;[39m Replacing sessionId 91bae3ee-22d3-4f66-983f-d2a440c0f1db with 17588393-9eac-4cd9-9399-d342c6384ea7
&amp#27;[35m[HTTP]&amp#27;[39m &amp#27;[37m<-- GET /wd/hub/session/17588393-9eac-4cd9-9399-d342c6384ea7/element/b10e905c-c082-48b8-8269-ad4df15ea2fc/text &amp#27;[39m&amp#27;[32m200&amp#27;[39m &amp#27;[90m10 ms - 67&amp#27;[39m
&amp#27;[35m[HTTP]&amp#27;[39m &amp#27;[90m&amp#27;[39m
&amp#27;[35m[HTTP]&amp#27;[39m &amp#27;[37m-->&amp#27;[39m &amp#27;[37mGET&amp#27;[39m &amp#27;[37m/wd/hub/session/17588393-9eac-4cd9-9399-d342c6384ea7/context&amp#27;[39m
&amp#27;[35m[HTTP]&amp#27;[39m &amp#27;[90m{}&amp#27;[39m
[debug] &amp#27;[35m[W3C (17588393)]&amp#27;[39m Calling AppiumDriver.getCurrentContext() with args: ["17588393-9eac-4cd9-9399-d342c6384ea7"]
[debug] &amp#27;[35m[W3C (17588393)]&amp#27;[39m Responding to client with driver.getCurrentContext() result: "NATIVE_APP"
&amp#27;[35m[HTTP]&amp#27;[39m &amp#27;[37m<-- GET /wd/hub/session/17588393-9eac-4cd9-9399-d342c6384ea7/context &amp#27;[39m&amp#27;[32m200&amp#27;[39m &amp#27;[90m1 ms - 22&amp#27;[39m
&amp#27;[35m[HTTP]&amp#27;[39m &amp#27;[90m&amp#27;[39m
&amp#27;[35m[HTTP]&amp#27;[39m &amp#27;[37m-->&amp#27;[39m &amp#27;[37mPOST&amp#27;[39m &amp#27;[37m/wd/hub/session/17588393-9eac-4cd9-9399-d342c6384ea7/element&amp#27;[39m
&amp#27;[35m[HTTP]&amp#27;[39m &amp#27;[90m{"using":"id","value":"com.androidsample.generalstore:id/appbar_btn_back"}&amp#27;[39m
[debug] &amp#27;[35m[W3C (17588393)]&amp#27;[39m Calling AppiumDriver.findElement() with args: ["id","com.androidsample.generalstore:id/appbar_btn_back","17588393-9eac-4cd9-9399-d342c6384ea7"]
[debug] &amp#27;[35m[BaseDriver]&amp#27;[39m Valid locator strategies for this request: xpath, id, class name, accessibility id, -android uiautomator
[debug] &amp#27;[35m[BaseDriver]&amp#27;[39m Waiting up to 10000 ms for condition
[debug] &amp#27;[35m[WD Proxy]&amp#27;[39m Matched '/element' to command name 'findElement'
[debug] &amp#27;[35m[WD Proxy]&amp#27;[39m Proxying [POST /element] to [POST http://127.0.0.1:8200/wd/hub/session/91bae3ee-22d3-4f66-983f-d2a440c0f1db/element] with body: {"strategy":"id","selector":"com.androidsample.generalstore:id/appbar_btn_back","context":"","multiple":false}
[debug] &amp#27;[35m[WD Proxy]&amp#27;[39m Got response with status 200: {"sessionId":"91bae3ee-22d3-4f66-983f-d2a440c0f1db","value":{"ELEMENT":"a9f32b4c-d125-4ef3-8941-f8d1c8c554dc","element-6066-11e4-a52e-4f735466cecf":"a9f32b4c-d125-4ef3-8941-f8d1c8c554dc"}}
[debug] &amp#27;[35m[W3C (17588393)]&amp#27;[39m Responding to client with driver.findElement() result: {"element-6066-11e4-a52e-4f735466cecf":"a9f32b4c-d125-4ef3-8941-f8d1c8c554dc","ELEMENT":"a9f32b4c-d125-4ef3-8941-f8d1c8c554dc"}
&amp#27;[35m[HTTP]&amp#27;[39m &amp#27;[37m<-- POST /wd/hub/session/17588393-9eac-4cd9-9399-d342c6384ea7/element &amp#27;[39m&amp#27;[32m200&amp#27;[39m &amp#27;[90m15 ms - 137&amp#27;[39m
&amp#27;[35m[HTTP]&amp#27;[39m &amp#27;[90m&amp#27;[39m
&amp#27;[35m[HTTP]&amp#27;[39m &amp#27;[37m-->&amp#27;[39m &amp#27;[37mGET&amp#27;[39m &amp#27;[37m/wd/hub/session/17588393-9eac-4cd9-9399-d342c6384ea7/element/a9f32b4c-d125-4ef3-8941-f8d1c8c554dc/displayed&amp#27;[39m
&amp#27;[35m[HTTP]&amp#27;[39m &amp#27;[90m{}&amp#27;[39m
[debug] &amp#27;[35m[W3C (17588393)]&amp#27;[39m Calling AppiumDriver.elementDisplayed() with args: ["a9f32b4c-d125-4ef3-8941-f8d1c8c554dc","17588393-9eac-4cd9-9399-d342c6384ea7"]
[debug] &amp#27;[35m[WD Proxy]&amp#27;[39m Matched '/element/a9f32b4c-d125-4ef3-8941-f8d1c8c554dc/attribute/displayed' to command name 'getAttribute'
[debug] &amp#27;[35m[WD Proxy]&amp#27;[39m Proxying [GET /element/a9f32b4c-d125-4ef3-8941-f8d1c8c554dc/attribute/displayed] to [GET http://127.0.0.1:8200/wd/hub/session/91bae3ee-22d3-4f66-983f-d2a440c0f1db/element/a9f32b4c-d125-4ef3-8941-f8d1c8c554dc/attribute/displayed] with no body
[debug] &amp#27;[35m[WD Proxy]&amp#27;[39m Got response with status 200: {"sessionId":"91bae3ee-22d3-4f66-983f-d2a440c0f1db","value":"true"}
[debug] &amp#27;[35m[W3C (17588393)]&amp#27;[39m Responding to client with driver.elementDisplayed() result: true
&amp#27;[35m[HTTP]&amp#27;[39m &amp#27;[37m<-- GET /wd/hub/session/17588393-9eac-4cd9-9399-d342c6384ea7/element/a9f32b4c-d125-4ef3-8941-f8d1c8c554dc/displayed &amp#27;[39m&amp#27;[32m200&amp#27;[39m &amp#27;[90m15 ms - 14&amp#27;[39m
&amp#27;[35m[HTTP]&amp#27;[39m &amp#27;[90m&amp#27;[39m
&amp#27;[35m[HTTP]&amp#27;[39m &amp#27;[37m-->&amp#27;[39m &amp#27;[37mGET&amp#27;[39m &amp#27;[37m/wd/hub/session/17588393-9eac-4cd9-9399-d342c6384ea7/context&amp#27;[39m
&amp#27;[35m[HTTP]&amp#27;[39m &amp#27;[90m{}&amp#27;[39m
[debug] &amp#27;[35m[W3C (17588393)]&amp#27;[39m Calling AppiumDriver.getCurrentContext() with args: ["17588393-9eac-4cd9-9399-d342c6384ea7"]
[debug] &amp#27;[35m[W3C (17588393)]&amp#27;[39m Responding to client with driver.getCurrentContext() result: "NATIVE_APP"
&amp#27;[35m[HTTP]&amp#27;[39m &amp#27;[37m<-- GET /wd/hub/session/17588393-9eac-4cd9-9399-d342c6384ea7/context &amp#27;[39m&amp#27;[32m200&amp#27;[39m &amp#27;[90m2 ms - 22&amp#27;[39m
&amp#27;[35m[HTTP]&amp#27;[39m &amp#27;[90m&amp#27;[39m
&amp#27;[35m[HTTP]&amp#27;[39m &amp#27;[37m-->&amp#27;[39m &amp#27;[37mPOST&amp#27;[39m &amp#27;[37m/wd/hub/session/17588393-9eac-4cd9-9399-d342c6384ea7/element&amp#27;[39m
&amp#27;[35m[HTTP]&amp#27;[39m &amp#27;[90m{"using":"id","value":"com.androidsample.generalstore:id/appbar_btn_back"}&amp#27;[39m
[debug] &amp#27;[35m[W3C (17588393)]&amp#27;[39m Calling AppiumDriver.findElement() with args: ["id","com.androidsample.generalstore:id/appbar_btn_back","17588393-9eac-4cd9-9399-d342c6384ea7"]
[debug] &amp#27;[35m[BaseDriver]&amp#27;[39m Valid locator strategies for this request: xpath, id, class name, accessibility id, -android uiautomator
[debug] &amp#27;[35m[BaseDriver]&amp#27;[39m Waiting up to 10000 ms for condition
[debug] &amp#27;[35m[WD Proxy]&amp#27;[39m Matched '/element' to command name 'findElement'
[debug] &amp#27;[35m[WD Proxy]&amp#27;[39m Proxying [POST /element] to [POST http://127.0.0.1:8200/wd/hub/session/91bae3ee-22d3-4f66-983f-d2a440c0f1db/element] with body: {"strategy":"id","selector":"com.androidsample.generalstore:id/appbar_btn_back","context":"","multiple":false}
[debug] &amp#27;[35m[WD Proxy]&amp#27;[39m Got response with status 200: {"sessionId":"91bae3ee-22d3-4f66-983f-d2a440c0f1db","value":{"ELEMENT":"16960a76-463f-42a9-b922-d8bd60029409","element-6066-11e4-a52e-4f735466cecf":"16960a76-463f-42a9-b922-d8bd60029409"}}
[debug] &amp#27;[35m[W3C (17588393)]&amp#27;[39m Responding to client with driver.findElement() result: {"element-6066-11e4-a52e-4f735466cecf":"16960a76-463f-42a9-b922-d8bd60029409","ELEMENT":"16960a76-463f-42a9-b922-d8bd60029409"}
&amp#27;[35m[HTTP]&amp#27;[39m &amp#27;[37m<-- POST /wd/hub/session/17588393-9eac-4cd9-9399-d342c6384ea7/element &amp#27;[39m&amp#27;[32m200&amp#27;[39m &amp#27;[90m16 ms - 137&amp#27;[39m
&amp#27;[35m[HTTP]&amp#27;[39m &amp#27;[90m&amp#27;[39m
&amp#27;[35m[HTTP]&amp#27;[39m &amp#27;[37m-->&amp#27;[39m &amp#27;[37mGET&amp#27;[39m &amp#27;[37m/wd/hub/session/17588393-9eac-4cd9-9399-d342c6384ea7/element/16960a76-463f-42a9-b922-d8bd60029409/enabled&amp#27;[39m
&amp#27;[35m[HTTP]&amp#27;[39m &amp#27;[90m{}&amp#27;[39m
[debug] &amp#27;[35m[W3C (17588393)]&amp#27;[39m Calling AppiumDriver.elementEnabled() with args: ["16960a76-463f-42a9-b922-d8bd60029409","17588393-9eac-4cd9-9399-d342c6384ea7"]
[debug] &amp#27;[35m[WD Proxy]&amp#27;[39m Matched '/element/16960a76-463f-42a9-b922-d8bd60029409/attribute/enabled' to command name 'getAttribute'
[debug] &amp#27;[35m[WD Proxy]&amp#27;[39m Proxying [GET /element/16960a76-463f-42a9-b922-d8bd60029409/attribute/enabled] to [GET http://127.0.0.1:8200/wd/hub/session/91bae3ee-22d3-4f66-983f-d2a440c0f1db/element/16960a76-463f-42a9-b922-d8bd60029409/attribute/enabled] with no body
[debug] &amp#27;[35m[WD Proxy]&amp#27;[39m Got response with status 200: {"sessionId":"91bae3ee-22d3-4f66-983f-d2a440c0f1db","value":"true"}
[debug] &amp#27;[35m[W3C (17588393)]&amp#27;[39m Responding to client with driver.elementEnabled() result: true
&amp#27;[35m[HTTP]&amp#27;[39m &amp#27;[37m<-- GET /wd/hub/session/17588393-9eac-4cd9-9399-d342c6384ea7/element/16960a76-463f-42a9-b922-d8bd60029409/enabled &amp#27;[39m&amp#27;[32m200&amp#27;[39m &amp#27;[90m11 ms - 14&amp#27;[39m
&amp#27;[35m[HTTP]&amp#27;[39m &amp#27;[90m&amp#27;[39m
&amp#27;[35m[HTTP]&amp#27;[39m &amp#27;[37m-->&amp#27;[39m &amp#27;[37mGET&amp#27;[39m &amp#27;[37m/wd/hub/session/17588393-9eac-4cd9-9399-d342c6384ea7/context&amp#27;[39m
&amp#27;[35m[HTTP]&amp#27;[39m &amp#27;[90m{}&amp#27;[39m
[debug] &amp#27;[35m[W3C (17588393)]&amp#27;[39m Calling AppiumDriver.getCurrentContext() with args: ["17588393-9eac-4cd9-9399-d342c6384ea7"]
[debug] &amp#27;[35m[W3C (17588393)]&amp#27;[39m Responding to client with driver.getCurrentContext() result: "NATIVE_APP"
&amp#27;[35m[HTTP]&amp#27;[39m &amp#27;[37m<-- GET /wd/hub/session/17588393-9eac-4cd9-9399-d342c6384ea7/context &amp#27;[39m&amp#27;[32m200&amp#27;[39m &amp#27;[90m1 ms - 22&amp#27;[39m
&amp#27;[35m[HTTP]&amp#27;[39m &amp#27;[90m&amp#27;[39m
&amp#27;[35m[HTTP]&amp#27;[39m &amp#27;[37m-->&amp#27;[39m &amp#27;[37mPOST&amp#27;[39m &amp#27;[37m/wd/hub/session/17588393-9eac-4cd9-9399-d342c6384ea7/element&amp#27;[39m
&amp#27;[35m[HTTP]&amp#27;[39m &amp#27;[90m{"using":"id","value":"com.androidsample.generalstore:id/appbar_btn_back"}&amp#27;[39m
[debug] &amp#27;[35m[W3C (17588393)]&amp#27;[39m Calling AppiumDriver.findElement() with args: ["id","com.androidsample.generalstore:id/appbar_btn_back","17588393-9eac-4cd9-9399-d342c6384ea7"]
[debug] &amp#27;[35m[BaseDriver]&amp#27;[39m Valid locator strategies for this request: xpath, id, class name, accessibility id, -android uiautomator
[debug] &amp#27;[35m[BaseDriver]&amp#27;[39m Waiting up to 10000 ms for condition
[debug] &amp#27;[35m[WD Proxy]&amp#27;[39m Matched '/element' to command name 'findElement'
[debug] &amp#27;[35m[WD Proxy]&amp#27;[39m Proxying [POST /element] to [POST http://127.0.0.1:8200/wd/hub/session/91bae3ee-22d3-4f66-983f-d2a440c0f1db/element] with body: {"strategy":"id","selector":"com.androidsample.generalstore:id/appbar_btn_back","context":"","multiple":false}
[debug] &amp#27;[35m[WD Proxy]&amp#27;[39m Got response with status 200: {"sessionId":"91bae3ee-22d3-4f66-983f-d2a440c0f1db","value":{"ELEMENT":"316af84e-2183-4f4d-adcf-4e30e22f1352","element-6066-11e4-a52e-4f735466cecf":"316af84e-2183-4f4d-adcf-4e30e22f1352"}}
[debug] &amp#27;[35m[W3C (17588393)]&amp#27;[39m Responding to client with driver.findElement() result: {"element-6066-11e4-a52e-4f735466cecf":"316af84e-2183-4f4d-adcf-4e30e22f1352","ELEMENT":"316af84e-2183-4f4d-adcf-4e30e22f1352"}
&amp#27;[35m[HTTP]&amp#27;[39m &amp#27;[37m<-- POST /wd/hub/session/17588393-9eac-4cd9-9399-d342c6384ea7/element &amp#27;[39m&amp#27;[32m200&amp#27;[39m &amp#27;[90m18 ms - 137&amp#27;[39m
&amp#27;[35m[HTTP]&amp#27;[39m &amp#27;[90m&amp#27;[39m
&amp#27;[35m[HTTP]&amp#27;[39m &amp#27;[37m-->&amp#27;[39m &amp#27;[37mGET&amp#27;[39m &amp#27;[37m/wd/hub/session/17588393-9eac-4cd9-9399-d342c6384ea7/element/316af84e-2183-4f4d-adcf-4e30e22f1352/attribute/clickable&amp#27;[39m
&amp#27;[35m[HTTP]&amp#27;[39m &amp#27;[90m{}&amp#27;[39m
[debug] &amp#27;[35m[W3C (17588393)]&amp#27;[39m Calling AppiumDriver.getAttribute() with args: ["clickable","316af84e-2183-4f4d-adcf-4e30e22f1352","17588393-9eac-4cd9-9399-d342c6384ea7"]
[debug] &amp#27;[35m[WD Proxy]&amp#27;[39m Matched '/element/316af84e-2183-4f4d-adcf-4e30e22f1352/attribute/clickable' to command name 'getAttribute'
[debug] &amp#27;[35m[WD Proxy]&amp#27;[39m Proxying [GET /element/316af84e-2183-4f4d-adcf-4e30e22f1352/attribute/clickable] to [GET http://127.0.0.1:8200/wd/hub/session/91bae3ee-22d3-4f66-983f-d2a440c0f1db/element/316af84e-2183-4f4d-adcf-4e30e22f1352/attribute/clickable] with no body
[debug] &amp#27;[35m[WD Proxy]&amp#27;[39m Got response with status 200: {"sessionId":"91bae3ee-22d3-4f66-983f-d2a440c0f1db","value":"true"}
[debug] &amp#27;[35m[W3C (17588393)]&amp#27;[39m Responding to client with driver.getAttribute() result: "true"
&amp#27;[35m[HTTP]&amp#27;[39m &amp#27;[37m<-- GET /wd/hub/session/17588393-9eac-4cd9-9399-d342c6384ea7/element/316af84e-2183-4f4d-adcf-4e30e22f1352/attribute/clickable &amp#27;[39m&amp#27;[32m200&amp#27;[39m &amp#27;[90m17 ms - 16&amp#27;[39m
&amp#27;[35m[HTTP]&amp#27;[39m &amp#27;[90m&amp#27;[39m
]]></system-out>
  </testcase>
  <testcase name="validateCartItems[Not Found](1)" classname="test.AppiumFramework.CartTest" time="0.114">
    <system-out><![CDATA[&amp#27;[35m[HTTP]&amp#27;[39m &amp#27;[37m-->&amp#27;[39m &amp#27;[37mPOST&amp#27;[39m &amp#27;[37m/wd/hub/session/17588393-9eac-4cd9-9399-d342c6384ea7/element&amp#27;[39m
&amp#27;[35m[HTTP]&amp#27;[39m &amp#27;[90m{"using":"-android uiautomator","value":"new UiScrollable(new UiSelector().scrollable(true)).scrollTextIntoView(\"Converse All Star\")"}&amp#27;[39m
[debug] &amp#27;[35m[W3C (17588393)]&amp#27;[39m Calling AppiumDriver.findElement() with args: ["-android uiautomator","new UiScrollable(new UiSelector().scrollable(true)).scrollTextIntoView(\"Converse All Star\")","17588393-9eac-4cd9-9399-d342c6384ea7"]
[debug] &amp#27;[35m[BaseDriver]&amp#27;[39m Valid locator strategies for this request: xpath, id, class name, accessibility id, -android uiautomator
[debug] &amp#27;[35m[BaseDriver]&amp#27;[39m Waiting up to 10000 ms for condition
[debug] &amp#27;[35m[WD Proxy]&amp#27;[39m Matched '/element' to command name 'findElement'
[debug] &amp#27;[35m[WD Proxy]&amp#27;[39m Proxying [POST /element] to [POST http://127.0.0.1:8200/wd/hub/session/91bae3ee-22d3-4f66-983f-d2a440c0f1db/element] with body: {"strategy":"-android uiautomator","selector":"new UiScrollable(new UiSelector().scrollable(true)).scrollTextIntoView(\"Converse All Star\")","context":"","multiple":false}
[debug] &amp#27;[35m[WD Proxy]&amp#27;[39m Got response with status 200: {"sessionId":"91bae3ee-22d3-4f66-983f-d2a440c0f1db","value":{"ELEMENT":"6f3403f2-7803-426c-b1de-2a9cc0a088a2","element-6066-11e4-a52e-4f735466cecf":"6f3403f2-7803-426c-b1de-2a9cc0a088a2"}}
[debug] &amp#27;[35m[W3C (17588393)]&amp#27;[39m Responding to client with driver.findElement() result: {"element-6066-11e4-a52e-4f735466cecf":"6f3403f2-7803-426c-b1de-2a9cc0a088a2","ELEMENT":"6f3403f2-7803-426c-b1de-2a9cc0a088a2"}
&amp#27;[35m[HTTP]&amp#27;[39m &amp#27;[37m<-- POST /wd/hub/session/17588393-9eac-4cd9-9399-d342c6384ea7/element &amp#27;[39m&amp#27;[32m200&amp#27;[39m &amp#27;[90m18 ms - 137&amp#27;[39m
&amp#27;[35m[HTTP]&amp#27;[39m &amp#27;[90m&amp#27;[39m
&amp#27;[35m[HTTP]&amp#27;[39m &amp#27;[37m-->&amp#27;[39m &amp#27;[37mGET&amp#27;[39m &amp#27;[37m/wd/hub/session/17588393-9eac-4cd9-9399-d342c6384ea7/element/6f3403f2-7803-426c-b1de-2a9cc0a088a2/text&amp#27;[39m
&amp#27;[35m[HTTP]&amp#27;[39m &amp#27;[90m{}&amp#27;[39m
&amp#27;[35m[W3C (17588393)]&amp#27;[39m Driver proxy active, passing request on via HTTP proxy
[debug] &amp#27;[35m[WD Proxy]&amp#27;[39m Matched '/wd/hub/session/17588393-9eac-4cd9-9399-d342c6384ea7/element/6f3403f2-7803-426c-b1de-2a9cc0a088a2/text' to command name 'getText'
[debug] &amp#27;[35m[WD Proxy]&amp#27;[39m Proxying [GET /wd/hub/session/17588393-9eac-4cd9-9399-d342c6384ea7/element/6f3403f2-7803-426c-b1de-2a9cc0a088a2/text] to [GET http://127.0.0.1:8200/wd/hub/session/91bae3ee-22d3-4f66-983f-d2a440c0f1db/element/6f3403f2-7803-426c-b1de-2a9cc0a088a2/text] with no body
[debug] &amp#27;[35m[WD Proxy]&amp#27;[39m Got response with status 200: {"sessionId":"91bae3ee-22d3-4f66-983f-d2a440c0f1db","value":"Converse All Star"}
&amp#27;[35m[WD Proxy]&amp#27;[39m Replacing sessionId 91bae3ee-22d3-4f66-983f-d2a440c0f1db with 17588393-9eac-4cd9-9399-d342c6384ea7
&amp#27;[35m[HTTP]&amp#27;[39m &amp#27;[37m<-- GET /wd/hub/session/17588393-9eac-4cd9-9399-d342c6384ea7/element/6f3403f2-7803-426c-b1de-2a9cc0a088a2/text &amp#27;[39m&amp#27;[32m200&amp#27;[39m &amp#27;[90m17 ms - 80&amp#27;[39m
&amp#27;[35m[HTTP]&amp#27;[39m &amp#27;[90m&amp#27;[39m
&amp#27;[35m[HTTP]&amp#27;[39m &amp#27;[37m-->&amp#27;[39m &amp#27;[37mPOST&amp#27;[39m &amp#27;[37m/wd/hub/session/17588393-9eac-4cd9-9399-d342c6384ea7/element&amp#27;[39m
&amp#27;[35m[HTTP]&amp#27;[39m &amp#27;[90m{"using":"xpath","value":"//*[@text=\"$55.0\"]"}&amp#27;[39m
[debug] &amp#27;[35m[W3C (17588393)]&amp#27;[39m Calling AppiumDriver.findElement() with args: ["xpath","//*[@text=\"$55.0\"]","17588393-9eac-4cd9-9399-d342c6384ea7"]
[debug] &amp#27;[35m[BaseDriver]&amp#27;[39m Valid locator strategies for this request: xpath, id, class name, accessibility id, -android uiautomator
[debug] &amp#27;[35m[BaseDriver]&amp#27;[39m Waiting up to 10000 ms for condition
[debug] &amp#27;[35m[WD Proxy]&amp#27;[39m Matched '/element' to command name 'findElement'
[debug] &amp#27;[35m[WD Proxy]&amp#27;[39m Proxying [POST /element] to [POST http://127.0.0.1:8200/wd/hub/session/91bae3ee-22d3-4f66-983f-d2a440c0f1db/element] with body: {"strategy":"xpath","selector":"//*[@text=\"$55.0\"]","context":"","multiple":false}
[debug] &amp#27;[35m[WD Proxy]&amp#27;[39m Got response with status 200: {"sessionId":"91bae3ee-22d3-4f66-983f-d2a440c0f1db","value":{"ELEMENT":"609c6cd3-400c-4ac5-b533-c4e80e16271e","element-6066-11e4-a52e-4f735466cecf":"609c6cd3-400c-4ac5-b533-c4e80e16271e"}}
[debug] &amp#27;[35m[W3C (17588393)]&amp#27;[39m Responding to client with driver.findElement() result: {"element-6066-11e4-a52e-4f735466cecf":"609c6cd3-400c-4ac5-b533-c4e80e16271e","ELEMENT":"609c6cd3-400c-4ac5-b533-c4e80e16271e"}
&amp#27;[35m[HTTP]&amp#27;[39m &amp#27;[37m<-- POST /wd/hub/session/17588393-9eac-4cd9-9399-d342c6384ea7/element &amp#27;[39m&amp#27;[32m200&amp#27;[39m &amp#27;[90m54 ms - 137&amp#27;[39m
&amp#27;[35m[HTTP]&amp#27;[39m &amp#27;[90m&amp#27;[39m
&amp#27;[35m[HTTP]&amp#27;[39m &amp#27;[37m-->&amp#27;[39m &amp#27;[37mGET&amp#27;[39m &amp#27;[37m/wd/hub/session/17588393-9eac-4cd9-9399-d342c6384ea7/element/609c6cd3-400c-4ac5-b533-c4e80e16271e/text&amp#27;[39m
&amp#27;[35m[HTTP]&amp#27;[39m &amp#27;[90m{}&amp#27;[39m
&amp#27;[35m[W3C (17588393)]&amp#27;[39m Driver proxy active, passing request on via HTTP proxy
[debug] &amp#27;[35m[WD Proxy]&amp#27;[39m Matched '/wd/hub/session/17588393-9eac-4cd9-9399-d342c6384ea7/element/609c6cd3-400c-4ac5-b533-c4e80e16271e/text' to command name 'getText'
[debug] &amp#27;[35m[WD Proxy]&amp#27;[39m Proxying [GET /wd/hub/session/17588393-9eac-4cd9-9399-d342c6384ea7/element/609c6cd3-400c-4ac5-b533-c4e80e16271e/text] to [GET http://127.0.0.1:8200/wd/hub/session/91bae3ee-22d3-4f66-983f-d2a440c0f1db/element/609c6cd3-400c-4ac5-b533-c4e80e16271e/text] with no body
[debug] &amp#27;[35m[WD Proxy]&amp#27;[39m Got response with status 200: {"sessionId":"91bae3ee-22d3-4f66-983f-d2a440c0f1db","value":"$55.0"}
&amp#27;[35m[WD Proxy]&amp#27;[39m Replacing sessionId 91bae3ee-22d3-4f66-983f-d2a440c0f1db with 17588393-9eac-4cd9-9399-d342c6384ea7
&amp#27;[35m[HTTP]&amp#27;[39m &amp#27;[37m<-- GET /wd/hub/session/17588393-9eac-4cd9-9399-d342c6384ea7/element/609c6cd3-400c-4ac5-b533-c4e80e16271e/text &amp#27;[39m&amp#27;[32m200&amp#27;[39m &amp#27;[90m11 ms - 68&amp#27;[39m
&amp#27;[35m[HTTP]&amp#27;[39m &amp#27;[90m&amp#27;[39m
]]></system-out>
  </testcase>
  <testcase name="validateCartTotal" classname="test.AppiumFramework.CartTest" time="0.034">
    <system-out><![CDATA[&amp#27;[35m[HTTP]&amp#27;[39m &amp#27;[37m-->&amp#27;[39m &amp#27;[37mPOST&amp#27;[39m &amp#27;[37m/wd/hub/session/17588393-9eac-4cd9-9399-d342c6384ea7/element&amp#27;[39m
&amp#27;[35m[HTTP]&amp#27;[39m &amp#27;[90m{"using":"id","value":"com.androidsample.generalstore:id/totalAmountLbl"}&amp#27;[39m
[debug] &amp#27;[35m[W3C (17588393)]&amp#27;[39m Calling AppiumDriver.findElement() with args: ["id","com.androidsample.generalstore:id/totalAmountLbl","17588393-9eac-4cd9-9399-d342c6384ea7"]
[debug] &amp#27;[35m[BaseDriver]&amp#27;[39m Valid locator strategies for this request: xpath, id, class name, accessibility id, -android uiautomator
[debug] &amp#27;[35m[BaseDriver]&amp#27;[39m Waiting up to 10000 ms for condition
[debug] &amp#27;[35m[WD Proxy]&amp#27;[39m Matched '/element' to command name 'findElement'
[debug] &amp#27;[35m[WD Proxy]&amp#27;[39m Proxying [POST /element] to [POST http://127.0.0.1:8200/wd/hub/session/91bae3ee-22d3-4f66-983f-d2a440c0f1db/element] with body: {"strategy":"id","selector":"com.androidsample.generalstore:id/totalAmountLbl","context":"","multiple":false}
[debug] &amp#27;[35m[WD Proxy]&amp#27;[39m Got response with status 200: {"sessionId":"91bae3ee-22d3-4f66-983f-d2a440c0f1db","value":{"ELEMENT":"315404ba-91ba-44fc-98a4-c7cf095bf001","element-6066-11e4-a52e-4f735466cecf":"315404ba-91ba-44fc-98a4-c7cf095bf001"}}
[debug] &amp#27;[35m[W3C (17588393)]&amp#27;[39m Responding to client with driver.findElement() result: {"element-6066-11e4-a52e-4f735466cecf":"315404ba-91ba-44fc-98a4-c7cf095bf001","ELEMENT":"315404ba-91ba-44fc-98a4-c7cf095bf001"}
&amp#27;[35m[HTTP]&amp#27;[39m &amp#27;[37m<-- POST /wd/hub/session/17588393-9eac-4cd9-9399-d342c6384ea7/element &amp#27;[39m&amp#27;[32m200&amp#27;[39m &amp#27;[90m16 ms - 137&amp#27;[39m
&amp#27;[35m[HTTP]&amp#27;[39m &amp#27;[90m&amp#27;[39m
&amp#27;[35m[HTTP]&amp#27;[39m &amp#27;[37m-->&amp#27;[39m &amp#27;[37mGET&amp#27;[39m &amp#27;[37m/wd/hub/session/17588393-9eac-4cd9-9399-d342c6384ea7/element/315404ba-91ba-44fc-98a4-c7cf095bf001/text&amp#27;[39m
&amp#27;[35m[HTTP]&amp#27;[39m &amp#27;[90m{}&amp#27;[39m
&amp#27;[35m[W3C (17588393)]&amp#27;[39m Driver proxy active, passing request on via HTTP proxy
[debug] &amp#27;[35m[WD Proxy]&amp#27;[39m Matched '/wd/hub/session/17588393-9eac-4cd9-9399-d342c6384ea7/element/315404ba-91ba-44fc-98a4-c7cf095bf001/text' to command name 'getText'
[debug] &amp#27;[35m[WD Proxy]&amp#27;[39m Proxying [GET /wd/hub/session/17588393-9eac-4cd9-9399-d342c6384ea7/element/315404ba-91ba-44fc-98a4-c7cf095bf001/text] to [GET http://127.0.0.1:8200/wd/hub/session/91bae3ee-22d3-4f66-983f-d2a440c0f1db/element/315404ba-91ba-44fc-98a4-c7cf095bf001/text] with no body
[debug] &amp#27;[35m[WD Proxy]&amp#27;[39m Got response with status 200: {"sessionId":"91bae3ee-22d3-4f66-983f-d2a440c0f1db","value":"$ 55.0"}
&amp#27;[35m[WD Proxy]&amp#27;[39m Replacing sessionId 91bae3ee-22d3-4f66-983f-d2a440c0f1db with 17588393-9eac-4cd9-9399-d342c6384ea7
&amp#27;[35m[HTTP]&amp#27;[39m &amp#27;[37m<-- GET /wd/hub/session/17588393-9eac-4cd9-9399-d342c6384ea7/element/315404ba-91ba-44fc-98a4-c7cf095bf001/text &amp#27;[39m&amp#27;[32m200&amp#27;[39m &amp#27;[90m11 ms - 69&amp#27;[39m
&amp#27;[35m[HTTP]&amp#27;[39m &amp#27;[90m&amp#27;[39m
]]></system-out>
  </testcase>
  <testcase name="validateChkBox[Send me e-mails on discounts related to selected products in future](1)" classname="test.AppiumFramework.CartTest" time="0.594">
    <system-out><![CDATA[&amp#27;[35m[HTTP]&amp#27;[39m &amp#27;[37m-->&amp#27;[39m &amp#27;[37mPOST&amp#27;[39m &amp#27;[37m/wd/hub/session/17588393-9eac-4cd9-9399-d342c6384ea7/element&amp#27;[39m
&amp#27;[35m[HTTP]&amp#27;[39m &amp#27;[90m{"using":"class name","value":"android.widget.CheckBox"}&amp#27;[39m
[debug] &amp#27;[35m[W3C (17588393)]&amp#27;[39m Calling AppiumDriver.findElement() with args: ["class name","android.widget.CheckBox","17588393-9eac-4cd9-9399-d342c6384ea7"]
[debug] &amp#27;[35m[BaseDriver]&amp#27;[39m Valid locator strategies for this request: xpath, id, class name, accessibility id, -android uiautomator
[debug] &amp#27;[35m[BaseDriver]&amp#27;[39m Waiting up to 10000 ms for condition
[debug] &amp#27;[35m[WD Proxy]&amp#27;[39m Matched '/element' to command name 'findElement'
[debug] &amp#27;[35m[WD Proxy]&amp#27;[39m Proxying [POST /element] to [POST http://127.0.0.1:8200/wd/hub/session/91bae3ee-22d3-4f66-983f-d2a440c0f1db/element] with body: {"strategy":"class name","selector":"android.widget.CheckBox","context":"","multiple":false}
[debug] &amp#27;[35m[WD Proxy]&amp#27;[39m Got response with status 200: {"sessionId":"91bae3ee-22d3-4f66-983f-d2a440c0f1db","value":{"ELEMENT":"a281f321-23aa-4dc7-87f6-c136bae03869","element-6066-11e4-a52e-4f735466cecf":"a281f321-23aa-4dc7-87f6-c136bae03869"}}
[debug] &amp#27;[35m[W3C (17588393)]&amp#27;[39m Responding to client with driver.findElement() result: {"element-6066-11e4-a52e-4f735466cecf":"a281f321-23aa-4dc7-87f6-c136bae03869","ELEMENT":"a281f321-23aa-4dc7-87f6-c136bae03869"}
&amp#27;[35m[HTTP]&amp#27;[39m &amp#27;[37m<-- POST /wd/hub/session/17588393-9eac-4cd9-9399-d342c6384ea7/element &amp#27;[39m&amp#27;[32m200&amp#27;[39m &amp#27;[90m15 ms - 137&amp#27;[39m
&amp#27;[35m[HTTP]&amp#27;[39m &amp#27;[90m&amp#27;[39m
&amp#27;[35m[HTTP]&amp#27;[39m &amp#27;[37m-->&amp#27;[39m &amp#27;[37mGET&amp#27;[39m &amp#27;[37m/wd/hub/session/17588393-9eac-4cd9-9399-d342c6384ea7/element/a281f321-23aa-4dc7-87f6-c136bae03869/text&amp#27;[39m
&amp#27;[35m[HTTP]&amp#27;[39m &amp#27;[90m{}&amp#27;[39m
&amp#27;[35m[W3C (17588393)]&amp#27;[39m Driver proxy active, passing request on via HTTP proxy
[debug] &amp#27;[35m[WD Proxy]&amp#27;[39m Matched '/wd/hub/session/17588393-9eac-4cd9-9399-d342c6384ea7/element/a281f321-23aa-4dc7-87f6-c136bae03869/text' to command name 'getText'
[debug] &amp#27;[35m[WD Proxy]&amp#27;[39m Proxying [GET /wd/hub/session/17588393-9eac-4cd9-9399-d342c6384ea7/element/a281f321-23aa-4dc7-87f6-c136bae03869/text] to [GET http://127.0.0.1:8200/wd/hub/session/91bae3ee-22d3-4f66-983f-d2a440c0f1db/element/a281f321-23aa-4dc7-87f6-c136bae03869/text] with no body
[debug] &amp#27;[35m[WD Proxy]&amp#27;[39m Got response with status 200: {"sessionId":"91bae3ee-22d3-4f66-983f-d2a440c0f1db","value":"Send me e-mails on discounts related to selected products in future"}
&amp#27;[35m[WD Proxy]&amp#27;[39m Replacing sessionId 91bae3ee-22d3-4f66-983f-d2a440c0f1db with 17588393-9eac-4cd9-9399-d342c6384ea7
&amp#27;[35m[HTTP]&amp#27;[39m &amp#27;[37m<-- GET /wd/hub/session/17588393-9eac-4cd9-9399-d342c6384ea7/element/a281f321-23aa-4dc7-87f6-c136bae03869/text &amp#27;[39m&amp#27;[32m200&amp#27;[39m &amp#27;[90m11 ms - 130&amp#27;[39m
&amp#27;[35m[HTTP]&amp#27;[39m &amp#27;[90m&amp#27;[39m
&amp#27;[35m[HTTP]&amp#27;[39m &amp#27;[37m-->&amp#27;[39m &amp#27;[37mPOST&amp#27;[39m &amp#27;[37m/wd/hub/session/17588393-9eac-4cd9-9399-d342c6384ea7/element&amp#27;[39m
&amp#27;[35m[HTTP]&amp#27;[39m &amp#27;[90m{"using":"class name","value":"android.widget.CheckBox"}&amp#27;[39m
[debug] &amp#27;[35m[W3C (17588393)]&amp#27;[39m Calling AppiumDriver.findElement() with args: ["class name","android.widget.CheckBox","17588393-9eac-4cd9-9399-d342c6384ea7"]
[debug] &amp#27;[35m[BaseDriver]&amp#27;[39m Valid locator strategies for this request: xpath, id, class name, accessibility id, -android uiautomator
[debug] &amp#27;[35m[BaseDriver]&amp#27;[39m Waiting up to 10000 ms for condition
[debug] &amp#27;[35m[WD Proxy]&amp#27;[39m Matched '/element' to command name 'findElement'
[debug] &amp#27;[35m[WD Proxy]&amp#27;[39m Proxying [POST /element] to [POST http://127.0.0.1:8200/wd/hub/session/91bae3ee-22d3-4f66-983f-d2a440c0f1db/element] with body: {"strategy":"class name","selector":"android.widget.CheckBox","context":"","multiple":false}
[debug] &amp#27;[35m[WD Proxy]&amp#27;[39m Got response with status 200: {"sessionId":"91bae3ee-22d3-4f66-983f-d2a440c0f1db","value":{"ELEMENT":"b4ed3a7b-052f-467e-8993-6f6e937cdd35","element-6066-11e4-a52e-4f735466cecf":"b4ed3a7b-052f-467e-8993-6f6e937cdd35"}}
[debug] &amp#27;[35m[W3C (17588393)]&amp#27;[39m Responding to client with driver.findElement() result: {"element-6066-11e4-a52e-4f735466cecf":"b4ed3a7b-052f-467e-8993-6f6e937cdd35","ELEMENT":"b4ed3a7b-052f-467e-8993-6f6e937cdd35"}
&amp#27;[35m[HTTP]&amp#27;[39m &amp#27;[37m<-- POST /wd/hub/session/17588393-9eac-4cd9-9399-d342c6384ea7/element &amp#27;[39m&amp#27;[32m200&amp#27;[39m &amp#27;[90m15 ms - 137&amp#27;[39m
&amp#27;[35m[HTTP]&amp#27;[39m &amp#27;[90m&amp#27;[39m
&amp#27;[35m[HTTP]&amp#27;[39m &amp#27;[37m-->&amp#27;[39m &amp#27;[37mPOST&amp#27;[39m &amp#27;[37m/wd/hub/session/17588393-9eac-4cd9-9399-d342c6384ea7/element/b4ed3a7b-052f-467e-8993-6f6e937cdd35/click&amp#27;[39m
&amp#27;[35m[HTTP]&amp#27;[39m &amp#27;[90m{"id":"b4ed3a7b-052f-467e-8993-6f6e937cdd35"}&amp#27;[39m
[debug] &amp#27;[35m[W3C (17588393)]&amp#27;[39m Calling AppiumDriver.click() with args: ["b4ed3a7b-052f-467e-8993-6f6e937cdd35","17588393-9eac-4cd9-9399-d342c6384ea7"]
[debug] &amp#27;[35m[WD Proxy]&amp#27;[39m Matched '/element/b4ed3a7b-052f-467e-8993-6f6e937cdd35/click' to command name 'click'
[debug] &amp#27;[35m[WD Proxy]&amp#27;[39m Proxying [POST /element/b4ed3a7b-052f-467e-8993-6f6e937cdd35/click] to [POST http://127.0.0.1:8200/wd/hub/session/91bae3ee-22d3-4f66-983f-d2a440c0f1db/element/b4ed3a7b-052f-467e-8993-6f6e937cdd35/click] with body: {"element":"b4ed3a7b-052f-467e-8993-6f6e937cdd35"}
[debug] &amp#27;[35m[WD Proxy]&amp#27;[39m Got response with status 200: {"sessionId":"91bae3ee-22d3-4f66-983f-d2a440c0f1db","value":null}
[debug] &amp#27;[35m[W3C (17588393)]&amp#27;[39m Responding to client with driver.click() result: null
&amp#27;[35m[HTTP]&amp#27;[39m &amp#27;[37m<-- POST /wd/hub/session/17588393-9eac-4cd9-9399-d342c6384ea7/element/b4ed3a7b-052f-467e-8993-6f6e937cdd35/click &amp#27;[39m&amp#27;[32m200&amp#27;[39m &amp#27;[90m18 ms - 14&amp#27;[39m
&amp#27;[35m[HTTP]&amp#27;[39m &amp#27;[90m&amp#27;[39m
&amp#27;[35m[HTTP]&amp#27;[39m &amp#27;[37m-->&amp#27;[39m &amp#27;[37mPOST&amp#27;[39m &amp#27;[37m/wd/hub/session/17588393-9eac-4cd9-9399-d342c6384ea7/element&amp#27;[39m
&amp#27;[35m[HTTP]&amp#27;[39m &amp#27;[90m{"using":"class name","value":"android.widget.CheckBox"}&amp#27;[39m
[debug] &amp#27;[35m[W3C (17588393)]&amp#27;[39m Calling AppiumDriver.findElement() with args: ["class name","android.widget.CheckBox","17588393-9eac-4cd9-9399-d342c6384ea7"]
[debug] &amp#27;[35m[BaseDriver]&amp#27;[39m Valid locator strategies for this request: xpath, id, class name, accessibility id, -android uiautomator
[debug] &amp#27;[35m[BaseDriver]&amp#27;[39m Waiting up to 10000 ms for condition
[debug] &amp#27;[35m[WD Proxy]&amp#27;[39m Matched '/element' to command name 'findElement'
[debug] &amp#27;[35m[WD Proxy]&amp#27;[39m Proxying [POST /element] to [POST http://127.0.0.1:8200/wd/hub/session/91bae3ee-22d3-4f66-983f-d2a440c0f1db/element] with body: {"strategy":"class name","selector":"android.widget.CheckBox","context":"","multiple":false}
[debug] &amp#27;[35m[WD Proxy]&amp#27;[39m Got response with status 200: {"sessionId":"91bae3ee-22d3-4f66-983f-d2a440c0f1db","value":{"ELEMENT":"56aaca6a-15fe-433e-90f3-e88bb5ca2a49","element-6066-11e4-a52e-4f735466cecf":"56aaca6a-15fe-433e-90f3-e88bb5ca2a49"}}
[debug] &amp#27;[35m[W3C (17588393)]&amp#27;[39m Responding to client with driver.findElement() result: {"element-6066-11e4-a52e-4f735466cecf":"56aaca6a-15fe-433e-90f3-e88bb5ca2a49","ELEMENT":"56aaca6a-15fe-433e-90f3-e88bb5ca2a49"}
&amp#27;[35m[HTTP]&amp#27;[39m &amp#27;[37m<-- POST /wd/hub/session/17588393-9eac-4cd9-9399-d342c6384ea7/element &amp#27;[39m&amp#27;[32m200&amp#27;[39m &amp#27;[90m23 ms - 137&amp#27;[39m
&amp#27;[35m[HTTP]&amp#27;[39m &amp#27;[90m&amp#27;[39m
&amp#27;[35m[HTTP]&amp#27;[39m &amp#27;[37m-->&amp#27;[39m &amp#27;[37mGET&amp#27;[39m &amp#27;[37m/wd/hub/session/17588393-9eac-4cd9-9399-d342c6384ea7/element/56aaca6a-15fe-433e-90f3-e88bb5ca2a49/attribute/checked&amp#27;[39m
&amp#27;[35m[HTTP]&amp#27;[39m &amp#27;[90m{}&amp#27;[39m
[debug] &amp#27;[35m[W3C (17588393)]&amp#27;[39m Calling AppiumDriver.getAttribute() with args: ["checked","56aaca6a-15fe-433e-90f3-e88bb5ca2a49","17588393-9eac-4cd9-9399-d342c6384ea7"]
[debug] &amp#27;[35m[WD Proxy]&amp#27;[39m Matched '/element/56aaca6a-15fe-433e-90f3-e88bb5ca2a49/attribute/checked' to command name 'getAttribute'
[debug] &amp#27;[35m[WD Proxy]&amp#27;[39m Proxying [GET /element/56aaca6a-15fe-433e-90f3-e88bb5ca2a49/attribute/checked] to [GET http://127.0.0.1:8200/wd/hub/session/91bae3ee-22d3-4f66-983f-d2a440c0f1db/element/56aaca6a-15fe-433e-90f3-e88bb5ca2a49/attribute/checked] with no body
[debug] &amp#27;[35m[WD Proxy]&amp#27;[39m Got response with status 200: {"sessionId":"91bae3ee-22d3-4f66-983f-d2a440c0f1db","value":"true"}
[debug] &amp#27;[35m[W3C (17588393)]&amp#27;[39m Responding to client with driver.getAttribute() result: "true"
&amp#27;[35m[HTTP]&amp#27;[39m &amp#27;[37m<-- GET /wd/hub/session/17588393-9eac-4cd9-9399-d342c6384ea7/element/56aaca6a-15fe-433e-90f3-e88bb5ca2a49/attribute/checked &amp#27;[39m&amp#27;[32m200&amp#27;[39m &amp#27;[90m493 ms - 16&amp#27;[39m
&amp#27;[35m[HTTP]&amp#27;[39m &amp#27;[90m&amp#27;[39m
]]></system-out>
  </testcase>
  <testcase name="validateTC[Please read our terms of conditions, Terms Of Conditions, Lorem Ipsum is simply dummy text of the printing and typesetting industry.,  Lorem Ipsum has been the industry&apos;s standard dummy text ever since the 1500s,,  when an unknown printer took a galley of type and scrambled it to make a type specimen book., CLOSE](1)" classname="test.AppiumFramework.CartTest" time="3.778">
    <system-out><![CDATA[&amp#27;[35m[HTTP]&amp#27;[39m &amp#27;[37m-->&amp#27;[39m &amp#27;[37mPOST&amp#27;[39m &amp#27;[37m/wd/hub/session/17588393-9eac-4cd9-9399-d342c6384ea7/element&amp#27;[39m
&amp#27;[35m[HTTP]&amp#27;[39m &amp#27;[90m{"using":"id","value":"com.androidsample.generalstore:id/termsButton"}&amp#27;[39m
[debug] &amp#27;[35m[W3C (17588393)]&amp#27;[39m Calling AppiumDriver.findElement() with args: ["id","com.androidsample.generalstore:id/termsButton","17588393-9eac-4cd9-9399-d342c6384ea7"]
[debug] &amp#27;[35m[BaseDriver]&amp#27;[39m Valid locator strategies for this request: xpath, id, class name, accessibility id, -android uiautomator
[debug] &amp#27;[35m[BaseDriver]&amp#27;[39m Waiting up to 10000 ms for condition
[debug] &amp#27;[35m[WD Proxy]&amp#27;[39m Matched '/element' to command name 'findElement'
[debug] &amp#27;[35m[WD Proxy]&amp#27;[39m Proxying [POST /element] to [POST http://127.0.0.1:8200/wd/hub/session/91bae3ee-22d3-4f66-983f-d2a440c0f1db/element] with body: {"strategy":"id","selector":"com.androidsample.generalstore:id/termsButton","context":"","multiple":false}
[debug] &amp#27;[35m[WD Proxy]&amp#27;[39m Got response with status 200: {"sessionId":"91bae3ee-22d3-4f66-983f-d2a440c0f1db","value":{"ELEMENT":"db6221f9-d5ea-468f-ac1a-382f761fd3e4","element-6066-11e4-a52e-4f735466cecf":"db6221f9-d5ea-468f-ac1a-382f761fd3e4"}}
[debug] &amp#27;[35m[W3C (17588393)]&amp#27;[39m Responding to client with driver.findElement() result: {"element-6066-11e4-a52e-4f735466cecf":"db6221f9-d5ea-468f-ac1a-382f761fd3e4","ELEMENT":"db6221f9-d5ea-468f-ac1a-382f761fd3e4"}
&amp#27;[35m[HTTP]&amp#27;[39m &amp#27;[37m<-- POST /wd/hub/session/17588393-9eac-4cd9-9399-d342c6384ea7/element &amp#27;[39m&amp#27;[32m200&amp#27;[39m &amp#27;[90m15 ms - 137&amp#27;[39m
&amp#27;[35m[HTTP]&amp#27;[39m &amp#27;[90m&amp#27;[39m
&amp#27;[35m[HTTP]&amp#27;[39m &amp#27;[37m-->&amp#27;[39m &amp#27;[37mGET&amp#27;[39m &amp#27;[37m/wd/hub/session/17588393-9eac-4cd9-9399-d342c6384ea7/element/db6221f9-d5ea-468f-ac1a-382f761fd3e4/text&amp#27;[39m
&amp#27;[35m[HTTP]&amp#27;[39m &amp#27;[90m{}&amp#27;[39m
&amp#27;[35m[W3C (17588393)]&amp#27;[39m Driver proxy active, passing request on via HTTP proxy
[debug] &amp#27;[35m[WD Proxy]&amp#27;[39m Matched '/wd/hub/session/17588393-9eac-4cd9-9399-d342c6384ea7/element/db6221f9-d5ea-468f-ac1a-382f761fd3e4/text' to command name 'getText'
[debug] &amp#27;[35m[WD Proxy]&amp#27;[39m Proxying [GET /wd/hub/session/17588393-9eac-4cd9-9399-d342c6384ea7/element/db6221f9-d5ea-468f-ac1a-382f761fd3e4/text] to [GET http://127.0.0.1:8200/wd/hub/session/91bae3ee-22d3-4f66-983f-d2a440c0f1db/element/db6221f9-d5ea-468f-ac1a-382f761fd3e4/text] with no body
[debug] &amp#27;[35m[WD Proxy]&amp#27;[39m Got response with status 200: {"sessionId":"91bae3ee-22d3-4f66-983f-d2a440c0f1db","value":"Please read our terms of conditions"}
&amp#27;[35m[WD Proxy]&amp#27;[39m Replacing sessionId 91bae3ee-22d3-4f66-983f-d2a440c0f1db with 17588393-9eac-4cd9-9399-d342c6384ea7
&amp#27;[35m[HTTP]&amp#27;[39m &amp#27;[37m<-- GET /wd/hub/session/17588393-9eac-4cd9-9399-d342c6384ea7/element/db6221f9-d5ea-468f-ac1a-382f761fd3e4/text &amp#27;[39m&amp#27;[32m200&amp#27;[39m &amp#27;[90m27 ms - 98&amp#27;[39m
&amp#27;[35m[HTTP]&amp#27;[39m &amp#27;[90m&amp#27;[39m
&amp#27;[35m[HTTP]&amp#27;[39m &amp#27;[37m-->&amp#27;[39m &amp#27;[37mPOST&amp#27;[39m &amp#27;[37m/wd/hub/session/17588393-9eac-4cd9-9399-d342c6384ea7/element&amp#27;[39m
&amp#27;[35m[HTTP]&amp#27;[39m &amp#27;[90m{"using":"id","value":"com.androidsample.generalstore:id/termsButton"}&amp#27;[39m
[debug] &amp#27;[35m[W3C (17588393)]&amp#27;[39m Calling AppiumDriver.findElement() with args: ["id","com.androidsample.generalstore:id/termsButton","17588393-9eac-4cd9-9399-d342c6384ea7"]
[debug] &amp#27;[35m[BaseDriver]&amp#27;[39m Valid locator strategies for this request: xpath, id, class name, accessibility id, -android uiautomator
[debug] &amp#27;[35m[BaseDriver]&amp#27;[39m Waiting up to 10000 ms for condition
[debug] &amp#27;[35m[WD Proxy]&amp#27;[39m Matched '/element' to command name 'findElement'
[debug] &amp#27;[35m[WD Proxy]&amp#27;[39m Proxying [POST /element] to [POST http://127.0.0.1:8200/wd/hub/session/91bae3ee-22d3-4f66-983f-d2a440c0f1db/element] with body: {"strategy":"id","selector":"com.androidsample.generalstore:id/termsButton","context":"","multiple":false}
[debug] &amp#27;[35m[WD Proxy]&amp#27;[39m Got response with status 200: {"sessionId":"91bae3ee-22d3-4f66-983f-d2a440c0f1db","value":{"ELEMENT":"d4ab0b99-b629-43b0-ba9f-500ba465182b","element-6066-11e4-a52e-4f735466cecf":"d4ab0b99-b629-43b0-ba9f-500ba465182b"}}
[debug] &amp#27;[35m[W3C (17588393)]&amp#27;[39m Responding to client with driver.findElement() result: {"element-6066-11e4-a52e-4f735466cecf":"d4ab0b99-b629-43b0-ba9f-500ba465182b","ELEMENT":"d4ab0b99-b629-43b0-ba9f-500ba465182b"}
&amp#27;[35m[HTTP]&amp#27;[39m &amp#27;[37m<-- POST /wd/hub/session/17588393-9eac-4cd9-9399-d342c6384ea7/element &amp#27;[39m&amp#27;[32m200&amp#27;[39m &amp#27;[90m17 ms - 137&amp#27;[39m
&amp#27;[35m[HTTP]&amp#27;[39m &amp#27;[90m&amp#27;[39m
&amp#27;[35m[HTTP]&amp#27;[39m &amp#27;[37m-->&amp#27;[39m &amp#27;[37mPOST&amp#27;[39m &amp#27;[37m/wd/hub/session/17588393-9eac-4cd9-9399-d342c6384ea7/touch/perform&amp#27;[39m
&amp#27;[35m[HTTP]&amp#27;[39m &amp#27;[90m{"actions":[{"action":"longPress","options":{"duration":2000,"element":"d4ab0b99-b629-43b0-ba9f-500ba465182b"}},{"action":"release","options":{}}]}&amp#27;[39m
[debug] &amp#27;[35m[W3C (17588393)]&amp#27;[39m Calling AppiumDriver.performTouch() with args: [[{"action":"longPress","options":{"duration":2000,"element":"d4ab0b99-b629-43b0-ba9f-500ba465182b"}},{"action":"release","options":{}}],"17588393-9eac-4cd9-9399-d342c6384ea7"]
&amp#27;[35m[UiAutomator2]&amp#27;[39m calling get location: d4ab0b99-b629-43b0-ba9f-500ba465182b
[debug] &amp#27;[35m[WD Proxy]&amp#27;[39m Matched '/element/d4ab0b99-b629-43b0-ba9f-500ba465182b/location' to command name 'getLocation'
[debug] &amp#27;[35m[WD Proxy]&amp#27;[39m Proxying [GET /element/d4ab0b99-b629-43b0-ba9f-500ba465182b/location] to [GET http://127.0.0.1:8200/wd/hub/session/91bae3ee-22d3-4f66-983f-d2a440c0f1db/element/d4ab0b99-b629-43b0-ba9f-500ba465182b/location] with no body
[debug] &amp#27;[35m[WD Proxy]&amp#27;[39m Got response with status 200: {"sessionId":"91bae3ee-22d3-4f66-983f-d2a440c0f1db","value":{"x":53,"y":1694}}
[debug] &amp#27;[35m[WD Proxy]&amp#27;[39m Matched '/element/d4ab0b99-b629-43b0-ba9f-500ba465182b/size' to command name 'getSize'
[debug] &amp#27;[35m[WD Proxy]&amp#27;[39m Proxying [GET /element/d4ab0b99-b629-43b0-ba9f-500ba465182b/size] to [GET http://127.0.0.1:8200/wd/hub/session/91bae3ee-22d3-4f66-983f-d2a440c0f1db/element/d4ab0b99-b629-43b0-ba9f-500ba465182b/size] with no body
[debug] &amp#27;[35m[WD Proxy]&amp#27;[39m Got response with status 200: {"sessionId":"91bae3ee-22d3-4f66-983f-d2a440c0f1db","value":{"height":79,"width":974}}
[debug] &amp#27;[35m[WD Proxy]&amp#27;[39m Matched '/touch/longclick' to command name 'touchLongClick'
[debug] &amp#27;[35m[WD Proxy]&amp#27;[39m Proxying [POST /touch/longclick] to [POST http://127.0.0.1:8200/wd/hub/session/91bae3ee-22d3-4f66-983f-d2a440c0f1db/touch/longclick] with body: {"params":{"element":null,"x":540,"y":1733.5,"duration":2000}}
[debug] &amp#27;[35m[WD Proxy]&amp#27;[39m Got response with status 200: {"sessionId":"91bae3ee-22d3-4f66-983f-d2a440c0f1db","value":null}
[debug] &amp#27;[35m[W3C (17588393)]&amp#27;[39m Responding to client with driver.performTouch() result: null
&amp#27;[35m[HTTP]&amp#27;[39m &amp#27;[37m<-- POST /wd/hub/session/17588393-9eac-4cd9-9399-d342c6384ea7/touch/perform &amp#27;[39m&amp#27;[32m200&amp#27;[39m &amp#27;[90m3561 ms - 14&amp#27;[39m
&amp#27;[35m[HTTP]&amp#27;[39m &amp#27;[90m&amp#27;[39m
&amp#27;[35m[HTTP]&amp#27;[39m &amp#27;[37m-->&amp#27;[39m &amp#27;[37mPOST&amp#27;[39m &amp#27;[37m/wd/hub/session/17588393-9eac-4cd9-9399-d342c6384ea7/element&amp#27;[39m
&amp#27;[35m[HTTP]&amp#27;[39m &amp#27;[90m{"using":"id","value":"com.androidsample.generalstore:id/alertTitle"}&amp#27;[39m
[debug] &amp#27;[35m[W3C (17588393)]&amp#27;[39m Calling AppiumDriver.findElement() with args: ["id","com.androidsample.generalstore:id/alertTitle","17588393-9eac-4cd9-9399-d342c6384ea7"]
[debug] &amp#27;[35m[BaseDriver]&amp#27;[39m Valid locator strategies for this request: xpath, id, class name, accessibility id, -android uiautomator
[debug] &amp#27;[35m[BaseDriver]&amp#27;[39m Waiting up to 10000 ms for condition
[debug] &amp#27;[35m[WD Proxy]&amp#27;[39m Matched '/element' to command name 'findElement'
[debug] &amp#27;[35m[WD Proxy]&amp#27;[39m Proxying [POST /element] to [POST http://127.0.0.1:8200/wd/hub/session/91bae3ee-22d3-4f66-983f-d2a440c0f1db/element] with body: {"strategy":"id","selector":"com.androidsample.generalstore:id/alertTitle","context":"","multiple":false}
[debug] &amp#27;[35m[WD Proxy]&amp#27;[39m Got response with status 200: {"sessionId":"91bae3ee-22d3-4f66-983f-d2a440c0f1db","value":{"ELEMENT":"866577b0-e6d5-4481-920b-c607ebc2470c","element-6066-11e4-a52e-4f735466cecf":"866577b0-e6d5-4481-920b-c607ebc2470c"}}
[debug] &amp#27;[35m[W3C (17588393)]&amp#27;[39m Responding to client with driver.findElement() result: {"element-6066-11e4-a52e-4f735466cecf":"866577b0-e6d5-4481-920b-c607ebc2470c","ELEMENT":"866577b0-e6d5-4481-920b-c607ebc2470c"}
&amp#27;[35m[HTTP]&amp#27;[39m &amp#27;[37m<-- POST /wd/hub/session/17588393-9eac-4cd9-9399-d342c6384ea7/element &amp#27;[39m&amp#27;[32m200&amp#27;[39m &amp#27;[90m30 ms - 137&amp#27;[39m
&amp#27;[35m[HTTP]&amp#27;[39m &amp#27;[90m&amp#27;[39m
&amp#27;[35m[HTTP]&amp#27;[39m &amp#27;[37m-->&amp#27;[39m &amp#27;[37mGET&amp#27;[39m &amp#27;[37m/wd/hub/session/17588393-9eac-4cd9-9399-d342c6384ea7/element/866577b0-e6d5-4481-920b-c607ebc2470c/text&amp#27;[39m
&amp#27;[35m[HTTP]&amp#27;[39m &amp#27;[90m{}&amp#27;[39m
&amp#27;[35m[W3C (17588393)]&amp#27;[39m Driver proxy active, passing request on via HTTP proxy
[debug] &amp#27;[35m[WD Proxy]&amp#27;[39m Matched '/wd/hub/session/17588393-9eac-4cd9-9399-d342c6384ea7/element/866577b0-e6d5-4481-920b-c607ebc2470c/text' to command name 'getText'
[debug] &amp#27;[35m[WD Proxy]&amp#27;[39m Proxying [GET /wd/hub/session/17588393-9eac-4cd9-9399-d342c6384ea7/element/866577b0-e6d5-4481-920b-c607ebc2470c/text] to [GET http://127.0.0.1:8200/wd/hub/session/91bae3ee-22d3-4f66-983f-d2a440c0f1db/element/866577b0-e6d5-4481-920b-c607ebc2470c/text] with no body
[debug] &amp#27;[35m[WD Proxy]&amp#27;[39m Got response with status 200: {"sessionId":"91bae3ee-22d3-4f66-983f-d2a440c0f1db","value":"Terms Of Conditions"}
&amp#27;[35m[WD Proxy]&amp#27;[39m Replacing sessionId 91bae3ee-22d3-4f66-983f-d2a440c0f1db with 17588393-9eac-4cd9-9399-d342c6384ea7
&amp#27;[35m[HTTP]&amp#27;[39m &amp#27;[37m<-- GET /wd/hub/session/17588393-9eac-4cd9-9399-d342c6384ea7/element/866577b0-e6d5-4481-920b-c607ebc2470c/text &amp#27;[39m&amp#27;[32m200&amp#27;[39m &amp#27;[90m9 ms - 82&amp#27;[39m
&amp#27;[35m[HTTP]&amp#27;[39m &amp#27;[90m&amp#27;[39m
&amp#27;[35m[HTTP]&amp#27;[39m &amp#27;[37m-->&amp#27;[39m &amp#27;[37mPOST&amp#27;[39m &amp#27;[37m/wd/hub/session/17588393-9eac-4cd9-9399-d342c6384ea7/element&amp#27;[39m
&amp#27;[35m[HTTP]&amp#27;[39m &amp#27;[90m{"using":"id","value":"android:id/message"}&amp#27;[39m
[debug] &amp#27;[35m[W3C (17588393)]&amp#27;[39m Calling AppiumDriver.findElement() with args: ["id","android:id/message","17588393-9eac-4cd9-9399-d342c6384ea7"]
[debug] &amp#27;[35m[BaseDriver]&amp#27;[39m Valid locator strategies for this request: xpath, id, class name, accessibility id, -android uiautomator
[debug] &amp#27;[35m[BaseDriver]&amp#27;[39m Waiting up to 10000 ms for condition
[debug] &amp#27;[35m[WD Proxy]&amp#27;[39m Matched '/element' to command name 'findElement'
[debug] &amp#27;[35m[WD Proxy]&amp#27;[39m Proxying [POST /element] to [POST http://127.0.0.1:8200/wd/hub/session/91bae3ee-22d3-4f66-983f-d2a440c0f1db/element] with body: {"strategy":"id","selector":"android:id/message","context":"","multiple":false}
[debug] &amp#27;[35m[WD Proxy]&amp#27;[39m Got response with status 200: {"sessionId":"91bae3ee-22d3-4f66-983f-d2a440c0f1db","value":{"ELEMENT":"086656f4-4416-4ea1-8d1c-90d8ab1644ba","element-6066-11e4-a52e-4f735466cecf":"086656f4-4416-4ea1-8d1c-90d8ab1644ba"}}
[debug] &amp#27;[35m[W3C (17588393)]&amp#27;[39m Responding to client with driver.findElement() result: {"element-6066-11e4-a52e-4f735466cecf":"086656f4-4416-4ea1-8d1c-90d8ab1644ba","ELEMENT":"086656f4-4416-4ea1-8d1c-90d8ab1644ba"}
&amp#27;[35m[HTTP]&amp#27;[39m &amp#27;[37m<-- POST /wd/hub/session/17588393-9eac-4cd9-9399-d342c6384ea7/element &amp#27;[39m&amp#27;[32m200&amp#27;[39m &amp#27;[90m12 ms - 137&amp#27;[39m
&amp#27;[35m[HTTP]&amp#27;[39m &amp#27;[90m&amp#27;[39m
&amp#27;[35m[HTTP]&amp#27;[39m &amp#27;[37m-->&amp#27;[39m &amp#27;[37mGET&amp#27;[39m &amp#27;[37m/wd/hub/session/17588393-9eac-4cd9-9399-d342c6384ea7/element/086656f4-4416-4ea1-8d1c-90d8ab1644ba/text&amp#27;[39m
&amp#27;[35m[HTTP]&amp#27;[39m &amp#27;[90m{}&amp#27;[39m
&amp#27;[35m[W3C (17588393)]&amp#27;[39m Driver proxy active, passing request on via HTTP proxy
[debug] &amp#27;[35m[WD Proxy]&amp#27;[39m Matched '/wd/hub/session/17588393-9eac-4cd9-9399-d342c6384ea7/element/086656f4-4416-4ea1-8d1c-90d8ab1644ba/text' to command name 'getText'
[debug] &amp#27;[35m[WD Proxy]&amp#27;[39m Proxying [GET /wd/hub/session/17588393-9eac-4cd9-9399-d342c6384ea7/element/086656f4-4416-4ea1-8d1c-90d8ab1644ba/text] to [GET http://127.0.0.1:8200/wd/hub/session/91bae3ee-22d3-4f66-983f-d2a440c0f1db/element/086656f4-4416-4ea1-8d1c-90d8ab1644ba/text] with no body
[debug] &amp#27;[35m[WD Proxy]&amp#27;[39m Got response with status 200: {"sessionId":"91bae3ee-22d3-4f66-983f-d2a440c0f1db","value":"Lorem Ipsum is simply dummy text of the printing and typesetting industry. Lorem Ipsum has been the industry's standard dummy text ever since the 1500s, when an unknown printer took a galley of type and scrambled it to make a type specimen book."}
&amp#27;[35m[WD Proxy]&amp#27;[39m Replacing sessionId 91bae3ee-22d3-4f66-983f-d2a440c0f1db with 17588393-9eac-4cd9-9399-d342c6384ea7
&amp#27;[35m[HTTP]&amp#27;[39m &amp#27;[37m<-- GET /wd/hub/session/17588393-9eac-4cd9-9399-d342c6384ea7/element/086656f4-4416-4ea1-8d1c-90d8ab1644ba/text &amp#27;[39m&amp#27;[32m200&amp#27;[39m &amp#27;[90m9 ms - 308&amp#27;[39m
&amp#27;[35m[HTTP]&amp#27;[39m &amp#27;[90m&amp#27;[39m
&amp#27;[35m[HTTP]&amp#27;[39m &amp#27;[37m-->&amp#27;[39m &amp#27;[37mPOST&amp#27;[39m &amp#27;[37m/wd/hub/session/17588393-9eac-4cd9-9399-d342c6384ea7/element&amp#27;[39m
&amp#27;[35m[HTTP]&amp#27;[39m &amp#27;[90m{"using":"id","value":"android:id/button1"}&amp#27;[39m
[debug] &amp#27;[35m[W3C (17588393)]&amp#27;[39m Calling AppiumDriver.findElement() with args: ["id","android:id/button1","17588393-9eac-4cd9-9399-d342c6384ea7"]
[debug] &amp#27;[35m[BaseDriver]&amp#27;[39m Valid locator strategies for this request: xpath, id, class name, accessibility id, -android uiautomator
[debug] &amp#27;[35m[BaseDriver]&amp#27;[39m Waiting up to 10000 ms for condition
[debug] &amp#27;[35m[WD Proxy]&amp#27;[39m Matched '/element' to command name 'findElement'
[debug] &amp#27;[35m[WD Proxy]&amp#27;[39m Proxying [POST /element] to [POST http://127.0.0.1:8200/wd/hub/session/91bae3ee-22d3-4f66-983f-d2a440c0f1db/element] with body: {"strategy":"id","selector":"android:id/button1","context":"","multiple":false}
[debug] &amp#27;[35m[WD Proxy]&amp#27;[39m Got response with status 200: {"sessionId":"91bae3ee-22d3-4f66-983f-d2a440c0f1db","value":{"ELEMENT":"23f8fb98-ab29-42ba-ac1c-6e1fba1da2e7","element-6066-11e4-a52e-4f735466cecf":"23f8fb98-ab29-42ba-ac1c-6e1fba1da2e7"}}
[debug] &amp#27;[35m[W3C (17588393)]&amp#27;[39m Responding to client with driver.findElement() result: {"element-6066-11e4-a52e-4f735466cecf":"23f8fb98-ab29-42ba-ac1c-6e1fba1da2e7","ELEMENT":"23f8fb98-ab29-42ba-ac1c-6e1fba1da2e7"}
&amp#27;[35m[HTTP]&amp#27;[39m &amp#27;[37m<-- POST /wd/hub/session/17588393-9eac-4cd9-9399-d342c6384ea7/element &amp#27;[39m&amp#27;[32m200&amp#27;[39m &amp#27;[90m13 ms - 137&amp#27;[39m
&amp#27;[35m[HTTP]&amp#27;[39m &amp#27;[90m&amp#27;[39m
&amp#27;[35m[HTTP]&amp#27;[39m &amp#27;[37m-->&amp#27;[39m &amp#27;[37mGET&amp#27;[39m &amp#27;[37m/wd/hub/session/17588393-9eac-4cd9-9399-d342c6384ea7/element/23f8fb98-ab29-42ba-ac1c-6e1fba1da2e7/text&amp#27;[39m
&amp#27;[35m[HTTP]&amp#27;[39m &amp#27;[90m{}&amp#27;[39m
&amp#27;[35m[W3C (17588393)]&amp#27;[39m Driver proxy active, passing request on via HTTP proxy
[debug] &amp#27;[35m[WD Proxy]&amp#27;[39m Matched '/wd/hub/session/17588393-9eac-4cd9-9399-d342c6384ea7/element/23f8fb98-ab29-42ba-ac1c-6e1fba1da2e7/text' to command name 'getText'
[debug] &amp#27;[35m[WD Proxy]&amp#27;[39m Proxying [GET /wd/hub/session/17588393-9eac-4cd9-9399-d342c6384ea7/element/23f8fb98-ab29-42ba-ac1c-6e1fba1da2e7/text] to [GET http://127.0.0.1:8200/wd/hub/session/91bae3ee-22d3-4f66-983f-d2a440c0f1db/element/23f8fb98-ab29-42ba-ac1c-6e1fba1da2e7/text] with no body
[debug] &amp#27;[35m[WD Proxy]&amp#27;[39m Got response with status 200: {"sessionId":"91bae3ee-22d3-4f66-983f-d2a440c0f1db","value":"CLOSE"}
&amp#27;[35m[WD Proxy]&amp#27;[39m Replacing sessionId 91bae3ee-22d3-4f66-983f-d2a440c0f1db with 17588393-9eac-4cd9-9399-d342c6384ea7
&amp#27;[35m[HTTP]&amp#27;[39m &amp#27;[37m<-- GET /wd/hub/session/17588393-9eac-4cd9-9399-d342c6384ea7/element/23f8fb98-ab29-42ba-ac1c-6e1fba1da2e7/text &amp#27;[39m&amp#27;[32m200&amp#27;[39m &amp#27;[90m11 ms - 68&amp#27;[39m
&amp#27;[35m[HTTP]&amp#27;[39m &amp#27;[90m&amp#27;[39m
&amp#27;[35m[HTTP]&amp#27;[39m &amp#27;[37m-->&amp#27;[39m &amp#27;[37mPOST&amp#27;[39m &amp#27;[37m/wd/hub/session/17588393-9eac-4cd9-9399-d342c6384ea7/element&amp#27;[39m
&amp#27;[35m[HTTP]&amp#27;[39m &amp#27;[90m{"using":"id","value":"android:id/button1"}&amp#27;[39m
[debug] &amp#27;[35m[W3C (17588393)]&amp#27;[39m Calling AppiumDriver.findElement() with args: ["id","android:id/button1","17588393-9eac-4cd9-9399-d342c6384ea7"]
[debug] &amp#27;[35m[BaseDriver]&amp#27;[39m Valid locator strategies for this request: xpath, id, class name, accessibility id, -android uiautomator
[debug] &amp#27;[35m[BaseDriver]&amp#27;[39m Waiting up to 10000 ms for condition
[debug] &amp#27;[35m[WD Proxy]&amp#27;[39m Matched '/element' to command name 'findElement'
[debug] &amp#27;[35m[WD Proxy]&amp#27;[39m Proxying [POST /element] to [POST http://127.0.0.1:8200/wd/hub/session/91bae3ee-22d3-4f66-983f-d2a440c0f1db/element] with body: {"strategy":"id","selector":"android:id/button1","context":"","multiple":false}
[debug] &amp#27;[35m[WD Proxy]&amp#27;[39m Got response with status 200: {"sessionId":"91bae3ee-22d3-4f66-983f-d2a440c0f1db","value":{"ELEMENT":"84915cac-54d9-472f-a313-f1df9a6892dd","element-6066-11e4-a52e-4f735466cecf":"84915cac-54d9-472f-a313-f1df9a6892dd"}}
[debug] &amp#27;[35m[W3C (17588393)]&amp#27;[39m Responding to client with driver.findElement() result: {"element-6066-11e4-a52e-4f735466cecf":"84915cac-54d9-472f-a313-f1df9a6892dd","ELEMENT":"84915cac-54d9-472f-a313-f1df9a6892dd"}
&amp#27;[35m[HTTP]&amp#27;[39m &amp#27;[37m<-- POST /wd/hub/session/17588393-9eac-4cd9-9399-d342c6384ea7/element &amp#27;[39m&amp#27;[32m200&amp#27;[39m &amp#27;[90m12 ms - 137&amp#27;[39m
&amp#27;[35m[HTTP]&amp#27;[39m &amp#27;[90m&amp#27;[39m
&amp#27;[35m[HTTP]&amp#27;[39m &amp#27;[37m-->&amp#27;[39m &amp#27;[37mPOST&amp#27;[39m &amp#27;[37m/wd/hub/session/17588393-9eac-4cd9-9399-d342c6384ea7/element/84915cac-54d9-472f-a313-f1df9a6892dd/click&amp#27;[39m
&amp#27;[35m[HTTP]&amp#27;[39m &amp#27;[90m{"id":"84915cac-54d9-472f-a313-f1df9a6892dd"}&amp#27;[39m
[debug] &amp#27;[35m[W3C (17588393)]&amp#27;[39m Calling AppiumDriver.click() with args: ["84915cac-54d9-472f-a313-f1df9a6892dd","17588393-9eac-4cd9-9399-d342c6384ea7"]
[debug] &amp#27;[35m[WD Proxy]&amp#27;[39m Matched '/element/84915cac-54d9-472f-a313-f1df9a6892dd/click' to command name 'click'
[debug] &amp#27;[35m[WD Proxy]&amp#27;[39m Proxying [POST /element/84915cac-54d9-472f-a313-f1df9a6892dd/click] to [POST http://127.0.0.1:8200/wd/hub/session/91bae3ee-22d3-4f66-983f-d2a440c0f1db/element/84915cac-54d9-472f-a313-f1df9a6892dd/click] with body: {"element":"84915cac-54d9-472f-a313-f1df9a6892dd"}
[debug] &amp#27;[35m[WD Proxy]&amp#27;[39m Got response with status 200: {"sessionId":"91bae3ee-22d3-4f66-983f-d2a440c0f1db","value":null}
[debug] &amp#27;[35m[W3C (17588393)]&amp#27;[39m Responding to client with driver.click() result: null
&amp#27;[35m[HTTP]&amp#27;[39m &amp#27;[37m<-- POST /wd/hub/session/17588393-9eac-4cd9-9399-d342c6384ea7/element/84915cac-54d9-472f-a313-f1df9a6892dd/click &amp#27;[39m&amp#27;[32m200&amp#27;[39m &amp#27;[90m22 ms - 14&amp#27;[39m
&amp#27;[35m[HTTP]&amp#27;[39m &amp#27;[90m&amp#27;[39m
]]></system-out>
  </testcase>
  <testcase name="validatePurchaseBtn[Visit to the website to complete purchase](1)" classname="test.AppiumFramework.CartTest" time="2.564">
    <system-out><![CDATA[&amp#27;[35m[HTTP]&amp#27;[39m &amp#27;[37m-->&amp#27;[39m &amp#27;[37mPOST&amp#27;[39m &amp#27;[37m/wd/hub/session/17588393-9eac-4cd9-9399-d342c6384ea7/element&amp#27;[39m
&amp#27;[35m[HTTP]&amp#27;[39m &amp#27;[90m{"using":"id","value":"com.androidsample.generalstore:id/btnProceed"}&amp#27;[39m
[debug] &amp#27;[35m[W3C (17588393)]&amp#27;[39m Calling AppiumDriver.findElement() with args: ["id","com.androidsample.generalstore:id/btnProceed","17588393-9eac-4cd9-9399-d342c6384ea7"]
[debug] &amp#27;[35m[BaseDriver]&amp#27;[39m Valid locator strategies for this request: xpath, id, class name, accessibility id, -android uiautomator
[debug] &amp#27;[35m[BaseDriver]&amp#27;[39m Waiting up to 10000 ms for condition
[debug] &amp#27;[35m[WD Proxy]&amp#27;[39m Matched '/element' to command name 'findElement'
[debug] &amp#27;[35m[WD Proxy]&amp#27;[39m Proxying [POST /element] to [POST http://127.0.0.1:8200/wd/hub/session/91bae3ee-22d3-4f66-983f-d2a440c0f1db/element] with body: {"strategy":"id","selector":"com.androidsample.generalstore:id/btnProceed","context":"","multiple":false}
[debug] &amp#27;[35m[WD Proxy]&amp#27;[39m Got response with status 200: {"sessionId":"91bae3ee-22d3-4f66-983f-d2a440c0f1db","value":{"ELEMENT":"b4c25283-8974-404d-8783-b645a0f9ddaf","element-6066-11e4-a52e-4f735466cecf":"b4c25283-8974-404d-8783-b645a0f9ddaf"}}
[debug] &amp#27;[35m[W3C (17588393)]&amp#27;[39m Responding to client with driver.findElement() result: {"element-6066-11e4-a52e-4f735466cecf":"b4c25283-8974-404d-8783-b645a0f9ddaf","ELEMENT":"b4c25283-8974-404d-8783-b645a0f9ddaf"}
&amp#27;[35m[HTTP]&amp#27;[39m &amp#27;[37m<-- POST /wd/hub/session/17588393-9eac-4cd9-9399-d342c6384ea7/element &amp#27;[39m&amp#27;[32m200&amp#27;[39m &amp#27;[90m24 ms - 137&amp#27;[39m
&amp#27;[35m[HTTP]&amp#27;[39m &amp#27;[90m&amp#27;[39m
&amp#27;[35m[HTTP]&amp#27;[39m &amp#27;[37m-->&amp#27;[39m &amp#27;[37mGET&amp#27;[39m &amp#27;[37m/wd/hub/session/17588393-9eac-4cd9-9399-d342c6384ea7/element/b4c25283-8974-404d-8783-b645a0f9ddaf/text&amp#27;[39m
&amp#27;[35m[HTTP]&amp#27;[39m &amp#27;[90m{}&amp#27;[39m
&amp#27;[35m[W3C (17588393)]&amp#27;[39m Driver proxy active, passing request on via HTTP proxy
[debug] &amp#27;[35m[WD Proxy]&amp#27;[39m Matched '/wd/hub/session/17588393-9eac-4cd9-9399-d342c6384ea7/element/b4c25283-8974-404d-8783-b645a0f9ddaf/text' to command name 'getText'
[debug] &amp#27;[35m[WD Proxy]&amp#27;[39m Proxying [GET /wd/hub/session/17588393-9eac-4cd9-9399-d342c6384ea7/element/b4c25283-8974-404d-8783-b645a0f9ddaf/text] to [GET http://127.0.0.1:8200/wd/hub/session/91bae3ee-22d3-4f66-983f-d2a440c0f1db/element/b4c25283-8974-404d-8783-b645a0f9ddaf/text] with no body
[debug] &amp#27;[35m[WD Proxy]&amp#27;[39m Got response with status 200: {"sessionId":"91bae3ee-22d3-4f66-983f-d2a440c0f1db","value":"Visit to the website to complete purchase"}
&amp#27;[35m[WD Proxy]&amp#27;[39m Replacing sessionId 91bae3ee-22d3-4f66-983f-d2a440c0f1db with 17588393-9eac-4cd9-9399-d342c6384ea7
&amp#27;[35m[HTTP]&amp#27;[39m &amp#27;[37m<-- GET /wd/hub/session/17588393-9eac-4cd9-9399-d342c6384ea7/element/b4c25283-8974-404d-8783-b645a0f9ddaf/text &amp#27;[39m&amp#27;[32m200&amp#27;[39m &amp#27;[90m490 ms - 104&amp#27;[39m
&amp#27;[35m[HTTP]&amp#27;[39m &amp#27;[90m&amp#27;[39m
&amp#27;[35m[HTTP]&amp#27;[39m &amp#27;[37m-->&amp#27;[39m &amp#27;[37mPOST&amp#27;[39m &amp#27;[37m/wd/hub/session/17588393-9eac-4cd9-9399-d342c6384ea7/element&amp#27;[39m
&amp#27;[35m[HTTP]&amp#27;[39m &amp#27;[90m{"using":"id","value":"com.androidsample.generalstore:id/btnProceed"}&amp#27;[39m
[debug] &amp#27;[35m[W3C (17588393)]&amp#27;[39m Calling AppiumDriver.findElement() with args: ["id","com.androidsample.generalstore:id/btnProceed","17588393-9eac-4cd9-9399-d342c6384ea7"]
[debug] &amp#27;[35m[BaseDriver]&amp#27;[39m Valid locator strategies for this request: xpath, id, class name, accessibility id, -android uiautomator
[debug] &amp#27;[35m[BaseDriver]&amp#27;[39m Waiting up to 10000 ms for condition
[debug] &amp#27;[35m[WD Proxy]&amp#27;[39m Matched '/element' to command name 'findElement'
[debug] &amp#27;[35m[WD Proxy]&amp#27;[39m Proxying [POST /element] to [POST http://127.0.0.1:8200/wd/hub/session/91bae3ee-22d3-4f66-983f-d2a440c0f1db/element] with body: {"strategy":"id","selector":"com.androidsample.generalstore:id/btnProceed","context":"","multiple":false}
[debug] &amp#27;[35m[WD Proxy]&amp#27;[39m Got response with status 200: {"sessionId":"91bae3ee-22d3-4f66-983f-d2a440c0f1db","value":{"ELEMENT":"84e1cdd2-6099-4515-bb47-5d8d7e8c5f33","element-6066-11e4-a52e-4f735466cecf":"84e1cdd2-6099-4515-bb47-5d8d7e8c5f33"}}
[debug] &amp#27;[35m[W3C (17588393)]&amp#27;[39m Responding to client with driver.findElement() result: {"element-6066-11e4-a52e-4f735466cecf":"84e1cdd2-6099-4515-bb47-5d8d7e8c5f33","ELEMENT":"84e1cdd2-6099-4515-bb47-5d8d7e8c5f33"}
&amp#27;[35m[HTTP]&amp#27;[39m &amp#27;[37m<-- POST /wd/hub/session/17588393-9eac-4cd9-9399-d342c6384ea7/element &amp#27;[39m&amp#27;[32m200&amp#27;[39m &amp#27;[90m14 ms - 137&amp#27;[39m
&amp#27;[35m[HTTP]&amp#27;[39m &amp#27;[90m&amp#27;[39m
&amp#27;[35m[HTTP]&amp#27;[39m &amp#27;[37m-->&amp#27;[39m &amp#27;[37mPOST&amp#27;[39m &amp#27;[37m/wd/hub/session/17588393-9eac-4cd9-9399-d342c6384ea7/element/84e1cdd2-6099-4515-bb47-5d8d7e8c5f33/click&amp#27;[39m
&amp#27;[35m[HTTP]&amp#27;[39m &amp#27;[90m{"id":"84e1cdd2-6099-4515-bb47-5d8d7e8c5f33"}&amp#27;[39m
[debug] &amp#27;[35m[W3C (17588393)]&amp#27;[39m Calling AppiumDriver.click() with args: ["84e1cdd2-6099-4515-bb47-5d8d7e8c5f33","17588393-9eac-4cd9-9399-d342c6384ea7"]
[debug] &amp#27;[35m[WD Proxy]&amp#27;[39m Matched '/element/84e1cdd2-6099-4515-bb47-5d8d7e8c5f33/click' to command name 'click'
[debug] &amp#27;[35m[WD Proxy]&amp#27;[39m Proxying [POST /element/84e1cdd2-6099-4515-bb47-5d8d7e8c5f33/click] to [POST http://127.0.0.1:8200/wd/hub/session/91bae3ee-22d3-4f66-983f-d2a440c0f1db/element/84e1cdd2-6099-4515-bb47-5d8d7e8c5f33/click] with body: {"element":"84e1cdd2-6099-4515-bb47-5d8d7e8c5f33"}
[debug] &amp#27;[35m[WD Proxy]&amp#27;[39m Got response with status 200: {"sessionId":"91bae3ee-22d3-4f66-983f-d2a440c0f1db","value":null}
[debug] &amp#27;[35m[W3C (17588393)]&amp#27;[39m Responding to client with driver.click() result: null
&amp#27;[35m[HTTP]&amp#27;[39m &amp#27;[37m<-- POST /wd/hub/session/17588393-9eac-4cd9-9399-d342c6384ea7/element/84e1cdd2-6099-4515-bb47-5d8d7e8c5f33/click &amp#27;[39m&amp#27;[32m200&amp#27;[39m &amp#27;[90m22 ms - 14&amp#27;[39m
&amp#27;[35m[HTTP]&amp#27;[39m &amp#27;[90m&amp#27;[39m
]]></system-out>
  </testcase>
  <testcase name="webView" classname="test.AppiumFramework.HybridTest" time="8.415">
    <system-out><![CDATA[&amp#27;[35m[HTTP]&amp#27;[39m &amp#27;[37m-->&amp#27;[39m &amp#27;[37mGET&amp#27;[39m &amp#27;[37m/wd/hub/session/17588393-9eac-4cd9-9399-d342c6384ea7/contexts&amp#27;[39m
&amp#27;[35m[HTTP]&amp#27;[39m &amp#27;[90m{}&amp#27;[39m
[debug] &amp#27;[35m[W3C (17588393)]&amp#27;[39m Calling AppiumDriver.getContexts() with args: ["17588393-9eac-4cd9-9399-d342c6384ea7"]
[debug] &amp#27;[35m[AndroidDriver]&amp#27;[39m Getting a list of available webviews
[debug] &amp#27;[35m[ADB]&amp#27;[39m Running 'B:\Android\sdk\platform-tools\adb.exe -P 5037 -s emulator-5554 shell cat /proc/net/unix'
[debug] &amp#27;[35m[AndroidDriver]&amp#27;[39m Parsed 1 active devtools socket: ["@webview_devtools_remote_6053"]
&amp#27;[35m[AndroidDriver]&amp#27;[39m Not checking whether webviews have active pages; use the 'ensureWebviewsHavePages' cap to turn this check on
&amp#27;[35m[AndroidDriver]&amp#27;[39m Not collecting web view details. Details collection might help to make Chromedriver initialization more precise. Use the 'enableWebviewDetailsCollection' cap to turn it on
[debug] &amp#27;[35m[AndroidDriver]&amp#27;[39m WEBVIEW_6053 mapped to pid 6053
[debug] &amp#27;[35m[AndroidDriver]&amp#27;[39m Getting process name for webview 'WEBVIEW_6053'
[debug] &amp#27;[35m[ADB]&amp#27;[39m Running 'B:\Android\sdk\platform-tools\adb.exe -P 5037 -s emulator-5554 shell ps'
[debug] &amp#27;[35m[AndroidDriver]&amp#27;[39m Got process name: 'com.androidsample.generalstore'
[debug] &amp#27;[35m[AndroidDriver]&amp#27;[39m Found 1 webview: ["WEBVIEW_com.androidsample.generalstore"]
[debug] &amp#27;[35m[AndroidDriver]&amp#27;[39m Available contexts: ["NATIVE_APP","WEBVIEW_com.androidsample.generalstore"]
[debug] &amp#27;[35m[W3C (17588393)]&amp#27;[39m Responding to client with driver.getContexts() result: ["NATIVE_APP","WEBVIEW_com.androidsample.generalstore"]
&amp#27;[35m[HTTP]&amp#27;[39m &amp#27;[37m<-- GET /wd/hub/session/17588393-9eac-4cd9-9399-d342c6384ea7/contexts &amp#27;[39m&amp#27;[32m200&amp#27;[39m &amp#27;[90m178 ms - 65&amp#27;[39m
&amp#27;[35m[HTTP]&amp#27;[39m &amp#27;[90m&amp#27;[39m
&amp#27;[35m[HTTP]&amp#27;[39m &amp#27;[37m-->&amp#27;[39m &amp#27;[37mPOST&amp#27;[39m &amp#27;[37m/wd/hub/session/17588393-9eac-4cd9-9399-d342c6384ea7/context&amp#27;[39m
&amp#27;[35m[HTTP]&amp#27;[39m &amp#27;[90m{"name":"WEBVIEW_com.androidsample.generalstore"}&amp#27;[39m
[debug] &amp#27;[35m[W3C (17588393)]&amp#27;[39m Calling AppiumDriver.setContext() with args: ["WEBVIEW_com.androidsample.generalstore","17588393-9eac-4cd9-9399-d342c6384ea7"]
[debug] &amp#27;[35m[AndroidDriver]&amp#27;[39m Getting a list of available webviews
[debug] &amp#27;[35m[ADB]&amp#27;[39m Running 'B:\Android\sdk\platform-tools\adb.exe -P 5037 -s emulator-5554 shell cat /proc/net/unix'
[debug] &amp#27;[35m[AndroidDriver]&amp#27;[39m Parsed 1 active devtools socket: ["@webview_devtools_remote_6053"]
&amp#27;[35m[AndroidDriver]&amp#27;[39m Not checking whether webviews have active pages; use the 'ensureWebviewsHavePages' cap to turn this check on
&amp#27;[35m[AndroidDriver]&amp#27;[39m Not collecting web view details. Details collection might help to make Chromedriver initialization more precise. Use the 'enableWebviewDetailsCollection' cap to turn it on
[debug] &amp#27;[35m[AndroidDriver]&amp#27;[39m WEBVIEW_6053 mapped to pid 6053
[debug] &amp#27;[35m[AndroidDriver]&amp#27;[39m Getting process name for webview 'WEBVIEW_6053'
[debug] &amp#27;[35m[ADB]&amp#27;[39m Running 'B:\Android\sdk\platform-tools\adb.exe -P 5037 -s emulator-5554 shell ps'
[debug] &amp#27;[35m[AndroidDriver]&amp#27;[39m Got process name: 'com.androidsample.generalstore'
[debug] &amp#27;[35m[AndroidDriver]&amp#27;[39m Found 1 webview: ["WEBVIEW_com.androidsample.generalstore"]
[debug] &amp#27;[35m[AndroidDriver]&amp#27;[39m Available contexts: ["NATIVE_APP","WEBVIEW_com.androidsample.generalstore"]
[debug] &amp#27;[35m[AndroidDriver]&amp#27;[39m Connecting to chrome-backed webview context 'WEBVIEW_com.androidsample.generalstore'
[debug] &amp#27;[35m[AndroidDriver]&amp#27;[39m A port was not given, using random free port: 8000
[debug] &amp#27;[35m[AndroidDriver]&amp#27;[39m Automated Chromedriver download is disabled. Use 'chromedriver_autodownload' server feature to enable it
[debug] &amp#27;[35m[AndroidDriver]&amp#27;[39m Precalculated Chromedriver capabilities: {
[debug] &amp#27;[35m[AndroidDriver]&amp#27;[39m   "androidPackage": "com.androidsample.generalstore",
[debug] &amp#27;[35m[AndroidDriver]&amp#27;[39m   "androidUseRunningApp": true,
[debug] &amp#27;[35m[AndroidDriver]&amp#27;[39m   "androidDeviceSerial": "emulator-5554"
[debug] &amp#27;[35m[AndroidDriver]&amp#27;[39m }
[debug] &amp#27;[35m[AndroidDriver]&amp#27;[39m Before starting chromedriver, androidPackage is 'com.androidsample.generalstore'
[debug] &amp#27;[35m[Chromedriver]&amp#27;[39m Changed state to 'starting'
&amp#27;[35m[Chromedriver]&amp#27;[39m Set chromedriver binary as: C:\Selenium\ChromeDriver\v69\chromedriver.exe
[debug] &amp#27;[35m[Chromedriver]&amp#27;[39m Killing any old chromedrivers, running: wmic process where "commandline like '%chromedriver.exe%--port=8000%'" delete
[debug] &amp#27;[35m[Chromedriver]&amp#27;[39m Successfully cleaned up old chromedrivers
[debug] &amp#27;[35m[Chromedriver]&amp#27;[39m Cleaning this device's adb forwarded port socket connections: emulator-5554
[debug] &amp#27;[35m[ADB]&amp#27;[39m List forwarding ports
[debug] &amp#27;[35m[ADB]&amp#27;[39m Running 'B:\Android\sdk\platform-tools\adb.exe -P 5037 -s emulator-5554 forward --list'
&amp#27;[35m[Chromedriver]&amp#27;[39m Spawning chromedriver with: C:\Selenium\ChromeDriver\v69\chromedriver.exe --url-base=wd/hub --port=8000 --adb-port=5037 --verbose
[debug] &amp#27;[35m[Chromedriver]&amp#27;[39m Chromedriver version: '2.44.609538'
[debug] &amp#27;[35m[Chromedriver]&amp#27;[39m Chromedriver v. 2.44.609538 does not fully support W3C protocol. Defaulting to MJSONWP
[debug] &amp#27;[35m[WD Proxy]&amp#27;[39m Matched '/status' to command name 'getStatus'
[debug] &amp#27;[35m[WD Proxy]&amp#27;[39m Proxying [GET /status] to [GET http://127.0.0.1:8000/wd/hub/status] with no body
[debug] &amp#27;[35m[WD Proxy]&amp#27;[39m Got response with status 200: {"sessionId":"","status":0,"value":{"build":{"version":"alpha"},"os":{"arch":"x86_64","name":"Windows NT","version":"10.0.18363"}}}
&amp#27;[35m[Chromedriver]&amp#27;[39m Starting MJSONWP Chromedriver session with capabilities: {
&amp#27;[35m[Chromedriver]&amp#27;[39m   "desiredCapabilities": {
&amp#27;[35m[Chromedriver]&amp#27;[39m     "chromeOptions": {
&amp#27;[35m[Chromedriver]&amp#27;[39m       "androidPackage": "com.androidsample.generalstore",
&amp#27;[35m[Chromedriver]&amp#27;[39m       "androidUseRunningApp": true,
&amp#27;[35m[Chromedriver]&amp#27;[39m       "androidDeviceSerial": "emulator-5554"
&amp#27;[35m[Chromedriver]&amp#27;[39m     },
&amp#27;[35m[Chromedriver]&amp#27;[39m     "loggingPrefs": {
&amp#27;[35m[Chromedriver]&amp#27;[39m       "browser": "ALL"
&amp#27;[35m[Chromedriver]&amp#27;[39m     }
&amp#27;[35m[Chromedriver]&amp#27;[39m   }
&amp#27;[35m[Chromedriver]&amp#27;[39m }
[debug] &amp#27;[35m[WD Proxy]&amp#27;[39m Matched '/session' to command name 'createSession'
[debug] &amp#27;[35m[WD Proxy]&amp#27;[39m Proxying [POST /session] to [POST http://127.0.0.1:8000/wd/hub/session] with body: {"desiredCapabilities":{"chromeOptions":{"androidPackage":"com.androidsample.generalstore","androidUseRunningApp":true,"androidDeviceSerial":"emulator-5554"},"loggingPrefs":{"browser":"ALL"}}}
[debug] &amp#27;[35m[Chromedriver]&amp#27;[39m Webview version: 'Chrome/69.0.3497.100'
[debug] &amp#27;[35m[WD Proxy]&amp#27;[39m Got response with status 200: {"sessionId":"de9404203a5109bbc9e1d5440e7b3342","status":0,"value":{"acceptInsecureCerts":false,"acceptSslCerts":false,"applicationCacheEnabled":false,"browserConnectionEnabled":false,"browserName":"chrome","chrome":{"chromedriverVersion":"2.44.609538 (b655c5a60b0b544917107a59d4153d4bf78e1b90)"},"cssSelectorsEnabled":true,"databaseEnabled":false,"goog:chromeOptions":{"debuggerAddress":"localhost:53823"},"handlesAlerts":true,"hasTouchScreen":true,"javascriptEnabled":true,"locationContextEnabled":true,"mobileEmulationEnabled":false,"nativeEvents":true,"pageLoadStrategy":"normal","platform":"ANDROID","rotatable":false,"setWindowRect":false,"takesHeapSnapshot":true,"takesScreenshot":true,"unexpectedAlertBehaviour":"ignore","version":"69.0.3497.100","webStorageEnabled":true}}
&amp#27;[35m[WD Proxy]&amp#27;[39m Determined the downstream protocol as 'MJSONWP'
[debug] &amp#27;[35m[Chromedriver]&amp#27;[39m Changed state to 'online'
[debug] &amp#27;[35m[W3C (17588393)]&amp#27;[39m Responding to client with driver.setContext() result: null
&amp#27;[35m[HTTP]&amp#27;[39m &amp#27;[37m<-- POST /wd/hub/session/17588393-9eac-4cd9-9399-d342c6384ea7/context &amp#27;[39m&amp#27;[32m200&amp#27;[39m &amp#27;[90m5360 ms - 14&amp#27;[39m
&amp#27;[35m[HTTP]&amp#27;[39m &amp#27;[90m&amp#27;[39m
&amp#27;[35m[HTTP]&amp#27;[39m &amp#27;[37m-->&amp#27;[39m &amp#27;[37mGET&amp#27;[39m &amp#27;[37m/wd/hub/session/17588393-9eac-4cd9-9399-d342c6384ea7/context&amp#27;[39m
&amp#27;[35m[HTTP]&amp#27;[39m &amp#27;[90m{}&amp#27;[39m
[debug] &amp#27;[35m[W3C (17588393)]&amp#27;[39m Calling AppiumDriver.getCurrentContext() with args: ["17588393-9eac-4cd9-9399-d342c6384ea7"]
[debug] &amp#27;[35m[W3C (17588393)]&amp#27;[39m Responding to client with driver.getCurrentContext() result: "WEBVIEW_com.androidsample.generalstore"
&amp#27;[35m[HTTP]&amp#27;[39m &amp#27;[37m<-- GET /wd/hub/session/17588393-9eac-4cd9-9399-d342c6384ea7/context &amp#27;[39m&amp#27;[32m200&amp#27;[39m &amp#27;[90m1 ms - 50&amp#27;[39m
&amp#27;[35m[HTTP]&amp#27;[39m &amp#27;[90m&amp#27;[39m
&amp#27;[35m[HTTP]&amp#27;[39m &amp#27;[37m-->&amp#27;[39m &amp#27;[37mPOST&amp#27;[39m &amp#27;[37m/wd/hub/session/17588393-9eac-4cd9-9399-d342c6384ea7/element&amp#27;[39m
&amp#27;[35m[HTTP]&amp#27;[39m &amp#27;[90m{"using":"name","value":"q"}&amp#27;[39m
&amp#27;[35m[W3C (17588393)]&amp#27;[39m Driver proxy active, passing request on via HTTP proxy
[debug] &amp#27;[35m[WD Proxy]&amp#27;[39m Matched '/wd/hub/session/17588393-9eac-4cd9-9399-d342c6384ea7/element' to command name 'findElement'
[debug] &amp#27;[35m[WD Proxy]&amp#27;[39m Proxying [POST /wd/hub/session/17588393-9eac-4cd9-9399-d342c6384ea7/element] to [POST http://127.0.0.1:8000/wd/hub/session/de9404203a5109bbc9e1d5440e7b3342/element] with body: {"using":"name","value":"q"}
[debug] &amp#27;[35m[WD Proxy]&amp#27;[39m Got response with status 200: {"sessionId":"de9404203a5109bbc9e1d5440e7b3342","status":0,"value":{"ELEMENT":"0.2531427155367445-1"}}
&amp#27;[35m[WD Proxy]&amp#27;[39m Replacing sessionId de9404203a5109bbc9e1d5440e7b3342 with 17588393-9eac-4cd9-9399-d342c6384ea7
&amp#27;[35m[HTTP]&amp#27;[39m &amp#27;[37m<-- POST /wd/hub/session/17588393-9eac-4cd9-9399-d342c6384ea7/element &amp#27;[39m&amp#27;[32m200&amp#27;[39m &amp#27;[90m55 ms - 156&amp#27;[39m
&amp#27;[35m[HTTP]&amp#27;[39m &amp#27;[90m&amp#27;[39m
&amp#27;[35m[HTTP]&amp#27;[39m &amp#27;[37m-->&amp#27;[39m &amp#27;[37mPOST&amp#27;[39m &amp#27;[37m/wd/hub/session/17588393-9eac-4cd9-9399-d342c6384ea7/element/0.2531427155367445-1/value&amp#27;[39m
&amp#27;[35m[HTTP]&amp#27;[39m &amp#27;[90m{"id":"0.2531427155367445-1","text":"youtube","value":["y","o","u","t","u","b","e"]}&amp#27;[39m
&amp#27;[35m[W3C (17588393)]&amp#27;[39m Driver proxy active, passing request on via HTTP proxy
[debug] &amp#27;[35m[WD Proxy]&amp#27;[39m Matched '/wd/hub/session/17588393-9eac-4cd9-9399-d342c6384ea7/element/0.2531427155367445-1/value' to command name 'setValue'
[debug] &amp#27;[35m[WD Proxy]&amp#27;[39m Proxying [POST /wd/hub/session/17588393-9eac-4cd9-9399-d342c6384ea7/element/0.2531427155367445-1/value] to [POST http://127.0.0.1:8000/wd/hub/session/de9404203a5109bbc9e1d5440e7b3342/element/0.2531427155367445-1/value] with body: {"id":"0.2531427155367445-1","text":"youtube","value":["y","o","u","t","u","b","e"]}
[debug] &amp#27;[35m[WD Proxy]&amp#27;[39m Got response with status 200: {"sessionId":"de9404203a5109bbc9e1d5440e7b3342","status":0,"value":null}
&amp#27;[35m[WD Proxy]&amp#27;[39m Replacing sessionId de9404203a5109bbc9e1d5440e7b3342 with 17588393-9eac-4cd9-9399-d342c6384ea7
&amp#27;[35m[HTTP]&amp#27;[39m &amp#27;[37m<-- POST /wd/hub/session/17588393-9eac-4cd9-9399-d342c6384ea7/element/0.2531427155367445-1/value &amp#27;[39m&amp#27;[32m200&amp#27;[39m &amp#27;[90m429 ms - 65&amp#27;[39m
&amp#27;[35m[HTTP]&amp#27;[39m &amp#27;[90m&amp#27;[39m
&amp#27;[35m[HTTP]&amp#27;[39m &amp#27;[37m-->&amp#27;[39m &amp#27;[37mPOST&amp#27;[39m &amp#27;[37m/wd/hub/session/17588393-9eac-4cd9-9399-d342c6384ea7/element&amp#27;[39m
&amp#27;[35m[HTTP]&amp#27;[39m &amp#27;[90m{"using":"name","value":"q"}&amp#27;[39m
&amp#27;[35m[W3C (17588393)]&amp#27;[39m Driver proxy active, passing request on via HTTP proxy
[debug] &amp#27;[35m[WD Proxy]&amp#27;[39m Matched '/wd/hub/session/17588393-9eac-4cd9-9399-d342c6384ea7/element' to command name 'findElement'
[debug] &amp#27;[35m[WD Proxy]&amp#27;[39m Proxying [POST /wd/hub/session/17588393-9eac-4cd9-9399-d342c6384ea7/element] to [POST http://127.0.0.1:8000/wd/hub/session/de9404203a5109bbc9e1d5440e7b3342/element] with body: {"using":"name","value":"q"}
[debug] &amp#27;[35m[WD Proxy]&amp#27;[39m Got response with status 200: {"sessionId":"de9404203a5109bbc9e1d5440e7b3342","status":0,"value":{"ELEMENT":"0.2531427155367445-1"}}
&amp#27;[35m[WD Proxy]&amp#27;[39m Replacing sessionId de9404203a5109bbc9e1d5440e7b3342 with 17588393-9eac-4cd9-9399-d342c6384ea7
&amp#27;[35m[HTTP]&amp#27;[39m &amp#27;[37m<-- POST /wd/hub/session/17588393-9eac-4cd9-9399-d342c6384ea7/element &amp#27;[39m&amp#27;[32m200&amp#27;[39m &amp#27;[90m96 ms - 156&amp#27;[39m
&amp#27;[35m[HTTP]&amp#27;[39m &amp#27;[90m&amp#27;[39m
&amp#27;[35m[HTTP]&amp#27;[39m &amp#27;[37m-->&amp#27;[39m &amp#27;[37mPOST&amp#27;[39m &amp#27;[37m/wd/hub/session/17588393-9eac-4cd9-9399-d342c6384ea7/element/0.2531427155367445-1/value&amp#27;[39m
&amp#27;[35m[HTTP]&amp#27;[39m &amp#27;[90m{"id":"0.2531427155367445-1","text":"î€‡","value":["î€‡"]}&amp#27;[39m
&amp#27;[35m[W3C (17588393)]&amp#27;[39m Driver proxy active, passing request on via HTTP proxy
[debug] &amp#27;[35m[WD Proxy]&amp#27;[39m Matched '/wd/hub/session/17588393-9eac-4cd9-9399-d342c6384ea7/element/0.2531427155367445-1/value' to command name 'setValue'
[debug] &amp#27;[35m[WD Proxy]&amp#27;[39m Proxying [POST /wd/hub/session/17588393-9eac-4cd9-9399-d342c6384ea7/element/0.2531427155367445-1/value] to [POST http://127.0.0.1:8000/wd/hub/session/de9404203a5109bbc9e1d5440e7b3342/element/0.2531427155367445-1/value] with body: {"id":"0.2531427155367445-1","text":"î€‡","value":["î€‡"]}
[debug] &amp#27;[35m[WD Proxy]&amp#27;[39m Got response with status 200: {"sessionId":"de9404203a5109bbc9e1d5440e7b3342","status":0,"value":null}
&amp#27;[35m[WD Proxy]&amp#27;[39m Replacing sessionId de9404203a5109bbc9e1d5440e7b3342 with 17588393-9eac-4cd9-9399-d342c6384ea7
&amp#27;[35m[HTTP]&amp#27;[39m &amp#27;[37m<-- POST /wd/hub/session/17588393-9eac-4cd9-9399-d342c6384ea7/element/0.2531427155367445-1/value &amp#27;[39m&amp#27;[32m200&amp#27;[39m &amp#27;[90m2263 ms - 65&amp#27;[39m
&amp#27;[35m[HTTP]&amp#27;[39m &amp#27;[90m&amp#27;[39m
]]></system-out>
  </testcase>
  <testcase name="nativeAppView" classname="test.AppiumFramework.HybridTest" time="3.323">
    <system-out><![CDATA[&amp#27;[35m[HTTP]&amp#27;[39m &amp#27;[37m-->&amp#27;[39m &amp#27;[37mPOST&amp#27;[39m &amp#27;[37m/wd/hub/session/17588393-9eac-4cd9-9399-d342c6384ea7/appium/device/press_keycode&amp#27;[39m
&amp#27;[35m[HTTP]&amp#27;[39m &amp#27;[90m{"keycode":4}&amp#27;[39m
[debug] &amp#27;[35m[W3C (17588393)]&amp#27;[39m Calling AppiumDriver.pressKeyCode() with args: [4,null,null,null,null,"17588393-9eac-4cd9-9399-d342c6384ea7"]
[debug] &amp#27;[35m[WD Proxy]&amp#27;[39m Matched '/appium/device/press_keycode' to command name 'pressKeyCode'
[debug] &amp#27;[35m[WD Proxy]&amp#27;[39m Proxying [POST /appium/device/press_keycode] to [POST http://127.0.0.1:8200/wd/hub/session/91bae3ee-22d3-4f66-983f-d2a440c0f1db/appium/device/press_keycode] with body: {"keycode":4,"metastate":null,"flags":null}
[debug] &amp#27;[35m[WD Proxy]&amp#27;[39m Got response with status 200: {"sessionId":"91bae3ee-22d3-4f66-983f-d2a440c0f1db","value":null}
[debug] &amp#27;[35m[W3C (17588393)]&amp#27;[39m Responding to client with driver.pressKeyCode() result: null
&amp#27;[35m[HTTP]&amp#27;[39m &amp#27;[37m<-- POST /wd/hub/session/17588393-9eac-4cd9-9399-d342c6384ea7/appium/device/press_keycode &amp#27;[39m&amp#27;[32m200&amp#27;[39m &amp#27;[90m37 ms - 14&amp#27;[39m
&amp#27;[35m[HTTP]&amp#27;[39m &amp#27;[90m&amp#27;[39m
&amp#27;[35m[HTTP]&amp#27;[39m &amp#27;[37m-->&amp#27;[39m &amp#27;[37mGET&amp#27;[39m &amp#27;[37m/wd/hub/session/17588393-9eac-4cd9-9399-d342c6384ea7/contexts&amp#27;[39m
&amp#27;[35m[HTTP]&amp#27;[39m &amp#27;[90m{}&amp#27;[39m
[debug] &amp#27;[35m[W3C (17588393)]&amp#27;[39m Calling AppiumDriver.getContexts() with args: ["17588393-9eac-4cd9-9399-d342c6384ea7"]
[debug] &amp#27;[35m[AndroidDriver]&amp#27;[39m Getting a list of available webviews
[debug] &amp#27;[35m[ADB]&amp#27;[39m Running 'B:\Android\sdk\platform-tools\adb.exe -P 5037 -s emulator-5554 shell cat /proc/net/unix'
[debug] &amp#27;[35m[AndroidDriver]&amp#27;[39m Parsed 1 active devtools socket: ["@webview_devtools_remote_6053"]
&amp#27;[35m[AndroidDriver]&amp#27;[39m Not checking whether webviews have active pages; use the 'ensureWebviewsHavePages' cap to turn this check on
&amp#27;[35m[AndroidDriver]&amp#27;[39m Not collecting web view details. Details collection might help to make Chromedriver initialization more precise. Use the 'enableWebviewDetailsCollection' cap to turn it on
[debug] &amp#27;[35m[AndroidDriver]&amp#27;[39m WEBVIEW_6053 mapped to pid 6053
[debug] &amp#27;[35m[AndroidDriver]&amp#27;[39m Getting process name for webview 'WEBVIEW_6053'
[debug] &amp#27;[35m[ADB]&amp#27;[39m Running 'B:\Android\sdk\platform-tools\adb.exe -P 5037 -s emulator-5554 shell ps'
[debug] &amp#27;[35m[AndroidDriver]&amp#27;[39m Got process name: 'com.androidsample.generalstore'
[debug] &amp#27;[35m[AndroidDriver]&amp#27;[39m Found 1 webview: ["WEBVIEW_com.androidsample.generalstore"]
[debug] &amp#27;[35m[AndroidDriver]&amp#27;[39m Available contexts: ["NATIVE_APP","WEBVIEW_com.androidsample.generalstore"]
[debug] &amp#27;[35m[W3C (17588393)]&amp#27;[39m Responding to client with driver.getContexts() result: ["NATIVE_APP","WEBVIEW_com.androidsample.generalstore"]
&amp#27;[35m[HTTP]&amp#27;[39m &amp#27;[37m<-- GET /wd/hub/session/17588393-9eac-4cd9-9399-d342c6384ea7/contexts &amp#27;[39m&amp#27;[32m200&amp#27;[39m &amp#27;[90m118 ms - 65&amp#27;[39m
&amp#27;[35m[HTTP]&amp#27;[39m &amp#27;[90m&amp#27;[39m
&amp#27;[35m[HTTP]&amp#27;[39m &amp#27;[37m-->&amp#27;[39m &amp#27;[37mPOST&amp#27;[39m &amp#27;[37m/wd/hub/session/17588393-9eac-4cd9-9399-d342c6384ea7/appium/device/press_keycode&amp#27;[39m
&amp#27;[35m[HTTP]&amp#27;[39m &amp#27;[90m{"keycode":4}&amp#27;[39m
[debug] &amp#27;[35m[W3C (17588393)]&amp#27;[39m Calling AppiumDriver.pressKeyCode() with args: [4,null,null,null,null,"17588393-9eac-4cd9-9399-d342c6384ea7"]
[debug] &amp#27;[35m[WD Proxy]&amp#27;[39m Matched '/appium/device/press_keycode' to command name 'pressKeyCode'
[debug] &amp#27;[35m[WD Proxy]&amp#27;[39m Proxying [POST /appium/device/press_keycode] to [POST http://127.0.0.1:8200/wd/hub/session/91bae3ee-22d3-4f66-983f-d2a440c0f1db/appium/device/press_keycode] with body: {"keycode":4,"metastate":null,"flags":null}
[debug] &amp#27;[35m[WD Proxy]&amp#27;[39m Got response with status 200: {"sessionId":"91bae3ee-22d3-4f66-983f-d2a440c0f1db","value":null}
[debug] &amp#27;[35m[W3C (17588393)]&amp#27;[39m Responding to client with driver.pressKeyCode() result: null
&amp#27;[35m[HTTP]&amp#27;[39m &amp#27;[37m<-- POST /wd/hub/session/17588393-9eac-4cd9-9399-d342c6384ea7/appium/device/press_keycode &amp#27;[39m&amp#27;[32m200&amp#27;[39m &amp#27;[90m26 ms - 14&amp#27;[39m
&amp#27;[35m[HTTP]&amp#27;[39m &amp#27;[90m&amp#27;[39m
&amp#27;[35m[HTTP]&amp#27;[39m &amp#27;[37m-->&amp#27;[39m &amp#27;[37mPOST&amp#27;[39m &amp#27;[37m/wd/hub/session/17588393-9eac-4cd9-9399-d342c6384ea7/context&amp#27;[39m
&amp#27;[35m[HTTP]&amp#27;[39m &amp#27;[90m{"name":"NATIVE_APP"}&amp#27;[39m
[debug] &amp#27;[35m[W3C (17588393)]&amp#27;[39m Calling AppiumDriver.setContext() with args: ["NATIVE_APP","17588393-9eac-4cd9-9399-d342c6384ea7"]
[debug] &amp#27;[35m[AndroidDriver]&amp#27;[39m Getting a list of available webviews
[debug] &amp#27;[35m[ADB]&amp#27;[39m Running 'B:\Android\sdk\platform-tools\adb.exe -P 5037 -s emulator-5554 shell cat /proc/net/unix'
[debug] &amp#27;[35m[AndroidDriver]&amp#27;[39m Parsed 1 active devtools socket: ["@webview_devtools_remote_6053"]
&amp#27;[35m[AndroidDriver]&amp#27;[39m Not checking whether webviews have active pages; use the 'ensureWebviewsHavePages' cap to turn this check on
&amp#27;[35m[AndroidDriver]&amp#27;[39m Not collecting web view details. Details collection might help to make Chromedriver initialization more precise. Use the 'enableWebviewDetailsCollection' cap to turn it on
[debug] &amp#27;[35m[AndroidDriver]&amp#27;[39m WEBVIEW_6053 mapped to pid 6053
[debug] &amp#27;[35m[AndroidDriver]&amp#27;[39m Getting process name for webview 'WEBVIEW_6053'
[debug] &amp#27;[35m[ADB]&amp#27;[39m Running 'B:\Android\sdk\platform-tools\adb.exe -P 5037 -s emulator-5554 shell ps'
[debug] &amp#27;[35m[AndroidDriver]&amp#27;[39m Got process name: 'com.androidsample.generalstore'
[debug] &amp#27;[35m[AndroidDriver]&amp#27;[39m Found 1 webview: ["WEBVIEW_com.androidsample.generalstore"]
[debug] &amp#27;[35m[AndroidDriver]&amp#27;[39m Available contexts: ["NATIVE_APP","WEBVIEW_com.androidsample.generalstore"]
[debug] &amp#27;[35m[W3C (17588393)]&amp#27;[39m Responding to client with driver.setContext() result: null
&amp#27;[35m[HTTP]&amp#27;[39m &amp#27;[37m<-- POST /wd/hub/session/17588393-9eac-4cd9-9399-d342c6384ea7/context &amp#27;[39m&amp#27;[32m200&amp#27;[39m &amp#27;[90m123 ms - 14&amp#27;[39m
&amp#27;[35m[HTTP]&amp#27;[39m &amp#27;[90m&amp#27;[39m
&amp#27;[35m[HTTP]&amp#27;[39m &amp#27;[37m-->&amp#27;[39m &amp#27;[37mGET&amp#27;[39m &amp#27;[37m/wd/hub/session/17588393-9eac-4cd9-9399-d342c6384ea7/context&amp#27;[39m
&amp#27;[35m[HTTP]&amp#27;[39m &amp#27;[90m{}&amp#27;[39m
[debug] &amp#27;[35m[W3C (17588393)]&amp#27;[39m Calling AppiumDriver.getCurrentContext() with args: ["17588393-9eac-4cd9-9399-d342c6384ea7"]
[debug] &amp#27;[35m[W3C (17588393)]&amp#27;[39m Responding to client with driver.getCurrentContext() result: "NATIVE_APP"
&amp#27;[35m[HTTP]&amp#27;[39m &amp#27;[37m<-- GET /wd/hub/session/17588393-9eac-4cd9-9399-d342c6384ea7/context &amp#27;[39m&amp#27;[32m200&amp#27;[39m &amp#27;[90m2 ms - 22&amp#27;[39m
&amp#27;[35m[HTTP]&amp#27;[39m &amp#27;[90m&amp#27;[39m
]]></system-out>
  </testcase>
  <testcase name="mySQL_Test[Antarctica, Fibreglass Bill, Male](1)" classname="test.AppiumFramework.CustLoginTest" time="15.282">
    <system-out><![CDATA[&amp#27;[35m[HTTP]&amp#27;[39m &amp#27;[37m-->&amp#27;[39m &amp#27;[37mGET&amp#27;[39m &amp#27;[37m/wd/hub/session/17588393-9eac-4cd9-9399-d342c6384ea7/context&amp#27;[39m
&amp#27;[35m[HTTP]&amp#27;[39m &amp#27;[90m{}&amp#27;[39m
[debug] &amp#27;[35m[W3C (17588393)]&amp#27;[39m Calling AppiumDriver.getCurrentContext() with args: ["17588393-9eac-4cd9-9399-d342c6384ea7"]
[debug] &amp#27;[35m[W3C (17588393)]&amp#27;[39m Responding to client with driver.getCurrentContext() result: "NATIVE_APP"
&amp#27;[35m[HTTP]&amp#27;[39m &amp#27;[37m<-- GET /wd/hub/session/17588393-9eac-4cd9-9399-d342c6384ea7/context &amp#27;[39m&amp#27;[32m200&amp#27;[39m &amp#27;[90m1 ms - 22&amp#27;[39m
&amp#27;[35m[HTTP]&amp#27;[39m &amp#27;[90m&amp#27;[39m
&amp#27;[35m[HTTP]&amp#27;[39m &amp#27;[37m-->&amp#27;[39m &amp#27;[37mPOST&amp#27;[39m &amp#27;[37m/wd/hub/session/17588393-9eac-4cd9-9399-d342c6384ea7/element&amp#27;[39m
&amp#27;[35m[HTTP]&amp#27;[39m &amp#27;[90m{"using":"class name","value":"android.widget.Spinner"}&amp#27;[39m
[debug] &amp#27;[35m[W3C (17588393)]&amp#27;[39m Calling AppiumDriver.findElement() with args: ["class name","android.widget.Spinner","17588393-9eac-4cd9-9399-d342c6384ea7"]
[debug] &amp#27;[35m[BaseDriver]&amp#27;[39m Valid locator strategies for this request: xpath, id, class name, accessibility id, -android uiautomator
[debug] &amp#27;[35m[BaseDriver]&amp#27;[39m Waiting up to 10000 ms for condition
[debug] &amp#27;[35m[WD Proxy]&amp#27;[39m Matched '/element' to command name 'findElement'
[debug] &amp#27;[35m[WD Proxy]&amp#27;[39m Proxying [POST /element] to [POST http://127.0.0.1:8200/wd/hub/session/91bae3ee-22d3-4f66-983f-d2a440c0f1db/element] with body: {"strategy":"class name","selector":"android.widget.Spinner","context":"","multiple":false}
[debug] &amp#27;[35m[WD Proxy]&amp#27;[39m Got response with status 200: {"sessionId":"91bae3ee-22d3-4f66-983f-d2a440c0f1db","value":{"ELEMENT":"7f091116-d13f-4996-b920-d2c9b6933743","element-6066-11e4-a52e-4f735466cecf":"7f091116-d13f-4996-b920-d2c9b6933743"}}
[debug] &amp#27;[35m[W3C (17588393)]&amp#27;[39m Responding to client with driver.findElement() result: {"element-6066-11e4-a52e-4f735466cecf":"7f091116-d13f-4996-b920-d2c9b6933743","ELEMENT":"7f091116-d13f-4996-b920-d2c9b6933743"}
&amp#27;[35m[HTTP]&amp#27;[39m &amp#27;[37m<-- POST /wd/hub/session/17588393-9eac-4cd9-9399-d342c6384ea7/element &amp#27;[39m&amp#27;[32m200&amp#27;[39m &amp#27;[90m49 ms - 137&amp#27;[39m
&amp#27;[35m[HTTP]&amp#27;[39m &amp#27;[90m&amp#27;[39m
&amp#27;[35m[HTTP]&amp#27;[39m &amp#27;[37m-->&amp#27;[39m &amp#27;[37mPOST&amp#27;[39m &amp#27;[37m/wd/hub/session/17588393-9eac-4cd9-9399-d342c6384ea7/element/7f091116-d13f-4996-b920-d2c9b6933743/click&amp#27;[39m
&amp#27;[35m[HTTP]&amp#27;[39m &amp#27;[90m{"id":"7f091116-d13f-4996-b920-d2c9b6933743"}&amp#27;[39m
[debug] &amp#27;[35m[W3C (17588393)]&amp#27;[39m Calling AppiumDriver.click() with args: ["7f091116-d13f-4996-b920-d2c9b6933743","17588393-9eac-4cd9-9399-d342c6384ea7"]
[debug] &amp#27;[35m[WD Proxy]&amp#27;[39m Matched '/element/7f091116-d13f-4996-b920-d2c9b6933743/click' to command name 'click'
[debug] &amp#27;[35m[WD Proxy]&amp#27;[39m Proxying [POST /element/7f091116-d13f-4996-b920-d2c9b6933743/click] to [POST http://127.0.0.1:8200/wd/hub/session/91bae3ee-22d3-4f66-983f-d2a440c0f1db/element/7f091116-d13f-4996-b920-d2c9b6933743/click] with body: {"element":"7f091116-d13f-4996-b920-d2c9b6933743"}
[debug] &amp#27;[35m[WD Proxy]&amp#27;[39m Got response with status 200: {"sessionId":"91bae3ee-22d3-4f66-983f-d2a440c0f1db","value":null}
[debug] &amp#27;[35m[W3C (17588393)]&amp#27;[39m Responding to client with driver.click() result: null
&amp#27;[35m[HTTP]&amp#27;[39m &amp#27;[37m<-- POST /wd/hub/session/17588393-9eac-4cd9-9399-d342c6384ea7/element/7f091116-d13f-4996-b920-d2c9b6933743/click &amp#27;[39m&amp#27;[32m200&amp#27;[39m &amp#27;[90m20 ms - 14&amp#27;[39m
&amp#27;[35m[HTTP]&amp#27;[39m &amp#27;[90m&amp#27;[39m
&amp#27;[35m[HTTP]&amp#27;[39m &amp#27;[37m-->&amp#27;[39m &amp#27;[37mPOST&amp#27;[39m &amp#27;[37m/wd/hub/session/17588393-9eac-4cd9-9399-d342c6384ea7/element&amp#27;[39m
&amp#27;[35m[HTTP]&amp#27;[39m &amp#27;[90m{"using":"-android uiautomator","value":"new UiScrollable(new UiSelector()).setMaxSearchSwipes(100).scrollIntoView(new UiSelector().textMatches(\"Antarctica\"))"}&amp#27;[39m
[debug] &amp#27;[35m[W3C (17588393)]&amp#27;[39m Calling AppiumDriver.findElement() with args: ["-android uiautomator","new UiScrollable(new UiSelector()).setMaxSearchSwipes(100).scrollIntoView(new UiSelector().textMatches(\"Antarctica\"))","17588393-9eac-4cd9-9399-d342c6384ea7"]
[debug] &amp#27;[35m[BaseDriver]&amp#27;[39m Valid locator strategies for this request: xpath, id, class name, accessibility id, -android uiautomator
[debug] &amp#27;[35m[BaseDriver]&amp#27;[39m Waiting up to 10000 ms for condition
[debug] &amp#27;[35m[WD Proxy]&amp#27;[39m Matched '/element' to command name 'findElement'
[debug] &amp#27;[35m[WD Proxy]&amp#27;[39m Proxying [POST /element] to [POST http://127.0.0.1:8200/wd/hub/session/91bae3ee-22d3-4f66-983f-d2a440c0f1db/element] with body: {"strategy":"-android uiautomator","selector":"new UiScrollable(new UiSelector()).setMaxSearchSwipes(100).scrollIntoView(new UiSelector().textMatches(\"Antarctica\"))","context":"","multiple":false}
[debug] &amp#27;[35m[WD Proxy]&amp#27;[39m Got response with status 200: {"sessionId":"91bae3ee-22d3-4f66-983f-d2a440c0f1db","value":{"ELEMENT":"1c667a4b-b8cf-4cf9-abfc-c96d2f2c01f9","element-6066-11e4-a52e-4f735466cecf":"1c667a4b-b8cf-4cf9-abfc-c96d2f2c01f9"}}
[debug] &amp#27;[35m[W3C (17588393)]&amp#27;[39m Responding to client with driver.findElement() result: {"element-6066-11e4-a52e-4f735466cecf":"1c667a4b-b8cf-4cf9-abfc-c96d2f2c01f9","ELEMENT":"1c667a4b-b8cf-4cf9-abfc-c96d2f2c01f9"}
&amp#27;[35m[HTTP]&amp#27;[39m &amp#27;[37m<-- POST /wd/hub/session/17588393-9eac-4cd9-9399-d342c6384ea7/element &amp#27;[39m&amp#27;[32m200&amp#27;[39m &amp#27;[90m3990 ms - 137&amp#27;[39m
&amp#27;[35m[HTTP]&amp#27;[39m &amp#27;[90m&amp#27;[39m
&amp#27;[35m[HTTP]&amp#27;[39m &amp#27;[37m-->&amp#27;[39m &amp#27;[37mPOST&amp#27;[39m &amp#27;[37m/wd/hub/session/17588393-9eac-4cd9-9399-d342c6384ea7/element&amp#27;[39m
&amp#27;[35m[HTTP]&amp#27;[39m &amp#27;[90m{"using":"xpath","value":"//*[@text=\"Antarctica\"]"}&amp#27;[39m
[debug] &amp#27;[35m[W3C (17588393)]&amp#27;[39m Calling AppiumDriver.findElement() with args: ["xpath","//*[@text=\"Antarctica\"]","17588393-9eac-4cd9-9399-d342c6384ea7"]
[debug] &amp#27;[35m[BaseDriver]&amp#27;[39m Valid locator strategies for this request: xpath, id, class name, accessibility id, -android uiautomator
[debug] &amp#27;[35m[BaseDriver]&amp#27;[39m Waiting up to 10000 ms for condition
[debug] &amp#27;[35m[WD Proxy]&amp#27;[39m Matched '/element' to command name 'findElement'
[debug] &amp#27;[35m[WD Proxy]&amp#27;[39m Proxying [POST /element] to [POST http://127.0.0.1:8200/wd/hub/session/91bae3ee-22d3-4f66-983f-d2a440c0f1db/element] with body: {"strategy":"xpath","selector":"//*[@text=\"Antarctica\"]","context":"","multiple":false}
[debug] &amp#27;[35m[WD Proxy]&amp#27;[39m Got response with status 200: {"sessionId":"91bae3ee-22d3-4f66-983f-d2a440c0f1db","value":{"ELEMENT":"6d6ad2a1-e830-475d-94e0-67a67f8026b7","element-6066-11e4-a52e-4f735466cecf":"6d6ad2a1-e830-475d-94e0-67a67f8026b7"}}
[debug] &amp#27;[35m[W3C (17588393)]&amp#27;[39m Responding to client with driver.findElement() result: {"element-6066-11e4-a52e-4f735466cecf":"6d6ad2a1-e830-475d-94e0-67a67f8026b7","ELEMENT":"6d6ad2a1-e830-475d-94e0-67a67f8026b7"}
&amp#27;[35m[HTTP]&amp#27;[39m &amp#27;[37m<-- POST /wd/hub/session/17588393-9eac-4cd9-9399-d342c6384ea7/element &amp#27;[39m&amp#27;[32m200&amp#27;[39m &amp#27;[90m66 ms - 137&amp#27;[39m
&amp#27;[35m[HTTP]&amp#27;[39m &amp#27;[90m&amp#27;[39m
&amp#27;[35m[HTTP]&amp#27;[39m &amp#27;[37m-->&amp#27;[39m &amp#27;[37mPOST&amp#27;[39m &amp#27;[37m/wd/hub/session/17588393-9eac-4cd9-9399-d342c6384ea7/element/6d6ad2a1-e830-475d-94e0-67a67f8026b7/click&amp#27;[39m
&amp#27;[35m[HTTP]&amp#27;[39m &amp#27;[90m{"id":"6d6ad2a1-e830-475d-94e0-67a67f8026b7"}&amp#27;[39m
[debug] &amp#27;[35m[W3C (17588393)]&amp#27;[39m Calling AppiumDriver.click() with args: ["6d6ad2a1-e830-475d-94e0-67a67f8026b7","17588393-9eac-4cd9-9399-d342c6384ea7"]
[debug] &amp#27;[35m[WD Proxy]&amp#27;[39m Matched '/element/6d6ad2a1-e830-475d-94e0-67a67f8026b7/click' to command name 'click'
[debug] &amp#27;[35m[WD Proxy]&amp#27;[39m Proxying [POST /element/6d6ad2a1-e830-475d-94e0-67a67f8026b7/click] to [POST http://127.0.0.1:8200/wd/hub/session/91bae3ee-22d3-4f66-983f-d2a440c0f1db/element/6d6ad2a1-e830-475d-94e0-67a67f8026b7/click] with body: {"element":"6d6ad2a1-e830-475d-94e0-67a67f8026b7"}
[debug] &amp#27;[35m[WD Proxy]&amp#27;[39m Got response with status 200: {"sessionId":"91bae3ee-22d3-4f66-983f-d2a440c0f1db","value":null}
[debug] &amp#27;[35m[W3C (17588393)]&amp#27;[39m Responding to client with driver.click() result: null
&amp#27;[35m[HTTP]&amp#27;[39m &amp#27;[37m<-- POST /wd/hub/session/17588393-9eac-4cd9-9399-d342c6384ea7/element/6d6ad2a1-e830-475d-94e0-67a67f8026b7/click &amp#27;[39m&amp#27;[32m200&amp#27;[39m &amp#27;[90m636 ms - 14&amp#27;[39m
&amp#27;[35m[HTTP]&amp#27;[39m &amp#27;[90m&amp#27;[39m
&amp#27;[35m[HTTP]&amp#27;[39m &amp#27;[37m-->&amp#27;[39m &amp#27;[37mGET&amp#27;[39m &amp#27;[37m/wd/hub/session/17588393-9eac-4cd9-9399-d342c6384ea7/context&amp#27;[39m
&amp#27;[35m[HTTP]&amp#27;[39m &amp#27;[90m{}&amp#27;[39m
[debug] &amp#27;[35m[W3C (17588393)]&amp#27;[39m Calling AppiumDriver.getCurrentContext() with args: ["17588393-9eac-4cd9-9399-d342c6384ea7"]
[debug] &amp#27;[35m[W3C (17588393)]&amp#27;[39m Responding to client with driver.getCurrentContext() result: "NATIVE_APP"
&amp#27;[35m[HTTP]&amp#27;[39m &amp#27;[37m<-- GET /wd/hub/session/17588393-9eac-4cd9-9399-d342c6384ea7/context &amp#27;[39m&amp#27;[32m200&amp#27;[39m &amp#27;[90m1 ms - 22&amp#27;[39m
&amp#27;[35m[HTTP]&amp#27;[39m &amp#27;[90m&amp#27;[39m
&amp#27;[35m[HTTP]&amp#27;[39m &amp#27;[37m-->&amp#27;[39m &amp#27;[37mPOST&amp#27;[39m &amp#27;[37m/wd/hub/session/17588393-9eac-4cd9-9399-d342c6384ea7/element&amp#27;[39m
&amp#27;[35m[HTTP]&amp#27;[39m &amp#27;[90m{"using":"id","value":"android:id/text1"}&amp#27;[39m
[debug] &amp#27;[35m[W3C (17588393)]&amp#27;[39m Calling AppiumDriver.findElement() with args: ["id","android:id/text1","17588393-9eac-4cd9-9399-d342c6384ea7"]
[debug] &amp#27;[35m[BaseDriver]&amp#27;[39m Valid locator strategies for this request: xpath, id, class name, accessibility id, -android uiautomator
[debug] &amp#27;[35m[BaseDriver]&amp#27;[39m Waiting up to 10000 ms for condition
[debug] &amp#27;[35m[WD Proxy]&amp#27;[39m Matched '/element' to command name 'findElement'
[debug] &amp#27;[35m[WD Proxy]&amp#27;[39m Proxying [POST /element] to [POST http://127.0.0.1:8200/wd/hub/session/91bae3ee-22d3-4f66-983f-d2a440c0f1db/element] with body: {"strategy":"id","selector":"android:id/text1","context":"","multiple":false}
[debug] &amp#27;[35m[WD Proxy]&amp#27;[39m Got response with status 200: {"sessionId":"91bae3ee-22d3-4f66-983f-d2a440c0f1db","value":{"ELEMENT":"06caf42d-3af5-457a-bbf8-a7fdd1fd45a1","element-6066-11e4-a52e-4f735466cecf":"06caf42d-3af5-457a-bbf8-a7fdd1fd45a1"}}
[debug] &amp#27;[35m[W3C (17588393)]&amp#27;[39m Responding to client with driver.findElement() result: {"element-6066-11e4-a52e-4f735466cecf":"06caf42d-3af5-457a-bbf8-a7fdd1fd45a1","ELEMENT":"06caf42d-3af5-457a-bbf8-a7fdd1fd45a1"}
&amp#27;[35m[HTTP]&amp#27;[39m &amp#27;[37m<-- POST /wd/hub/session/17588393-9eac-4cd9-9399-d342c6384ea7/element &amp#27;[39m&amp#27;[32m200&amp#27;[39m &amp#27;[90m14 ms - 137&amp#27;[39m
&amp#27;[35m[HTTP]&amp#27;[39m &amp#27;[90m&amp#27;[39m
&amp#27;[35m[HTTP]&amp#27;[39m &amp#27;[37m-->&amp#27;[39m &amp#27;[37mGET&amp#27;[39m &amp#27;[37m/wd/hub/session/17588393-9eac-4cd9-9399-d342c6384ea7/element/06caf42d-3af5-457a-bbf8-a7fdd1fd45a1/text&amp#27;[39m
&amp#27;[35m[HTTP]&amp#27;[39m &amp#27;[90m{}&amp#27;[39m
&amp#27;[35m[W3C (17588393)]&amp#27;[39m Driver proxy active, passing request on via HTTP proxy
[debug] &amp#27;[35m[WD Proxy]&amp#27;[39m Matched '/wd/hub/session/17588393-9eac-4cd9-9399-d342c6384ea7/element/06caf42d-3af5-457a-bbf8-a7fdd1fd45a1/text' to command name 'getText'
[debug] &amp#27;[35m[WD Proxy]&amp#27;[39m Proxying [GET /wd/hub/session/17588393-9eac-4cd9-9399-d342c6384ea7/element/06caf42d-3af5-457a-bbf8-a7fdd1fd45a1/text] to [GET http://127.0.0.1:8200/wd/hub/session/91bae3ee-22d3-4f66-983f-d2a440c0f1db/element/06caf42d-3af5-457a-bbf8-a7fdd1fd45a1/text] with no body
[debug] &amp#27;[35m[WD Proxy]&amp#27;[39m Got response with status 200: {"sessionId":"91bae3ee-22d3-4f66-983f-d2a440c0f1db","value":"Antarctica"}
&amp#27;[35m[WD Proxy]&amp#27;[39m Replacing sessionId 91bae3ee-22d3-4f66-983f-d2a440c0f1db with 17588393-9eac-4cd9-9399-d342c6384ea7
&amp#27;[35m[HTTP]&amp#27;[39m &amp#27;[37m<-- GET /wd/hub/session/17588393-9eac-4cd9-9399-d342c6384ea7/element/06caf42d-3af5-457a-bbf8-a7fdd1fd45a1/text &amp#27;[39m&amp#27;[32m200&amp#27;[39m &amp#27;[90m11 ms - 73&amp#27;[39m
&amp#27;[35m[HTTP]&amp#27;[39m &amp#27;[90m&amp#27;[39m
&amp#27;[35m[HTTP]&amp#27;[39m &amp#27;[37m-->&amp#27;[39m &amp#27;[37mGET&amp#27;[39m &amp#27;[37m/wd/hub/session/17588393-9eac-4cd9-9399-d342c6384ea7/context&amp#27;[39m
&amp#27;[35m[HTTP]&amp#27;[39m &amp#27;[90m{}&amp#27;[39m
[debug] &amp#27;[35m[W3C (17588393)]&amp#27;[39m Calling AppiumDriver.getCurrentContext() with args: ["17588393-9eac-4cd9-9399-d342c6384ea7"]
[debug] &amp#27;[35m[W3C (17588393)]&amp#27;[39m Responding to client with driver.getCurrentContext() result: "NATIVE_APP"
&amp#27;[35m[HTTP]&amp#27;[39m &amp#27;[37m<-- GET /wd/hub/session/17588393-9eac-4cd9-9399-d342c6384ea7/context &amp#27;[39m&amp#27;[32m200&amp#27;[39m &amp#27;[90m1 ms - 22&amp#27;[39m
&amp#27;[35m[HTTP]&amp#27;[39m &amp#27;[90m&amp#27;[39m
&amp#27;[35m[HTTP]&amp#27;[39m &amp#27;[37m-->&amp#27;[39m &amp#27;[37mPOST&amp#27;[39m &amp#27;[37m/wd/hub/session/17588393-9eac-4cd9-9399-d342c6384ea7/element&amp#27;[39m
&amp#27;[35m[HTTP]&amp#27;[39m &amp#27;[90m{"using":"id","value":"com.androidsample.generalstore:id/nameField"}&amp#27;[39m
[debug] &amp#27;[35m[W3C (17588393)]&amp#27;[39m Calling AppiumDriver.findElement() with args: ["id","com.androidsample.generalstore:id/nameField","17588393-9eac-4cd9-9399-d342c6384ea7"]
[debug] &amp#27;[35m[BaseDriver]&amp#27;[39m Valid locator strategies for this request: xpath, id, class name, accessibility id, -android uiautomator
[debug] &amp#27;[35m[BaseDriver]&amp#27;[39m Waiting up to 10000 ms for condition
[debug] &amp#27;[35m[WD Proxy]&amp#27;[39m Matched '/element' to command name 'findElement'
[debug] &amp#27;[35m[WD Proxy]&amp#27;[39m Proxying [POST /element] to [POST http://127.0.0.1:8200/wd/hub/session/91bae3ee-22d3-4f66-983f-d2a440c0f1db/element] with body: {"strategy":"id","selector":"com.androidsample.generalstore:id/nameField","context":"","multiple":false}
[debug] &amp#27;[35m[WD Proxy]&amp#27;[39m Got response with status 200: {"sessionId":"91bae3ee-22d3-4f66-983f-d2a440c0f1db","value":{"ELEMENT":"8df9121a-ad31-4a32-ad38-6f8c20517085","element-6066-11e4-a52e-4f735466cecf":"8df9121a-ad31-4a32-ad38-6f8c20517085"}}
[debug] &amp#27;[35m[W3C (17588393)]&amp#27;[39m Responding to client with driver.findElement() result: {"element-6066-11e4-a52e-4f735466cecf":"8df9121a-ad31-4a32-ad38-6f8c20517085","ELEMENT":"8df9121a-ad31-4a32-ad38-6f8c20517085"}
&amp#27;[35m[HTTP]&amp#27;[39m &amp#27;[37m<-- POST /wd/hub/session/17588393-9eac-4cd9-9399-d342c6384ea7/element &amp#27;[39m&amp#27;[32m200&amp#27;[39m &amp#27;[90m14 ms - 137&amp#27;[39m
&amp#27;[35m[HTTP]&amp#27;[39m &amp#27;[90m&amp#27;[39m
&amp#27;[35m[HTTP]&amp#27;[39m &amp#27;[37m-->&amp#27;[39m &amp#27;[37mPOST&amp#27;[39m &amp#27;[37m/wd/hub/session/17588393-9eac-4cd9-9399-d342c6384ea7/element/8df9121a-ad31-4a32-ad38-6f8c20517085/value&amp#27;[39m
&amp#27;[35m[HTTP]&amp#27;[39m &amp#27;[90m{"id":"8df9121a-ad31-4a32-ad38-6f8c20517085","text":"Fibreglass Bill","value":["F","i","b","r","e","g","l","a","s","s"," ","B","i","l","l"]}&amp#27;[39m
[debug] &amp#27;[35m[W3C (17588393)]&amp#27;[39m Calling AppiumDriver.setValue() with args: [["F","i","b","r","e","g","l","a","s","s"," ","B","i","l","l"],"8df9121a-ad31-4a32-ad38-6f8c20517085","17588393-9eac-4cd9-9399-d342c6384ea7"]
[debug] &amp#27;[35m[WD Proxy]&amp#27;[39m Matched '/element/8df9121a-ad31-4a32-ad38-6f8c20517085/value' to command name 'setValue'
[debug] &amp#27;[35m[Protocol Converter]&amp#27;[39m Added 'value' property ["F","i","b","r","e","g","l","a","s","s"," ","B","i","l","l"] to 'setValue' request body
[debug] &amp#27;[35m[WD Proxy]&amp#27;[39m Proxying [POST /element/8df9121a-ad31-4a32-ad38-6f8c20517085/value] to [POST http://127.0.0.1:8200/wd/hub/session/91bae3ee-22d3-4f66-983f-d2a440c0f1db/element/8df9121a-ad31-4a32-ad38-6f8c20517085/value] with body: {"elementId":"8df9121a-ad31-4a32-ad38-6f8c20517085","text":"Fibreglass Bill","replace":false,"value":["F","i","b","r","e","g","l","a","s","s"," ","B","i","l","l"]}
[debug] &amp#27;[35m[WD Proxy]&amp#27;[39m Got response with status 200: {"sessionId":"91bae3ee-22d3-4f66-983f-d2a440c0f1db","value":null}
[debug] &amp#27;[35m[W3C (17588393)]&amp#27;[39m Responding to client with driver.setValue() result: null
&amp#27;[35m[HTTP]&amp#27;[39m &amp#27;[37m<-- POST /wd/hub/session/17588393-9eac-4cd9-9399-d342c6384ea7/element/8df9121a-ad31-4a32-ad38-6f8c20517085/value &amp#27;[39m&amp#27;[32m200&amp#27;[39m &amp#27;[90m537 ms - 14&amp#27;[39m
&amp#27;[35m[HTTP]&amp#27;[39m &amp#27;[90m&amp#27;[39m
&amp#27;[35m[HTTP]&amp#27;[39m &amp#27;[37m-->&amp#27;[39m &amp#27;[37mGET&amp#27;[39m &amp#27;[37m/wd/hub/session/17588393-9eac-4cd9-9399-d342c6384ea7/context&amp#27;[39m
&amp#27;[35m[HTTP]&amp#27;[39m &amp#27;[90m{}&amp#27;[39m
[debug] &amp#27;[35m[W3C (17588393)]&amp#27;[39m Calling AppiumDriver.getCurrentContext() with args: ["17588393-9eac-4cd9-9399-d342c6384ea7"]
[debug] &amp#27;[35m[W3C (17588393)]&amp#27;[39m Responding to client with driver.getCurrentContext() result: "NATIVE_APP"
&amp#27;[35m[HTTP]&amp#27;[39m &amp#27;[37m<-- GET /wd/hub/session/17588393-9eac-4cd9-9399-d342c6384ea7/context &amp#27;[39m&amp#27;[32m200&amp#27;[39m &amp#27;[90m1 ms - 22&amp#27;[39m
&amp#27;[35m[HTTP]&amp#27;[39m &amp#27;[90m&amp#27;[39m
&amp#27;[35m[HTTP]&amp#27;[39m &amp#27;[37m-->&amp#27;[39m &amp#27;[37mPOST&amp#27;[39m &amp#27;[37m/wd/hub/session/17588393-9eac-4cd9-9399-d342c6384ea7/element&amp#27;[39m
&amp#27;[35m[HTTP]&amp#27;[39m &amp#27;[90m{"using":"id","value":"com.androidsample.generalstore:id/nameField"}&amp#27;[39m
[debug] &amp#27;[35m[W3C (17588393)]&amp#27;[39m Calling AppiumDriver.findElement() with args: ["id","com.androidsample.generalstore:id/nameField","17588393-9eac-4cd9-9399-d342c6384ea7"]
[debug] &amp#27;[35m[BaseDriver]&amp#27;[39m Valid locator strategies for this request: xpath, id, class name, accessibility id, -android uiautomator
[debug] &amp#27;[35m[BaseDriver]&amp#27;[39m Waiting up to 10000 ms for condition
[debug] &amp#27;[35m[WD Proxy]&amp#27;[39m Matched '/element' to command name 'findElement'
[debug] &amp#27;[35m[WD Proxy]&amp#27;[39m Proxying [POST /element] to [POST http://127.0.0.1:8200/wd/hub/session/91bae3ee-22d3-4f66-983f-d2a440c0f1db/element] with body: {"strategy":"id","selector":"com.androidsample.generalstore:id/nameField","context":"","multiple":false}
[debug] &amp#27;[35m[WD Proxy]&amp#27;[39m Got response with status 200: {"sessionId":"91bae3ee-22d3-4f66-983f-d2a440c0f1db","value":{"ELEMENT":"52d8926a-3ec5-4aed-9cc9-38978c0f1576","element-6066-11e4-a52e-4f735466cecf":"52d8926a-3ec5-4aed-9cc9-38978c0f1576"}}
[debug] &amp#27;[35m[W3C (17588393)]&amp#27;[39m Responding to client with driver.findElement() result: {"element-6066-11e4-a52e-4f735466cecf":"52d8926a-3ec5-4aed-9cc9-38978c0f1576","ELEMENT":"52d8926a-3ec5-4aed-9cc9-38978c0f1576"}
&amp#27;[35m[HTTP]&amp#27;[39m &amp#27;[37m<-- POST /wd/hub/session/17588393-9eac-4cd9-9399-d342c6384ea7/element &amp#27;[39m&amp#27;[32m200&amp#27;[39m &amp#27;[90m490 ms - 137&amp#27;[39m
&amp#27;[35m[HTTP]&amp#27;[39m &amp#27;[90m&amp#27;[39m
&amp#27;[35m[HTTP]&amp#27;[39m &amp#27;[37m-->&amp#27;[39m &amp#27;[37mGET&amp#27;[39m &amp#27;[37m/wd/hub/session/17588393-9eac-4cd9-9399-d342c6384ea7/element/52d8926a-3ec5-4aed-9cc9-38978c0f1576/text&amp#27;[39m
&amp#27;[35m[HTTP]&amp#27;[39m &amp#27;[90m{}&amp#27;[39m
&amp#27;[35m[W3C (17588393)]&amp#27;[39m Driver proxy active, passing request on via HTTP proxy
[debug] &amp#27;[35m[WD Proxy]&amp#27;[39m Matched '/wd/hub/session/17588393-9eac-4cd9-9399-d342c6384ea7/element/52d8926a-3ec5-4aed-9cc9-38978c0f1576/text' to command name 'getText'
[debug] &amp#27;[35m[WD Proxy]&amp#27;[39m Proxying [GET /wd/hub/session/17588393-9eac-4cd9-9399-d342c6384ea7/element/52d8926a-3ec5-4aed-9cc9-38978c0f1576/text] to [GET http://127.0.0.1:8200/wd/hub/session/91bae3ee-22d3-4f66-983f-d2a440c0f1db/element/52d8926a-3ec5-4aed-9cc9-38978c0f1576/text] with no body
[debug] &amp#27;[35m[WD Proxy]&amp#27;[39m Got response with status 200: {"sessionId":"91bae3ee-22d3-4f66-983f-d2a440c0f1db","value":"Fibreglass Bill"}
&amp#27;[35m[WD Proxy]&amp#27;[39m Replacing sessionId 91bae3ee-22d3-4f66-983f-d2a440c0f1db with 17588393-9eac-4cd9-9399-d342c6384ea7
&amp#27;[35m[HTTP]&amp#27;[39m &amp#27;[37m<-- GET /wd/hub/session/17588393-9eac-4cd9-9399-d342c6384ea7/element/52d8926a-3ec5-4aed-9cc9-38978c0f1576/text &amp#27;[39m&amp#27;[32m200&amp#27;[39m &amp#27;[90m10 ms - 78&amp#27;[39m
&amp#27;[35m[HTTP]&amp#27;[39m &amp#27;[90m&amp#27;[39m
&amp#27;[35m[HTTP]&amp#27;[39m &amp#27;[37m-->&amp#27;[39m &amp#27;[37mGET&amp#27;[39m &amp#27;[37m/wd/hub/session/17588393-9eac-4cd9-9399-d342c6384ea7/context&amp#27;[39m
&amp#27;[35m[HTTP]&amp#27;[39m &amp#27;[90m{}&amp#27;[39m
[debug] &amp#27;[35m[W3C (17588393)]&amp#27;[39m Calling AppiumDriver.getCurrentContext() with args: ["17588393-9eac-4cd9-9399-d342c6384ea7"]
[debug] &amp#27;[35m[W3C (17588393)]&amp#27;[39m Responding to client with driver.getCurrentContext() result: "NATIVE_APP"
&amp#27;[35m[HTTP]&amp#27;[39m &amp#27;[37m<-- GET /wd/hub/session/17588393-9eac-4cd9-9399-d342c6384ea7/context &amp#27;[39m&amp#27;[32m200&amp#27;[39m &amp#27;[90m1 ms - 22&amp#27;[39m
&amp#27;[35m[HTTP]&amp#27;[39m &amp#27;[90m&amp#27;[39m
&amp#27;[35m[HTTP]&amp#27;[39m &amp#27;[37m-->&amp#27;[39m &amp#27;[37mPOST&amp#27;[39m &amp#27;[37m/wd/hub/session/17588393-9eac-4cd9-9399-d342c6384ea7/element&amp#27;[39m
&amp#27;[35m[HTTP]&amp#27;[39m &amp#27;[90m{"using":"id","value":"com.androidsample.generalstore:id/radioMale"}&amp#27;[39m
[debug] &amp#27;[35m[W3C (17588393)]&amp#27;[39m Calling AppiumDriver.findElement() with args: ["id","com.androidsample.generalstore:id/radioMale","17588393-9eac-4cd9-9399-d342c6384ea7"]
[debug] &amp#27;[35m[BaseDriver]&amp#27;[39m Valid locator strategies for this request: xpath, id, class name, accessibility id, -android uiautomator
[debug] &amp#27;[35m[BaseDriver]&amp#27;[39m Waiting up to 10000 ms for condition
[debug] &amp#27;[35m[WD Proxy]&amp#27;[39m Matched '/element' to command name 'findElement'
[debug] &amp#27;[35m[WD Proxy]&amp#27;[39m Proxying [POST /element] to [POST http://127.0.0.1:8200/wd/hub/session/91bae3ee-22d3-4f66-983f-d2a440c0f1db/element] with body: {"strategy":"id","selector":"com.androidsample.generalstore:id/radioMale","context":"","multiple":false}
[debug] &amp#27;[35m[WD Proxy]&amp#27;[39m Got response with status 200: {"sessionId":"91bae3ee-22d3-4f66-983f-d2a440c0f1db","value":{"ELEMENT":"11ec6a95-3106-4928-90d1-eb7c4ca1a887","element-6066-11e4-a52e-4f735466cecf":"11ec6a95-3106-4928-90d1-eb7c4ca1a887"}}
[debug] &amp#27;[35m[W3C (17588393)]&amp#27;[39m Responding to client with driver.findElement() result: {"element-6066-11e4-a52e-4f735466cecf":"11ec6a95-3106-4928-90d1-eb7c4ca1a887","ELEMENT":"11ec6a95-3106-4928-90d1-eb7c4ca1a887"}
&amp#27;[35m[HTTP]&amp#27;[39m &amp#27;[37m<-- POST /wd/hub/session/17588393-9eac-4cd9-9399-d342c6384ea7/element &amp#27;[39m&amp#27;[32m200&amp#27;[39m &amp#27;[90m17 ms - 137&amp#27;[39m
&amp#27;[35m[HTTP]&amp#27;[39m &amp#27;[90m&amp#27;[39m
&amp#27;[35m[HTTP]&amp#27;[39m &amp#27;[37m-->&amp#27;[39m &amp#27;[37mGET&amp#27;[39m &amp#27;[37m/wd/hub/session/17588393-9eac-4cd9-9399-d342c6384ea7/element/11ec6a95-3106-4928-90d1-eb7c4ca1a887/text&amp#27;[39m
&amp#27;[35m[HTTP]&amp#27;[39m &amp#27;[90m{}&amp#27;[39m
&amp#27;[35m[W3C (17588393)]&amp#27;[39m Driver proxy active, passing request on via HTTP proxy
[debug] &amp#27;[35m[WD Proxy]&amp#27;[39m Matched '/wd/hub/session/17588393-9eac-4cd9-9399-d342c6384ea7/element/11ec6a95-3106-4928-90d1-eb7c4ca1a887/text' to command name 'getText'
[debug] &amp#27;[35m[WD Proxy]&amp#27;[39m Proxying [GET /wd/hub/session/17588393-9eac-4cd9-9399-d342c6384ea7/element/11ec6a95-3106-4928-90d1-eb7c4ca1a887/text] to [GET http://127.0.0.1:8200/wd/hub/session/91bae3ee-22d3-4f66-983f-d2a440c0f1db/element/11ec6a95-3106-4928-90d1-eb7c4ca1a887/text] with no body
[debug] &amp#27;[35m[WD Proxy]&amp#27;[39m Got response with status 200: {"sessionId":"91bae3ee-22d3-4f66-983f-d2a440c0f1db","value":"Male"}
&amp#27;[35m[WD Proxy]&amp#27;[39m Replacing sessionId 91bae3ee-22d3-4f66-983f-d2a440c0f1db with 17588393-9eac-4cd9-9399-d342c6384ea7
&amp#27;[35m[HTTP]&amp#27;[39m &amp#27;[37m<-- GET /wd/hub/session/17588393-9eac-4cd9-9399-d342c6384ea7/element/11ec6a95-3106-4928-90d1-eb7c4ca1a887/text &amp#27;[39m&amp#27;[32m200&amp#27;[39m &amp#27;[90m12 ms - 67&amp#27;[39m
&amp#27;[35m[HTTP]&amp#27;[39m &amp#27;[90m&amp#27;[39m
&amp#27;[35m[HTTP]&amp#27;[39m &amp#27;[37m-->&amp#27;[39m &amp#27;[37mGET&amp#27;[39m &amp#27;[37m/wd/hub/session/17588393-9eac-4cd9-9399-d342c6384ea7/context&amp#27;[39m
&amp#27;[35m[HTTP]&amp#27;[39m &amp#27;[90m{}&amp#27;[39m
[debug] &amp#27;[35m[W3C (17588393)]&amp#27;[39m Calling AppiumDriver.getCurrentContext() with args: ["17588393-9eac-4cd9-9399-d342c6384ea7"]
[debug] &amp#27;[35m[W3C (17588393)]&amp#27;[39m Responding to client with driver.getCurrentContext() result: "NATIVE_APP"
&amp#27;[35m[HTTP]&amp#27;[39m &amp#27;[37m<-- GET /wd/hub/session/17588393-9eac-4cd9-9399-d342c6384ea7/context &amp#27;[39m&amp#27;[32m200&amp#27;[39m &amp#27;[90m1 ms - 22&amp#27;[39m
&amp#27;[35m[HTTP]&amp#27;[39m &amp#27;[90m&amp#27;[39m
&amp#27;[35m[HTTP]&amp#27;[39m &amp#27;[37m-->&amp#27;[39m &amp#27;[37mPOST&amp#27;[39m &amp#27;[37m/wd/hub/session/17588393-9eac-4cd9-9399-d342c6384ea7/element&amp#27;[39m
&amp#27;[35m[HTTP]&amp#27;[39m &amp#27;[90m{"using":"id","value":"com.androidsample.generalstore:id/radioMale"}&amp#27;[39m
[debug] &amp#27;[35m[W3C (17588393)]&amp#27;[39m Calling AppiumDriver.findElement() with args: ["id","com.androidsample.generalstore:id/radioMale","17588393-9eac-4cd9-9399-d342c6384ea7"]
[debug] &amp#27;[35m[BaseDriver]&amp#27;[39m Valid locator strategies for this request: xpath, id, class name, accessibility id, -android uiautomator
[debug] &amp#27;[35m[BaseDriver]&amp#27;[39m Waiting up to 10000 ms for condition
[debug] &amp#27;[35m[WD Proxy]&amp#27;[39m Matched '/element' to command name 'findElement'
[debug] &amp#27;[35m[WD Proxy]&amp#27;[39m Proxying [POST /element] to [POST http://127.0.0.1:8200/wd/hub/session/91bae3ee-22d3-4f66-983f-d2a440c0f1db/element] with body: {"strategy":"id","selector":"com.androidsample.generalstore:id/radioMale","context":"","multiple":false}
[debug] &amp#27;[35m[WD Proxy]&amp#27;[39m Got response with status 200: {"sessionId":"91bae3ee-22d3-4f66-983f-d2a440c0f1db","value":{"ELEMENT":"94337379-a8f4-43ac-b235-68db2ab1da1c","element-6066-11e4-a52e-4f735466cecf":"94337379-a8f4-43ac-b235-68db2ab1da1c"}}
[debug] &amp#27;[35m[W3C (17588393)]&amp#27;[39m Responding to client with driver.findElement() result: {"element-6066-11e4-a52e-4f735466cecf":"94337379-a8f4-43ac-b235-68db2ab1da1c","ELEMENT":"94337379-a8f4-43ac-b235-68db2ab1da1c"}
&amp#27;[35m[HTTP]&amp#27;[39m &amp#27;[37m<-- POST /wd/hub/session/17588393-9eac-4cd9-9399-d342c6384ea7/element &amp#27;[39m&amp#27;[32m200&amp#27;[39m &amp#27;[90m16 ms - 137&amp#27;[39m
&amp#27;[35m[HTTP]&amp#27;[39m &amp#27;[90m&amp#27;[39m
&amp#27;[35m[HTTP]&amp#27;[39m &amp#27;[37m-->&amp#27;[39m &amp#27;[37mPOST&amp#27;[39m &amp#27;[37m/wd/hub/session/17588393-9eac-4cd9-9399-d342c6384ea7/element/94337379-a8f4-43ac-b235-68db2ab1da1c/click&amp#27;[39m
&amp#27;[35m[HTTP]&amp#27;[39m &amp#27;[90m{"id":"94337379-a8f4-43ac-b235-68db2ab1da1c"}&amp#27;[39m
[debug] &amp#27;[35m[W3C (17588393)]&amp#27;[39m Calling AppiumDriver.click() with args: ["94337379-a8f4-43ac-b235-68db2ab1da1c","17588393-9eac-4cd9-9399-d342c6384ea7"]
[debug] &amp#27;[35m[WD Proxy]&amp#27;[39m Matched '/element/94337379-a8f4-43ac-b235-68db2ab1da1c/click' to command name 'click'
[debug] &amp#27;[35m[WD Proxy]&amp#27;[39m Proxying [POST /element/94337379-a8f4-43ac-b235-68db2ab1da1c/click] to [POST http://127.0.0.1:8200/wd/hub/session/91bae3ee-22d3-4f66-983f-d2a440c0f1db/element/94337379-a8f4-43ac-b235-68db2ab1da1c/click] with body: {"element":"94337379-a8f4-43ac-b235-68db2ab1da1c"}
[debug] &amp#27;[35m[WD Proxy]&amp#27;[39m Got response with status 200: {"sessionId":"91bae3ee-22d3-4f66-983f-d2a440c0f1db","value":null}
[debug] &amp#27;[35m[W3C (17588393)]&amp#27;[39m Responding to client with driver.click() result: null
&amp#27;[35m[HTTP]&amp#27;[39m &amp#27;[37m<-- POST /wd/hub/session/17588393-9eac-4cd9-9399-d342c6384ea7/element/94337379-a8f4-43ac-b235-68db2ab1da1c/click &amp#27;[39m&amp#27;[32m200&amp#27;[39m &amp#27;[90m19 ms - 14&amp#27;[39m
&amp#27;[35m[HTTP]&amp#27;[39m &amp#27;[90m&amp#27;[39m
&amp#27;[35m[HTTP]&amp#27;[39m &amp#27;[37m-->&amp#27;[39m &amp#27;[37mGET&amp#27;[39m &amp#27;[37m/wd/hub/session/17588393-9eac-4cd9-9399-d342c6384ea7/context&amp#27;[39m
&amp#27;[35m[HTTP]&amp#27;[39m &amp#27;[90m{}&amp#27;[39m
[debug] &amp#27;[35m[W3C (17588393)]&amp#27;[39m Calling AppiumDriver.getCurrentContext() with args: ["17588393-9eac-4cd9-9399-d342c6384ea7"]
[debug] &amp#27;[35m[W3C (17588393)]&amp#27;[39m Responding to client with driver.getCurrentContext() result: "NATIVE_APP"
&amp#27;[35m[HTTP]&amp#27;[39m &amp#27;[37m<-- GET /wd/hub/session/17588393-9eac-4cd9-9399-d342c6384ea7/context &amp#27;[39m&amp#27;[32m200&amp#27;[39m &amp#27;[90m2 ms - 22&amp#27;[39m
&amp#27;[35m[HTTP]&amp#27;[39m &amp#27;[90m&amp#27;[39m
&amp#27;[35m[HTTP]&amp#27;[39m &amp#27;[37m-->&amp#27;[39m &amp#27;[37mPOST&amp#27;[39m &amp#27;[37m/wd/hub/session/17588393-9eac-4cd9-9399-d342c6384ea7/element&amp#27;[39m
&amp#27;[35m[HTTP]&amp#27;[39m &amp#27;[90m{"using":"id","value":"com.androidsample.generalstore:id/radioMale"}&amp#27;[39m
[debug] &amp#27;[35m[W3C (17588393)]&amp#27;[39m Calling AppiumDriver.findElement() with args: ["id","com.androidsample.generalstore:id/radioMale","17588393-9eac-4cd9-9399-d342c6384ea7"]
[debug] &amp#27;[35m[BaseDriver]&amp#27;[39m Valid locator strategies for this request: xpath, id, class name, accessibility id, -android uiautomator
[debug] &amp#27;[35m[BaseDriver]&amp#27;[39m Waiting up to 10000 ms for condition
[debug] &amp#27;[35m[WD Proxy]&amp#27;[39m Matched '/element' to command name 'findElement'
[debug] &amp#27;[35m[WD Proxy]&amp#27;[39m Proxying [POST /element] to [POST http://127.0.0.1:8200/wd/hub/session/91bae3ee-22d3-4f66-983f-d2a440c0f1db/element] with body: {"strategy":"id","selector":"com.androidsample.generalstore:id/radioMale","context":"","multiple":false}
[debug] &amp#27;[35m[WD Proxy]&amp#27;[39m Got response with status 200: {"sessionId":"91bae3ee-22d3-4f66-983f-d2a440c0f1db","value":{"ELEMENT":"cd168869-52d1-4164-966d-3c32dd51d657","element-6066-11e4-a52e-4f735466cecf":"cd168869-52d1-4164-966d-3c32dd51d657"}}
[debug] &amp#27;[35m[W3C (17588393)]&amp#27;[39m Responding to client with driver.findElement() result: {"element-6066-11e4-a52e-4f735466cecf":"cd168869-52d1-4164-966d-3c32dd51d657","ELEMENT":"cd168869-52d1-4164-966d-3c32dd51d657"}
&amp#27;[35m[HTTP]&amp#27;[39m &amp#27;[37m<-- POST /wd/hub/session/17588393-9eac-4cd9-9399-d342c6384ea7/element &amp#27;[39m&amp#27;[32m200&amp#27;[39m &amp#27;[90m511 ms - 137&amp#27;[39m
&amp#27;[35m[HTTP]&amp#27;[39m &amp#27;[90m&amp#27;[39m
&amp#27;[35m[HTTP]&amp#27;[39m &amp#27;[37m-->&amp#27;[39m &amp#27;[37mGET&amp#27;[39m &amp#27;[37m/wd/hub/session/17588393-9eac-4cd9-9399-d342c6384ea7/element/cd168869-52d1-4164-966d-3c32dd51d657/attribute/checked&amp#27;[39m
&amp#27;[35m[HTTP]&amp#27;[39m &amp#27;[90m{}&amp#27;[39m
[debug] &amp#27;[35m[W3C (17588393)]&amp#27;[39m Calling AppiumDriver.getAttribute() with args: ["checked","cd168869-52d1-4164-966d-3c32dd51d657","17588393-9eac-4cd9-9399-d342c6384ea7"]
[debug] &amp#27;[35m[WD Proxy]&amp#27;[39m Matched '/element/cd168869-52d1-4164-966d-3c32dd51d657/attribute/checked' to command name 'getAttribute'
[debug] &amp#27;[35m[WD Proxy]&amp#27;[39m Proxying [GET /element/cd168869-52d1-4164-966d-3c32dd51d657/attribute/checked] to [GET http://127.0.0.1:8200/wd/hub/session/91bae3ee-22d3-4f66-983f-d2a440c0f1db/element/cd168869-52d1-4164-966d-3c32dd51d657/attribute/checked] with no body
[debug] &amp#27;[35m[WD Proxy]&amp#27;[39m Got response with status 200: {"sessionId":"91bae3ee-22d3-4f66-983f-d2a440c0f1db","value":"true"}
[debug] &amp#27;[35m[W3C (17588393)]&amp#27;[39m Responding to client with driver.getAttribute() result: "true"
&amp#27;[35m[HTTP]&amp#27;[39m &amp#27;[37m<-- GET /wd/hub/session/17588393-9eac-4cd9-9399-d342c6384ea7/element/cd168869-52d1-4164-966d-3c32dd51d657/attribute/checked &amp#27;[39m&amp#27;[32m200&amp#27;[39m &amp#27;[90m10 ms - 16&amp#27;[39m
&amp#27;[35m[HTTP]&amp#27;[39m &amp#27;[90m&amp#27;[39m
&amp#27;[35m[HTTP]&amp#27;[39m &amp#27;[37m-->&amp#27;[39m &amp#27;[37mGET&amp#27;[39m &amp#27;[37m/wd/hub/session/17588393-9eac-4cd9-9399-d342c6384ea7/context&amp#27;[39m
&amp#27;[35m[HTTP]&amp#27;[39m &amp#27;[90m{}&amp#27;[39m
[debug] &amp#27;[35m[W3C (17588393)]&amp#27;[39m Calling AppiumDriver.getCurrentContext() with args: ["17588393-9eac-4cd9-9399-d342c6384ea7"]
[debug] &amp#27;[35m[W3C (17588393)]&amp#27;[39m Responding to client with driver.getCurrentContext() result: "NATIVE_APP"
&amp#27;[35m[HTTP]&amp#27;[39m &amp#27;[37m<-- GET /wd/hub/session/17588393-9eac-4cd9-9399-d342c6384ea7/context &amp#27;[39m&amp#27;[32m200&amp#27;[39m &amp#27;[90m1 ms - 22&amp#27;[39m
&amp#27;[35m[HTTP]&amp#27;[39m &amp#27;[90m&amp#27;[39m
&amp#27;[35m[HTTP]&amp#27;[39m &amp#27;[37m-->&amp#27;[39m &amp#27;[37mPOST&amp#27;[39m &amp#27;[37m/wd/hub/session/17588393-9eac-4cd9-9399-d342c6384ea7/element&amp#27;[39m
&amp#27;[35m[HTTP]&amp#27;[39m &amp#27;[90m{"using":"id","value":"com.androidsample.generalstore:id/btnLetsShop"}&amp#27;[39m
[debug] &amp#27;[35m[W3C (17588393)]&amp#27;[39m Calling AppiumDriver.findElement() with args: ["id","com.androidsample.generalstore:id/btnLetsShop","17588393-9eac-4cd9-9399-d342c6384ea7"]
[debug] &amp#27;[35m[BaseDriver]&amp#27;[39m Valid locator strategies for this request: xpath, id, class name, accessibility id, -android uiautomator
[debug] &amp#27;[35m[BaseDriver]&amp#27;[39m Waiting up to 10000 ms for condition
[debug] &amp#27;[35m[WD Proxy]&amp#27;[39m Matched '/element' to command name 'findElement'
[debug] &amp#27;[35m[WD Proxy]&amp#27;[39m Proxying [POST /element] to [POST http://127.0.0.1:8200/wd/hub/session/91bae3ee-22d3-4f66-983f-d2a440c0f1db/element] with body: {"strategy":"id","selector":"com.androidsample.generalstore:id/btnLetsShop","context":"","multiple":false}
[debug] &amp#27;[35m[WD Proxy]&amp#27;[39m Got response with status 200: {"sessionId":"91bae3ee-22d3-4f66-983f-d2a440c0f1db","value":{"ELEMENT":"be64d9b8-b044-48be-834b-8be17daf0c4b","element-6066-11e4-a52e-4f735466cecf":"be64d9b8-b044-48be-834b-8be17daf0c4b"}}
[debug] &amp#27;[35m[W3C (17588393)]&amp#27;[39m Responding to client with driver.findElement() result: {"element-6066-11e4-a52e-4f735466cecf":"be64d9b8-b044-48be-834b-8be17daf0c4b","ELEMENT":"be64d9b8-b044-48be-834b-8be17daf0c4b"}
&amp#27;[35m[HTTP]&amp#27;[39m &amp#27;[37m<-- POST /wd/hub/session/17588393-9eac-4cd9-9399-d342c6384ea7/element &amp#27;[39m&amp#27;[32m200&amp#27;[39m &amp#27;[90m17 ms - 137&amp#27;[39m
&amp#27;[35m[HTTP]&amp#27;[39m &amp#27;[90m&amp#27;[39m
&amp#27;[35m[HTTP]&amp#27;[39m &amp#27;[37m-->&amp#27;[39m &amp#27;[37mPOST&amp#27;[39m &amp#27;[37m/wd/hub/session/17588393-9eac-4cd9-9399-d342c6384ea7/element/be64d9b8-b044-48be-834b-8be17daf0c4b/click&amp#27;[39m
&amp#27;[35m[HTTP]&amp#27;[39m &amp#27;[90m{"id":"be64d9b8-b044-48be-834b-8be17daf0c4b"}&amp#27;[39m
[debug] &amp#27;[35m[W3C (17588393)]&amp#27;[39m Calling AppiumDriver.click() with args: ["be64d9b8-b044-48be-834b-8be17daf0c4b","17588393-9eac-4cd9-9399-d342c6384ea7"]
[debug] &amp#27;[35m[WD Proxy]&amp#27;[39m Matched '/element/be64d9b8-b044-48be-834b-8be17daf0c4b/click' to command name 'click'
[debug] &amp#27;[35m[WD Proxy]&amp#27;[39m Proxying [POST /element/be64d9b8-b044-48be-834b-8be17daf0c4b/click] to [POST http://127.0.0.1:8200/wd/hub/session/91bae3ee-22d3-4f66-983f-d2a440c0f1db/element/be64d9b8-b044-48be-834b-8be17daf0c4b/click] with body: {"element":"be64d9b8-b044-48be-834b-8be17daf0c4b"}
[debug] &amp#27;[35m[WD Proxy]&amp#27;[39m Got response with status 200: {"sessionId":"91bae3ee-22d3-4f66-983f-d2a440c0f1db","value":null}
[debug] &amp#27;[35m[W3C (17588393)]&amp#27;[39m Responding to client with driver.click() result: null
&amp#27;[35m[HTTP]&amp#27;[39m &amp#27;[37m<-- POST /wd/hub/session/17588393-9eac-4cd9-9399-d342c6384ea7/element/be64d9b8-b044-48be-834b-8be17daf0c4b/click &amp#27;[39m&amp#27;[32m200&amp#27;[39m &amp#27;[90m25 ms - 14&amp#27;[39m
&amp#27;[35m[HTTP]&amp#27;[39m &amp#27;[90m&amp#27;[39m
&amp#27;[35m[HTTP]&amp#27;[39m &amp#27;[37m-->&amp#27;[39m &amp#27;[37mPOST&amp#27;[39m &amp#27;[37m/wd/hub/session/17588393-9eac-4cd9-9399-d342c6384ea7/appium/device/press_keycode&amp#27;[39m
&amp#27;[35m[HTTP]&amp#27;[39m &amp#27;[90m{"keycode":4}&amp#27;[39m
[debug] &amp#27;[35m[W3C (17588393)]&amp#27;[39m Calling AppiumDriver.pressKeyCode() with args: [4,null,null,null,null,"17588393-9eac-4cd9-9399-d342c6384ea7"]
[debug] &amp#27;[35m[WD Proxy]&amp#27;[39m Matched '/appium/device/press_keycode' to command name 'pressKeyCode'
[debug] &amp#27;[35m[WD Proxy]&amp#27;[39m Proxying [POST /appium/device/press_keycode] to [POST http://127.0.0.1:8200/wd/hub/session/91bae3ee-22d3-4f66-983f-d2a440c0f1db/appium/device/press_keycode] with body: {"keycode":4,"metastate":null,"flags":null}
[debug] &amp#27;[35m[WD Proxy]&amp#27;[39m Got response with status 200: {"sessionId":"91bae3ee-22d3-4f66-983f-d2a440c0f1db","value":null}
[debug] &amp#27;[35m[W3C (17588393)]&amp#27;[39m Responding to client with driver.pressKeyCode() result: null
&amp#27;[35m[HTTP]&amp#27;[39m &amp#27;[37m<-- POST /wd/hub/session/17588393-9eac-4cd9-9399-d342c6384ea7/appium/device/press_keycode &amp#27;[39m&amp#27;[32m200&amp#27;[39m &amp#27;[90m20 ms - 14&amp#27;[39m
&amp#27;[35m[HTTP]&amp#27;[39m &amp#27;[90m&amp#27;[39m
&amp#27;[35m[HTTP]&amp#27;[39m &amp#27;[37m-->&amp#27;[39m &amp#27;[37mGET&amp#27;[39m &amp#27;[37m/wd/hub/session/17588393-9eac-4cd9-9399-d342c6384ea7/context&amp#27;[39m
&amp#27;[35m[HTTP]&amp#27;[39m &amp#27;[90m{}&amp#27;[39m
[debug] &amp#27;[35m[W3C (17588393)]&amp#27;[39m Calling AppiumDriver.getCurrentContext() with args: ["17588393-9eac-4cd9-9399-d342c6384ea7"]
[debug] &amp#27;[35m[W3C (17588393)]&amp#27;[39m Responding to client with driver.getCurrentContext() result: "NATIVE_APP"
&amp#27;[35m[HTTP]&amp#27;[39m &amp#27;[37m<-- GET /wd/hub/session/17588393-9eac-4cd9-9399-d342c6384ea7/context &amp#27;[39m&amp#27;[32m200&amp#27;[39m &amp#27;[90m1 ms - 22&amp#27;[39m
&amp#27;[35m[HTTP]&amp#27;[39m &amp#27;[90m&amp#27;[39m
&amp#27;[35m[HTTP]&amp#27;[39m &amp#27;[37m-->&amp#27;[39m &amp#27;[37mPOST&amp#27;[39m &amp#27;[37m/wd/hub/session/17588393-9eac-4cd9-9399-d342c6384ea7/element&amp#27;[39m
&amp#27;[35m[HTTP]&amp#27;[39m &amp#27;[90m{"using":"class name","value":"android.widget.Spinner"}&amp#27;[39m
[debug] &amp#27;[35m[W3C (17588393)]&amp#27;[39m Calling AppiumDriver.findElement() with args: ["class name","android.widget.Spinner","17588393-9eac-4cd9-9399-d342c6384ea7"]
[debug] &amp#27;[35m[BaseDriver]&amp#27;[39m Valid locator strategies for this request: xpath, id, class name, accessibility id, -android uiautomator
[debug] &amp#27;[35m[BaseDriver]&amp#27;[39m Waiting up to 10000 ms for condition
[debug] &amp#27;[35m[WD Proxy]&amp#27;[39m Matched '/element' to command name 'findElement'
[debug] &amp#27;[35m[WD Proxy]&amp#27;[39m Proxying [POST /element] to [POST http://127.0.0.1:8200/wd/hub/session/91bae3ee-22d3-4f66-983f-d2a440c0f1db/element] with body: {"strategy":"class name","selector":"android.widget.Spinner","context":"","multiple":false}
[debug] &amp#27;[35m[WD Proxy]&amp#27;[39m Got response with status 200: {"sessionId":"91bae3ee-22d3-4f66-983f-d2a440c0f1db","value":{"ELEMENT":"fb24021a-b7c2-4a4b-92fb-534dfb2bda7f","element-6066-11e4-a52e-4f735466cecf":"fb24021a-b7c2-4a4b-92fb-534dfb2bda7f"}}
[debug] &amp#27;[35m[W3C (17588393)]&amp#27;[39m Responding to client with driver.findElement() result: {"element-6066-11e4-a52e-4f735466cecf":"fb24021a-b7c2-4a4b-92fb-534dfb2bda7f","ELEMENT":"fb24021a-b7c2-4a4b-92fb-534dfb2bda7f"}
&amp#27;[35m[HTTP]&amp#27;[39m &amp#27;[37m<-- POST /wd/hub/session/17588393-9eac-4cd9-9399-d342c6384ea7/element &amp#27;[39m&amp#27;[32m200&amp#27;[39m &amp#27;[90m14 ms - 137&amp#27;[39m
&amp#27;[35m[HTTP]&amp#27;[39m &amp#27;[90m&amp#27;[39m
&amp#27;[35m[HTTP]&amp#27;[39m &amp#27;[37m-->&amp#27;[39m &amp#27;[37mPOST&amp#27;[39m &amp#27;[37m/wd/hub/session/17588393-9eac-4cd9-9399-d342c6384ea7/element/fb24021a-b7c2-4a4b-92fb-534dfb2bda7f/click&amp#27;[39m
&amp#27;[35m[HTTP]&amp#27;[39m &amp#27;[90m{"id":"fb24021a-b7c2-4a4b-92fb-534dfb2bda7f"}&amp#27;[39m
[debug] &amp#27;[35m[W3C (17588393)]&amp#27;[39m Calling AppiumDriver.click() with args: ["fb24021a-b7c2-4a4b-92fb-534dfb2bda7f","17588393-9eac-4cd9-9399-d342c6384ea7"]
[debug] &amp#27;[35m[WD Proxy]&amp#27;[39m Matched '/element/fb24021a-b7c2-4a4b-92fb-534dfb2bda7f/click' to command name 'click'
[debug] &amp#27;[35m[WD Proxy]&amp#27;[39m Proxying [POST /element/fb24021a-b7c2-4a4b-92fb-534dfb2bda7f/click] to [POST http://127.0.0.1:8200/wd/hub/session/91bae3ee-22d3-4f66-983f-d2a440c0f1db/element/fb24021a-b7c2-4a4b-92fb-534dfb2bda7f/click] with body: {"element":"fb24021a-b7c2-4a4b-92fb-534dfb2bda7f"}
[debug] &amp#27;[35m[WD Proxy]&amp#27;[39m Got response with status 200: {"sessionId":"91bae3ee-22d3-4f66-983f-d2a440c0f1db","value":null}
[debug] &amp#27;[35m[W3C (17588393)]&amp#27;[39m Responding to client with driver.click() result: null
&amp#27;[35m[HTTP]&amp#27;[39m &amp#27;[37m<-- POST /wd/hub/session/17588393-9eac-4cd9-9399-d342c6384ea7/element/fb24021a-b7c2-4a4b-92fb-534dfb2bda7f/click &amp#27;[39m&amp#27;[32m200&amp#27;[39m &amp#27;[90m19 ms - 14&amp#27;[39m
&amp#27;[35m[HTTP]&amp#27;[39m &amp#27;[90m&amp#27;[39m
&amp#27;[35m[HTTP]&amp#27;[39m &amp#27;[37m-->&amp#27;[39m &amp#27;[37mPOST&amp#27;[39m &amp#27;[37m/wd/hub/session/17588393-9eac-4cd9-9399-d342c6384ea7/element&amp#27;[39m
&amp#27;[35m[HTTP]&amp#27;[39m &amp#27;[90m{"using":"-android uiautomator","value":"new UiScrollable(new UiSelector().scrollable(true)).scrollToBeginning(30)"}&amp#27;[39m
[debug] &amp#27;[35m[W3C (17588393)]&amp#27;[39m Calling AppiumDriver.findElement() with args: ["-android uiautomator","new UiScrollable(new UiSelector().scrollable(true)).scrollToBeginning(30)","17588393-9eac-4cd9-9399-d342c6384ea7"]
[debug] &amp#27;[35m[BaseDriver]&amp#27;[39m Valid locator strategies for this request: xpath, id, class name, accessibility id, -android uiautomator
[debug] &amp#27;[35m[BaseDriver]&amp#27;[39m Waiting up to 10000 ms for condition
[debug] &amp#27;[35m[WD Proxy]&amp#27;[39m Matched '/element' to command name 'findElement'
[debug] &amp#27;[35m[WD Proxy]&amp#27;[39m Proxying [POST /element] to [POST http://127.0.0.1:8200/wd/hub/session/91bae3ee-22d3-4f66-983f-d2a440c0f1db/element] with body: {"strategy":"-android uiautomator","selector":"new UiScrollable(new UiSelector().scrollable(true)).scrollToBeginning(30)","context":"","multiple":false}
[debug] &amp#27;[35m[WD Proxy]&amp#27;[39m Got response with status 200: {"sessionId":"91bae3ee-22d3-4f66-983f-d2a440c0f1db","value":{"ELEMENT":"e0a258ee-9965-415b-9489-0c17195d5ad3","element-6066-11e4-a52e-4f735466cecf":"e0a258ee-9965-415b-9489-0c17195d5ad3"}}
[debug] &amp#27;[35m[W3C (17588393)]&amp#27;[39m Responding to client with driver.findElement() result: {"element-6066-11e4-a52e-4f735466cecf":"e0a258ee-9965-415b-9489-0c17195d5ad3","ELEMENT":"e0a258ee-9965-415b-9489-0c17195d5ad3"}
&amp#27;[35m[HTTP]&amp#27;[39m &amp#27;[37m<-- POST /wd/hub/session/17588393-9eac-4cd9-9399-d342c6384ea7/element &amp#27;[39m&amp#27;[32m200&amp#27;[39m &amp#27;[90m3313 ms - 137&amp#27;[39m
&amp#27;[35m[HTTP]&amp#27;[39m &amp#27;[90m&amp#27;[39m
&amp#27;[35m[HTTP]&amp#27;[39m &amp#27;[37m-->&amp#27;[39m &amp#27;[37mPOST&amp#27;[39m &amp#27;[37m/wd/hub/session/17588393-9eac-4cd9-9399-d342c6384ea7/element&amp#27;[39m
&amp#27;[35m[HTTP]&amp#27;[39m &amp#27;[90m{"using":"-android uiautomator","value":"new UiScrollable(new UiSelector()).setMaxSearchSwipes(100).scrollIntoView(new UiSelector().textMatches(\"Afghanistan\"))"}&amp#27;[39m
[debug] &amp#27;[35m[W3C (17588393)]&amp#27;[39m Calling AppiumDriver.findElement() with args: ["-android uiautomator","new UiScrollable(new UiSelector()).setMaxSearchSwipes(100).scrollIntoView(new UiSelector().textMatches(\"Afghanistan\"))","17588393-9eac-4cd9-9399-d342c6384ea7"]
[debug] &amp#27;[35m[BaseDriver]&amp#27;[39m Valid locator strategies for this request: xpath, id, class name, accessibility id, -android uiautomator
[debug] &amp#27;[35m[BaseDriver]&amp#27;[39m Waiting up to 10000 ms for condition
[debug] &amp#27;[35m[WD Proxy]&amp#27;[39m Matched '/element' to command name 'findElement'
[debug] &amp#27;[35m[WD Proxy]&amp#27;[39m Proxying [POST /element] to [POST http://127.0.0.1:8200/wd/hub/session/91bae3ee-22d3-4f66-983f-d2a440c0f1db/element] with body: {"strategy":"-android uiautomator","selector":"new UiScrollable(new UiSelector()).setMaxSearchSwipes(100).scrollIntoView(new UiSelector().textMatches(\"Afghanistan\"))","context":"","multiple":false}
[debug] &amp#27;[35m[WD Proxy]&amp#27;[39m Got response with status 200: {"sessionId":"91bae3ee-22d3-4f66-983f-d2a440c0f1db","value":{"ELEMENT":"ed8f5860-5d75-4d8e-acf8-69e4d67b0579","element-6066-11e4-a52e-4f735466cecf":"ed8f5860-5d75-4d8e-acf8-69e4d67b0579"}}
[debug] &amp#27;[35m[W3C (17588393)]&amp#27;[39m Responding to client with driver.findElement() result: {"element-6066-11e4-a52e-4f735466cecf":"ed8f5860-5d75-4d8e-acf8-69e4d67b0579","ELEMENT":"ed8f5860-5d75-4d8e-acf8-69e4d67b0579"}
&amp#27;[35m[HTTP]&amp#27;[39m &amp#27;[37m<-- POST /wd/hub/session/17588393-9eac-4cd9-9399-d342c6384ea7/element &amp#27;[39m&amp#27;[32m200&amp#27;[39m &amp#27;[90m50 ms - 137&amp#27;[39m
&amp#27;[35m[HTTP]&amp#27;[39m &amp#27;[90m&amp#27;[39m
&amp#27;[35m[HTTP]&amp#27;[39m &amp#27;[37m-->&amp#27;[39m &amp#27;[37mPOST&amp#27;[39m &amp#27;[37m/wd/hub/session/17588393-9eac-4cd9-9399-d342c6384ea7/element&amp#27;[39m
&amp#27;[35m[HTTP]&amp#27;[39m &amp#27;[90m{"using":"xpath","value":"//*[@text=\"Afghanistan\"]"}&amp#27;[39m
[debug] &amp#27;[35m[W3C (17588393)]&amp#27;[39m Calling AppiumDriver.findElement() with args: ["xpath","//*[@text=\"Afghanistan\"]","17588393-9eac-4cd9-9399-d342c6384ea7"]
[debug] &amp#27;[35m[BaseDriver]&amp#27;[39m Valid locator strategies for this request: xpath, id, class name, accessibility id, -android uiautomator
[debug] &amp#27;[35m[BaseDriver]&amp#27;[39m Waiting up to 10000 ms for condition
[debug] &amp#27;[35m[WD Proxy]&amp#27;[39m Matched '/element' to command name 'findElement'
[debug] &amp#27;[35m[WD Proxy]&amp#27;[39m Proxying [POST /element] to [POST http://127.0.0.1:8200/wd/hub/session/91bae3ee-22d3-4f66-983f-d2a440c0f1db/element] with body: {"strategy":"xpath","selector":"//*[@text=\"Afghanistan\"]","context":"","multiple":false}
[debug] &amp#27;[35m[WD Proxy]&amp#27;[39m Got response with status 200: {"sessionId":"91bae3ee-22d3-4f66-983f-d2a440c0f1db","value":{"ELEMENT":"f80676e9-a56e-4657-9eee-c2f133f7c1ca","element-6066-11e4-a52e-4f735466cecf":"f80676e9-a56e-4657-9eee-c2f133f7c1ca"}}
[debug] &amp#27;[35m[W3C (17588393)]&amp#27;[39m Responding to client with driver.findElement() result: {"element-6066-11e4-a52e-4f735466cecf":"f80676e9-a56e-4657-9eee-c2f133f7c1ca","ELEMENT":"f80676e9-a56e-4657-9eee-c2f133f7c1ca"}
&amp#27;[35m[HTTP]&amp#27;[39m &amp#27;[37m<-- POST /wd/hub/session/17588393-9eac-4cd9-9399-d342c6384ea7/element &amp#27;[39m&amp#27;[32m200&amp#27;[39m &amp#27;[90m57 ms - 137&amp#27;[39m
&amp#27;[35m[HTTP]&amp#27;[39m &amp#27;[90m&amp#27;[39m
&amp#27;[35m[HTTP]&amp#27;[39m &amp#27;[37m-->&amp#27;[39m &amp#27;[37mPOST&amp#27;[39m &amp#27;[37m/wd/hub/session/17588393-9eac-4cd9-9399-d342c6384ea7/element/f80676e9-a56e-4657-9eee-c2f133f7c1ca/click&amp#27;[39m
&amp#27;[35m[HTTP]&amp#27;[39m &amp#27;[90m{"id":"f80676e9-a56e-4657-9eee-c2f133f7c1ca"}&amp#27;[39m
[debug] &amp#27;[35m[W3C (17588393)]&amp#27;[39m Calling AppiumDriver.click() with args: ["f80676e9-a56e-4657-9eee-c2f133f7c1ca","17588393-9eac-4cd9-9399-d342c6384ea7"]
[debug] &amp#27;[35m[WD Proxy]&amp#27;[39m Matched '/element/f80676e9-a56e-4657-9eee-c2f133f7c1ca/click' to command name 'click'
[debug] &amp#27;[35m[WD Proxy]&amp#27;[39m Proxying [POST /element/f80676e9-a56e-4657-9eee-c2f133f7c1ca/click] to [POST http://127.0.0.1:8200/wd/hub/session/91bae3ee-22d3-4f66-983f-d2a440c0f1db/element/f80676e9-a56e-4657-9eee-c2f133f7c1ca/click] with body: {"element":"f80676e9-a56e-4657-9eee-c2f133f7c1ca"}
[debug] &amp#27;[35m[WD Proxy]&amp#27;[39m Got response with status 200: {"sessionId":"91bae3ee-22d3-4f66-983f-d2a440c0f1db","value":null}
[debug] &amp#27;[35m[W3C (17588393)]&amp#27;[39m Responding to client with driver.click() result: null
&amp#27;[35m[HTTP]&amp#27;[39m &amp#27;[37m<-- POST /wd/hub/session/17588393-9eac-4cd9-9399-d342c6384ea7/element/f80676e9-a56e-4657-9eee-c2f133f7c1ca/click &amp#27;[39m&amp#27;[32m200&amp#27;[39m &amp#27;[90m646 ms - 14&amp#27;[39m
&amp#27;[35m[HTTP]&amp#27;[39m &amp#27;[90m&amp#27;[39m
&amp#27;[35m[HTTP]&amp#27;[39m &amp#27;[37m-->&amp#27;[39m &amp#27;[37mGET&amp#27;[39m &amp#27;[37m/wd/hub/session/17588393-9eac-4cd9-9399-d342c6384ea7/context&amp#27;[39m
&amp#27;[35m[HTTP]&amp#27;[39m &amp#27;[90m{}&amp#27;[39m
[debug] &amp#27;[35m[W3C (17588393)]&amp#27;[39m Calling AppiumDriver.getCurrentContext() with args: ["17588393-9eac-4cd9-9399-d342c6384ea7"]
[debug] &amp#27;[35m[W3C (17588393)]&amp#27;[39m Responding to client with driver.getCurrentContext() result: "NATIVE_APP"
&amp#27;[35m[HTTP]&amp#27;[39m &amp#27;[37m<-- GET /wd/hub/session/17588393-9eac-4cd9-9399-d342c6384ea7/context &amp#27;[39m&amp#27;[32m200&amp#27;[39m &amp#27;[90m1 ms - 22&amp#27;[39m
&amp#27;[35m[HTTP]&amp#27;[39m &amp#27;[90m&amp#27;[39m
&amp#27;[35m[HTTP]&amp#27;[39m &amp#27;[37m-->&amp#27;[39m &amp#27;[37mPOST&amp#27;[39m &amp#27;[37m/wd/hub/session/17588393-9eac-4cd9-9399-d342c6384ea7/element&amp#27;[39m
&amp#27;[35m[HTTP]&amp#27;[39m &amp#27;[90m{"using":"id","value":"com.androidsample.generalstore:id/nameField"}&amp#27;[39m
[debug] &amp#27;[35m[W3C (17588393)]&amp#27;[39m Calling AppiumDriver.findElement() with args: ["id","com.androidsample.generalstore:id/nameField","17588393-9eac-4cd9-9399-d342c6384ea7"]
[debug] &amp#27;[35m[BaseDriver]&amp#27;[39m Valid locator strategies for this request: xpath, id, class name, accessibility id, -android uiautomator
[debug] &amp#27;[35m[BaseDriver]&amp#27;[39m Waiting up to 10000 ms for condition
[debug] &amp#27;[35m[WD Proxy]&amp#27;[39m Matched '/element' to command name 'findElement'
[debug] &amp#27;[35m[WD Proxy]&amp#27;[39m Proxying [POST /element] to [POST http://127.0.0.1:8200/wd/hub/session/91bae3ee-22d3-4f66-983f-d2a440c0f1db/element] with body: {"strategy":"id","selector":"com.androidsample.generalstore:id/nameField","context":"","multiple":false}
[debug] &amp#27;[35m[WD Proxy]&amp#27;[39m Got response with status 200: {"sessionId":"91bae3ee-22d3-4f66-983f-d2a440c0f1db","value":{"ELEMENT":"048b2a8f-30f2-43ab-b31a-e67535d1fa4b","element-6066-11e4-a52e-4f735466cecf":"048b2a8f-30f2-43ab-b31a-e67535d1fa4b"}}
[debug] &amp#27;[35m[W3C (17588393)]&amp#27;[39m Responding to client with driver.findElement() result: {"element-6066-11e4-a52e-4f735466cecf":"048b2a8f-30f2-43ab-b31a-e67535d1fa4b","ELEMENT":"048b2a8f-30f2-43ab-b31a-e67535d1fa4b"}
&amp#27;[35m[HTTP]&amp#27;[39m &amp#27;[37m<-- POST /wd/hub/session/17588393-9eac-4cd9-9399-d342c6384ea7/element &amp#27;[39m&amp#27;[32m200&amp#27;[39m &amp#27;[90m14 ms - 137&amp#27;[39m
&amp#27;[35m[HTTP]&amp#27;[39m &amp#27;[90m&amp#27;[39m
&amp#27;[35m[HTTP]&amp#27;[39m &amp#27;[37m-->&amp#27;[39m &amp#27;[37mPOST&amp#27;[39m &amp#27;[37m/wd/hub/session/17588393-9eac-4cd9-9399-d342c6384ea7/element/048b2a8f-30f2-43ab-b31a-e67535d1fa4b/clear&amp#27;[39m
&amp#27;[35m[HTTP]&amp#27;[39m &amp#27;[90m{"id":"048b2a8f-30f2-43ab-b31a-e67535d1fa4b"}&amp#27;[39m
[debug] &amp#27;[35m[W3C (17588393)]&amp#27;[39m Calling AppiumDriver.clear() with args: ["048b2a8f-30f2-43ab-b31a-e67535d1fa4b","17588393-9eac-4cd9-9399-d342c6384ea7"]
[debug] &amp#27;[35m[WD Proxy]&amp#27;[39m Matched '/element/048b2a8f-30f2-43ab-b31a-e67535d1fa4b/clear' to command name 'clear'
[debug] &amp#27;[35m[WD Proxy]&amp#27;[39m Proxying [POST /element/048b2a8f-30f2-43ab-b31a-e67535d1fa4b/clear] to [POST http://127.0.0.1:8200/wd/hub/session/91bae3ee-22d3-4f66-983f-d2a440c0f1db/element/048b2a8f-30f2-43ab-b31a-e67535d1fa4b/clear] with body: {"elementId":"048b2a8f-30f2-43ab-b31a-e67535d1fa4b"}
[debug] &amp#27;[35m[WD Proxy]&amp#27;[39m Got response with status 200: {"sessionId":"91bae3ee-22d3-4f66-983f-d2a440c0f1db","value":null}
[debug] &amp#27;[35m[W3C (17588393)]&amp#27;[39m Responding to client with driver.clear() result: null
&amp#27;[35m[HTTP]&amp#27;[39m &amp#27;[37m<-- POST /wd/hub/session/17588393-9eac-4cd9-9399-d342c6384ea7/element/048b2a8f-30f2-43ab-b31a-e67535d1fa4b/clear &amp#27;[39m&amp#27;[32m200&amp#27;[39m &amp#27;[90m16 ms - 14&amp#27;[39m
&amp#27;[35m[HTTP]&amp#27;[39m &amp#27;[90m&amp#27;[39m
&amp#27;[35m[HTTP]&amp#27;[39m &amp#27;[37m-->&amp#27;[39m &amp#27;[37mGET&amp#27;[39m &amp#27;[37m/wd/hub/session/17588393-9eac-4cd9-9399-d342c6384ea7/context&amp#27;[39m
&amp#27;[35m[HTTP]&amp#27;[39m &amp#27;[90m{}&amp#27;[39m
[debug] &amp#27;[35m[W3C (17588393)]&amp#27;[39m Calling AppiumDriver.getCurrentContext() with args: ["17588393-9eac-4cd9-9399-d342c6384ea7"]
[debug] &amp#27;[35m[W3C (17588393)]&amp#27;[39m Responding to client with driver.getCurrentContext() result: "NATIVE_APP"
&amp#27;[35m[HTTP]&amp#27;[39m &amp#27;[37m<-- GET /wd/hub/session/17588393-9eac-4cd9-9399-d342c6384ea7/context &amp#27;[39m&amp#27;[32m200&amp#27;[39m &amp#27;[90m1 ms - 22&amp#27;[39m
&amp#27;[35m[HTTP]&amp#27;[39m &amp#27;[90m&amp#27;[39m
&amp#27;[35m[HTTP]&amp#27;[39m &amp#27;[37m-->&amp#27;[39m &amp#27;[37mPOST&amp#27;[39m &amp#27;[37m/wd/hub/session/17588393-9eac-4cd9-9399-d342c6384ea7/element&amp#27;[39m
&amp#27;[35m[HTTP]&amp#27;[39m &amp#27;[90m{"using":"id","value":"com.androidsample.generalstore:id/radioMale"}&amp#27;[39m
[debug] &amp#27;[35m[W3C (17588393)]&amp#27;[39m Calling AppiumDriver.findElement() with args: ["id","com.androidsample.generalstore:id/radioMale","17588393-9eac-4cd9-9399-d342c6384ea7"]
[debug] &amp#27;[35m[BaseDriver]&amp#27;[39m Valid locator strategies for this request: xpath, id, class name, accessibility id, -android uiautomator
[debug] &amp#27;[35m[BaseDriver]&amp#27;[39m Waiting up to 10000 ms for condition
[debug] &amp#27;[35m[WD Proxy]&amp#27;[39m Matched '/element' to command name 'findElement'
[debug] &amp#27;[35m[WD Proxy]&amp#27;[39m Proxying [POST /element] to [POST http://127.0.0.1:8200/wd/hub/session/91bae3ee-22d3-4f66-983f-d2a440c0f1db/element] with body: {"strategy":"id","selector":"com.androidsample.generalstore:id/radioMale","context":"","multiple":false}
[debug] &amp#27;[35m[WD Proxy]&amp#27;[39m Got response with status 200: {"sessionId":"91bae3ee-22d3-4f66-983f-d2a440c0f1db","value":{"ELEMENT":"a396cadb-907f-4589-9935-fc087b9daac7","element-6066-11e4-a52e-4f735466cecf":"a396cadb-907f-4589-9935-fc087b9daac7"}}
[debug] &amp#27;[35m[W3C (17588393)]&amp#27;[39m Responding to client with driver.findElement() result: {"element-6066-11e4-a52e-4f735466cecf":"a396cadb-907f-4589-9935-fc087b9daac7","ELEMENT":"a396cadb-907f-4589-9935-fc087b9daac7"}
&amp#27;[35m[HTTP]&amp#27;[39m &amp#27;[37m<-- POST /wd/hub/session/17588393-9eac-4cd9-9399-d342c6384ea7/element &amp#27;[39m&amp#27;[32m200&amp#27;[39m &amp#27;[90m501 ms - 137&amp#27;[39m
&amp#27;[35m[HTTP]&amp#27;[39m &amp#27;[90m&amp#27;[39m
&amp#27;[35m[HTTP]&amp#27;[39m &amp#27;[37m-->&amp#27;[39m &amp#27;[37mPOST&amp#27;[39m &amp#27;[37m/wd/hub/session/17588393-9eac-4cd9-9399-d342c6384ea7/element/a396cadb-907f-4589-9935-fc087b9daac7/click&amp#27;[39m
&amp#27;[35m[HTTP]&amp#27;[39m &amp#27;[90m{"id":"a396cadb-907f-4589-9935-fc087b9daac7"}&amp#27;[39m
[debug] &amp#27;[35m[W3C (17588393)]&amp#27;[39m Calling AppiumDriver.click() with args: ["a396cadb-907f-4589-9935-fc087b9daac7","17588393-9eac-4cd9-9399-d342c6384ea7"]
[debug] &amp#27;[35m[WD Proxy]&amp#27;[39m Matched '/element/a396cadb-907f-4589-9935-fc087b9daac7/click' to command name 'click'
[debug] &amp#27;[35m[WD Proxy]&amp#27;[39m Proxying [POST /element/a396cadb-907f-4589-9935-fc087b9daac7/click] to [POST http://127.0.0.1:8200/wd/hub/session/91bae3ee-22d3-4f66-983f-d2a440c0f1db/element/a396cadb-907f-4589-9935-fc087b9daac7/click] with body: {"element":"a396cadb-907f-4589-9935-fc087b9daac7"}
[debug] &amp#27;[35m[WD Proxy]&amp#27;[39m Got response with status 200: {"sessionId":"91bae3ee-22d3-4f66-983f-d2a440c0f1db","value":null}
[debug] &amp#27;[35m[W3C (17588393)]&amp#27;[39m Responding to client with driver.click() result: null
&amp#27;[35m[HTTP]&amp#27;[39m &amp#27;[37m<-- POST /wd/hub/session/17588393-9eac-4cd9-9399-d342c6384ea7/element/a396cadb-907f-4589-9935-fc087b9daac7/click &amp#27;[39m&amp#27;[32m200&amp#27;[39m &amp#27;[90m20 ms - 14&amp#27;[39m
&amp#27;[35m[HTTP]&amp#27;[39m &amp#27;[90m&amp#27;[39m
]]></system-out>
  </testcase>
  <testcase name="mySQL_Test[Barbados, Jungle Yung, Female](2)" classname="test.AppiumFramework.CustLoginTest" time="20.7">
    <system-out><![CDATA[&amp#27;[35m[HTTP]&amp#27;[39m &amp#27;[37m-->&amp#27;[39m &amp#27;[37mGET&amp#27;[39m &amp#27;[37m/wd/hub/session/17588393-9eac-4cd9-9399-d342c6384ea7/context&amp#27;[39m
&amp#27;[35m[HTTP]&amp#27;[39m &amp#27;[90m{}&amp#27;[39m
[debug] &amp#27;[35m[W3C (17588393)]&amp#27;[39m Calling AppiumDriver.getCurrentContext() with args: ["17588393-9eac-4cd9-9399-d342c6384ea7"]
[debug] &amp#27;[35m[W3C (17588393)]&amp#27;[39m Responding to client with driver.getCurrentContext() result: "NATIVE_APP"
&amp#27;[35m[HTTP]&amp#27;[39m &amp#27;[37m<-- GET /wd/hub/session/17588393-9eac-4cd9-9399-d342c6384ea7/context &amp#27;[39m&amp#27;[32m200&amp#27;[39m &amp#27;[90m1 ms - 22&amp#27;[39m
&amp#27;[35m[HTTP]&amp#27;[39m &amp#27;[90m&amp#27;[39m
&amp#27;[35m[HTTP]&amp#27;[39m &amp#27;[37m-->&amp#27;[39m &amp#27;[37mPOST&amp#27;[39m &amp#27;[37m/wd/hub/session/17588393-9eac-4cd9-9399-d342c6384ea7/element&amp#27;[39m
&amp#27;[35m[HTTP]&amp#27;[39m &amp#27;[90m{"using":"class name","value":"android.widget.Spinner"}&amp#27;[39m
[debug] &amp#27;[35m[W3C (17588393)]&amp#27;[39m Calling AppiumDriver.findElement() with args: ["class name","android.widget.Spinner","17588393-9eac-4cd9-9399-d342c6384ea7"]
[debug] &amp#27;[35m[BaseDriver]&amp#27;[39m Valid locator strategies for this request: xpath, id, class name, accessibility id, -android uiautomator
[debug] &amp#27;[35m[BaseDriver]&amp#27;[39m Waiting up to 10000 ms for condition
[debug] &amp#27;[35m[WD Proxy]&amp#27;[39m Matched '/element' to command name 'findElement'
[debug] &amp#27;[35m[WD Proxy]&amp#27;[39m Proxying [POST /element] to [POST http://127.0.0.1:8200/wd/hub/session/91bae3ee-22d3-4f66-983f-d2a440c0f1db/element] with body: {"strategy":"class name","selector":"android.widget.Spinner","context":"","multiple":false}
[debug] &amp#27;[35m[WD Proxy]&amp#27;[39m Got response with status 200: {"sessionId":"91bae3ee-22d3-4f66-983f-d2a440c0f1db","value":{"ELEMENT":"73a4b3ba-48c5-4313-b2fd-eb75959413fc","element-6066-11e4-a52e-4f735466cecf":"73a4b3ba-48c5-4313-b2fd-eb75959413fc"}}
[debug] &amp#27;[35m[W3C (17588393)]&amp#27;[39m Responding to client with driver.findElement() result: {"element-6066-11e4-a52e-4f735466cecf":"73a4b3ba-48c5-4313-b2fd-eb75959413fc","ELEMENT":"73a4b3ba-48c5-4313-b2fd-eb75959413fc"}
&amp#27;[35m[HTTP]&amp#27;[39m &amp#27;[37m<-- POST /wd/hub/session/17588393-9eac-4cd9-9399-d342c6384ea7/element &amp#27;[39m&amp#27;[32m200&amp#27;[39m &amp#27;[90m14 ms - 137&amp#27;[39m
&amp#27;[35m[HTTP]&amp#27;[39m &amp#27;[90m&amp#27;[39m
&amp#27;[35m[HTTP]&amp#27;[39m &amp#27;[37m-->&amp#27;[39m &amp#27;[37mPOST&amp#27;[39m &amp#27;[37m/wd/hub/session/17588393-9eac-4cd9-9399-d342c6384ea7/element/73a4b3ba-48c5-4313-b2fd-eb75959413fc/click&amp#27;[39m
&amp#27;[35m[HTTP]&amp#27;[39m &amp#27;[90m{"id":"73a4b3ba-48c5-4313-b2fd-eb75959413fc"}&amp#27;[39m
[debug] &amp#27;[35m[W3C (17588393)]&amp#27;[39m Calling AppiumDriver.click() with args: ["73a4b3ba-48c5-4313-b2fd-eb75959413fc","17588393-9eac-4cd9-9399-d342c6384ea7"]
[debug] &amp#27;[35m[WD Proxy]&amp#27;[39m Matched '/element/73a4b3ba-48c5-4313-b2fd-eb75959413fc/click' to command name 'click'
[debug] &amp#27;[35m[WD Proxy]&amp#27;[39m Proxying [POST /element/73a4b3ba-48c5-4313-b2fd-eb75959413fc/click] to [POST http://127.0.0.1:8200/wd/hub/session/91bae3ee-22d3-4f66-983f-d2a440c0f1db/element/73a4b3ba-48c5-4313-b2fd-eb75959413fc/click] with body: {"element":"73a4b3ba-48c5-4313-b2fd-eb75959413fc"}
[debug] &amp#27;[35m[WD Proxy]&amp#27;[39m Got response with status 200: {"sessionId":"91bae3ee-22d3-4f66-983f-d2a440c0f1db","value":null}
[debug] &amp#27;[35m[W3C (17588393)]&amp#27;[39m Responding to client with driver.click() result: null
&amp#27;[35m[HTTP]&amp#27;[39m &amp#27;[37m<-- POST /wd/hub/session/17588393-9eac-4cd9-9399-d342c6384ea7/element/73a4b3ba-48c5-4313-b2fd-eb75959413fc/click &amp#27;[39m&amp#27;[32m200&amp#27;[39m &amp#27;[90m504 ms - 14&amp#27;[39m
&amp#27;[35m[HTTP]&amp#27;[39m &amp#27;[90m&amp#27;[39m
&amp#27;[35m[HTTP]&amp#27;[39m &amp#27;[37m-->&amp#27;[39m &amp#27;[37mPOST&amp#27;[39m &amp#27;[37m/wd/hub/session/17588393-9eac-4cd9-9399-d342c6384ea7/element&amp#27;[39m
&amp#27;[35m[HTTP]&amp#27;[39m &amp#27;[90m{"using":"-android uiautomator","value":"new UiScrollable(new UiSelector()).setMaxSearchSwipes(100).scrollIntoView(new UiSelector().textMatches(\"Barbados\"))"}&amp#27;[39m
[debug] &amp#27;[35m[W3C (17588393)]&amp#27;[39m Calling AppiumDriver.findElement() with args: ["-android uiautomator","new UiScrollable(new UiSelector()).setMaxSearchSwipes(100).scrollIntoView(new UiSelector().textMatches(\"Barbados\"))","17588393-9eac-4cd9-9399-d342c6384ea7"]
[debug] &amp#27;[35m[BaseDriver]&amp#27;[39m Valid locator strategies for this request: xpath, id, class name, accessibility id, -android uiautomator
[debug] &amp#27;[35m[BaseDriver]&amp#27;[39m Waiting up to 10000 ms for condition
[debug] &amp#27;[35m[WD Proxy]&amp#27;[39m Matched '/element' to command name 'findElement'
[debug] &amp#27;[35m[WD Proxy]&amp#27;[39m Proxying [POST /element] to [POST http://127.0.0.1:8200/wd/hub/session/91bae3ee-22d3-4f66-983f-d2a440c0f1db/element] with body: {"strategy":"-android uiautomator","selector":"new UiScrollable(new UiSelector()).setMaxSearchSwipes(100).scrollIntoView(new UiSelector().textMatches(\"Barbados\"))","context":"","multiple":false}
[debug] &amp#27;[35m[WD Proxy]&amp#27;[39m Got response with status 200: {"sessionId":"91bae3ee-22d3-4f66-983f-d2a440c0f1db","value":{"ELEMENT":"5c75671e-7ae1-4be9-9020-220b89dc1ede","element-6066-11e4-a52e-4f735466cecf":"5c75671e-7ae1-4be9-9020-220b89dc1ede"}}
[debug] &amp#27;[35m[W3C (17588393)]&amp#27;[39m Responding to client with driver.findElement() result: {"element-6066-11e4-a52e-4f735466cecf":"5c75671e-7ae1-4be9-9020-220b89dc1ede","ELEMENT":"5c75671e-7ae1-4be9-9020-220b89dc1ede"}
&amp#27;[35m[HTTP]&amp#27;[39m &amp#27;[37m<-- POST /wd/hub/session/17588393-9eac-4cd9-9399-d342c6384ea7/element &amp#27;[39m&amp#27;[32m200&amp#27;[39m &amp#27;[90m5827 ms - 137&amp#27;[39m
&amp#27;[35m[HTTP]&amp#27;[39m &amp#27;[90m&amp#27;[39m
&amp#27;[35m[HTTP]&amp#27;[39m &amp#27;[37m-->&amp#27;[39m &amp#27;[37mPOST&amp#27;[39m &amp#27;[37m/wd/hub/session/17588393-9eac-4cd9-9399-d342c6384ea7/element&amp#27;[39m
&amp#27;[35m[HTTP]&amp#27;[39m &amp#27;[90m{"using":"xpath","value":"//*[@text=\"Barbados\"]"}&amp#27;[39m
[debug] &amp#27;[35m[W3C (17588393)]&amp#27;[39m Calling AppiumDriver.findElement() with args: ["xpath","//*[@text=\"Barbados\"]","17588393-9eac-4cd9-9399-d342c6384ea7"]
[debug] &amp#27;[35m[BaseDriver]&amp#27;[39m Valid locator strategies for this request: xpath, id, class name, accessibility id, -android uiautomator
[debug] &amp#27;[35m[BaseDriver]&amp#27;[39m Waiting up to 10000 ms for condition
[debug] &amp#27;[35m[WD Proxy]&amp#27;[39m Matched '/element' to command name 'findElement'
[debug] &amp#27;[35m[WD Proxy]&amp#27;[39m Proxying [POST /element] to [POST http://127.0.0.1:8200/wd/hub/session/91bae3ee-22d3-4f66-983f-d2a440c0f1db/element] with body: {"strategy":"xpath","selector":"//*[@text=\"Barbados\"]","context":"","multiple":false}
[debug] &amp#27;[35m[WD Proxy]&amp#27;[39m Got response with status 200: {"sessionId":"91bae3ee-22d3-4f66-983f-d2a440c0f1db","value":{"ELEMENT":"ea99d3ee-0caf-400e-8f27-1e2821852dcd","element-6066-11e4-a52e-4f735466cecf":"ea99d3ee-0caf-400e-8f27-1e2821852dcd"}}
[debug] &amp#27;[35m[W3C (17588393)]&amp#27;[39m Responding to client with driver.findElement() result: {"element-6066-11e4-a52e-4f735466cecf":"ea99d3ee-0caf-400e-8f27-1e2821852dcd","ELEMENT":"ea99d3ee-0caf-400e-8f27-1e2821852dcd"}
&amp#27;[35m[HTTP]&amp#27;[39m &amp#27;[37m<-- POST /wd/hub/session/17588393-9eac-4cd9-9399-d342c6384ea7/element &amp#27;[39m&amp#27;[32m200&amp#27;[39m &amp#27;[90m52 ms - 137&amp#27;[39m
&amp#27;[35m[HTTP]&amp#27;[39m &amp#27;[90m&amp#27;[39m
&amp#27;[35m[HTTP]&amp#27;[39m &amp#27;[37m-->&amp#27;[39m &amp#27;[37mPOST&amp#27;[39m &amp#27;[37m/wd/hub/session/17588393-9eac-4cd9-9399-d342c6384ea7/element/ea99d3ee-0caf-400e-8f27-1e2821852dcd/click&amp#27;[39m
&amp#27;[35m[HTTP]&amp#27;[39m &amp#27;[90m{"id":"ea99d3ee-0caf-400e-8f27-1e2821852dcd"}&amp#27;[39m
[debug] &amp#27;[35m[W3C (17588393)]&amp#27;[39m Calling AppiumDriver.click() with args: ["ea99d3ee-0caf-400e-8f27-1e2821852dcd","17588393-9eac-4cd9-9399-d342c6384ea7"]
[debug] &amp#27;[35m[WD Proxy]&amp#27;[39m Matched '/element/ea99d3ee-0caf-400e-8f27-1e2821852dcd/click' to command name 'click'
[debug] &amp#27;[35m[WD Proxy]&amp#27;[39m Proxying [POST /element/ea99d3ee-0caf-400e-8f27-1e2821852dcd/click] to [POST http://127.0.0.1:8200/wd/hub/session/91bae3ee-22d3-4f66-983f-d2a440c0f1db/element/ea99d3ee-0caf-400e-8f27-1e2821852dcd/click] with body: {"element":"ea99d3ee-0caf-400e-8f27-1e2821852dcd"}
[debug] &amp#27;[35m[WD Proxy]&amp#27;[39m Got response with status 200: {"sessionId":"91bae3ee-22d3-4f66-983f-d2a440c0f1db","value":null}
[debug] &amp#27;[35m[W3C (17588393)]&amp#27;[39m Responding to client with driver.click() result: null
&amp#27;[35m[HTTP]&amp#27;[39m &amp#27;[37m<-- POST /wd/hub/session/17588393-9eac-4cd9-9399-d342c6384ea7/element/ea99d3ee-0caf-400e-8f27-1e2821852dcd/click &amp#27;[39m&amp#27;[32m200&amp#27;[39m &amp#27;[90m647 ms - 14&amp#27;[39m
&amp#27;[35m[HTTP]&amp#27;[39m &amp#27;[90m&amp#27;[39m
&amp#27;[35m[HTTP]&amp#27;[39m &amp#27;[37m-->&amp#27;[39m &amp#27;[37mGET&amp#27;[39m &amp#27;[37m/wd/hub/session/17588393-9eac-4cd9-9399-d342c6384ea7/context&amp#27;[39m
&amp#27;[35m[HTTP]&amp#27;[39m &amp#27;[90m{}&amp#27;[39m
[debug] &amp#27;[35m[W3C (17588393)]&amp#27;[39m Calling AppiumDriver.getCurrentContext() with args: ["17588393-9eac-4cd9-9399-d342c6384ea7"]
[debug] &amp#27;[35m[W3C (17588393)]&amp#27;[39m Responding to client with driver.getCurrentContext() result: "NATIVE_APP"
&amp#27;[35m[HTTP]&amp#27;[39m &amp#27;[37m<-- GET /wd/hub/session/17588393-9eac-4cd9-9399-d342c6384ea7/context &amp#27;[39m&amp#27;[32m200&amp#27;[39m &amp#27;[90m1 ms - 22&amp#27;[39m
&amp#27;[35m[HTTP]&amp#27;[39m &amp#27;[90m&amp#27;[39m
&amp#27;[35m[HTTP]&amp#27;[39m &amp#27;[37m-->&amp#27;[39m &amp#27;[37mPOST&amp#27;[39m &amp#27;[37m/wd/hub/session/17588393-9eac-4cd9-9399-d342c6384ea7/element&amp#27;[39m
&amp#27;[35m[HTTP]&amp#27;[39m &amp#27;[90m{"using":"id","value":"android:id/text1"}&amp#27;[39m
[debug] &amp#27;[35m[W3C (17588393)]&amp#27;[39m Calling AppiumDriver.findElement() with args: ["id","android:id/text1","17588393-9eac-4cd9-9399-d342c6384ea7"]
[debug] &amp#27;[35m[BaseDriver]&amp#27;[39m Valid locator strategies for this request: xpath, id, class name, accessibility id, -android uiautomator
[debug] &amp#27;[35m[BaseDriver]&amp#27;[39m Waiting up to 10000 ms for condition
[debug] &amp#27;[35m[WD Proxy]&amp#27;[39m Matched '/element' to command name 'findElement'
[debug] &amp#27;[35m[WD Proxy]&amp#27;[39m Proxying [POST /element] to [POST http://127.0.0.1:8200/wd/hub/session/91bae3ee-22d3-4f66-983f-d2a440c0f1db/element] with body: {"strategy":"id","selector":"android:id/text1","context":"","multiple":false}
[debug] &amp#27;[35m[WD Proxy]&amp#27;[39m Got response with status 200: {"sessionId":"91bae3ee-22d3-4f66-983f-d2a440c0f1db","value":{"ELEMENT":"64cfccc7-3f4b-41ef-b156-56a76b5fb1ad","element-6066-11e4-a52e-4f735466cecf":"64cfccc7-3f4b-41ef-b156-56a76b5fb1ad"}}
[debug] &amp#27;[35m[W3C (17588393)]&amp#27;[39m Responding to client with driver.findElement() result: {"element-6066-11e4-a52e-4f735466cecf":"64cfccc7-3f4b-41ef-b156-56a76b5fb1ad","ELEMENT":"64cfccc7-3f4b-41ef-b156-56a76b5fb1ad"}
&amp#27;[35m[HTTP]&amp#27;[39m &amp#27;[37m<-- POST /wd/hub/session/17588393-9eac-4cd9-9399-d342c6384ea7/element &amp#27;[39m&amp#27;[32m200&amp#27;[39m &amp#27;[90m16 ms - 137&amp#27;[39m
&amp#27;[35m[HTTP]&amp#27;[39m &amp#27;[90m&amp#27;[39m
&amp#27;[35m[HTTP]&amp#27;[39m &amp#27;[37m-->&amp#27;[39m &amp#27;[37mGET&amp#27;[39m &amp#27;[37m/wd/hub/session/17588393-9eac-4cd9-9399-d342c6384ea7/element/64cfccc7-3f4b-41ef-b156-56a76b5fb1ad/text&amp#27;[39m
&amp#27;[35m[HTTP]&amp#27;[39m &amp#27;[90m{}&amp#27;[39m
&amp#27;[35m[W3C (17588393)]&amp#27;[39m Driver proxy active, passing request on via HTTP proxy
[debug] &amp#27;[35m[WD Proxy]&amp#27;[39m Matched '/wd/hub/session/17588393-9eac-4cd9-9399-d342c6384ea7/element/64cfccc7-3f4b-41ef-b156-56a76b5fb1ad/text' to command name 'getText'
[debug] &amp#27;[35m[WD Proxy]&amp#27;[39m Proxying [GET /wd/hub/session/17588393-9eac-4cd9-9399-d342c6384ea7/element/64cfccc7-3f4b-41ef-b156-56a76b5fb1ad/text] to [GET http://127.0.0.1:8200/wd/hub/session/91bae3ee-22d3-4f66-983f-d2a440c0f1db/element/64cfccc7-3f4b-41ef-b156-56a76b5fb1ad/text] with no body
[debug] &amp#27;[35m[WD Proxy]&amp#27;[39m Got response with status 200: {"sessionId":"91bae3ee-22d3-4f66-983f-d2a440c0f1db","value":"Barbados"}
&amp#27;[35m[WD Proxy]&amp#27;[39m Replacing sessionId 91bae3ee-22d3-4f66-983f-d2a440c0f1db with 17588393-9eac-4cd9-9399-d342c6384ea7
&amp#27;[35m[HTTP]&amp#27;[39m &amp#27;[37m<-- GET /wd/hub/session/17588393-9eac-4cd9-9399-d342c6384ea7/element/64cfccc7-3f4b-41ef-b156-56a76b5fb1ad/text &amp#27;[39m&amp#27;[32m200&amp#27;[39m &amp#27;[90m11 ms - 71&amp#27;[39m
&amp#27;[35m[HTTP]&amp#27;[39m &amp#27;[90m&amp#27;[39m
&amp#27;[35m[HTTP]&amp#27;[39m &amp#27;[37m-->&amp#27;[39m &amp#27;[37mGET&amp#27;[39m &amp#27;[37m/wd/hub/session/17588393-9eac-4cd9-9399-d342c6384ea7/context&amp#27;[39m
&amp#27;[35m[HTTP]&amp#27;[39m &amp#27;[90m{}&amp#27;[39m
[debug] &amp#27;[35m[W3C (17588393)]&amp#27;[39m Calling AppiumDriver.getCurrentContext() with args: ["17588393-9eac-4cd9-9399-d342c6384ea7"]
[debug] &amp#27;[35m[W3C (17588393)]&amp#27;[39m Responding to client with driver.getCurrentContext() result: "NATIVE_APP"
&amp#27;[35m[HTTP]&amp#27;[39m &amp#27;[37m<-- GET /wd/hub/session/17588393-9eac-4cd9-9399-d342c6384ea7/context &amp#27;[39m&amp#27;[32m200&amp#27;[39m &amp#27;[90m1 ms - 22&amp#27;[39m
&amp#27;[35m[HTTP]&amp#27;[39m &amp#27;[90m&amp#27;[39m
&amp#27;[35m[HTTP]&amp#27;[39m &amp#27;[37m-->&amp#27;[39m &amp#27;[37mPOST&amp#27;[39m &amp#27;[37m/wd/hub/session/17588393-9eac-4cd9-9399-d342c6384ea7/element&amp#27;[39m
&amp#27;[35m[HTTP]&amp#27;[39m &amp#27;[90m{"using":"id","value":"com.androidsample.generalstore:id/nameField"}&amp#27;[39m
[debug] &amp#27;[35m[W3C (17588393)]&amp#27;[39m Calling AppiumDriver.findElement() with args: ["id","com.androidsample.generalstore:id/nameField","17588393-9eac-4cd9-9399-d342c6384ea7"]
[debug] &amp#27;[35m[BaseDriver]&amp#27;[39m Valid locator strategies for this request: xpath, id, class name, accessibility id, -android uiautomator
[debug] &amp#27;[35m[BaseDriver]&amp#27;[39m Waiting up to 10000 ms for condition
[debug] &amp#27;[35m[WD Proxy]&amp#27;[39m Matched '/element' to command name 'findElement'
[debug] &amp#27;[35m[WD Proxy]&amp#27;[39m Proxying [POST /element] to [POST http://127.0.0.1:8200/wd/hub/session/91bae3ee-22d3-4f66-983f-d2a440c0f1db/element] with body: {"strategy":"id","selector":"com.androidsample.generalstore:id/nameField","context":"","multiple":false}
[debug] &amp#27;[35m[WD Proxy]&amp#27;[39m Got response with status 200: {"sessionId":"91bae3ee-22d3-4f66-983f-d2a440c0f1db","value":{"ELEMENT":"6fa733d5-74ab-437c-a9c7-920887ec246d","element-6066-11e4-a52e-4f735466cecf":"6fa733d5-74ab-437c-a9c7-920887ec246d"}}
[debug] &amp#27;[35m[W3C (17588393)]&amp#27;[39m Responding to client with driver.findElement() result: {"element-6066-11e4-a52e-4f735466cecf":"6fa733d5-74ab-437c-a9c7-920887ec246d","ELEMENT":"6fa733d5-74ab-437c-a9c7-920887ec246d"}
&amp#27;[35m[HTTP]&amp#27;[39m &amp#27;[37m<-- POST /wd/hub/session/17588393-9eac-4cd9-9399-d342c6384ea7/element &amp#27;[39m&amp#27;[32m200&amp#27;[39m &amp#27;[90m12 ms - 137&amp#27;[39m
&amp#27;[35m[HTTP]&amp#27;[39m &amp#27;[90m&amp#27;[39m
&amp#27;[35m[HTTP]&amp#27;[39m &amp#27;[37m-->&amp#27;[39m &amp#27;[37mPOST&amp#27;[39m &amp#27;[37m/wd/hub/session/17588393-9eac-4cd9-9399-d342c6384ea7/element/6fa733d5-74ab-437c-a9c7-920887ec246d/value&amp#27;[39m
&amp#27;[35m[HTTP]&amp#27;[39m &amp#27;[90m{"id":"6fa733d5-74ab-437c-a9c7-920887ec246d","text":"Jungle Yung","value":["J","u","n","g","l","e"," ","Y","u","n","g"]}&amp#27;[39m
[debug] &amp#27;[35m[W3C (17588393)]&amp#27;[39m Calling AppiumDriver.setValue() with args: [["J","u","n","g","l","e"," ","Y","u","n","g"],"6fa733d5-74ab-437c-a9c7-920887ec246d","17588393-9eac-4cd9-9399-d342c6384ea7"]
[debug] &amp#27;[35m[WD Proxy]&amp#27;[39m Matched '/element/6fa733d5-74ab-437c-a9c7-920887ec246d/value' to command name 'setValue'
[debug] &amp#27;[35m[Protocol Converter]&amp#27;[39m Added 'value' property ["J","u","n","g","l","e"," ","Y","u","n","g"] to 'setValue' request body
[debug] &amp#27;[35m[WD Proxy]&amp#27;[39m Proxying [POST /element/6fa733d5-74ab-437c-a9c7-920887ec246d/value] to [POST http://127.0.0.1:8200/wd/hub/session/91bae3ee-22d3-4f66-983f-d2a440c0f1db/element/6fa733d5-74ab-437c-a9c7-920887ec246d/value] with body: {"elementId":"6fa733d5-74ab-437c-a9c7-920887ec246d","text":"Jungle Yung","replace":false,"value":["J","u","n","g","l","e"," ","Y","u","n","g"]}
[debug] &amp#27;[35m[WD Proxy]&amp#27;[39m Got response with status 200: {"sessionId":"91bae3ee-22d3-4f66-983f-d2a440c0f1db","value":null}
[debug] &amp#27;[35m[W3C (17588393)]&amp#27;[39m Responding to client with driver.setValue() result: null
&amp#27;[35m[HTTP]&amp#27;[39m &amp#27;[37m<-- POST /wd/hub/session/17588393-9eac-4cd9-9399-d342c6384ea7/element/6fa733d5-74ab-437c-a9c7-920887ec246d/value &amp#27;[39m&amp#27;[32m200&amp#27;[39m &amp#27;[90m526 ms - 14&amp#27;[39m
&amp#27;[35m[HTTP]&amp#27;[39m &amp#27;[90m&amp#27;[39m
&amp#27;[35m[HTTP]&amp#27;[39m &amp#27;[37m-->&amp#27;[39m &amp#27;[37mGET&amp#27;[39m &amp#27;[37m/wd/hub/session/17588393-9eac-4cd9-9399-d342c6384ea7/context&amp#27;[39m
&amp#27;[35m[HTTP]&amp#27;[39m &amp#27;[90m{}&amp#27;[39m
[debug] &amp#27;[35m[W3C (17588393)]&amp#27;[39m Calling AppiumDriver.getCurrentContext() with args: ["17588393-9eac-4cd9-9399-d342c6384ea7"]
[debug] &amp#27;[35m[W3C (17588393)]&amp#27;[39m Responding to client with driver.getCurrentContext() result: "NATIVE_APP"
&amp#27;[35m[HTTP]&amp#27;[39m &amp#27;[37m<-- GET /wd/hub/session/17588393-9eac-4cd9-9399-d342c6384ea7/context &amp#27;[39m&amp#27;[32m200&amp#27;[39m &amp#27;[90m2 ms - 22&amp#27;[39m
&amp#27;[35m[HTTP]&amp#27;[39m &amp#27;[90m&amp#27;[39m
&amp#27;[35m[HTTP]&amp#27;[39m &amp#27;[37m-->&amp#27;[39m &amp#27;[37mPOST&amp#27;[39m &amp#27;[37m/wd/hub/session/17588393-9eac-4cd9-9399-d342c6384ea7/element&amp#27;[39m
&amp#27;[35m[HTTP]&amp#27;[39m &amp#27;[90m{"using":"id","value":"com.androidsample.generalstore:id/nameField"}&amp#27;[39m
[debug] &amp#27;[35m[W3C (17588393)]&amp#27;[39m Calling AppiumDriver.findElement() with args: ["id","com.androidsample.generalstore:id/nameField","17588393-9eac-4cd9-9399-d342c6384ea7"]
[debug] &amp#27;[35m[BaseDriver]&amp#27;[39m Valid locator strategies for this request: xpath, id, class name, accessibility id, -android uiautomator
[debug] &amp#27;[35m[BaseDriver]&amp#27;[39m Waiting up to 10000 ms for condition
[debug] &amp#27;[35m[WD Proxy]&amp#27;[39m Matched '/element' to command name 'findElement'
[debug] &amp#27;[35m[WD Proxy]&amp#27;[39m Proxying [POST /element] to [POST http://127.0.0.1:8200/wd/hub/session/91bae3ee-22d3-4f66-983f-d2a440c0f1db/element] with body: {"strategy":"id","selector":"com.androidsample.generalstore:id/nameField","context":"","multiple":false}
[debug] &amp#27;[35m[WD Proxy]&amp#27;[39m Got response with status 200: {"sessionId":"91bae3ee-22d3-4f66-983f-d2a440c0f1db","value":{"ELEMENT":"ef1f444c-7622-43c0-9162-f4377355d9f4","element-6066-11e4-a52e-4f735466cecf":"ef1f444c-7622-43c0-9162-f4377355d9f4"}}
[debug] &amp#27;[35m[W3C (17588393)]&amp#27;[39m Responding to client with driver.findElement() result: {"element-6066-11e4-a52e-4f735466cecf":"ef1f444c-7622-43c0-9162-f4377355d9f4","ELEMENT":"ef1f444c-7622-43c0-9162-f4377355d9f4"}
&amp#27;[35m[HTTP]&amp#27;[39m &amp#27;[37m<-- POST /wd/hub/session/17588393-9eac-4cd9-9399-d342c6384ea7/element &amp#27;[39m&amp#27;[32m200&amp#27;[39m &amp#27;[90m498 ms - 137&amp#27;[39m
&amp#27;[35m[HTTP]&amp#27;[39m &amp#27;[90m&amp#27;[39m
&amp#27;[35m[HTTP]&amp#27;[39m &amp#27;[37m-->&amp#27;[39m &amp#27;[37mGET&amp#27;[39m &amp#27;[37m/wd/hub/session/17588393-9eac-4cd9-9399-d342c6384ea7/element/ef1f444c-7622-43c0-9162-f4377355d9f4/text&amp#27;[39m
&amp#27;[35m[HTTP]&amp#27;[39m &amp#27;[90m{}&amp#27;[39m
&amp#27;[35m[W3C (17588393)]&amp#27;[39m Driver proxy active, passing request on via HTTP proxy
[debug] &amp#27;[35m[WD Proxy]&amp#27;[39m Matched '/wd/hub/session/17588393-9eac-4cd9-9399-d342c6384ea7/element/ef1f444c-7622-43c0-9162-f4377355d9f4/text' to command name 'getText'
[debug] &amp#27;[35m[WD Proxy]&amp#27;[39m Proxying [GET /wd/hub/session/17588393-9eac-4cd9-9399-d342c6384ea7/element/ef1f444c-7622-43c0-9162-f4377355d9f4/text] to [GET http://127.0.0.1:8200/wd/hub/session/91bae3ee-22d3-4f66-983f-d2a440c0f1db/element/ef1f444c-7622-43c0-9162-f4377355d9f4/text] with no body
[debug] &amp#27;[35m[WD Proxy]&amp#27;[39m Got response with status 200: {"sessionId":"91bae3ee-22d3-4f66-983f-d2a440c0f1db","value":"Jungle Yung"}
&amp#27;[35m[WD Proxy]&amp#27;[39m Replacing sessionId 91bae3ee-22d3-4f66-983f-d2a440c0f1db with 17588393-9eac-4cd9-9399-d342c6384ea7
&amp#27;[35m[HTTP]&amp#27;[39m &amp#27;[37m<-- GET /wd/hub/session/17588393-9eac-4cd9-9399-d342c6384ea7/element/ef1f444c-7622-43c0-9162-f4377355d9f4/text &amp#27;[39m&amp#27;[32m200&amp#27;[39m &amp#27;[90m17 ms - 74&amp#27;[39m
&amp#27;[35m[HTTP]&amp#27;[39m &amp#27;[90m&amp#27;[39m
&amp#27;[35m[HTTP]&amp#27;[39m &amp#27;[37m-->&amp#27;[39m &amp#27;[37mGET&amp#27;[39m &amp#27;[37m/wd/hub/session/17588393-9eac-4cd9-9399-d342c6384ea7/context&amp#27;[39m
&amp#27;[35m[HTTP]&amp#27;[39m &amp#27;[90m{}&amp#27;[39m
[debug] &amp#27;[35m[W3C (17588393)]&amp#27;[39m Calling AppiumDriver.getCurrentContext() with args: ["17588393-9eac-4cd9-9399-d342c6384ea7"]
[debug] &amp#27;[35m[W3C (17588393)]&amp#27;[39m Responding to client with driver.getCurrentContext() result: "NATIVE_APP"
&amp#27;[35m[HTTP]&amp#27;[39m &amp#27;[37m<-- GET /wd/hub/session/17588393-9eac-4cd9-9399-d342c6384ea7/context &amp#27;[39m&amp#27;[32m200&amp#27;[39m &amp#27;[90m1 ms - 22&amp#27;[39m
&amp#27;[35m[HTTP]&amp#27;[39m &amp#27;[90m&amp#27;[39m
&amp#27;[35m[HTTP]&amp#27;[39m &amp#27;[37m-->&amp#27;[39m &amp#27;[37mPOST&amp#27;[39m &amp#27;[37m/wd/hub/session/17588393-9eac-4cd9-9399-d342c6384ea7/element&amp#27;[39m
&amp#27;[35m[HTTP]&amp#27;[39m &amp#27;[90m{"using":"id","value":"com.androidsample.generalstore:id/radioMale"}&amp#27;[39m
[debug] &amp#27;[35m[W3C (17588393)]&amp#27;[39m Calling AppiumDriver.findElement() with args: ["id","com.androidsample.generalstore:id/radioMale","17588393-9eac-4cd9-9399-d342c6384ea7"]
[debug] &amp#27;[35m[BaseDriver]&amp#27;[39m Valid locator strategies for this request: xpath, id, class name, accessibility id, -android uiautomator
[debug] &amp#27;[35m[BaseDriver]&amp#27;[39m Waiting up to 10000 ms for condition
[debug] &amp#27;[35m[WD Proxy]&amp#27;[39m Matched '/element' to command name 'findElement'
[debug] &amp#27;[35m[WD Proxy]&amp#27;[39m Proxying [POST /element] to [POST http://127.0.0.1:8200/wd/hub/session/91bae3ee-22d3-4f66-983f-d2a440c0f1db/element] with body: {"strategy":"id","selector":"com.androidsample.generalstore:id/radioMale","context":"","multiple":false}
[debug] &amp#27;[35m[WD Proxy]&amp#27;[39m Got response with status 200: {"sessionId":"91bae3ee-22d3-4f66-983f-d2a440c0f1db","value":{"ELEMENT":"aa1d4743-671f-452b-95a4-64ee40c74f39","element-6066-11e4-a52e-4f735466cecf":"aa1d4743-671f-452b-95a4-64ee40c74f39"}}
[debug] &amp#27;[35m[W3C (17588393)]&amp#27;[39m Responding to client with driver.findElement() result: {"element-6066-11e4-a52e-4f735466cecf":"aa1d4743-671f-452b-95a4-64ee40c74f39","ELEMENT":"aa1d4743-671f-452b-95a4-64ee40c74f39"}
&amp#27;[35m[HTTP]&amp#27;[39m &amp#27;[37m<-- POST /wd/hub/session/17588393-9eac-4cd9-9399-d342c6384ea7/element &amp#27;[39m&amp#27;[32m200&amp#27;[39m &amp#27;[90m13 ms - 137&amp#27;[39m
&amp#27;[35m[HTTP]&amp#27;[39m &amp#27;[90m&amp#27;[39m
&amp#27;[35m[HTTP]&amp#27;[39m &amp#27;[37m-->&amp#27;[39m &amp#27;[37mGET&amp#27;[39m &amp#27;[37m/wd/hub/session/17588393-9eac-4cd9-9399-d342c6384ea7/element/aa1d4743-671f-452b-95a4-64ee40c74f39/text&amp#27;[39m
&amp#27;[35m[HTTP]&amp#27;[39m &amp#27;[90m{}&amp#27;[39m
&amp#27;[35m[W3C (17588393)]&amp#27;[39m Driver proxy active, passing request on via HTTP proxy
[debug] &amp#27;[35m[WD Proxy]&amp#27;[39m Matched '/wd/hub/session/17588393-9eac-4cd9-9399-d342c6384ea7/element/aa1d4743-671f-452b-95a4-64ee40c74f39/text' to command name 'getText'
[debug] &amp#27;[35m[WD Proxy]&amp#27;[39m Proxying [GET /wd/hub/session/17588393-9eac-4cd9-9399-d342c6384ea7/element/aa1d4743-671f-452b-95a4-64ee40c74f39/text] to [GET http://127.0.0.1:8200/wd/hub/session/91bae3ee-22d3-4f66-983f-d2a440c0f1db/element/aa1d4743-671f-452b-95a4-64ee40c74f39/text] with no body
[debug] &amp#27;[35m[WD Proxy]&amp#27;[39m Got response with status 200: {"sessionId":"91bae3ee-22d3-4f66-983f-d2a440c0f1db","value":"Male"}
&amp#27;[35m[WD Proxy]&amp#27;[39m Replacing sessionId 91bae3ee-22d3-4f66-983f-d2a440c0f1db with 17588393-9eac-4cd9-9399-d342c6384ea7
&amp#27;[35m[HTTP]&amp#27;[39m &amp#27;[37m<-- GET /wd/hub/session/17588393-9eac-4cd9-9399-d342c6384ea7/element/aa1d4743-671f-452b-95a4-64ee40c74f39/text &amp#27;[39m&amp#27;[32m200&amp#27;[39m &amp#27;[90m11 ms - 67&amp#27;[39m
&amp#27;[35m[HTTP]&amp#27;[39m &amp#27;[90m&amp#27;[39m
&amp#27;[35m[HTTP]&amp#27;[39m &amp#27;[37m-->&amp#27;[39m &amp#27;[37mGET&amp#27;[39m &amp#27;[37m/wd/hub/session/17588393-9eac-4cd9-9399-d342c6384ea7/context&amp#27;[39m
&amp#27;[35m[HTTP]&amp#27;[39m &amp#27;[90m{}&amp#27;[39m
[debug] &amp#27;[35m[W3C (17588393)]&amp#27;[39m Calling AppiumDriver.getCurrentContext() with args: ["17588393-9eac-4cd9-9399-d342c6384ea7"]
[debug] &amp#27;[35m[W3C (17588393)]&amp#27;[39m Responding to client with driver.getCurrentContext() result: "NATIVE_APP"
&amp#27;[35m[HTTP]&amp#27;[39m &amp#27;[37m<-- GET /wd/hub/session/17588393-9eac-4cd9-9399-d342c6384ea7/context &amp#27;[39m&amp#27;[32m200&amp#27;[39m &amp#27;[90m1 ms - 22&amp#27;[39m
&amp#27;[35m[HTTP]&amp#27;[39m &amp#27;[90m&amp#27;[39m
&amp#27;[35m[HTTP]&amp#27;[39m &amp#27;[37m-->&amp#27;[39m &amp#27;[37mPOST&amp#27;[39m &amp#27;[37m/wd/hub/session/17588393-9eac-4cd9-9399-d342c6384ea7/element&amp#27;[39m
&amp#27;[35m[HTTP]&amp#27;[39m &amp#27;[90m{"using":"id","value":"com.androidsample.generalstore:id/radioFemale"}&amp#27;[39m
[debug] &amp#27;[35m[W3C (17588393)]&amp#27;[39m Calling AppiumDriver.findElement() with args: ["id","com.androidsample.generalstore:id/radioFemale","17588393-9eac-4cd9-9399-d342c6384ea7"]
[debug] &amp#27;[35m[BaseDriver]&amp#27;[39m Valid locator strategies for this request: xpath, id, class name, accessibility id, -android uiautomator
[debug] &amp#27;[35m[BaseDriver]&amp#27;[39m Waiting up to 10000 ms for condition
[debug] &amp#27;[35m[WD Proxy]&amp#27;[39m Matched '/element' to command name 'findElement'
[debug] &amp#27;[35m[WD Proxy]&amp#27;[39m Proxying [POST /element] to [POST http://127.0.0.1:8200/wd/hub/session/91bae3ee-22d3-4f66-983f-d2a440c0f1db/element] with body: {"strategy":"id","selector":"com.androidsample.generalstore:id/radioFemale","context":"","multiple":false}
[debug] &amp#27;[35m[WD Proxy]&amp#27;[39m Got response with status 200: {"sessionId":"91bae3ee-22d3-4f66-983f-d2a440c0f1db","value":{"ELEMENT":"64e3e3ec-6559-47c6-985c-82b276a3ca6a","element-6066-11e4-a52e-4f735466cecf":"64e3e3ec-6559-47c6-985c-82b276a3ca6a"}}
[debug] &amp#27;[35m[W3C (17588393)]&amp#27;[39m Responding to client with driver.findElement() result: {"element-6066-11e4-a52e-4f735466cecf":"64e3e3ec-6559-47c6-985c-82b276a3ca6a","ELEMENT":"64e3e3ec-6559-47c6-985c-82b276a3ca6a"}
&amp#27;[35m[HTTP]&amp#27;[39m &amp#27;[37m<-- POST /wd/hub/session/17588393-9eac-4cd9-9399-d342c6384ea7/element &amp#27;[39m&amp#27;[32m200&amp#27;[39m &amp#27;[90m14 ms - 137&amp#27;[39m
&amp#27;[35m[HTTP]&amp#27;[39m &amp#27;[90m&amp#27;[39m
&amp#27;[35m[HTTP]&amp#27;[39m &amp#27;[37m-->&amp#27;[39m &amp#27;[37mPOST&amp#27;[39m &amp#27;[37m/wd/hub/session/17588393-9eac-4cd9-9399-d342c6384ea7/element/64e3e3ec-6559-47c6-985c-82b276a3ca6a/click&amp#27;[39m
&amp#27;[35m[HTTP]&amp#27;[39m &amp#27;[90m{"id":"64e3e3ec-6559-47c6-985c-82b276a3ca6a"}&amp#27;[39m
[debug] &amp#27;[35m[W3C (17588393)]&amp#27;[39m Calling AppiumDriver.click() with args: ["64e3e3ec-6559-47c6-985c-82b276a3ca6a","17588393-9eac-4cd9-9399-d342c6384ea7"]
[debug] &amp#27;[35m[WD Proxy]&amp#27;[39m Matched '/element/64e3e3ec-6559-47c6-985c-82b276a3ca6a/click' to command name 'click'
[debug] &amp#27;[35m[WD Proxy]&amp#27;[39m Proxying [POST /element/64e3e3ec-6559-47c6-985c-82b276a3ca6a/click] to [POST http://127.0.0.1:8200/wd/hub/session/91bae3ee-22d3-4f66-983f-d2a440c0f1db/element/64e3e3ec-6559-47c6-985c-82b276a3ca6a/click] with body: {"element":"64e3e3ec-6559-47c6-985c-82b276a3ca6a"}
[debug] &amp#27;[35m[WD Proxy]&amp#27;[39m Got response with status 200: {"sessionId":"91bae3ee-22d3-4f66-983f-d2a440c0f1db","value":null}
[debug] &amp#27;[35m[W3C (17588393)]&amp#27;[39m Responding to client with driver.click() result: null
&amp#27;[35m[HTTP]&amp#27;[39m &amp#27;[37m<-- POST /wd/hub/session/17588393-9eac-4cd9-9399-d342c6384ea7/element/64e3e3ec-6559-47c6-985c-82b276a3ca6a/click &amp#27;[39m&amp#27;[32m200&amp#27;[39m &amp#27;[90m21 ms - 14&amp#27;[39m
&amp#27;[35m[HTTP]&amp#27;[39m &amp#27;[90m&amp#27;[39m
&amp#27;[35m[HTTP]&amp#27;[39m &amp#27;[37m-->&amp#27;[39m &amp#27;[37mGET&amp#27;[39m &amp#27;[37m/wd/hub/session/17588393-9eac-4cd9-9399-d342c6384ea7/context&amp#27;[39m
&amp#27;[35m[HTTP]&amp#27;[39m &amp#27;[90m{}&amp#27;[39m
[debug] &amp#27;[35m[W3C (17588393)]&amp#27;[39m Calling AppiumDriver.getCurrentContext() with args: ["17588393-9eac-4cd9-9399-d342c6384ea7"]
[debug] &amp#27;[35m[W3C (17588393)]&amp#27;[39m Responding to client with driver.getCurrentContext() result: "NATIVE_APP"
&amp#27;[35m[HTTP]&amp#27;[39m &amp#27;[37m<-- GET /wd/hub/session/17588393-9eac-4cd9-9399-d342c6384ea7/context &amp#27;[39m&amp#27;[32m200&amp#27;[39m &amp#27;[90m1 ms - 22&amp#27;[39m
&amp#27;[35m[HTTP]&amp#27;[39m &amp#27;[90m&amp#27;[39m
&amp#27;[35m[HTTP]&amp#27;[39m &amp#27;[37m-->&amp#27;[39m &amp#27;[37mPOST&amp#27;[39m &amp#27;[37m/wd/hub/session/17588393-9eac-4cd9-9399-d342c6384ea7/element&amp#27;[39m
&amp#27;[35m[HTTP]&amp#27;[39m &amp#27;[90m{"using":"id","value":"com.androidsample.generalstore:id/radioFemale"}&amp#27;[39m
[debug] &amp#27;[35m[W3C (17588393)]&amp#27;[39m Calling AppiumDriver.findElement() with args: ["id","com.androidsample.generalstore:id/radioFemale","17588393-9eac-4cd9-9399-d342c6384ea7"]
[debug] &amp#27;[35m[BaseDriver]&amp#27;[39m Valid locator strategies for this request: xpath, id, class name, accessibility id, -android uiautomator
[debug] &amp#27;[35m[BaseDriver]&amp#27;[39m Waiting up to 10000 ms for condition
[debug] &amp#27;[35m[WD Proxy]&amp#27;[39m Matched '/element' to command name 'findElement'
[debug] &amp#27;[35m[WD Proxy]&amp#27;[39m Proxying [POST /element] to [POST http://127.0.0.1:8200/wd/hub/session/91bae3ee-22d3-4f66-983f-d2a440c0f1db/element] with body: {"strategy":"id","selector":"com.androidsample.generalstore:id/radioFemale","context":"","multiple":false}
[debug] &amp#27;[35m[WD Proxy]&amp#27;[39m Got response with status 200: {"sessionId":"91bae3ee-22d3-4f66-983f-d2a440c0f1db","value":{"ELEMENT":"0f13c841-4f15-46df-bb22-11f53cddc7f9","element-6066-11e4-a52e-4f735466cecf":"0f13c841-4f15-46df-bb22-11f53cddc7f9"}}
[debug] &amp#27;[35m[W3C (17588393)]&amp#27;[39m Responding to client with driver.findElement() result: {"element-6066-11e4-a52e-4f735466cecf":"0f13c841-4f15-46df-bb22-11f53cddc7f9","ELEMENT":"0f13c841-4f15-46df-bb22-11f53cddc7f9"}
&amp#27;[35m[HTTP]&amp#27;[39m &amp#27;[37m<-- POST /wd/hub/session/17588393-9eac-4cd9-9399-d342c6384ea7/element &amp#27;[39m&amp#27;[32m200&amp#27;[39m &amp#27;[90m37 ms - 137&amp#27;[39m
&amp#27;[35m[HTTP]&amp#27;[39m &amp#27;[90m&amp#27;[39m
&amp#27;[35m[HTTP]&amp#27;[39m &amp#27;[37m-->&amp#27;[39m &amp#27;[37mGET&amp#27;[39m &amp#27;[37m/wd/hub/session/17588393-9eac-4cd9-9399-d342c6384ea7/element/0f13c841-4f15-46df-bb22-11f53cddc7f9/attribute/checked&amp#27;[39m
&amp#27;[35m[HTTP]&amp#27;[39m &amp#27;[90m{}&amp#27;[39m
[debug] &amp#27;[35m[W3C (17588393)]&amp#27;[39m Calling AppiumDriver.getAttribute() with args: ["checked","0f13c841-4f15-46df-bb22-11f53cddc7f9","17588393-9eac-4cd9-9399-d342c6384ea7"]
[debug] &amp#27;[35m[WD Proxy]&amp#27;[39m Matched '/element/0f13c841-4f15-46df-bb22-11f53cddc7f9/attribute/checked' to command name 'getAttribute'
[debug] &amp#27;[35m[WD Proxy]&amp#27;[39m Proxying [GET /element/0f13c841-4f15-46df-bb22-11f53cddc7f9/attribute/checked] to [GET http://127.0.0.1:8200/wd/hub/session/91bae3ee-22d3-4f66-983f-d2a440c0f1db/element/0f13c841-4f15-46df-bb22-11f53cddc7f9/attribute/checked] with no body
[debug] &amp#27;[35m[WD Proxy]&amp#27;[39m Got response with status 200: {"sessionId":"91bae3ee-22d3-4f66-983f-d2a440c0f1db","value":"true"}
[debug] &amp#27;[35m[W3C (17588393)]&amp#27;[39m Responding to client with driver.getAttribute() result: "true"
&amp#27;[35m[HTTP]&amp#27;[39m &amp#27;[37m<-- GET /wd/hub/session/17588393-9eac-4cd9-9399-d342c6384ea7/element/0f13c841-4f15-46df-bb22-11f53cddc7f9/attribute/checked &amp#27;[39m&amp#27;[32m200&amp#27;[39m &amp#27;[90m481 ms - 16&amp#27;[39m
&amp#27;[35m[HTTP]&amp#27;[39m &amp#27;[90m&amp#27;[39m
&amp#27;[35m[HTTP]&amp#27;[39m &amp#27;[37m-->&amp#27;[39m &amp#27;[37mGET&amp#27;[39m &amp#27;[37m/wd/hub/session/17588393-9eac-4cd9-9399-d342c6384ea7/context&amp#27;[39m
&amp#27;[35m[HTTP]&amp#27;[39m &amp#27;[90m{}&amp#27;[39m
[debug] &amp#27;[35m[W3C (17588393)]&amp#27;[39m Calling AppiumDriver.getCurrentContext() with args: ["17588393-9eac-4cd9-9399-d342c6384ea7"]
[debug] &amp#27;[35m[W3C (17588393)]&amp#27;[39m Responding to client with driver.getCurrentContext() result: "NATIVE_APP"
&amp#27;[35m[HTTP]&amp#27;[39m &amp#27;[37m<-- GET /wd/hub/session/17588393-9eac-4cd9-9399-d342c6384ea7/context &amp#27;[39m&amp#27;[32m200&amp#27;[39m &amp#27;[90m1 ms - 22&amp#27;[39m
&amp#27;[35m[HTTP]&amp#27;[39m &amp#27;[90m&amp#27;[39m
&amp#27;[35m[HTTP]&amp#27;[39m &amp#27;[37m-->&amp#27;[39m &amp#27;[37mPOST&amp#27;[39m &amp#27;[37m/wd/hub/session/17588393-9eac-4cd9-9399-d342c6384ea7/element&amp#27;[39m
&amp#27;[35m[HTTP]&amp#27;[39m &amp#27;[90m{"using":"id","value":"com.androidsample.generalstore:id/btnLetsShop"}&amp#27;[39m
[debug] &amp#27;[35m[W3C (17588393)]&amp#27;[39m Calling AppiumDriver.findElement() with args: ["id","com.androidsample.generalstore:id/btnLetsShop","17588393-9eac-4cd9-9399-d342c6384ea7"]
[debug] &amp#27;[35m[BaseDriver]&amp#27;[39m Valid locator strategies for this request: xpath, id, class name, accessibility id, -android uiautomator
[debug] &amp#27;[35m[BaseDriver]&amp#27;[39m Waiting up to 10000 ms for condition
[debug] &amp#27;[35m[WD Proxy]&amp#27;[39m Matched '/element' to command name 'findElement'
[debug] &amp#27;[35m[WD Proxy]&amp#27;[39m Proxying [POST /element] to [POST http://127.0.0.1:8200/wd/hub/session/91bae3ee-22d3-4f66-983f-d2a440c0f1db/element] with body: {"strategy":"id","selector":"com.androidsample.generalstore:id/btnLetsShop","context":"","multiple":false}
[debug] &amp#27;[35m[WD Proxy]&amp#27;[39m Got response with status 200: {"sessionId":"91bae3ee-22d3-4f66-983f-d2a440c0f1db","value":{"ELEMENT":"520002f9-690c-4713-ac73-e29c9d8c9e4f","element-6066-11e4-a52e-4f735466cecf":"520002f9-690c-4713-ac73-e29c9d8c9e4f"}}
[debug] &amp#27;[35m[W3C (17588393)]&amp#27;[39m Responding to client with driver.findElement() result: {"element-6066-11e4-a52e-4f735466cecf":"520002f9-690c-4713-ac73-e29c9d8c9e4f","ELEMENT":"520002f9-690c-4713-ac73-e29c9d8c9e4f"}
&amp#27;[35m[HTTP]&amp#27;[39m &amp#27;[37m<-- POST /wd/hub/session/17588393-9eac-4cd9-9399-d342c6384ea7/element &amp#27;[39m&amp#27;[32m200&amp#27;[39m &amp#27;[90m29 ms - 137&amp#27;[39m
&amp#27;[35m[HTTP]&amp#27;[39m &amp#27;[90m&amp#27;[39m
&amp#27;[35m[HTTP]&amp#27;[39m &amp#27;[37m-->&amp#27;[39m &amp#27;[37mPOST&amp#27;[39m &amp#27;[37m/wd/hub/session/17588393-9eac-4cd9-9399-d342c6384ea7/element/520002f9-690c-4713-ac73-e29c9d8c9e4f/click&amp#27;[39m
&amp#27;[35m[HTTP]&amp#27;[39m &amp#27;[90m{"id":"520002f9-690c-4713-ac73-e29c9d8c9e4f"}&amp#27;[39m
[debug] &amp#27;[35m[W3C (17588393)]&amp#27;[39m Calling AppiumDriver.click() with args: ["520002f9-690c-4713-ac73-e29c9d8c9e4f","17588393-9eac-4cd9-9399-d342c6384ea7"]
[debug] &amp#27;[35m[WD Proxy]&amp#27;[39m Matched '/element/520002f9-690c-4713-ac73-e29c9d8c9e4f/click' to command name 'click'
[debug] &amp#27;[35m[WD Proxy]&amp#27;[39m Proxying [POST /element/520002f9-690c-4713-ac73-e29c9d8c9e4f/click] to [POST http://127.0.0.1:8200/wd/hub/session/91bae3ee-22d3-4f66-983f-d2a440c0f1db/element/520002f9-690c-4713-ac73-e29c9d8c9e4f/click] with body: {"element":"520002f9-690c-4713-ac73-e29c9d8c9e4f"}
[debug] &amp#27;[35m[WD Proxy]&amp#27;[39m Got response with status 200: {"sessionId":"91bae3ee-22d3-4f66-983f-d2a440c0f1db","value":null}
[debug] &amp#27;[35m[W3C (17588393)]&amp#27;[39m Responding to client with driver.click() result: null
&amp#27;[35m[HTTP]&amp#27;[39m &amp#27;[37m<-- POST /wd/hub/session/17588393-9eac-4cd9-9399-d342c6384ea7/element/520002f9-690c-4713-ac73-e29c9d8c9e4f/click &amp#27;[39m&amp#27;[32m200&amp#27;[39m &amp#27;[90m20 ms - 14&amp#27;[39m
&amp#27;[35m[HTTP]&amp#27;[39m &amp#27;[90m&amp#27;[39m
&amp#27;[35m[HTTP]&amp#27;[39m &amp#27;[37m-->&amp#27;[39m &amp#27;[37mPOST&amp#27;[39m &amp#27;[37m/wd/hub/session/17588393-9eac-4cd9-9399-d342c6384ea7/appium/device/press_keycode&amp#27;[39m
&amp#27;[35m[HTTP]&amp#27;[39m &amp#27;[90m{"keycode":4}&amp#27;[39m
[debug] &amp#27;[35m[W3C (17588393)]&amp#27;[39m Calling AppiumDriver.pressKeyCode() with args: [4,null,null,null,null,"17588393-9eac-4cd9-9399-d342c6384ea7"]
[debug] &amp#27;[35m[WD Proxy]&amp#27;[39m Matched '/appium/device/press_keycode' to command name 'pressKeyCode'
[debug] &amp#27;[35m[WD Proxy]&amp#27;[39m Proxying [POST /appium/device/press_keycode] to [POST http://127.0.0.1:8200/wd/hub/session/91bae3ee-22d3-4f66-983f-d2a440c0f1db/appium/device/press_keycode] with body: {"keycode":4,"metastate":null,"flags":null}
[debug] &amp#27;[35m[WD Proxy]&amp#27;[39m Got response with status 200: {"sessionId":"91bae3ee-22d3-4f66-983f-d2a440c0f1db","value":null}
[debug] &amp#27;[35m[W3C (17588393)]&amp#27;[39m Responding to client with driver.pressKeyCode() result: null
&amp#27;[35m[HTTP]&amp#27;[39m &amp#27;[37m<-- POST /wd/hub/session/17588393-9eac-4cd9-9399-d342c6384ea7/appium/device/press_keycode &amp#27;[39m&amp#27;[32m200&amp#27;[39m &amp#27;[90m18 ms - 14&amp#27;[39m
&amp#27;[35m[HTTP]&amp#27;[39m &amp#27;[90m&amp#27;[39m
&amp#27;[35m[HTTP]&amp#27;[39m &amp#27;[37m-->&amp#27;[39m &amp#27;[37mGET&amp#27;[39m &amp#27;[37m/wd/hub/session/17588393-9eac-4cd9-9399-d342c6384ea7/context&amp#27;[39m
&amp#27;[35m[HTTP]&amp#27;[39m &amp#27;[90m{}&amp#27;[39m
[debug] &amp#27;[35m[W3C (17588393)]&amp#27;[39m Calling AppiumDriver.getCurrentContext() with args: ["17588393-9eac-4cd9-9399-d342c6384ea7"]
[debug] &amp#27;[35m[W3C (17588393)]&amp#27;[39m Responding to client with driver.getCurrentContext() result: "NATIVE_APP"
&amp#27;[35m[HTTP]&amp#27;[39m &amp#27;[37m<-- GET /wd/hub/session/17588393-9eac-4cd9-9399-d342c6384ea7/context &amp#27;[39m&amp#27;[32m200&amp#27;[39m &amp#27;[90m1 ms - 22&amp#27;[39m
&amp#27;[35m[HTTP]&amp#27;[39m &amp#27;[90m&amp#27;[39m
&amp#27;[35m[HTTP]&amp#27;[39m &amp#27;[37m-->&amp#27;[39m &amp#27;[37mPOST&amp#27;[39m &amp#27;[37m/wd/hub/session/17588393-9eac-4cd9-9399-d342c6384ea7/element&amp#27;[39m
&amp#27;[35m[HTTP]&amp#27;[39m &amp#27;[90m{"using":"class name","value":"android.widget.Spinner"}&amp#27;[39m
[debug] &amp#27;[35m[W3C (17588393)]&amp#27;[39m Calling AppiumDriver.findElement() with args: ["class name","android.widget.Spinner","17588393-9eac-4cd9-9399-d342c6384ea7"]
[debug] &amp#27;[35m[BaseDriver]&amp#27;[39m Valid locator strategies for this request: xpath, id, class name, accessibility id, -android uiautomator
[debug] &amp#27;[35m[BaseDriver]&amp#27;[39m Waiting up to 10000 ms for condition
[debug] &amp#27;[35m[WD Proxy]&amp#27;[39m Matched '/element' to command name 'findElement'
[debug] &amp#27;[35m[WD Proxy]&amp#27;[39m Proxying [POST /element] to [POST http://127.0.0.1:8200/wd/hub/session/91bae3ee-22d3-4f66-983f-d2a440c0f1db/element] with body: {"strategy":"class name","selector":"android.widget.Spinner","context":"","multiple":false}
[debug] &amp#27;[35m[WD Proxy]&amp#27;[39m Got response with status 200: {"sessionId":"91bae3ee-22d3-4f66-983f-d2a440c0f1db","value":{"ELEMENT":"011ce267-2680-41a9-ad31-6ad6a3af7632","element-6066-11e4-a52e-4f735466cecf":"011ce267-2680-41a9-ad31-6ad6a3af7632"}}
[debug] &amp#27;[35m[W3C (17588393)]&amp#27;[39m Responding to client with driver.findElement() result: {"element-6066-11e4-a52e-4f735466cecf":"011ce267-2680-41a9-ad31-6ad6a3af7632","ELEMENT":"011ce267-2680-41a9-ad31-6ad6a3af7632"}
&amp#27;[35m[HTTP]&amp#27;[39m &amp#27;[37m<-- POST /wd/hub/session/17588393-9eac-4cd9-9399-d342c6384ea7/element &amp#27;[39m&amp#27;[32m200&amp#27;[39m &amp#27;[90m13 ms - 137&amp#27;[39m
&amp#27;[35m[HTTP]&amp#27;[39m &amp#27;[90m&amp#27;[39m
&amp#27;[35m[HTTP]&amp#27;[39m &amp#27;[37m-->&amp#27;[39m &amp#27;[37mPOST&amp#27;[39m &amp#27;[37m/wd/hub/session/17588393-9eac-4cd9-9399-d342c6384ea7/element/011ce267-2680-41a9-ad31-6ad6a3af7632/click&amp#27;[39m
&amp#27;[35m[HTTP]&amp#27;[39m &amp#27;[90m{"id":"011ce267-2680-41a9-ad31-6ad6a3af7632"}&amp#27;[39m
[debug] &amp#27;[35m[W3C (17588393)]&amp#27;[39m Calling AppiumDriver.click() with args: ["011ce267-2680-41a9-ad31-6ad6a3af7632","17588393-9eac-4cd9-9399-d342c6384ea7"]
[debug] &amp#27;[35m[WD Proxy]&amp#27;[39m Matched '/element/011ce267-2680-41a9-ad31-6ad6a3af7632/click' to command name 'click'
[debug] &amp#27;[35m[WD Proxy]&amp#27;[39m Proxying [POST /element/011ce267-2680-41a9-ad31-6ad6a3af7632/click] to [POST http://127.0.0.1:8200/wd/hub/session/91bae3ee-22d3-4f66-983f-d2a440c0f1db/element/011ce267-2680-41a9-ad31-6ad6a3af7632/click] with body: {"element":"011ce267-2680-41a9-ad31-6ad6a3af7632"}
[debug] &amp#27;[35m[WD Proxy]&amp#27;[39m Got response with status 200: {"sessionId":"91bae3ee-22d3-4f66-983f-d2a440c0f1db","value":null}
[debug] &amp#27;[35m[W3C (17588393)]&amp#27;[39m Responding to client with driver.click() result: null
&amp#27;[35m[HTTP]&amp#27;[39m &amp#27;[37m<-- POST /wd/hub/session/17588393-9eac-4cd9-9399-d342c6384ea7/element/011ce267-2680-41a9-ad31-6ad6a3af7632/click &amp#27;[39m&amp#27;[32m200&amp#27;[39m &amp#27;[90m19 ms - 14&amp#27;[39m
&amp#27;[35m[HTTP]&amp#27;[39m &amp#27;[90m&amp#27;[39m
&amp#27;[35m[HTTP]&amp#27;[39m &amp#27;[37m-->&amp#27;[39m &amp#27;[37mPOST&amp#27;[39m &amp#27;[37m/wd/hub/session/17588393-9eac-4cd9-9399-d342c6384ea7/element&amp#27;[39m
&amp#27;[35m[HTTP]&amp#27;[39m &amp#27;[90m{"using":"-android uiautomator","value":"new UiScrollable(new UiSelector().scrollable(true)).scrollToBeginning(30)"}&amp#27;[39m
[debug] &amp#27;[35m[W3C (17588393)]&amp#27;[39m Calling AppiumDriver.findElement() with args: ["-android uiautomator","new UiScrollable(new UiSelector().scrollable(true)).scrollToBeginning(30)","17588393-9eac-4cd9-9399-d342c6384ea7"]
[debug] &amp#27;[35m[BaseDriver]&amp#27;[39m Valid locator strategies for this request: xpath, id, class name, accessibility id, -android uiautomator
[debug] &amp#27;[35m[BaseDriver]&amp#27;[39m Waiting up to 10000 ms for condition
[debug] &amp#27;[35m[WD Proxy]&amp#27;[39m Matched '/element' to command name 'findElement'
[debug] &amp#27;[35m[WD Proxy]&amp#27;[39m Proxying [POST /element] to [POST http://127.0.0.1:8200/wd/hub/session/91bae3ee-22d3-4f66-983f-d2a440c0f1db/element] with body: {"strategy":"-android uiautomator","selector":"new UiScrollable(new UiSelector().scrollable(true)).scrollToBeginning(30)","context":"","multiple":false}
[debug] &amp#27;[35m[WD Proxy]&amp#27;[39m Got response with status 200: {"sessionId":"91bae3ee-22d3-4f66-983f-d2a440c0f1db","value":{"ELEMENT":"8efe12cc-909d-4604-b3ff-767cf0622ef5","element-6066-11e4-a52e-4f735466cecf":"8efe12cc-909d-4604-b3ff-767cf0622ef5"}}
[debug] &amp#27;[35m[W3C (17588393)]&amp#27;[39m Responding to client with driver.findElement() result: {"element-6066-11e4-a52e-4f735466cecf":"8efe12cc-909d-4604-b3ff-767cf0622ef5","ELEMENT":"8efe12cc-909d-4604-b3ff-767cf0622ef5"}
&amp#27;[35m[HTTP]&amp#27;[39m &amp#27;[37m<-- POST /wd/hub/session/17588393-9eac-4cd9-9399-d342c6384ea7/element &amp#27;[39m&amp#27;[32m200&amp#27;[39m &amp#27;[90m6517 ms - 137&amp#27;[39m
&amp#27;[35m[HTTP]&amp#27;[39m &amp#27;[90m&amp#27;[39m
&amp#27;[35m[HTTP]&amp#27;[39m &amp#27;[37m-->&amp#27;[39m &amp#27;[37mPOST&amp#27;[39m &amp#27;[37m/wd/hub/session/17588393-9eac-4cd9-9399-d342c6384ea7/element&amp#27;[39m
&amp#27;[35m[HTTP]&amp#27;[39m &amp#27;[90m{"using":"-android uiautomator","value":"new UiScrollable(new UiSelector()).setMaxSearchSwipes(100).scrollIntoView(new UiSelector().textMatches(\"Afghanistan\"))"}&amp#27;[39m
[debug] &amp#27;[35m[W3C (17588393)]&amp#27;[39m Calling AppiumDriver.findElement() with args: ["-android uiautomator","new UiScrollable(new UiSelector()).setMaxSearchSwipes(100).scrollIntoView(new UiSelector().textMatches(\"Afghanistan\"))","17588393-9eac-4cd9-9399-d342c6384ea7"]
[debug] &amp#27;[35m[BaseDriver]&amp#27;[39m Valid locator strategies for this request: xpath, id, class name, accessibility id, -android uiautomator
[debug] &amp#27;[35m[BaseDriver]&amp#27;[39m Waiting up to 10000 ms for condition
[debug] &amp#27;[35m[WD Proxy]&amp#27;[39m Matched '/element' to command name 'findElement'
[debug] &amp#27;[35m[WD Proxy]&amp#27;[39m Proxying [POST /element] to [POST http://127.0.0.1:8200/wd/hub/session/91bae3ee-22d3-4f66-983f-d2a440c0f1db/element] with body: {"strategy":"-android uiautomator","selector":"new UiScrollable(new UiSelector()).setMaxSearchSwipes(100).scrollIntoView(new UiSelector().textMatches(\"Afghanistan\"))","context":"","multiple":false}
[debug] &amp#27;[35m[WD Proxy]&amp#27;[39m Got response with status 200: {"sessionId":"91bae3ee-22d3-4f66-983f-d2a440c0f1db","value":{"ELEMENT":"333cc863-5f14-4ca8-b7f0-cb58373baec5","element-6066-11e4-a52e-4f735466cecf":"333cc863-5f14-4ca8-b7f0-cb58373baec5"}}
[debug] &amp#27;[35m[W3C (17588393)]&amp#27;[39m Responding to client with driver.findElement() result: {"element-6066-11e4-a52e-4f735466cecf":"333cc863-5f14-4ca8-b7f0-cb58373baec5","ELEMENT":"333cc863-5f14-4ca8-b7f0-cb58373baec5"}
&amp#27;[35m[HTTP]&amp#27;[39m &amp#27;[37m<-- POST /wd/hub/session/17588393-9eac-4cd9-9399-d342c6384ea7/element &amp#27;[39m&amp#27;[32m200&amp#27;[39m &amp#27;[90m48 ms - 137&amp#27;[39m
&amp#27;[35m[HTTP]&amp#27;[39m &amp#27;[90m&amp#27;[39m
&amp#27;[35m[HTTP]&amp#27;[39m &amp#27;[37m-->&amp#27;[39m &amp#27;[37mPOST&amp#27;[39m &amp#27;[37m/wd/hub/session/17588393-9eac-4cd9-9399-d342c6384ea7/element&amp#27;[39m
&amp#27;[35m[HTTP]&amp#27;[39m &amp#27;[90m{"using":"xpath","value":"//*[@text=\"Afghanistan\"]"}&amp#27;[39m
[debug] &amp#27;[35m[W3C (17588393)]&amp#27;[39m Calling AppiumDriver.findElement() with args: ["xpath","//*[@text=\"Afghanistan\"]","17588393-9eac-4cd9-9399-d342c6384ea7"]
[debug] &amp#27;[35m[BaseDriver]&amp#27;[39m Valid locator strategies for this request: xpath, id, class name, accessibility id, -android uiautomator
[debug] &amp#27;[35m[BaseDriver]&amp#27;[39m Waiting up to 10000 ms for condition
[debug] &amp#27;[35m[WD Proxy]&amp#27;[39m Matched '/element' to command name 'findElement'
[debug] &amp#27;[35m[WD Proxy]&amp#27;[39m Proxying [POST /element] to [POST http://127.0.0.1:8200/wd/hub/session/91bae3ee-22d3-4f66-983f-d2a440c0f1db/element] with body: {"strategy":"xpath","selector":"//*[@text=\"Afghanistan\"]","context":"","multiple":false}
[debug] &amp#27;[35m[WD Proxy]&amp#27;[39m Got response with status 200: {"sessionId":"91bae3ee-22d3-4f66-983f-d2a440c0f1db","value":{"ELEMENT":"317eeb59-29b1-45f7-b41f-2af7bda66455","element-6066-11e4-a52e-4f735466cecf":"317eeb59-29b1-45f7-b41f-2af7bda66455"}}
[debug] &amp#27;[35m[W3C (17588393)]&amp#27;[39m Responding to client with driver.findElement() result: {"element-6066-11e4-a52e-4f735466cecf":"317eeb59-29b1-45f7-b41f-2af7bda66455","ELEMENT":"317eeb59-29b1-45f7-b41f-2af7bda66455"}
&amp#27;[35m[HTTP]&amp#27;[39m &amp#27;[37m<-- POST /wd/hub/session/17588393-9eac-4cd9-9399-d342c6384ea7/element &amp#27;[39m&amp#27;[32m200&amp#27;[39m &amp#27;[90m43 ms - 137&amp#27;[39m
&amp#27;[35m[HTTP]&amp#27;[39m &amp#27;[90m&amp#27;[39m
&amp#27;[35m[HTTP]&amp#27;[39m &amp#27;[37m-->&amp#27;[39m &amp#27;[37mPOST&amp#27;[39m &amp#27;[37m/wd/hub/session/17588393-9eac-4cd9-9399-d342c6384ea7/element/317eeb59-29b1-45f7-b41f-2af7bda66455/click&amp#27;[39m
&amp#27;[35m[HTTP]&amp#27;[39m &amp#27;[90m{"id":"317eeb59-29b1-45f7-b41f-2af7bda66455"}&amp#27;[39m
[debug] &amp#27;[35m[W3C (17588393)]&amp#27;[39m Calling AppiumDriver.click() with args: ["317eeb59-29b1-45f7-b41f-2af7bda66455","17588393-9eac-4cd9-9399-d342c6384ea7"]
[debug] &amp#27;[35m[WD Proxy]&amp#27;[39m Matched '/element/317eeb59-29b1-45f7-b41f-2af7bda66455/click' to command name 'click'
[debug] &amp#27;[35m[WD Proxy]&amp#27;[39m Proxying [POST /element/317eeb59-29b1-45f7-b41f-2af7bda66455/click] to [POST http://127.0.0.1:8200/wd/hub/session/91bae3ee-22d3-4f66-983f-d2a440c0f1db/element/317eeb59-29b1-45f7-b41f-2af7bda66455/click] with body: {"element":"317eeb59-29b1-45f7-b41f-2af7bda66455"}
[debug] &amp#27;[35m[WD Proxy]&amp#27;[39m Got response with status 200: {"sessionId":"91bae3ee-22d3-4f66-983f-d2a440c0f1db","value":null}
[debug] &amp#27;[35m[W3C (17588393)]&amp#27;[39m Responding to client with driver.click() result: null
&amp#27;[35m[HTTP]&amp#27;[39m &amp#27;[37m<-- POST /wd/hub/session/17588393-9eac-4cd9-9399-d342c6384ea7/element/317eeb59-29b1-45f7-b41f-2af7bda66455/click &amp#27;[39m&amp#27;[32m200&amp#27;[39m &amp#27;[90m617 ms - 14&amp#27;[39m
&amp#27;[35m[HTTP]&amp#27;[39m &amp#27;[90m&amp#27;[39m
&amp#27;[35m[HTTP]&amp#27;[39m &amp#27;[37m-->&amp#27;[39m &amp#27;[37mGET&amp#27;[39m &amp#27;[37m/wd/hub/session/17588393-9eac-4cd9-9399-d342c6384ea7/context&amp#27;[39m
&amp#27;[35m[HTTP]&amp#27;[39m &amp#27;[90m{}&amp#27;[39m
[debug] &amp#27;[35m[W3C (17588393)]&amp#27;[39m Calling AppiumDriver.getCurrentContext() with args: ["17588393-9eac-4cd9-9399-d342c6384ea7"]
[debug] &amp#27;[35m[W3C (17588393)]&amp#27;[39m Responding to client with driver.getCurrentContext() result: "NATIVE_APP"
&amp#27;[35m[HTTP]&amp#27;[39m &amp#27;[37m<-- GET /wd/hub/session/17588393-9eac-4cd9-9399-d342c6384ea7/context &amp#27;[39m&amp#27;[32m200&amp#27;[39m &amp#27;[90m1 ms - 22&amp#27;[39m
&amp#27;[35m[HTTP]&amp#27;[39m &amp#27;[90m&amp#27;[39m
&amp#27;[35m[HTTP]&amp#27;[39m &amp#27;[37m-->&amp#27;[39m &amp#27;[37mPOST&amp#27;[39m &amp#27;[37m/wd/hub/session/17588393-9eac-4cd9-9399-d342c6384ea7/element&amp#27;[39m
&amp#27;[35m[HTTP]&amp#27;[39m &amp#27;[90m{"using":"id","value":"com.androidsample.generalstore:id/nameField"}&amp#27;[39m
[debug] &amp#27;[35m[W3C (17588393)]&amp#27;[39m Calling AppiumDriver.findElement() with args: ["id","com.androidsample.generalstore:id/nameField","17588393-9eac-4cd9-9399-d342c6384ea7"]
[debug] &amp#27;[35m[BaseDriver]&amp#27;[39m Valid locator strategies for this request: xpath, id, class name, accessibility id, -android uiautomator
[debug] &amp#27;[35m[BaseDriver]&amp#27;[39m Waiting up to 10000 ms for condition
[debug] &amp#27;[35m[WD Proxy]&amp#27;[39m Matched '/element' to command name 'findElement'
[debug] &amp#27;[35m[WD Proxy]&amp#27;[39m Proxying [POST /element] to [POST http://127.0.0.1:8200/wd/hub/session/91bae3ee-22d3-4f66-983f-d2a440c0f1db/element] with body: {"strategy":"id","selector":"com.androidsample.generalstore:id/nameField","context":"","multiple":false}
[debug] &amp#27;[35m[WD Proxy]&amp#27;[39m Got response with status 200: {"sessionId":"91bae3ee-22d3-4f66-983f-d2a440c0f1db","value":{"ELEMENT":"f8bae21f-37b9-4d9a-86d7-2565930317ae","element-6066-11e4-a52e-4f735466cecf":"f8bae21f-37b9-4d9a-86d7-2565930317ae"}}
[debug] &amp#27;[35m[W3C (17588393)]&amp#27;[39m Responding to client with driver.findElement() result: {"element-6066-11e4-a52e-4f735466cecf":"f8bae21f-37b9-4d9a-86d7-2565930317ae","ELEMENT":"f8bae21f-37b9-4d9a-86d7-2565930317ae"}
&amp#27;[35m[HTTP]&amp#27;[39m &amp#27;[37m<-- POST /wd/hub/session/17588393-9eac-4cd9-9399-d342c6384ea7/element &amp#27;[39m&amp#27;[32m200&amp#27;[39m &amp#27;[90m17 ms - 137&amp#27;[39m
&amp#27;[35m[HTTP]&amp#27;[39m &amp#27;[90m&amp#27;[39m
&amp#27;[35m[HTTP]&amp#27;[39m &amp#27;[37m-->&amp#27;[39m &amp#27;[37mPOST&amp#27;[39m &amp#27;[37m/wd/hub/session/17588393-9eac-4cd9-9399-d342c6384ea7/element/f8bae21f-37b9-4d9a-86d7-2565930317ae/clear&amp#27;[39m
&amp#27;[35m[HTTP]&amp#27;[39m &amp#27;[90m{"id":"f8bae21f-37b9-4d9a-86d7-2565930317ae"}&amp#27;[39m
[debug] &amp#27;[35m[W3C (17588393)]&amp#27;[39m Calling AppiumDriver.clear() with args: ["f8bae21f-37b9-4d9a-86d7-2565930317ae","17588393-9eac-4cd9-9399-d342c6384ea7"]
[debug] &amp#27;[35m[WD Proxy]&amp#27;[39m Matched '/element/f8bae21f-37b9-4d9a-86d7-2565930317ae/clear' to command name 'clear'
[debug] &amp#27;[35m[WD Proxy]&amp#27;[39m Proxying [POST /element/f8bae21f-37b9-4d9a-86d7-2565930317ae/clear] to [POST http://127.0.0.1:8200/wd/hub/session/91bae3ee-22d3-4f66-983f-d2a440c0f1db/element/f8bae21f-37b9-4d9a-86d7-2565930317ae/clear] with body: {"elementId":"f8bae21f-37b9-4d9a-86d7-2565930317ae"}
[debug] &amp#27;[35m[WD Proxy]&amp#27;[39m Got response with status 200: {"sessionId":"91bae3ee-22d3-4f66-983f-d2a440c0f1db","value":null}
[debug] &amp#27;[35m[W3C (17588393)]&amp#27;[39m Responding to client with driver.clear() result: null
&amp#27;[35m[HTTP]&amp#27;[39m &amp#27;[37m<-- POST /wd/hub/session/17588393-9eac-4cd9-9399-d342c6384ea7/element/f8bae21f-37b9-4d9a-86d7-2565930317ae/clear &amp#27;[39m&amp#27;[32m200&amp#27;[39m &amp#27;[90m16 ms - 14&amp#27;[39m
&amp#27;[35m[HTTP]&amp#27;[39m &amp#27;[90m&amp#27;[39m
&amp#27;[35m[HTTP]&amp#27;[39m &amp#27;[37m-->&amp#27;[39m &amp#27;[37mGET&amp#27;[39m &amp#27;[37m/wd/hub/session/17588393-9eac-4cd9-9399-d342c6384ea7/context&amp#27;[39m
&amp#27;[35m[HTTP]&amp#27;[39m &amp#27;[90m{}&amp#27;[39m
[debug] &amp#27;[35m[W3C (17588393)]&amp#27;[39m Calling AppiumDriver.getCurrentContext() with args: ["17588393-9eac-4cd9-9399-d342c6384ea7"]
[debug] &amp#27;[35m[W3C (17588393)]&amp#27;[39m Responding to client with driver.getCurrentContext() result: "NATIVE_APP"
&amp#27;[35m[HTTP]&amp#27;[39m &amp#27;[37m<-- GET /wd/hub/session/17588393-9eac-4cd9-9399-d342c6384ea7/context &amp#27;[39m&amp#27;[32m200&amp#27;[39m &amp#27;[90m1 ms - 22&amp#27;[39m
&amp#27;[35m[HTTP]&amp#27;[39m &amp#27;[90m&amp#27;[39m
&amp#27;[35m[HTTP]&amp#27;[39m &amp#27;[37m-->&amp#27;[39m &amp#27;[37mPOST&amp#27;[39m &amp#27;[37m/wd/hub/session/17588393-9eac-4cd9-9399-d342c6384ea7/element&amp#27;[39m
&amp#27;[35m[HTTP]&amp#27;[39m &amp#27;[90m{"using":"id","value":"com.androidsample.generalstore:id/radioMale"}&amp#27;[39m
[debug] &amp#27;[35m[W3C (17588393)]&amp#27;[39m Calling AppiumDriver.findElement() with args: ["id","com.androidsample.generalstore:id/radioMale","17588393-9eac-4cd9-9399-d342c6384ea7"]
[debug] &amp#27;[35m[BaseDriver]&amp#27;[39m Valid locator strategies for this request: xpath, id, class name, accessibility id, -android uiautomator
[debug] &amp#27;[35m[BaseDriver]&amp#27;[39m Waiting up to 10000 ms for condition
[debug] &amp#27;[35m[WD Proxy]&amp#27;[39m Matched '/element' to command name 'findElement'
[debug] &amp#27;[35m[WD Proxy]&amp#27;[39m Proxying [POST /element] to [POST http://127.0.0.1:8200/wd/hub/session/91bae3ee-22d3-4f66-983f-d2a440c0f1db/element] with body: {"strategy":"id","selector":"com.androidsample.generalstore:id/radioMale","context":"","multiple":false}
[debug] &amp#27;[35m[WD Proxy]&amp#27;[39m Got response with status 200: {"sessionId":"91bae3ee-22d3-4f66-983f-d2a440c0f1db","value":{"ELEMENT":"c95e3042-5bf7-4f3d-a1f7-ee840cc8340d","element-6066-11e4-a52e-4f735466cecf":"c95e3042-5bf7-4f3d-a1f7-ee840cc8340d"}}
[debug] &amp#27;[35m[W3C (17588393)]&amp#27;[39m Responding to client with driver.findElement() result: {"element-6066-11e4-a52e-4f735466cecf":"c95e3042-5bf7-4f3d-a1f7-ee840cc8340d","ELEMENT":"c95e3042-5bf7-4f3d-a1f7-ee840cc8340d"}
&amp#27;[35m[HTTP]&amp#27;[39m &amp#27;[37m<-- POST /wd/hub/session/17588393-9eac-4cd9-9399-d342c6384ea7/element &amp#27;[39m&amp#27;[32m200&amp#27;[39m &amp#27;[90m18 ms - 137&amp#27;[39m
&amp#27;[35m[HTTP]&amp#27;[39m &amp#27;[90m&amp#27;[39m
&amp#27;[35m[HTTP]&amp#27;[39m &amp#27;[37m-->&amp#27;[39m &amp#27;[37mPOST&amp#27;[39m &amp#27;[37m/wd/hub/session/17588393-9eac-4cd9-9399-d342c6384ea7/element/c95e3042-5bf7-4f3d-a1f7-ee840cc8340d/click&amp#27;[39m
&amp#27;[35m[HTTP]&amp#27;[39m &amp#27;[90m{"id":"c95e3042-5bf7-4f3d-a1f7-ee840cc8340d"}&amp#27;[39m
[debug] &amp#27;[35m[W3C (17588393)]&amp#27;[39m Calling AppiumDriver.click() with args: ["c95e3042-5bf7-4f3d-a1f7-ee840cc8340d","17588393-9eac-4cd9-9399-d342c6384ea7"]
[debug] &amp#27;[35m[WD Proxy]&amp#27;[39m Matched '/element/c95e3042-5bf7-4f3d-a1f7-ee840cc8340d/click' to command name 'click'
[debug] &amp#27;[35m[WD Proxy]&amp#27;[39m Proxying [POST /element/c95e3042-5bf7-4f3d-a1f7-ee840cc8340d/click] to [POST http://127.0.0.1:8200/wd/hub/session/91bae3ee-22d3-4f66-983f-d2a440c0f1db/element/c95e3042-5bf7-4f3d-a1f7-ee840cc8340d/click] with body: {"element":"c95e3042-5bf7-4f3d-a1f7-ee840cc8340d"}
[debug] &amp#27;[35m[WD Proxy]&amp#27;[39m Got response with status 200: {"sessionId":"91bae3ee-22d3-4f66-983f-d2a440c0f1db","value":null}
[debug] &amp#27;[35m[W3C (17588393)]&amp#27;[39m Responding to client with driver.click() result: null
&amp#27;[35m[HTTP]&amp#27;[39m &amp#27;[37m<-- POST /wd/hub/session/17588393-9eac-4cd9-9399-d342c6384ea7/element/c95e3042-5bf7-4f3d-a1f7-ee840cc8340d/click &amp#27;[39m&amp#27;[32m200&amp#27;[39m &amp#27;[90m487 ms - 14&amp#27;[39m
&amp#27;[35m[HTTP]&amp#27;[39m &amp#27;[90m&amp#27;[39m
]]></system-out>
  </testcase>
  <testcase name="mySQL_Test[Algeria, , Male](3)" classname="test.AppiumFramework.CustLoginTest" time="10.47">
    <system-out><![CDATA[&amp#27;[35m[HTTP]&amp#27;[39m &amp#27;[37m-->&amp#27;[39m &amp#27;[37mGET&amp#27;[39m &amp#27;[37m/wd/hub/session/17588393-9eac-4cd9-9399-d342c6384ea7/context&amp#27;[39m
&amp#27;[35m[HTTP]&amp#27;[39m &amp#27;[90m{}&amp#27;[39m
[debug] &amp#27;[35m[W3C (17588393)]&amp#27;[39m Calling AppiumDriver.getCurrentContext() with args: ["17588393-9eac-4cd9-9399-d342c6384ea7"]
[debug] &amp#27;[35m[W3C (17588393)]&amp#27;[39m Responding to client with driver.getCurrentContext() result: "NATIVE_APP"
&amp#27;[35m[HTTP]&amp#27;[39m &amp#27;[37m<-- GET /wd/hub/session/17588393-9eac-4cd9-9399-d342c6384ea7/context &amp#27;[39m&amp#27;[32m200&amp#27;[39m &amp#27;[90m2 ms - 22&amp#27;[39m
&amp#27;[35m[HTTP]&amp#27;[39m &amp#27;[90m&amp#27;[39m
&amp#27;[35m[HTTP]&amp#27;[39m &amp#27;[37m-->&amp#27;[39m &amp#27;[37mPOST&amp#27;[39m &amp#27;[37m/wd/hub/session/17588393-9eac-4cd9-9399-d342c6384ea7/element&amp#27;[39m
&amp#27;[35m[HTTP]&amp#27;[39m &amp#27;[90m{"using":"class name","value":"android.widget.Spinner"}&amp#27;[39m
[debug] &amp#27;[35m[W3C (17588393)]&amp#27;[39m Calling AppiumDriver.findElement() with args: ["class name","android.widget.Spinner","17588393-9eac-4cd9-9399-d342c6384ea7"]
[debug] &amp#27;[35m[BaseDriver]&amp#27;[39m Valid locator strategies for this request: xpath, id, class name, accessibility id, -android uiautomator
[debug] &amp#27;[35m[BaseDriver]&amp#27;[39m Waiting up to 10000 ms for condition
[debug] &amp#27;[35m[WD Proxy]&amp#27;[39m Matched '/element' to command name 'findElement'
[debug] &amp#27;[35m[WD Proxy]&amp#27;[39m Proxying [POST /element] to [POST http://127.0.0.1:8200/wd/hub/session/91bae3ee-22d3-4f66-983f-d2a440c0f1db/element] with body: {"strategy":"class name","selector":"android.widget.Spinner","context":"","multiple":false}
[debug] &amp#27;[35m[WD Proxy]&amp#27;[39m Got response with status 200: {"sessionId":"91bae3ee-22d3-4f66-983f-d2a440c0f1db","value":{"ELEMENT":"d45b5261-6bc4-4f44-b5f6-26036e523480","element-6066-11e4-a52e-4f735466cecf":"d45b5261-6bc4-4f44-b5f6-26036e523480"}}
[debug] &amp#27;[35m[W3C (17588393)]&amp#27;[39m Responding to client with driver.findElement() result: {"element-6066-11e4-a52e-4f735466cecf":"d45b5261-6bc4-4f44-b5f6-26036e523480","ELEMENT":"d45b5261-6bc4-4f44-b5f6-26036e523480"}
&amp#27;[35m[HTTP]&amp#27;[39m &amp#27;[37m<-- POST /wd/hub/session/17588393-9eac-4cd9-9399-d342c6384ea7/element &amp#27;[39m&amp#27;[32m200&amp#27;[39m &amp#27;[90m45 ms - 137&amp#27;[39m
&amp#27;[35m[HTTP]&amp#27;[39m &amp#27;[90m&amp#27;[39m
&amp#27;[35m[HTTP]&amp#27;[39m &amp#27;[37m-->&amp#27;[39m &amp#27;[37mPOST&amp#27;[39m &amp#27;[37m/wd/hub/session/17588393-9eac-4cd9-9399-d342c6384ea7/element/d45b5261-6bc4-4f44-b5f6-26036e523480/click&amp#27;[39m
&amp#27;[35m[HTTP]&amp#27;[39m &amp#27;[90m{"id":"d45b5261-6bc4-4f44-b5f6-26036e523480"}&amp#27;[39m
[debug] &amp#27;[35m[W3C (17588393)]&amp#27;[39m Calling AppiumDriver.click() with args: ["d45b5261-6bc4-4f44-b5f6-26036e523480","17588393-9eac-4cd9-9399-d342c6384ea7"]
[debug] &amp#27;[35m[WD Proxy]&amp#27;[39m Matched '/element/d45b5261-6bc4-4f44-b5f6-26036e523480/click' to command name 'click'
[debug] &amp#27;[35m[WD Proxy]&amp#27;[39m Proxying [POST /element/d45b5261-6bc4-4f44-b5f6-26036e523480/click] to [POST http://127.0.0.1:8200/wd/hub/session/91bae3ee-22d3-4f66-983f-d2a440c0f1db/element/d45b5261-6bc4-4f44-b5f6-26036e523480/click] with body: {"element":"d45b5261-6bc4-4f44-b5f6-26036e523480"}
[debug] &amp#27;[35m[WD Proxy]&amp#27;[39m Got response with status 200: {"sessionId":"91bae3ee-22d3-4f66-983f-d2a440c0f1db","value":null}
[debug] &amp#27;[35m[W3C (17588393)]&amp#27;[39m Responding to client with driver.click() result: null
&amp#27;[35m[HTTP]&amp#27;[39m &amp#27;[37m<-- POST /wd/hub/session/17588393-9eac-4cd9-9399-d342c6384ea7/element/d45b5261-6bc4-4f44-b5f6-26036e523480/click &amp#27;[39m&amp#27;[32m200&amp#27;[39m &amp#27;[90m474 ms - 14&amp#27;[39m
&amp#27;[35m[HTTP]&amp#27;[39m &amp#27;[90m&amp#27;[39m
&amp#27;[35m[HTTP]&amp#27;[39m &amp#27;[37m-->&amp#27;[39m &amp#27;[37mPOST&amp#27;[39m &amp#27;[37m/wd/hub/session/17588393-9eac-4cd9-9399-d342c6384ea7/element&amp#27;[39m
&amp#27;[35m[HTTP]&amp#27;[39m &amp#27;[90m{"using":"-android uiautomator","value":"new UiScrollable(new UiSelector()).setMaxSearchSwipes(100).scrollIntoView(new UiSelector().textMatches(\"Algeria\"))"}&amp#27;[39m
[debug] &amp#27;[35m[W3C (17588393)]&amp#27;[39m Calling AppiumDriver.findElement() with args: ["-android uiautomator","new UiScrollable(new UiSelector()).setMaxSearchSwipes(100).scrollIntoView(new UiSelector().textMatches(\"Algeria\"))","17588393-9eac-4cd9-9399-d342c6384ea7"]
[debug] &amp#27;[35m[BaseDriver]&amp#27;[39m Valid locator strategies for this request: xpath, id, class name, accessibility id, -android uiautomator
[debug] &amp#27;[35m[BaseDriver]&amp#27;[39m Waiting up to 10000 ms for condition
[debug] &amp#27;[35m[WD Proxy]&amp#27;[39m Matched '/element' to command name 'findElement'
[debug] &amp#27;[35m[WD Proxy]&amp#27;[39m Proxying [POST /element] to [POST http://127.0.0.1:8200/wd/hub/session/91bae3ee-22d3-4f66-983f-d2a440c0f1db/element] with body: {"strategy":"-android uiautomator","selector":"new UiScrollable(new UiSelector()).setMaxSearchSwipes(100).scrollIntoView(new UiSelector().textMatches(\"Algeria\"))","context":"","multiple":false}
[debug] &amp#27;[35m[WD Proxy]&amp#27;[39m Got response with status 200: {"sessionId":"91bae3ee-22d3-4f66-983f-d2a440c0f1db","value":{"ELEMENT":"6a8d1830-9beb-45a4-9159-9fb8572b9789","element-6066-11e4-a52e-4f735466cecf":"6a8d1830-9beb-45a4-9159-9fb8572b9789"}}
[debug] &amp#27;[35m[W3C (17588393)]&amp#27;[39m Responding to client with driver.findElement() result: {"element-6066-11e4-a52e-4f735466cecf":"6a8d1830-9beb-45a4-9159-9fb8572b9789","ELEMENT":"6a8d1830-9beb-45a4-9159-9fb8572b9789"}
&amp#27;[35m[HTTP]&amp#27;[39m &amp#27;[37m<-- POST /wd/hub/session/17588393-9eac-4cd9-9399-d342c6384ea7/element &amp#27;[39m&amp#27;[32m200&amp#27;[39m &amp#27;[90m846 ms - 137&amp#27;[39m
&amp#27;[35m[HTTP]&amp#27;[39m &amp#27;[90m&amp#27;[39m
&amp#27;[35m[HTTP]&amp#27;[39m &amp#27;[37m-->&amp#27;[39m &amp#27;[37mPOST&amp#27;[39m &amp#27;[37m/wd/hub/session/17588393-9eac-4cd9-9399-d342c6384ea7/element&amp#27;[39m
&amp#27;[35m[HTTP]&amp#27;[39m &amp#27;[90m{"using":"xpath","value":"//*[@text=\"Algeria\"]"}&amp#27;[39m
[debug] &amp#27;[35m[W3C (17588393)]&amp#27;[39m Calling AppiumDriver.findElement() with args: ["xpath","//*[@text=\"Algeria\"]","17588393-9eac-4cd9-9399-d342c6384ea7"]
[debug] &amp#27;[35m[BaseDriver]&amp#27;[39m Valid locator strategies for this request: xpath, id, class name, accessibility id, -android uiautomator
[debug] &amp#27;[35m[BaseDriver]&amp#27;[39m Waiting up to 10000 ms for condition
[debug] &amp#27;[35m[WD Proxy]&amp#27;[39m Matched '/element' to command name 'findElement'
[debug] &amp#27;[35m[WD Proxy]&amp#27;[39m Proxying [POST /element] to [POST http://127.0.0.1:8200/wd/hub/session/91bae3ee-22d3-4f66-983f-d2a440c0f1db/element] with body: {"strategy":"xpath","selector":"//*[@text=\"Algeria\"]","context":"","multiple":false}
[debug] &amp#27;[35m[WD Proxy]&amp#27;[39m Got response with status 200: {"sessionId":"91bae3ee-22d3-4f66-983f-d2a440c0f1db","value":{"ELEMENT":"b64eccf4-49cf-4de2-9449-7bd12027444c","element-6066-11e4-a52e-4f735466cecf":"b64eccf4-49cf-4de2-9449-7bd12027444c"}}
[debug] &amp#27;[35m[W3C (17588393)]&amp#27;[39m Responding to client with driver.findElement() result: {"element-6066-11e4-a52e-4f735466cecf":"b64eccf4-49cf-4de2-9449-7bd12027444c","ELEMENT":"b64eccf4-49cf-4de2-9449-7bd12027444c"}
&amp#27;[35m[HTTP]&amp#27;[39m &amp#27;[37m<-- POST /wd/hub/session/17588393-9eac-4cd9-9399-d342c6384ea7/element &amp#27;[39m&amp#27;[32m200&amp#27;[39m &amp#27;[90m48 ms - 137&amp#27;[39m
&amp#27;[35m[HTTP]&amp#27;[39m &amp#27;[90m&amp#27;[39m
&amp#27;[35m[HTTP]&amp#27;[39m &amp#27;[37m-->&amp#27;[39m &amp#27;[37mPOST&amp#27;[39m &amp#27;[37m/wd/hub/session/17588393-9eac-4cd9-9399-d342c6384ea7/element/b64eccf4-49cf-4de2-9449-7bd12027444c/click&amp#27;[39m
&amp#27;[35m[HTTP]&amp#27;[39m &amp#27;[90m{"id":"b64eccf4-49cf-4de2-9449-7bd12027444c"}&amp#27;[39m
[debug] &amp#27;[35m[W3C (17588393)]&amp#27;[39m Calling AppiumDriver.click() with args: ["b64eccf4-49cf-4de2-9449-7bd12027444c","17588393-9eac-4cd9-9399-d342c6384ea7"]
[debug] &amp#27;[35m[WD Proxy]&amp#27;[39m Matched '/element/b64eccf4-49cf-4de2-9449-7bd12027444c/click' to command name 'click'
[debug] &amp#27;[35m[WD Proxy]&amp#27;[39m Proxying [POST /element/b64eccf4-49cf-4de2-9449-7bd12027444c/click] to [POST http://127.0.0.1:8200/wd/hub/session/91bae3ee-22d3-4f66-983f-d2a440c0f1db/element/b64eccf4-49cf-4de2-9449-7bd12027444c/click] with body: {"element":"b64eccf4-49cf-4de2-9449-7bd12027444c"}
[debug] &amp#27;[35m[WD Proxy]&amp#27;[39m Got response with status 200: {"sessionId":"91bae3ee-22d3-4f66-983f-d2a440c0f1db","value":null}
[debug] &amp#27;[35m[W3C (17588393)]&amp#27;[39m Responding to client with driver.click() result: null
&amp#27;[35m[HTTP]&amp#27;[39m &amp#27;[37m<-- POST /wd/hub/session/17588393-9eac-4cd9-9399-d342c6384ea7/element/b64eccf4-49cf-4de2-9449-7bd12027444c/click &amp#27;[39m&amp#27;[32m200&amp#27;[39m &amp#27;[90m710 ms - 14&amp#27;[39m
&amp#27;[35m[HTTP]&amp#27;[39m &amp#27;[90m&amp#27;[39m
&amp#27;[35m[HTTP]&amp#27;[39m &amp#27;[37m-->&amp#27;[39m &amp#27;[37mGET&amp#27;[39m &amp#27;[37m/wd/hub/session/17588393-9eac-4cd9-9399-d342c6384ea7/context&amp#27;[39m
&amp#27;[35m[HTTP]&amp#27;[39m &amp#27;[90m{}&amp#27;[39m
[debug] &amp#27;[35m[W3C (17588393)]&amp#27;[39m Calling AppiumDriver.getCurrentContext() with args: ["17588393-9eac-4cd9-9399-d342c6384ea7"]
[debug] &amp#27;[35m[W3C (17588393)]&amp#27;[39m Responding to client with driver.getCurrentContext() result: "NATIVE_APP"
&amp#27;[35m[HTTP]&amp#27;[39m &amp#27;[37m<-- GET /wd/hub/session/17588393-9eac-4cd9-9399-d342c6384ea7/context &amp#27;[39m&amp#27;[32m200&amp#27;[39m &amp#27;[90m1 ms - 22&amp#27;[39m
&amp#27;[35m[HTTP]&amp#27;[39m &amp#27;[90m&amp#27;[39m
&amp#27;[35m[HTTP]&amp#27;[39m &amp#27;[37m-->&amp#27;[39m &amp#27;[37mPOST&amp#27;[39m &amp#27;[37m/wd/hub/session/17588393-9eac-4cd9-9399-d342c6384ea7/element&amp#27;[39m
&amp#27;[35m[HTTP]&amp#27;[39m &amp#27;[90m{"using":"id","value":"android:id/text1"}&amp#27;[39m
[debug] &amp#27;[35m[W3C (17588393)]&amp#27;[39m Calling AppiumDriver.findElement() with args: ["id","android:id/text1","17588393-9eac-4cd9-9399-d342c6384ea7"]
[debug] &amp#27;[35m[BaseDriver]&amp#27;[39m Valid locator strategies for this request: xpath, id, class name, accessibility id, -android uiautomator
[debug] &amp#27;[35m[BaseDriver]&amp#27;[39m Waiting up to 10000 ms for condition
[debug] &amp#27;[35m[WD Proxy]&amp#27;[39m Matched '/element' to command name 'findElement'
[debug] &amp#27;[35m[WD Proxy]&amp#27;[39m Proxying [POST /element] to [POST http://127.0.0.1:8200/wd/hub/session/91bae3ee-22d3-4f66-983f-d2a440c0f1db/element] with body: {"strategy":"id","selector":"android:id/text1","context":"","multiple":false}
[debug] &amp#27;[35m[WD Proxy]&amp#27;[39m Got response with status 200: {"sessionId":"91bae3ee-22d3-4f66-983f-d2a440c0f1db","value":{"ELEMENT":"e74b0b40-1b01-4d07-8af5-54a5f62f61a9","element-6066-11e4-a52e-4f735466cecf":"e74b0b40-1b01-4d07-8af5-54a5f62f61a9"}}
[debug] &amp#27;[35m[W3C (17588393)]&amp#27;[39m Responding to client with driver.findElement() result: {"element-6066-11e4-a52e-4f735466cecf":"e74b0b40-1b01-4d07-8af5-54a5f62f61a9","ELEMENT":"e74b0b40-1b01-4d07-8af5-54a5f62f61a9"}
&amp#27;[35m[HTTP]&amp#27;[39m &amp#27;[37m<-- POST /wd/hub/session/17588393-9eac-4cd9-9399-d342c6384ea7/element &amp#27;[39m&amp#27;[32m200&amp#27;[39m &amp#27;[90m13 ms - 137&amp#27;[39m
&amp#27;[35m[HTTP]&amp#27;[39m &amp#27;[90m&amp#27;[39m
&amp#27;[35m[HTTP]&amp#27;[39m &amp#27;[37m-->&amp#27;[39m &amp#27;[37mGET&amp#27;[39m &amp#27;[37m/wd/hub/session/17588393-9eac-4cd9-9399-d342c6384ea7/element/e74b0b40-1b01-4d07-8af5-54a5f62f61a9/text&amp#27;[39m
&amp#27;[35m[HTTP]&amp#27;[39m &amp#27;[90m{}&amp#27;[39m
&amp#27;[35m[W3C (17588393)]&amp#27;[39m Driver proxy active, passing request on via HTTP proxy
[debug] &amp#27;[35m[WD Proxy]&amp#27;[39m Matched '/wd/hub/session/17588393-9eac-4cd9-9399-d342c6384ea7/element/e74b0b40-1b01-4d07-8af5-54a5f62f61a9/text' to command name 'getText'
[debug] &amp#27;[35m[WD Proxy]&amp#27;[39m Proxying [GET /wd/hub/session/17588393-9eac-4cd9-9399-d342c6384ea7/element/e74b0b40-1b01-4d07-8af5-54a5f62f61a9/text] to [GET http://127.0.0.1:8200/wd/hub/session/91bae3ee-22d3-4f66-983f-d2a440c0f1db/element/e74b0b40-1b01-4d07-8af5-54a5f62f61a9/text] with no body
[debug] &amp#27;[35m[WD Proxy]&amp#27;[39m Got response with status 200: {"sessionId":"91bae3ee-22d3-4f66-983f-d2a440c0f1db","value":"Algeria"}
&amp#27;[35m[WD Proxy]&amp#27;[39m Replacing sessionId 91bae3ee-22d3-4f66-983f-d2a440c0f1db with 17588393-9eac-4cd9-9399-d342c6384ea7
&amp#27;[35m[HTTP]&amp#27;[39m &amp#27;[37m<-- GET /wd/hub/session/17588393-9eac-4cd9-9399-d342c6384ea7/element/e74b0b40-1b01-4d07-8af5-54a5f62f61a9/text &amp#27;[39m&amp#27;[32m200&amp#27;[39m &amp#27;[90m10 ms - 70&amp#27;[39m
&amp#27;[35m[HTTP]&amp#27;[39m &amp#27;[90m&amp#27;[39m
&amp#27;[35m[HTTP]&amp#27;[39m &amp#27;[37m-->&amp#27;[39m &amp#27;[37mGET&amp#27;[39m &amp#27;[37m/wd/hub/session/17588393-9eac-4cd9-9399-d342c6384ea7/context&amp#27;[39m
&amp#27;[35m[HTTP]&amp#27;[39m &amp#27;[90m{}&amp#27;[39m
[debug] &amp#27;[35m[W3C (17588393)]&amp#27;[39m Calling AppiumDriver.getCurrentContext() with args: ["17588393-9eac-4cd9-9399-d342c6384ea7"]
[debug] &amp#27;[35m[W3C (17588393)]&amp#27;[39m Responding to client with driver.getCurrentContext() result: "NATIVE_APP"
&amp#27;[35m[HTTP]&amp#27;[39m &amp#27;[37m<-- GET /wd/hub/session/17588393-9eac-4cd9-9399-d342c6384ea7/context &amp#27;[39m&amp#27;[32m200&amp#27;[39m &amp#27;[90m1 ms - 22&amp#27;[39m
&amp#27;[35m[HTTP]&amp#27;[39m &amp#27;[90m&amp#27;[39m
&amp#27;[35m[HTTP]&amp#27;[39m &amp#27;[37m-->&amp#27;[39m &amp#27;[37mPOST&amp#27;[39m &amp#27;[37m/wd/hub/session/17588393-9eac-4cd9-9399-d342c6384ea7/element&amp#27;[39m
&amp#27;[35m[HTTP]&amp#27;[39m &amp#27;[90m{"using":"id","value":"com.androidsample.generalstore:id/nameField"}&amp#27;[39m
[debug] &amp#27;[35m[W3C (17588393)]&amp#27;[39m Calling AppiumDriver.findElement() with args: ["id","com.androidsample.generalstore:id/nameField","17588393-9eac-4cd9-9399-d342c6384ea7"]
[debug] &amp#27;[35m[BaseDriver]&amp#27;[39m Valid locator strategies for this request: xpath, id, class name, accessibility id, -android uiautomator
[debug] &amp#27;[35m[BaseDriver]&amp#27;[39m Waiting up to 10000 ms for condition
[debug] &amp#27;[35m[WD Proxy]&amp#27;[39m Matched '/element' to command name 'findElement'
[debug] &amp#27;[35m[WD Proxy]&amp#27;[39m Proxying [POST /element] to [POST http://127.0.0.1:8200/wd/hub/session/91bae3ee-22d3-4f66-983f-d2a440c0f1db/element] with body: {"strategy":"id","selector":"com.androidsample.generalstore:id/nameField","context":"","multiple":false}
[debug] &amp#27;[35m[WD Proxy]&amp#27;[39m Got response with status 200: {"sessionId":"91bae3ee-22d3-4f66-983f-d2a440c0f1db","value":{"ELEMENT":"fe5bc197-f7f0-4354-b625-3b1e6de8588b","element-6066-11e4-a52e-4f735466cecf":"fe5bc197-f7f0-4354-b625-3b1e6de8588b"}}
[debug] &amp#27;[35m[W3C (17588393)]&amp#27;[39m Responding to client with driver.findElement() result: {"element-6066-11e4-a52e-4f735466cecf":"fe5bc197-f7f0-4354-b625-3b1e6de8588b","ELEMENT":"fe5bc197-f7f0-4354-b625-3b1e6de8588b"}
&amp#27;[35m[HTTP]&amp#27;[39m &amp#27;[37m<-- POST /wd/hub/session/17588393-9eac-4cd9-9399-d342c6384ea7/element &amp#27;[39m&amp#27;[32m200&amp#27;[39m &amp#27;[90m14 ms - 137&amp#27;[39m
&amp#27;[35m[HTTP]&amp#27;[39m &amp#27;[90m&amp#27;[39m
&amp#27;[35m[HTTP]&amp#27;[39m &amp#27;[37m-->&amp#27;[39m &amp#27;[37mPOST&amp#27;[39m &amp#27;[37m/wd/hub/session/17588393-9eac-4cd9-9399-d342c6384ea7/element/fe5bc197-f7f0-4354-b625-3b1e6de8588b/value&amp#27;[39m
&amp#27;[35m[HTTP]&amp#27;[39m &amp#27;[90m{"id":"fe5bc197-f7f0-4354-b625-3b1e6de8588b","text":"","value":[]}&amp#27;[39m
[debug] &amp#27;[35m[W3C (17588393)]&amp#27;[39m Calling AppiumDriver.setValue() with args: [[],"fe5bc197-f7f0-4354-b625-3b1e6de8588b","17588393-9eac-4cd9-9399-d342c6384ea7"]
[debug] &amp#27;[35m[WD Proxy]&amp#27;[39m Matched '/element/fe5bc197-f7f0-4354-b625-3b1e6de8588b/value' to command name 'setValue'
[debug] &amp#27;[35m[Protocol Converter]&amp#27;[39m Added 'value' property [] to 'setValue' request body
[debug] &amp#27;[35m[WD Proxy]&amp#27;[39m Proxying [POST /element/fe5bc197-f7f0-4354-b625-3b1e6de8588b/value] to [POST http://127.0.0.1:8200/wd/hub/session/91bae3ee-22d3-4f66-983f-d2a440c0f1db/element/fe5bc197-f7f0-4354-b625-3b1e6de8588b/value] with body: {"elementId":"fe5bc197-f7f0-4354-b625-3b1e6de8588b","text":"","replace":false,"value":[]}
[debug] &amp#27;[35m[WD Proxy]&amp#27;[39m Got response with status 200: {"sessionId":"91bae3ee-22d3-4f66-983f-d2a440c0f1db","value":null}
[debug] &amp#27;[35m[W3C (17588393)]&amp#27;[39m Responding to client with driver.setValue() result: null
&amp#27;[35m[HTTP]&amp#27;[39m &amp#27;[37m<-- POST /wd/hub/session/17588393-9eac-4cd9-9399-d342c6384ea7/element/fe5bc197-f7f0-4354-b625-3b1e6de8588b/value &amp#27;[39m&amp#27;[32m200&amp#27;[39m &amp#27;[90m523 ms - 14&amp#27;[39m
&amp#27;[35m[HTTP]&amp#27;[39m &amp#27;[90m&amp#27;[39m
&amp#27;[35m[HTTP]&amp#27;[39m &amp#27;[37m-->&amp#27;[39m &amp#27;[37mGET&amp#27;[39m &amp#27;[37m/wd/hub/session/17588393-9eac-4cd9-9399-d342c6384ea7/context&amp#27;[39m
&amp#27;[35m[HTTP]&amp#27;[39m &amp#27;[90m{}&amp#27;[39m
[debug] &amp#27;[35m[W3C (17588393)]&amp#27;[39m Calling AppiumDriver.getCurrentContext() with args: ["17588393-9eac-4cd9-9399-d342c6384ea7"]
[debug] &amp#27;[35m[W3C (17588393)]&amp#27;[39m Responding to client with driver.getCurrentContext() result: "NATIVE_APP"
&amp#27;[35m[HTTP]&amp#27;[39m &amp#27;[37m<-- GET /wd/hub/session/17588393-9eac-4cd9-9399-d342c6384ea7/context &amp#27;[39m&amp#27;[32m200&amp#27;[39m &amp#27;[90m1 ms - 22&amp#27;[39m
&amp#27;[35m[HTTP]&amp#27;[39m &amp#27;[90m&amp#27;[39m
&amp#27;[35m[HTTP]&amp#27;[39m &amp#27;[37m-->&amp#27;[39m &amp#27;[37mPOST&amp#27;[39m &amp#27;[37m/wd/hub/session/17588393-9eac-4cd9-9399-d342c6384ea7/element&amp#27;[39m
&amp#27;[35m[HTTP]&amp#27;[39m &amp#27;[90m{"using":"id","value":"com.androidsample.generalstore:id/nameField"}&amp#27;[39m
[debug] &amp#27;[35m[W3C (17588393)]&amp#27;[39m Calling AppiumDriver.findElement() with args: ["id","com.androidsample.generalstore:id/nameField","17588393-9eac-4cd9-9399-d342c6384ea7"]
[debug] &amp#27;[35m[BaseDriver]&amp#27;[39m Valid locator strategies for this request: xpath, id, class name, accessibility id, -android uiautomator
[debug] &amp#27;[35m[BaseDriver]&amp#27;[39m Waiting up to 10000 ms for condition
[debug] &amp#27;[35m[WD Proxy]&amp#27;[39m Matched '/element' to command name 'findElement'
[debug] &amp#27;[35m[WD Proxy]&amp#27;[39m Proxying [POST /element] to [POST http://127.0.0.1:8200/wd/hub/session/91bae3ee-22d3-4f66-983f-d2a440c0f1db/element] with body: {"strategy":"id","selector":"com.androidsample.generalstore:id/nameField","context":"","multiple":false}
[debug] &amp#27;[35m[WD Proxy]&amp#27;[39m Got response with status 200: {"sessionId":"91bae3ee-22d3-4f66-983f-d2a440c0f1db","value":{"ELEMENT":"56cf26d2-f177-47ba-8c06-2844363462e1","element-6066-11e4-a52e-4f735466cecf":"56cf26d2-f177-47ba-8c06-2844363462e1"}}
[debug] &amp#27;[35m[W3C (17588393)]&amp#27;[39m Responding to client with driver.findElement() result: {"element-6066-11e4-a52e-4f735466cecf":"56cf26d2-f177-47ba-8c06-2844363462e1","ELEMENT":"56cf26d2-f177-47ba-8c06-2844363462e1"}
&amp#27;[35m[HTTP]&amp#27;[39m &amp#27;[37m<-- POST /wd/hub/session/17588393-9eac-4cd9-9399-d342c6384ea7/element &amp#27;[39m&amp#27;[32m200&amp#27;[39m &amp#27;[90m499 ms - 137&amp#27;[39m
&amp#27;[35m[HTTP]&amp#27;[39m &amp#27;[90m&amp#27;[39m
&amp#27;[35m[HTTP]&amp#27;[39m &amp#27;[37m-->&amp#27;[39m &amp#27;[37mGET&amp#27;[39m &amp#27;[37m/wd/hub/session/17588393-9eac-4cd9-9399-d342c6384ea7/element/56cf26d2-f177-47ba-8c06-2844363462e1/text&amp#27;[39m
&amp#27;[35m[HTTP]&amp#27;[39m &amp#27;[90m{}&amp#27;[39m
&amp#27;[35m[W3C (17588393)]&amp#27;[39m Driver proxy active, passing request on via HTTP proxy
[debug] &amp#27;[35m[WD Proxy]&amp#27;[39m Matched '/wd/hub/session/17588393-9eac-4cd9-9399-d342c6384ea7/element/56cf26d2-f177-47ba-8c06-2844363462e1/text' to command name 'getText'
[debug] &amp#27;[35m[WD Proxy]&amp#27;[39m Proxying [GET /wd/hub/session/17588393-9eac-4cd9-9399-d342c6384ea7/element/56cf26d2-f177-47ba-8c06-2844363462e1/text] to [GET http://127.0.0.1:8200/wd/hub/session/91bae3ee-22d3-4f66-983f-d2a440c0f1db/element/56cf26d2-f177-47ba-8c06-2844363462e1/text] with no body
[debug] &amp#27;[35m[WD Proxy]&amp#27;[39m Got response with status 200: {"sessionId":"91bae3ee-22d3-4f66-983f-d2a440c0f1db","value":"Enter name here"}
&amp#27;[35m[WD Proxy]&amp#27;[39m Replacing sessionId 91bae3ee-22d3-4f66-983f-d2a440c0f1db with 17588393-9eac-4cd9-9399-d342c6384ea7
&amp#27;[35m[HTTP]&amp#27;[39m &amp#27;[37m<-- GET /wd/hub/session/17588393-9eac-4cd9-9399-d342c6384ea7/element/56cf26d2-f177-47ba-8c06-2844363462e1/text &amp#27;[39m&amp#27;[32m200&amp#27;[39m &amp#27;[90m10 ms - 78&amp#27;[39m
&amp#27;[35m[HTTP]&amp#27;[39m &amp#27;[90m&amp#27;[39m
&amp#27;[35m[HTTP]&amp#27;[39m &amp#27;[37m-->&amp#27;[39m &amp#27;[37mGET&amp#27;[39m &amp#27;[37m/wd/hub/session/17588393-9eac-4cd9-9399-d342c6384ea7/context&amp#27;[39m
&amp#27;[35m[HTTP]&amp#27;[39m &amp#27;[90m{}&amp#27;[39m
[debug] &amp#27;[35m[W3C (17588393)]&amp#27;[39m Calling AppiumDriver.getCurrentContext() with args: ["17588393-9eac-4cd9-9399-d342c6384ea7"]
[debug] &amp#27;[35m[W3C (17588393)]&amp#27;[39m Responding to client with driver.getCurrentContext() result: "NATIVE_APP"
&amp#27;[35m[HTTP]&amp#27;[39m &amp#27;[37m<-- GET /wd/hub/session/17588393-9eac-4cd9-9399-d342c6384ea7/context &amp#27;[39m&amp#27;[32m200&amp#27;[39m &amp#27;[90m1 ms - 22&amp#27;[39m
&amp#27;[35m[HTTP]&amp#27;[39m &amp#27;[90m&amp#27;[39m
&amp#27;[35m[HTTP]&amp#27;[39m &amp#27;[37m-->&amp#27;[39m &amp#27;[37mPOST&amp#27;[39m &amp#27;[37m/wd/hub/session/17588393-9eac-4cd9-9399-d342c6384ea7/element&amp#27;[39m
&amp#27;[35m[HTTP]&amp#27;[39m &amp#27;[90m{"using":"id","value":"com.androidsample.generalstore:id/radioMale"}&amp#27;[39m
[debug] &amp#27;[35m[W3C (17588393)]&amp#27;[39m Calling AppiumDriver.findElement() with args: ["id","com.androidsample.generalstore:id/radioMale","17588393-9eac-4cd9-9399-d342c6384ea7"]
[debug] &amp#27;[35m[BaseDriver]&amp#27;[39m Valid locator strategies for this request: xpath, id, class name, accessibility id, -android uiautomator
[debug] &amp#27;[35m[BaseDriver]&amp#27;[39m Waiting up to 10000 ms for condition
[debug] &amp#27;[35m[WD Proxy]&amp#27;[39m Matched '/element' to command name 'findElement'
[debug] &amp#27;[35m[WD Proxy]&amp#27;[39m Proxying [POST /element] to [POST http://127.0.0.1:8200/wd/hub/session/91bae3ee-22d3-4f66-983f-d2a440c0f1db/element] with body: {"strategy":"id","selector":"com.androidsample.generalstore:id/radioMale","context":"","multiple":false}
[debug] &amp#27;[35m[WD Proxy]&amp#27;[39m Got response with status 200: {"sessionId":"91bae3ee-22d3-4f66-983f-d2a440c0f1db","value":{"ELEMENT":"c72588bc-8015-4ede-972f-379b8ccfd451","element-6066-11e4-a52e-4f735466cecf":"c72588bc-8015-4ede-972f-379b8ccfd451"}}
[debug] &amp#27;[35m[W3C (17588393)]&amp#27;[39m Responding to client with driver.findElement() result: {"element-6066-11e4-a52e-4f735466cecf":"c72588bc-8015-4ede-972f-379b8ccfd451","ELEMENT":"c72588bc-8015-4ede-972f-379b8ccfd451"}
&amp#27;[35m[HTTP]&amp#27;[39m &amp#27;[37m<-- POST /wd/hub/session/17588393-9eac-4cd9-9399-d342c6384ea7/element &amp#27;[39m&amp#27;[32m200&amp#27;[39m &amp#27;[90m13 ms - 137&amp#27;[39m
&amp#27;[35m[HTTP]&amp#27;[39m &amp#27;[90m&amp#27;[39m
&amp#27;[35m[HTTP]&amp#27;[39m &amp#27;[37m-->&amp#27;[39m &amp#27;[37mGET&amp#27;[39m &amp#27;[37m/wd/hub/session/17588393-9eac-4cd9-9399-d342c6384ea7/element/c72588bc-8015-4ede-972f-379b8ccfd451/text&amp#27;[39m
&amp#27;[35m[HTTP]&amp#27;[39m &amp#27;[90m{}&amp#27;[39m
&amp#27;[35m[W3C (17588393)]&amp#27;[39m Driver proxy active, passing request on via HTTP proxy
[debug] &amp#27;[35m[WD Proxy]&amp#27;[39m Matched '/wd/hub/session/17588393-9eac-4cd9-9399-d342c6384ea7/element/c72588bc-8015-4ede-972f-379b8ccfd451/text' to command name 'getText'
[debug] &amp#27;[35m[WD Proxy]&amp#27;[39m Proxying [GET /wd/hub/session/17588393-9eac-4cd9-9399-d342c6384ea7/element/c72588bc-8015-4ede-972f-379b8ccfd451/text] to [GET http://127.0.0.1:8200/wd/hub/session/91bae3ee-22d3-4f66-983f-d2a440c0f1db/element/c72588bc-8015-4ede-972f-379b8ccfd451/text] with no body
[debug] &amp#27;[35m[WD Proxy]&amp#27;[39m Got response with status 200: {"sessionId":"91bae3ee-22d3-4f66-983f-d2a440c0f1db","value":"Male"}
&amp#27;[35m[WD Proxy]&amp#27;[39m Replacing sessionId 91bae3ee-22d3-4f66-983f-d2a440c0f1db with 17588393-9eac-4cd9-9399-d342c6384ea7
&amp#27;[35m[HTTP]&amp#27;[39m &amp#27;[37m<-- GET /wd/hub/session/17588393-9eac-4cd9-9399-d342c6384ea7/element/c72588bc-8015-4ede-972f-379b8ccfd451/text &amp#27;[39m&amp#27;[32m200&amp#27;[39m &amp#27;[90m10 ms - 67&amp#27;[39m
&amp#27;[35m[HTTP]&amp#27;[39m &amp#27;[90m&amp#27;[39m
&amp#27;[35m[HTTP]&amp#27;[39m &amp#27;[37m-->&amp#27;[39m &amp#27;[37mGET&amp#27;[39m &amp#27;[37m/wd/hub/session/17588393-9eac-4cd9-9399-d342c6384ea7/context&amp#27;[39m
&amp#27;[35m[HTTP]&amp#27;[39m &amp#27;[90m{}&amp#27;[39m
[debug] &amp#27;[35m[W3C (17588393)]&amp#27;[39m Calling AppiumDriver.getCurrentContext() with args: ["17588393-9eac-4cd9-9399-d342c6384ea7"]
[debug] &amp#27;[35m[W3C (17588393)]&amp#27;[39m Responding to client with driver.getCurrentContext() result: "NATIVE_APP"
&amp#27;[35m[HTTP]&amp#27;[39m &amp#27;[37m<-- GET /wd/hub/session/17588393-9eac-4cd9-9399-d342c6384ea7/context &amp#27;[39m&amp#27;[32m200&amp#27;[39m &amp#27;[90m1 ms - 22&amp#27;[39m
&amp#27;[35m[HTTP]&amp#27;[39m &amp#27;[90m&amp#27;[39m
&amp#27;[35m[HTTP]&amp#27;[39m &amp#27;[37m-->&amp#27;[39m &amp#27;[37mPOST&amp#27;[39m &amp#27;[37m/wd/hub/session/17588393-9eac-4cd9-9399-d342c6384ea7/element&amp#27;[39m
&amp#27;[35m[HTTP]&amp#27;[39m &amp#27;[90m{"using":"id","value":"com.androidsample.generalstore:id/radioMale"}&amp#27;[39m
[debug] &amp#27;[35m[W3C (17588393)]&amp#27;[39m Calling AppiumDriver.findElement() with args: ["id","com.androidsample.generalstore:id/radioMale","17588393-9eac-4cd9-9399-d342c6384ea7"]
[debug] &amp#27;[35m[BaseDriver]&amp#27;[39m Valid locator strategies for this request: xpath, id, class name, accessibility id, -android uiautomator
[debug] &amp#27;[35m[BaseDriver]&amp#27;[39m Waiting up to 10000 ms for condition
[debug] &amp#27;[35m[WD Proxy]&amp#27;[39m Matched '/element' to command name 'findElement'
[debug] &amp#27;[35m[WD Proxy]&amp#27;[39m Proxying [POST /element] to [POST http://127.0.0.1:8200/wd/hub/session/91bae3ee-22d3-4f66-983f-d2a440c0f1db/element] with body: {"strategy":"id","selector":"com.androidsample.generalstore:id/radioMale","context":"","multiple":false}
[debug] &amp#27;[35m[WD Proxy]&amp#27;[39m Got response with status 200: {"sessionId":"91bae3ee-22d3-4f66-983f-d2a440c0f1db","value":{"ELEMENT":"6643563d-5053-43df-88da-522cc87af138","element-6066-11e4-a52e-4f735466cecf":"6643563d-5053-43df-88da-522cc87af138"}}
[debug] &amp#27;[35m[W3C (17588393)]&amp#27;[39m Responding to client with driver.findElement() result: {"element-6066-11e4-a52e-4f735466cecf":"6643563d-5053-43df-88da-522cc87af138","ELEMENT":"6643563d-5053-43df-88da-522cc87af138"}
&amp#27;[35m[HTTP]&amp#27;[39m &amp#27;[37m<-- POST /wd/hub/session/17588393-9eac-4cd9-9399-d342c6384ea7/element &amp#27;[39m&amp#27;[32m200&amp#27;[39m &amp#27;[90m18 ms - 137&amp#27;[39m
&amp#27;[35m[HTTP]&amp#27;[39m &amp#27;[90m&amp#27;[39m
&amp#27;[35m[HTTP]&amp#27;[39m &amp#27;[37m-->&amp#27;[39m &amp#27;[37mPOST&amp#27;[39m &amp#27;[37m/wd/hub/session/17588393-9eac-4cd9-9399-d342c6384ea7/element/6643563d-5053-43df-88da-522cc87af138/click&amp#27;[39m
&amp#27;[35m[HTTP]&amp#27;[39m &amp#27;[90m{"id":"6643563d-5053-43df-88da-522cc87af138"}&amp#27;[39m
[debug] &amp#27;[35m[W3C (17588393)]&amp#27;[39m Calling AppiumDriver.click() with args: ["6643563d-5053-43df-88da-522cc87af138","17588393-9eac-4cd9-9399-d342c6384ea7"]
[debug] &amp#27;[35m[WD Proxy]&amp#27;[39m Matched '/element/6643563d-5053-43df-88da-522cc87af138/click' to command name 'click'
[debug] &amp#27;[35m[WD Proxy]&amp#27;[39m Proxying [POST /element/6643563d-5053-43df-88da-522cc87af138/click] to [POST http://127.0.0.1:8200/wd/hub/session/91bae3ee-22d3-4f66-983f-d2a440c0f1db/element/6643563d-5053-43df-88da-522cc87af138/click] with body: {"element":"6643563d-5053-43df-88da-522cc87af138"}
[debug] &amp#27;[35m[WD Proxy]&amp#27;[39m Got response with status 200: {"sessionId":"91bae3ee-22d3-4f66-983f-d2a440c0f1db","value":null}
[debug] &amp#27;[35m[W3C (17588393)]&amp#27;[39m Responding to client with driver.click() result: null
&amp#27;[35m[HTTP]&amp#27;[39m &amp#27;[37m<-- POST /wd/hub/session/17588393-9eac-4cd9-9399-d342c6384ea7/element/6643563d-5053-43df-88da-522cc87af138/click &amp#27;[39m&amp#27;[32m200&amp#27;[39m &amp#27;[90m19 ms - 14&amp#27;[39m
&amp#27;[35m[HTTP]&amp#27;[39m &amp#27;[90m&amp#27;[39m
&amp#27;[35m[HTTP]&amp#27;[39m &amp#27;[37m-->&amp#27;[39m &amp#27;[37mGET&amp#27;[39m &amp#27;[37m/wd/hub/session/17588393-9eac-4cd9-9399-d342c6384ea7/context&amp#27;[39m
&amp#27;[35m[HTTP]&amp#27;[39m &amp#27;[90m{}&amp#27;[39m
[debug] &amp#27;[35m[W3C (17588393)]&amp#27;[39m Calling AppiumDriver.getCurrentContext() with args: ["17588393-9eac-4cd9-9399-d342c6384ea7"]
[debug] &amp#27;[35m[W3C (17588393)]&amp#27;[39m Responding to client with driver.getCurrentContext() result: "NATIVE_APP"
&amp#27;[35m[HTTP]&amp#27;[39m &amp#27;[37m<-- GET /wd/hub/session/17588393-9eac-4cd9-9399-d342c6384ea7/context &amp#27;[39m&amp#27;[32m200&amp#27;[39m &amp#27;[90m1 ms - 22&amp#27;[39m
&amp#27;[35m[HTTP]&amp#27;[39m &amp#27;[90m&amp#27;[39m
&amp#27;[35m[HTTP]&amp#27;[39m &amp#27;[37m-->&amp#27;[39m &amp#27;[37mPOST&amp#27;[39m &amp#27;[37m/wd/hub/session/17588393-9eac-4cd9-9399-d342c6384ea7/element&amp#27;[39m
&amp#27;[35m[HTTP]&amp#27;[39m &amp#27;[90m{"using":"id","value":"com.androidsample.generalstore:id/radioMale"}&amp#27;[39m
[debug] &amp#27;[35m[W3C (17588393)]&amp#27;[39m Calling AppiumDriver.findElement() with args: ["id","com.androidsample.generalstore:id/radioMale","17588393-9eac-4cd9-9399-d342c6384ea7"]
[debug] &amp#27;[35m[BaseDriver]&amp#27;[39m Valid locator strategies for this request: xpath, id, class name, accessibility id, -android uiautomator
[debug] &amp#27;[35m[BaseDriver]&amp#27;[39m Waiting up to 10000 ms for condition
[debug] &amp#27;[35m[WD Proxy]&amp#27;[39m Matched '/element' to command name 'findElement'
[debug] &amp#27;[35m[WD Proxy]&amp#27;[39m Proxying [POST /element] to [POST http://127.0.0.1:8200/wd/hub/session/91bae3ee-22d3-4f66-983f-d2a440c0f1db/element] with body: {"strategy":"id","selector":"com.androidsample.generalstore:id/radioMale","context":"","multiple":false}
[debug] &amp#27;[35m[WD Proxy]&amp#27;[39m Got response with status 200: {"sessionId":"91bae3ee-22d3-4f66-983f-d2a440c0f1db","value":{"ELEMENT":"762205cb-8171-4c49-96e7-b91541bf9743","element-6066-11e4-a52e-4f735466cecf":"762205cb-8171-4c49-96e7-b91541bf9743"}}
[debug] &amp#27;[35m[W3C (17588393)]&amp#27;[39m Responding to client with driver.findElement() result: {"element-6066-11e4-a52e-4f735466cecf":"762205cb-8171-4c49-96e7-b91541bf9743","ELEMENT":"762205cb-8171-4c49-96e7-b91541bf9743"}
&amp#27;[35m[HTTP]&amp#27;[39m &amp#27;[37m<-- POST /wd/hub/session/17588393-9eac-4cd9-9399-d342c6384ea7/element &amp#27;[39m&amp#27;[32m200&amp#27;[39m &amp#27;[90m508 ms - 137&amp#27;[39m
&amp#27;[35m[HTTP]&amp#27;[39m &amp#27;[90m&amp#27;[39m
&amp#27;[35m[HTTP]&amp#27;[39m &amp#27;[37m-->&amp#27;[39m &amp#27;[37mGET&amp#27;[39m &amp#27;[37m/wd/hub/session/17588393-9eac-4cd9-9399-d342c6384ea7/element/762205cb-8171-4c49-96e7-b91541bf9743/attribute/checked&amp#27;[39m
&amp#27;[35m[HTTP]&amp#27;[39m &amp#27;[90m{}&amp#27;[39m
[debug] &amp#27;[35m[W3C (17588393)]&amp#27;[39m Calling AppiumDriver.getAttribute() with args: ["checked","762205cb-8171-4c49-96e7-b91541bf9743","17588393-9eac-4cd9-9399-d342c6384ea7"]
[debug] &amp#27;[35m[WD Proxy]&amp#27;[39m Matched '/element/762205cb-8171-4c49-96e7-b91541bf9743/attribute/checked' to command name 'getAttribute'
[debug] &amp#27;[35m[WD Proxy]&amp#27;[39m Proxying [GET /element/762205cb-8171-4c49-96e7-b91541bf9743/attribute/checked] to [GET http://127.0.0.1:8200/wd/hub/session/91bae3ee-22d3-4f66-983f-d2a440c0f1db/element/762205cb-8171-4c49-96e7-b91541bf9743/attribute/checked] with no body
[debug] &amp#27;[35m[WD Proxy]&amp#27;[39m Got response with status 200: {"sessionId":"91bae3ee-22d3-4f66-983f-d2a440c0f1db","value":"true"}
[debug] &amp#27;[35m[W3C (17588393)]&amp#27;[39m Responding to client with driver.getAttribute() result: "true"
&amp#27;[35m[HTTP]&amp#27;[39m &amp#27;[37m<-- GET /wd/hub/session/17588393-9eac-4cd9-9399-d342c6384ea7/element/762205cb-8171-4c49-96e7-b91541bf9743/attribute/checked &amp#27;[39m&amp#27;[32m200&amp#27;[39m &amp#27;[90m10 ms - 16&amp#27;[39m
&amp#27;[35m[HTTP]&amp#27;[39m &amp#27;[90m&amp#27;[39m
&amp#27;[35m[HTTP]&amp#27;[39m &amp#27;[37m-->&amp#27;[39m &amp#27;[37mGET&amp#27;[39m &amp#27;[37m/wd/hub/session/17588393-9eac-4cd9-9399-d342c6384ea7/context&amp#27;[39m
&amp#27;[35m[HTTP]&amp#27;[39m &amp#27;[90m{}&amp#27;[39m
[debug] &amp#27;[35m[W3C (17588393)]&amp#27;[39m Calling AppiumDriver.getCurrentContext() with args: ["17588393-9eac-4cd9-9399-d342c6384ea7"]
[debug] &amp#27;[35m[W3C (17588393)]&amp#27;[39m Responding to client with driver.getCurrentContext() result: "NATIVE_APP"
&amp#27;[35m[HTTP]&amp#27;[39m &amp#27;[37m<-- GET /wd/hub/session/17588393-9eac-4cd9-9399-d342c6384ea7/context &amp#27;[39m&amp#27;[32m200&amp#27;[39m &amp#27;[90m1 ms - 22&amp#27;[39m
&amp#27;[35m[HTTP]&amp#27;[39m &amp#27;[90m&amp#27;[39m
&amp#27;[35m[HTTP]&amp#27;[39m &amp#27;[37m-->&amp#27;[39m &amp#27;[37mPOST&amp#27;[39m &amp#27;[37m/wd/hub/session/17588393-9eac-4cd9-9399-d342c6384ea7/element&amp#27;[39m
&amp#27;[35m[HTTP]&amp#27;[39m &amp#27;[90m{"using":"id","value":"com.androidsample.generalstore:id/btnLetsShop"}&amp#27;[39m
[debug] &amp#27;[35m[W3C (17588393)]&amp#27;[39m Calling AppiumDriver.findElement() with args: ["id","com.androidsample.generalstore:id/btnLetsShop","17588393-9eac-4cd9-9399-d342c6384ea7"]
[debug] &amp#27;[35m[BaseDriver]&amp#27;[39m Valid locator strategies for this request: xpath, id, class name, accessibility id, -android uiautomator
[debug] &amp#27;[35m[BaseDriver]&amp#27;[39m Waiting up to 10000 ms for condition
[debug] &amp#27;[35m[WD Proxy]&amp#27;[39m Matched '/element' to command name 'findElement'
[debug] &amp#27;[35m[WD Proxy]&amp#27;[39m Proxying [POST /element] to [POST http://127.0.0.1:8200/wd/hub/session/91bae3ee-22d3-4f66-983f-d2a440c0f1db/element] with body: {"strategy":"id","selector":"com.androidsample.generalstore:id/btnLetsShop","context":"","multiple":false}
[debug] &amp#27;[35m[WD Proxy]&amp#27;[39m Got response with status 200: {"sessionId":"91bae3ee-22d3-4f66-983f-d2a440c0f1db","value":{"ELEMENT":"9552291a-00a9-4fb1-8773-b695ddc3befd","element-6066-11e4-a52e-4f735466cecf":"9552291a-00a9-4fb1-8773-b695ddc3befd"}}
[debug] &amp#27;[35m[W3C (17588393)]&amp#27;[39m Responding to client with driver.findElement() result: {"element-6066-11e4-a52e-4f735466cecf":"9552291a-00a9-4fb1-8773-b695ddc3befd","ELEMENT":"9552291a-00a9-4fb1-8773-b695ddc3befd"}
&amp#27;[35m[HTTP]&amp#27;[39m &amp#27;[37m<-- POST /wd/hub/session/17588393-9eac-4cd9-9399-d342c6384ea7/element &amp#27;[39m&amp#27;[32m200&amp#27;[39m &amp#27;[90m13 ms - 137&amp#27;[39m
&amp#27;[35m[HTTP]&amp#27;[39m &amp#27;[90m&amp#27;[39m
&amp#27;[35m[HTTP]&amp#27;[39m &amp#27;[37m-->&amp#27;[39m &amp#27;[37mPOST&amp#27;[39m &amp#27;[37m/wd/hub/session/17588393-9eac-4cd9-9399-d342c6384ea7/element/9552291a-00a9-4fb1-8773-b695ddc3befd/click&amp#27;[39m
&amp#27;[35m[HTTP]&amp#27;[39m &amp#27;[90m{"id":"9552291a-00a9-4fb1-8773-b695ddc3befd"}&amp#27;[39m
[debug] &amp#27;[35m[W3C (17588393)]&amp#27;[39m Calling AppiumDriver.click() with args: ["9552291a-00a9-4fb1-8773-b695ddc3befd","17588393-9eac-4cd9-9399-d342c6384ea7"]
[debug] &amp#27;[35m[WD Proxy]&amp#27;[39m Matched '/element/9552291a-00a9-4fb1-8773-b695ddc3befd/click' to command name 'click'
[debug] &amp#27;[35m[WD Proxy]&amp#27;[39m Proxying [POST /element/9552291a-00a9-4fb1-8773-b695ddc3befd/click] to [POST http://127.0.0.1:8200/wd/hub/session/91bae3ee-22d3-4f66-983f-d2a440c0f1db/element/9552291a-00a9-4fb1-8773-b695ddc3befd/click] with body: {"element":"9552291a-00a9-4fb1-8773-b695ddc3befd"}
[debug] &amp#27;[35m[WD Proxy]&amp#27;[39m Got response with status 200: {"sessionId":"91bae3ee-22d3-4f66-983f-d2a440c0f1db","value":null}
[debug] &amp#27;[35m[W3C (17588393)]&amp#27;[39m Responding to client with driver.click() result: null
&amp#27;[35m[HTTP]&amp#27;[39m &amp#27;[37m<-- POST /wd/hub/session/17588393-9eac-4cd9-9399-d342c6384ea7/element/9552291a-00a9-4fb1-8773-b695ddc3befd/click &amp#27;[39m&amp#27;[32m200&amp#27;[39m &amp#27;[90m19 ms - 14&amp#27;[39m
&amp#27;[35m[HTTP]&amp#27;[39m &amp#27;[90m&amp#27;[39m
&amp#27;[35m[HTTP]&amp#27;[39m &amp#27;[37m-->&amp#27;[39m &amp#27;[37mGET&amp#27;[39m &amp#27;[37m/wd/hub/session/17588393-9eac-4cd9-9399-d342c6384ea7/context&amp#27;[39m
&amp#27;[35m[HTTP]&amp#27;[39m &amp#27;[90m{}&amp#27;[39m
[debug] &amp#27;[35m[W3C (17588393)]&amp#27;[39m Calling AppiumDriver.getCurrentContext() with args: ["17588393-9eac-4cd9-9399-d342c6384ea7"]
[debug] &amp#27;[35m[W3C (17588393)]&amp#27;[39m Responding to client with driver.getCurrentContext() result: "NATIVE_APP"
&amp#27;[35m[HTTP]&amp#27;[39m &amp#27;[37m<-- GET /wd/hub/session/17588393-9eac-4cd9-9399-d342c6384ea7/context &amp#27;[39m&amp#27;[32m200&amp#27;[39m &amp#27;[90m2 ms - 22&amp#27;[39m
&amp#27;[35m[HTTP]&amp#27;[39m &amp#27;[90m&amp#27;[39m
&amp#27;[35m[HTTP]&amp#27;[39m &amp#27;[37m-->&amp#27;[39m &amp#27;[37mPOST&amp#27;[39m &amp#27;[37m/wd/hub/session/17588393-9eac-4cd9-9399-d342c6384ea7/element&amp#27;[39m
&amp#27;[35m[HTTP]&amp#27;[39m &amp#27;[90m{"using":"xpath","value":"//android.widget.Toast[1]"}&amp#27;[39m
[debug] &amp#27;[35m[W3C (17588393)]&amp#27;[39m Calling AppiumDriver.findElement() with args: ["xpath","//android.widget.Toast[1]","17588393-9eac-4cd9-9399-d342c6384ea7"]
[debug] &amp#27;[35m[BaseDriver]&amp#27;[39m Valid locator strategies for this request: xpath, id, class name, accessibility id, -android uiautomator
[debug] &amp#27;[35m[BaseDriver]&amp#27;[39m Waiting up to 10000 ms for condition
[debug] &amp#27;[35m[WD Proxy]&amp#27;[39m Matched '/element' to command name 'findElement'
[debug] &amp#27;[35m[WD Proxy]&amp#27;[39m Proxying [POST /element] to [POST http://127.0.0.1:8200/wd/hub/session/91bae3ee-22d3-4f66-983f-d2a440c0f1db/element] with body: {"strategy":"xpath","selector":"//android.widget.Toast[1]","context":"","multiple":false}
[debug] &amp#27;[35m[WD Proxy]&amp#27;[39m Got response with status 200: {"sessionId":"91bae3ee-22d3-4f66-983f-d2a440c0f1db","value":{"ELEMENT":"ba78d59d-8bf7-401c-bdd9-7799ce372446","element-6066-11e4-a52e-4f735466cecf":"ba78d59d-8bf7-401c-bdd9-7799ce372446"}}
[debug] &amp#27;[35m[W3C (17588393)]&amp#27;[39m Responding to client with driver.findElement() result: {"element-6066-11e4-a52e-4f735466cecf":"ba78d59d-8bf7-401c-bdd9-7799ce372446","ELEMENT":"ba78d59d-8bf7-401c-bdd9-7799ce372446"}
&amp#27;[35m[HTTP]&amp#27;[39m &amp#27;[37m<-- POST /wd/hub/session/17588393-9eac-4cd9-9399-d342c6384ea7/element &amp#27;[39m&amp#27;[32m200&amp#27;[39m &amp#27;[90m105 ms - 137&amp#27;[39m
&amp#27;[35m[HTTP]&amp#27;[39m &amp#27;[90m&amp#27;[39m
&amp#27;[35m[HTTP]&amp#27;[39m &amp#27;[37m-->&amp#27;[39m &amp#27;[37mGET&amp#27;[39m &amp#27;[37m/wd/hub/session/17588393-9eac-4cd9-9399-d342c6384ea7/element/ba78d59d-8bf7-401c-bdd9-7799ce372446/attribute/name&amp#27;[39m
&amp#27;[35m[HTTP]&amp#27;[39m &amp#27;[90m{}&amp#27;[39m
[debug] &amp#27;[35m[W3C (17588393)]&amp#27;[39m Calling AppiumDriver.getAttribute() with args: ["name","ba78d59d-8bf7-401c-bdd9-7799ce372446","17588393-9eac-4cd9-9399-d342c6384ea7"]
[debug] &amp#27;[35m[WD Proxy]&amp#27;[39m Matched '/element/ba78d59d-8bf7-401c-bdd9-7799ce372446/attribute/name' to command name 'getAttribute'
[debug] &amp#27;[35m[WD Proxy]&amp#27;[39m Proxying [GET /element/ba78d59d-8bf7-401c-bdd9-7799ce372446/attribute/name] to [GET http://127.0.0.1:8200/wd/hub/session/91bae3ee-22d3-4f66-983f-d2a440c0f1db/element/ba78d59d-8bf7-401c-bdd9-7799ce372446/attribute/name] with no body
[debug] &amp#27;[35m[WD Proxy]&amp#27;[39m Got response with status 200: {"sessionId":"91bae3ee-22d3-4f66-983f-d2a440c0f1db","value":"Please enter your name"}
[debug] &amp#27;[35m[W3C (17588393)]&amp#27;[39m Responding to client with driver.getAttribute() result: "Please enter your name"
&amp#27;[35m[HTTP]&amp#27;[39m &amp#27;[37m<-- GET /wd/hub/session/17588393-9eac-4cd9-9399-d342c6384ea7/element/ba78d59d-8bf7-401c-bdd9-7799ce372446/attribute/name &amp#27;[39m&amp#27;[32m200&amp#27;[39m &amp#27;[90m544 ms - 34&amp#27;[39m
&amp#27;[35m[HTTP]&amp#27;[39m &amp#27;[90m&amp#27;[39m
&amp#27;[35m[HTTP]&amp#27;[39m &amp#27;[37m-->&amp#27;[39m &amp#27;[37mGET&amp#27;[39m &amp#27;[37m/wd/hub/session/17588393-9eac-4cd9-9399-d342c6384ea7/context&amp#27;[39m
&amp#27;[35m[HTTP]&amp#27;[39m &amp#27;[90m{}&amp#27;[39m
[debug] &amp#27;[35m[W3C (17588393)]&amp#27;[39m Calling AppiumDriver.getCurrentContext() with args: ["17588393-9eac-4cd9-9399-d342c6384ea7"]
[debug] &amp#27;[35m[W3C (17588393)]&amp#27;[39m Responding to client with driver.getCurrentContext() result: "NATIVE_APP"
&amp#27;[35m[HTTP]&amp#27;[39m &amp#27;[37m<-- GET /wd/hub/session/17588393-9eac-4cd9-9399-d342c6384ea7/context &amp#27;[39m&amp#27;[32m200&amp#27;[39m &amp#27;[90m1 ms - 22&amp#27;[39m
&amp#27;[35m[HTTP]&amp#27;[39m &amp#27;[90m&amp#27;[39m
&amp#27;[35m[HTTP]&amp#27;[39m &amp#27;[37m-->&amp#27;[39m &amp#27;[37mPOST&amp#27;[39m &amp#27;[37m/wd/hub/session/17588393-9eac-4cd9-9399-d342c6384ea7/element&amp#27;[39m
&amp#27;[35m[HTTP]&amp#27;[39m &amp#27;[90m{"using":"class name","value":"android.widget.Spinner"}&amp#27;[39m
[debug] &amp#27;[35m[W3C (17588393)]&amp#27;[39m Calling AppiumDriver.findElement() with args: ["class name","android.widget.Spinner","17588393-9eac-4cd9-9399-d342c6384ea7"]
[debug] &amp#27;[35m[BaseDriver]&amp#27;[39m Valid locator strategies for this request: xpath, id, class name, accessibility id, -android uiautomator
[debug] &amp#27;[35m[BaseDriver]&amp#27;[39m Waiting up to 10000 ms for condition
[debug] &amp#27;[35m[WD Proxy]&amp#27;[39m Matched '/element' to command name 'findElement'
[debug] &amp#27;[35m[WD Proxy]&amp#27;[39m Proxying [POST /element] to [POST http://127.0.0.1:8200/wd/hub/session/91bae3ee-22d3-4f66-983f-d2a440c0f1db/element] with body: {"strategy":"class name","selector":"android.widget.Spinner","context":"","multiple":false}
[debug] &amp#27;[35m[WD Proxy]&amp#27;[39m Got response with status 200: {"sessionId":"91bae3ee-22d3-4f66-983f-d2a440c0f1db","value":{"ELEMENT":"e1e9be59-559d-4214-a360-24b6d2efcbd7","element-6066-11e4-a52e-4f735466cecf":"e1e9be59-559d-4214-a360-24b6d2efcbd7"}}
[debug] &amp#27;[35m[W3C (17588393)]&amp#27;[39m Responding to client with driver.findElement() result: {"element-6066-11e4-a52e-4f735466cecf":"e1e9be59-559d-4214-a360-24b6d2efcbd7","ELEMENT":"e1e9be59-559d-4214-a360-24b6d2efcbd7"}
&amp#27;[35m[HTTP]&amp#27;[39m &amp#27;[37m<-- POST /wd/hub/session/17588393-9eac-4cd9-9399-d342c6384ea7/element &amp#27;[39m&amp#27;[32m200&amp#27;[39m &amp#27;[90m13 ms - 137&amp#27;[39m
&amp#27;[35m[HTTP]&amp#27;[39m &amp#27;[90m&amp#27;[39m
&amp#27;[35m[HTTP]&amp#27;[39m &amp#27;[37m-->&amp#27;[39m &amp#27;[37mPOST&amp#27;[39m &amp#27;[37m/wd/hub/session/17588393-9eac-4cd9-9399-d342c6384ea7/element/e1e9be59-559d-4214-a360-24b6d2efcbd7/click&amp#27;[39m
&amp#27;[35m[HTTP]&amp#27;[39m &amp#27;[90m{"id":"e1e9be59-559d-4214-a360-24b6d2efcbd7"}&amp#27;[39m
[debug] &amp#27;[35m[W3C (17588393)]&amp#27;[39m Calling AppiumDriver.click() with args: ["e1e9be59-559d-4214-a360-24b6d2efcbd7","17588393-9eac-4cd9-9399-d342c6384ea7"]
[debug] &amp#27;[35m[WD Proxy]&amp#27;[39m Matched '/element/e1e9be59-559d-4214-a360-24b6d2efcbd7/click' to command name 'click'
[debug] &amp#27;[35m[WD Proxy]&amp#27;[39m Proxying [POST /element/e1e9be59-559d-4214-a360-24b6d2efcbd7/click] to [POST http://127.0.0.1:8200/wd/hub/session/91bae3ee-22d3-4f66-983f-d2a440c0f1db/element/e1e9be59-559d-4214-a360-24b6d2efcbd7/click] with body: {"element":"e1e9be59-559d-4214-a360-24b6d2efcbd7"}
[debug] &amp#27;[35m[WD Proxy]&amp#27;[39m Got response with status 200: {"sessionId":"91bae3ee-22d3-4f66-983f-d2a440c0f1db","value":null}
[debug] &amp#27;[35m[W3C (17588393)]&amp#27;[39m Responding to client with driver.click() result: null
&amp#27;[35m[HTTP]&amp#27;[39m &amp#27;[37m<-- POST /wd/hub/session/17588393-9eac-4cd9-9399-d342c6384ea7/element/e1e9be59-559d-4214-a360-24b6d2efcbd7/click &amp#27;[39m&amp#27;[32m200&amp#27;[39m &amp#27;[90m17 ms - 14&amp#27;[39m
&amp#27;[35m[HTTP]&amp#27;[39m &amp#27;[90m&amp#27;[39m
&amp#27;[35m[HTTP]&amp#27;[39m &amp#27;[37m-->&amp#27;[39m &amp#27;[37mPOST&amp#27;[39m &amp#27;[37m/wd/hub/session/17588393-9eac-4cd9-9399-d342c6384ea7/element&amp#27;[39m
&amp#27;[35m[HTTP]&amp#27;[39m &amp#27;[90m{"using":"-android uiautomator","value":"new UiScrollable(new UiSelector().scrollable(true)).scrollToBeginning(30)"}&amp#27;[39m
[debug] &amp#27;[35m[W3C (17588393)]&amp#27;[39m Calling AppiumDriver.findElement() with args: ["-android uiautomator","new UiScrollable(new UiSelector().scrollable(true)).scrollToBeginning(30)","17588393-9eac-4cd9-9399-d342c6384ea7"]
[debug] &amp#27;[35m[BaseDriver]&amp#27;[39m Valid locator strategies for this request: xpath, id, class name, accessibility id, -android uiautomator
[debug] &amp#27;[35m[BaseDriver]&amp#27;[39m Waiting up to 10000 ms for condition
[debug] &amp#27;[35m[WD Proxy]&amp#27;[39m Matched '/element' to command name 'findElement'
[debug] &amp#27;[35m[WD Proxy]&amp#27;[39m Proxying [POST /element] to [POST http://127.0.0.1:8200/wd/hub/session/91bae3ee-22d3-4f66-983f-d2a440c0f1db/element] with body: {"strategy":"-android uiautomator","selector":"new UiScrollable(new UiSelector().scrollable(true)).scrollToBeginning(30)","context":"","multiple":false}
[debug] &amp#27;[35m[WD Proxy]&amp#27;[39m Got response with status 200: {"sessionId":"91bae3ee-22d3-4f66-983f-d2a440c0f1db","value":{"ELEMENT":"c2afe9c2-df73-4474-a502-a12a965ea92e","element-6066-11e4-a52e-4f735466cecf":"c2afe9c2-df73-4474-a502-a12a965ea92e"}}
[debug] &amp#27;[35m[W3C (17588393)]&amp#27;[39m Responding to client with driver.findElement() result: {"element-6066-11e4-a52e-4f735466cecf":"c2afe9c2-df73-4474-a502-a12a965ea92e","ELEMENT":"c2afe9c2-df73-4474-a502-a12a965ea92e"}
&amp#27;[35m[HTTP]&amp#27;[39m &amp#27;[37m<-- POST /wd/hub/session/17588393-9eac-4cd9-9399-d342c6384ea7/element &amp#27;[39m&amp#27;[32m200&amp#27;[39m &amp#27;[90m2543 ms - 137&amp#27;[39m
&amp#27;[35m[HTTP]&amp#27;[39m &amp#27;[90m&amp#27;[39m
&amp#27;[35m[HTTP]&amp#27;[39m &amp#27;[37m-->&amp#27;[39m &amp#27;[37mPOST&amp#27;[39m &amp#27;[37m/wd/hub/session/17588393-9eac-4cd9-9399-d342c6384ea7/element&amp#27;[39m
&amp#27;[35m[HTTP]&amp#27;[39m &amp#27;[90m{"using":"-android uiautomator","value":"new UiScrollable(new UiSelector()).setMaxSearchSwipes(100).scrollIntoView(new UiSelector().textMatches(\"Afghanistan\"))"}&amp#27;[39m
[debug] &amp#27;[35m[W3C (17588393)]&amp#27;[39m Calling AppiumDriver.findElement() with args: ["-android uiautomator","new UiScrollable(new UiSelector()).setMaxSearchSwipes(100).scrollIntoView(new UiSelector().textMatches(\"Afghanistan\"))","17588393-9eac-4cd9-9399-d342c6384ea7"]
[debug] &amp#27;[35m[BaseDriver]&amp#27;[39m Valid locator strategies for this request: xpath, id, class name, accessibility id, -android uiautomator
[debug] &amp#27;[35m[BaseDriver]&amp#27;[39m Waiting up to 10000 ms for condition
[debug] &amp#27;[35m[WD Proxy]&amp#27;[39m Matched '/element' to command name 'findElement'
[debug] &amp#27;[35m[WD Proxy]&amp#27;[39m Proxying [POST /element] to [POST http://127.0.0.1:8200/wd/hub/session/91bae3ee-22d3-4f66-983f-d2a440c0f1db/element] with body: {"strategy":"-android uiautomator","selector":"new UiScrollable(new UiSelector()).setMaxSearchSwipes(100).scrollIntoView(new UiSelector().textMatches(\"Afghanistan\"))","context":"","multiple":false}
[debug] &amp#27;[35m[WD Proxy]&amp#27;[39m Got response with status 200: {"sessionId":"91bae3ee-22d3-4f66-983f-d2a440c0f1db","value":{"ELEMENT":"ac70201c-ec30-4dc2-a8f3-45ce7b9eb3a2","element-6066-11e4-a52e-4f735466cecf":"ac70201c-ec30-4dc2-a8f3-45ce7b9eb3a2"}}
[debug] &amp#27;[35m[W3C (17588393)]&amp#27;[39m Responding to client with driver.findElement() result: {"element-6066-11e4-a52e-4f735466cecf":"ac70201c-ec30-4dc2-a8f3-45ce7b9eb3a2","ELEMENT":"ac70201c-ec30-4dc2-a8f3-45ce7b9eb3a2"}
&amp#27;[35m[HTTP]&amp#27;[39m &amp#27;[37m<-- POST /wd/hub/session/17588393-9eac-4cd9-9399-d342c6384ea7/element &amp#27;[39m&amp#27;[32m200&amp#27;[39m &amp#27;[90m42 ms - 137&amp#27;[39m
&amp#27;[35m[HTTP]&amp#27;[39m &amp#27;[90m&amp#27;[39m
&amp#27;[35m[HTTP]&amp#27;[39m &amp#27;[37m-->&amp#27;[39m &amp#27;[37mPOST&amp#27;[39m &amp#27;[37m/wd/hub/session/17588393-9eac-4cd9-9399-d342c6384ea7/element&amp#27;[39m
&amp#27;[35m[HTTP]&amp#27;[39m &amp#27;[90m{"using":"xpath","value":"//*[@text=\"Afghanistan\"]"}&amp#27;[39m
[debug] &amp#27;[35m[W3C (17588393)]&amp#27;[39m Calling AppiumDriver.findElement() with args: ["xpath","//*[@text=\"Afghanistan\"]","17588393-9eac-4cd9-9399-d342c6384ea7"]
[debug] &amp#27;[35m[BaseDriver]&amp#27;[39m Valid locator strategies for this request: xpath, id, class name, accessibility id, -android uiautomator
[debug] &amp#27;[35m[BaseDriver]&amp#27;[39m Waiting up to 10000 ms for condition
[debug] &amp#27;[35m[WD Proxy]&amp#27;[39m Matched '/element' to command name 'findElement'
[debug] &amp#27;[35m[WD Proxy]&amp#27;[39m Proxying [POST /element] to [POST http://127.0.0.1:8200/wd/hub/session/91bae3ee-22d3-4f66-983f-d2a440c0f1db/element] with body: {"strategy":"xpath","selector":"//*[@text=\"Afghanistan\"]","context":"","multiple":false}
[debug] &amp#27;[35m[WD Proxy]&amp#27;[39m Got response with status 200: {"sessionId":"91bae3ee-22d3-4f66-983f-d2a440c0f1db","value":{"ELEMENT":"1b1b7d91-01ae-4168-9526-c67647e4cb1d","element-6066-11e4-a52e-4f735466cecf":"1b1b7d91-01ae-4168-9526-c67647e4cb1d"}}
[debug] &amp#27;[35m[W3C (17588393)]&amp#27;[39m Responding to client with driver.findElement() result: {"element-6066-11e4-a52e-4f735466cecf":"1b1b7d91-01ae-4168-9526-c67647e4cb1d","ELEMENT":"1b1b7d91-01ae-4168-9526-c67647e4cb1d"}
&amp#27;[35m[HTTP]&amp#27;[39m &amp#27;[37m<-- POST /wd/hub/session/17588393-9eac-4cd9-9399-d342c6384ea7/element &amp#27;[39m&amp#27;[32m200&amp#27;[39m &amp#27;[90m60 ms - 137&amp#27;[39m
&amp#27;[35m[HTTP]&amp#27;[39m &amp#27;[90m&amp#27;[39m
&amp#27;[35m[HTTP]&amp#27;[39m &amp#27;[37m-->&amp#27;[39m &amp#27;[37mPOST&amp#27;[39m &amp#27;[37m/wd/hub/session/17588393-9eac-4cd9-9399-d342c6384ea7/element/1b1b7d91-01ae-4168-9526-c67647e4cb1d/click&amp#27;[39m
&amp#27;[35m[HTTP]&amp#27;[39m &amp#27;[90m{"id":"1b1b7d91-01ae-4168-9526-c67647e4cb1d"}&amp#27;[39m
[debug] &amp#27;[35m[W3C (17588393)]&amp#27;[39m Calling AppiumDriver.click() with args: ["1b1b7d91-01ae-4168-9526-c67647e4cb1d","17588393-9eac-4cd9-9399-d342c6384ea7"]
[debug] &amp#27;[35m[WD Proxy]&amp#27;[39m Matched '/element/1b1b7d91-01ae-4168-9526-c67647e4cb1d/click' to command name 'click'
[debug] &amp#27;[35m[WD Proxy]&amp#27;[39m Proxying [POST /element/1b1b7d91-01ae-4168-9526-c67647e4cb1d/click] to [POST http://127.0.0.1:8200/wd/hub/session/91bae3ee-22d3-4f66-983f-d2a440c0f1db/element/1b1b7d91-01ae-4168-9526-c67647e4cb1d/click] with body: {"element":"1b1b7d91-01ae-4168-9526-c67647e4cb1d"}
[debug] &amp#27;[35m[WD Proxy]&amp#27;[39m Got response with status 200: {"sessionId":"91bae3ee-22d3-4f66-983f-d2a440c0f1db","value":null}
[debug] &amp#27;[35m[W3C (17588393)]&amp#27;[39m Responding to client with driver.click() result: null
&amp#27;[35m[HTTP]&amp#27;[39m &amp#27;[37m<-- POST /wd/hub/session/17588393-9eac-4cd9-9399-d342c6384ea7/element/1b1b7d91-01ae-4168-9526-c67647e4cb1d/click &amp#27;[39m&amp#27;[32m200&amp#27;[39m &amp#27;[90m673 ms - 14&amp#27;[39m
&amp#27;[35m[HTTP]&amp#27;[39m &amp#27;[90m&amp#27;[39m
&amp#27;[35m[HTTP]&amp#27;[39m &amp#27;[37m-->&amp#27;[39m &amp#27;[37mGET&amp#27;[39m &amp#27;[37m/wd/hub/session/17588393-9eac-4cd9-9399-d342c6384ea7/context&amp#27;[39m
&amp#27;[35m[HTTP]&amp#27;[39m &amp#27;[90m{}&amp#27;[39m
[debug] &amp#27;[35m[W3C (17588393)]&amp#27;[39m Calling AppiumDriver.getCurrentContext() with args: ["17588393-9eac-4cd9-9399-d342c6384ea7"]
[debug] &amp#27;[35m[W3C (17588393)]&amp#27;[39m Responding to client with driver.getCurrentContext() result: "NATIVE_APP"
&amp#27;[35m[HTTP]&amp#27;[39m &amp#27;[37m<-- GET /wd/hub/session/17588393-9eac-4cd9-9399-d342c6384ea7/context &amp#27;[39m&amp#27;[32m200&amp#27;[39m &amp#27;[90m1 ms - 22&amp#27;[39m
&amp#27;[35m[HTTP]&amp#27;[39m &amp#27;[90m&amp#27;[39m
&amp#27;[35m[HTTP]&amp#27;[39m &amp#27;[37m-->&amp#27;[39m &amp#27;[37mPOST&amp#27;[39m &amp#27;[37m/wd/hub/session/17588393-9eac-4cd9-9399-d342c6384ea7/element&amp#27;[39m
&amp#27;[35m[HTTP]&amp#27;[39m &amp#27;[90m{"using":"id","value":"com.androidsample.generalstore:id/nameField"}&amp#27;[39m
[debug] &amp#27;[35m[W3C (17588393)]&amp#27;[39m Calling AppiumDriver.findElement() with args: ["id","com.androidsample.generalstore:id/nameField","17588393-9eac-4cd9-9399-d342c6384ea7"]
[debug] &amp#27;[35m[BaseDriver]&amp#27;[39m Valid locator strategies for this request: xpath, id, class name, accessibility id, -android uiautomator
[debug] &amp#27;[35m[BaseDriver]&amp#27;[39m Waiting up to 10000 ms for condition
[debug] &amp#27;[35m[WD Proxy]&amp#27;[39m Matched '/element' to command name 'findElement'
[debug] &amp#27;[35m[WD Proxy]&amp#27;[39m Proxying [POST /element] to [POST http://127.0.0.1:8200/wd/hub/session/91bae3ee-22d3-4f66-983f-d2a440c0f1db/element] with body: {"strategy":"id","selector":"com.androidsample.generalstore:id/nameField","context":"","multiple":false}
[debug] &amp#27;[35m[WD Proxy]&amp#27;[39m Got response with status 200: {"sessionId":"91bae3ee-22d3-4f66-983f-d2a440c0f1db","value":{"ELEMENT":"a82160be-9b2e-40d6-a4f3-9697b64c71f1","element-6066-11e4-a52e-4f735466cecf":"a82160be-9b2e-40d6-a4f3-9697b64c71f1"}}
[debug] &amp#27;[35m[W3C (17588393)]&amp#27;[39m Responding to client with driver.findElement() result: {"element-6066-11e4-a52e-4f735466cecf":"a82160be-9b2e-40d6-a4f3-9697b64c71f1","ELEMENT":"a82160be-9b2e-40d6-a4f3-9697b64c71f1"}
&amp#27;[35m[HTTP]&amp#27;[39m &amp#27;[37m<-- POST /wd/hub/session/17588393-9eac-4cd9-9399-d342c6384ea7/element &amp#27;[39m&amp#27;[32m200&amp#27;[39m &amp#27;[90m14 ms - 137&amp#27;[39m
&amp#27;[35m[HTTP]&amp#27;[39m &amp#27;[90m&amp#27;[39m
&amp#27;[35m[HTTP]&amp#27;[39m &amp#27;[37m-->&amp#27;[39m &amp#27;[37mPOST&amp#27;[39m &amp#27;[37m/wd/hub/session/17588393-9eac-4cd9-9399-d342c6384ea7/element/a82160be-9b2e-40d6-a4f3-9697b64c71f1/clear&amp#27;[39m
&amp#27;[35m[HTTP]&amp#27;[39m &amp#27;[90m{"id":"a82160be-9b2e-40d6-a4f3-9697b64c71f1"}&amp#27;[39m
[debug] &amp#27;[35m[W3C (17588393)]&amp#27;[39m Calling AppiumDriver.clear() with args: ["a82160be-9b2e-40d6-a4f3-9697b64c71f1","17588393-9eac-4cd9-9399-d342c6384ea7"]
[debug] &amp#27;[35m[WD Proxy]&amp#27;[39m Matched '/element/a82160be-9b2e-40d6-a4f3-9697b64c71f1/clear' to command name 'clear'
[debug] &amp#27;[35m[WD Proxy]&amp#27;[39m Proxying [POST /element/a82160be-9b2e-40d6-a4f3-9697b64c71f1/clear] to [POST http://127.0.0.1:8200/wd/hub/session/91bae3ee-22d3-4f66-983f-d2a440c0f1db/element/a82160be-9b2e-40d6-a4f3-9697b64c71f1/clear] with body: {"elementId":"a82160be-9b2e-40d6-a4f3-9697b64c71f1"}
[debug] &amp#27;[35m[WD Proxy]&amp#27;[39m Got response with status 200: {"sessionId":"91bae3ee-22d3-4f66-983f-d2a440c0f1db","value":null}
[debug] &amp#27;[35m[W3C (17588393)]&amp#27;[39m Responding to client with driver.clear() result: null
&amp#27;[35m[HTTP]&amp#27;[39m &amp#27;[37m<-- POST /wd/hub/session/17588393-9eac-4cd9-9399-d342c6384ea7/element/a82160be-9b2e-40d6-a4f3-9697b64c71f1/clear &amp#27;[39m&amp#27;[32m200&amp#27;[39m &amp#27;[90m15 ms - 14&amp#27;[39m
&amp#27;[35m[HTTP]&amp#27;[39m &amp#27;[90m&amp#27;[39m
&amp#27;[35m[HTTP]&amp#27;[39m &amp#27;[37m-->&amp#27;[39m &amp#27;[37mGET&amp#27;[39m &amp#27;[37m/wd/hub/session/17588393-9eac-4cd9-9399-d342c6384ea7/context&amp#27;[39m
&amp#27;[35m[HTTP]&amp#27;[39m &amp#27;[90m{}&amp#27;[39m
[debug] &amp#27;[35m[W3C (17588393)]&amp#27;[39m Calling AppiumDriver.getCurrentContext() with args: ["17588393-9eac-4cd9-9399-d342c6384ea7"]
[debug] &amp#27;[35m[W3C (17588393)]&amp#27;[39m Responding to client with driver.getCurrentContext() result: "NATIVE_APP"
&amp#27;[35m[HTTP]&amp#27;[39m &amp#27;[37m<-- GET /wd/hub/session/17588393-9eac-4cd9-9399-d342c6384ea7/context &amp#27;[39m&amp#27;[32m200&amp#27;[39m &amp#27;[90m1 ms - 22&amp#27;[39m
&amp#27;[35m[HTTP]&amp#27;[39m &amp#27;[90m&amp#27;[39m
&amp#27;[35m[HTTP]&amp#27;[39m &amp#27;[37m-->&amp#27;[39m &amp#27;[37mPOST&amp#27;[39m &amp#27;[37m/wd/hub/session/17588393-9eac-4cd9-9399-d342c6384ea7/element&amp#27;[39m
&amp#27;[35m[HTTP]&amp#27;[39m &amp#27;[90m{"using":"id","value":"com.androidsample.generalstore:id/radioMale"}&amp#27;[39m
[debug] &amp#27;[35m[W3C (17588393)]&amp#27;[39m Calling AppiumDriver.findElement() with args: ["id","com.androidsample.generalstore:id/radioMale","17588393-9eac-4cd9-9399-d342c6384ea7"]
[debug] &amp#27;[35m[BaseDriver]&amp#27;[39m Valid locator strategies for this request: xpath, id, class name, accessibility id, -android uiautomator
[debug] &amp#27;[35m[BaseDriver]&amp#27;[39m Waiting up to 10000 ms for condition
[debug] &amp#27;[35m[WD Proxy]&amp#27;[39m Matched '/element' to command name 'findElement'
[debug] &amp#27;[35m[WD Proxy]&amp#27;[39m Proxying [POST /element] to [POST http://127.0.0.1:8200/wd/hub/session/91bae3ee-22d3-4f66-983f-d2a440c0f1db/element] with body: {"strategy":"id","selector":"com.androidsample.generalstore:id/radioMale","context":"","multiple":false}
[debug] &amp#27;[35m[WD Proxy]&amp#27;[39m Got response with status 200: {"sessionId":"91bae3ee-22d3-4f66-983f-d2a440c0f1db","value":{"ELEMENT":"d952a8cf-d5de-4eac-8282-5042cdbf0469","element-6066-11e4-a52e-4f735466cecf":"d952a8cf-d5de-4eac-8282-5042cdbf0469"}}
[debug] &amp#27;[35m[W3C (17588393)]&amp#27;[39m Responding to client with driver.findElement() result: {"element-6066-11e4-a52e-4f735466cecf":"d952a8cf-d5de-4eac-8282-5042cdbf0469","ELEMENT":"d952a8cf-d5de-4eac-8282-5042cdbf0469"}
&amp#27;[35m[HTTP]&amp#27;[39m &amp#27;[37m<-- POST /wd/hub/session/17588393-9eac-4cd9-9399-d342c6384ea7/element &amp#27;[39m&amp#27;[32m200&amp#27;[39m &amp#27;[90m16 ms - 137&amp#27;[39m
&amp#27;[35m[HTTP]&amp#27;[39m &amp#27;[90m&amp#27;[39m
&amp#27;[35m[HTTP]&amp#27;[39m &amp#27;[37m-->&amp#27;[39m &amp#27;[37mPOST&amp#27;[39m &amp#27;[37m/wd/hub/session/17588393-9eac-4cd9-9399-d342c6384ea7/element/d952a8cf-d5de-4eac-8282-5042cdbf0469/click&amp#27;[39m
&amp#27;[35m[HTTP]&amp#27;[39m &amp#27;[90m{"id":"d952a8cf-d5de-4eac-8282-5042cdbf0469"}&amp#27;[39m
[debug] &amp#27;[35m[W3C (17588393)]&amp#27;[39m Calling AppiumDriver.click() with args: ["d952a8cf-d5de-4eac-8282-5042cdbf0469","17588393-9eac-4cd9-9399-d342c6384ea7"]
[debug] &amp#27;[35m[WD Proxy]&amp#27;[39m Matched '/element/d952a8cf-d5de-4eac-8282-5042cdbf0469/click' to command name 'click'
[debug] &amp#27;[35m[WD Proxy]&amp#27;[39m Proxying [POST /element/d952a8cf-d5de-4eac-8282-5042cdbf0469/click] to [POST http://127.0.0.1:8200/wd/hub/session/91bae3ee-22d3-4f66-983f-d2a440c0f1db/element/d952a8cf-d5de-4eac-8282-5042cdbf0469/click] with body: {"element":"d952a8cf-d5de-4eac-8282-5042cdbf0469"}
[debug] &amp#27;[35m[WD Proxy]&amp#27;[39m Got response with status 200: {"sessionId":"91bae3ee-22d3-4f66-983f-d2a440c0f1db","value":null}
[debug] &amp#27;[35m[W3C (17588393)]&amp#27;[39m Responding to client with driver.click() result: null
&amp#27;[35m[HTTP]&amp#27;[39m &amp#27;[37m<-- POST /wd/hub/session/17588393-9eac-4cd9-9399-d342c6384ea7/element/d952a8cf-d5de-4eac-8282-5042cdbf0469/click &amp#27;[39m&amp#27;[32m200&amp#27;[39m &amp#27;[90m487 ms - 14&amp#27;[39m
&amp#27;[35m[HTTP]&amp#27;[39m &amp#27;[90m&amp#27;[39m
]]></system-out>
  </testcase>
</testsuite>