<?xml version="1.0" encoding="UTF-8"?>
<testsuite xmlns:xsi="http://www.w3.org/2001/XMLSchema-instance" xsi:noNamespaceSchemaLocation="https://maven.apache.org/surefire/maven-surefire-plugin/xsd/surefire-test-report-3.0.xsd" version="3.0" name="TestSuite" time="61.797" tests="19" errors="0" skipped="0" failures="2">
  <properties>
    <property name="java.specification.version" value="13"/>
    <property name="sun.cpu.isalist" value="amd64"/>
    <property name="sun.jnu.encoding" value="Cp1252"/>
    <property name="java.class.path" value="C:\Users\Basement\eclipse-workspace\AppiumFramework\target\test-classes;C:\Users\Basement\eclipse-workspace\AppiumFramework\target\classes;C:\Users\Basement\.m2\repository\io\appium\java-client\7.3.0\java-client-7.3.0.jar;C:\Users\Basement\.m2\repository\org\seleniumhq\selenium\selenium-support\3.141.59\selenium-support-3.141.59.jar;C:\Users\Basement\.m2\repository\org\seleniumhq\selenium\selenium-api\3.141.59\selenium-api-3.141.59.jar;C:\Users\Basement\.m2\repository\com\google\code\gson\gson\2.8.5\gson-2.8.5.jar;C:\Users\Basement\.m2\repository\org\apache\httpcomponents\httpclient\4.5.9\httpclient-4.5.9.jar;C:\Users\Basement\.m2\repository\org\apache\httpcomponents\httpcore\4.4.11\httpcore-4.4.11.jar;C:\Users\Basement\.m2\repository\commons-codec\commons-codec\1.11\commons-codec-1.11.jar;C:\Users\Basement\.m2\repository\cglib\cglib\3.2.12\cglib-3.2.12.jar;C:\Users\Basement\.m2\repository\org\ow2\asm\asm\7.1\asm-7.1.jar;C:\Users\Basement\.m2\repository\org\springframework\spring-context\5.1.8.RELEASE\spring-context-5.1.8.RELEASE.jar;C:\Users\Basement\.m2\repository\org\springframework\spring-aop\5.1.8.RELEASE\spring-aop-5.1.8.RELEASE.jar;C:\Users\Basement\.m2\repository\org\springframework\spring-beans\5.1.8.RELEASE\spring-beans-5.1.8.RELEASE.jar;C:\Users\Basement\.m2\repository\org\springframework\spring-core\5.1.8.RELEASE\spring-core-5.1.8.RELEASE.jar;C:\Users\Basement\.m2\repository\org\springframework\spring-jcl\5.1.8.RELEASE\spring-jcl-5.1.8.RELEASE.jar;C:\Users\Basement\.m2\repository\org\springframework\spring-expression\5.1.8.RELEASE\spring-expression-5.1.8.RELEASE.jar;C:\Users\Basement\.m2\repository\org\aspectj\aspectjweaver\1.9.4\aspectjweaver-1.9.4.jar;C:\Users\Basement\.m2\repository\org\seleniumhq\selenium\selenium-java\3.141.59\selenium-java-3.141.59.jar;C:\Users\Basement\.m2\repository\org\seleniumhq\selenium\selenium-chrome-driver\3.141.59\selenium-chrome-driver-3.141.59.jar;C:\Users\Basement\.m2\repository\org\seleniumhq\selenium\selenium-edge-driver\3.141.59\selenium-edge-driver-3.141.59.jar;C:\Users\Basement\.m2\repository\org\seleniumhq\selenium\selenium-firefox-driver\3.141.59\selenium-firefox-driver-3.141.59.jar;C:\Users\Basement\.m2\repository\org\seleniumhq\selenium\selenium-ie-driver\3.141.59\selenium-ie-driver-3.141.59.jar;C:\Users\Basement\.m2\repository\org\seleniumhq\selenium\selenium-opera-driver\3.141.59\selenium-opera-driver-3.141.59.jar;C:\Users\Basement\.m2\repository\org\seleniumhq\selenium\selenium-remote-driver\3.141.59\selenium-remote-driver-3.141.59.jar;C:\Users\Basement\.m2\repository\org\seleniumhq\selenium\selenium-safari-driver\3.141.59\selenium-safari-driver-3.141.59.jar;C:\Users\Basement\.m2\repository\net\bytebuddy\byte-buddy\1.8.15\byte-buddy-1.8.15.jar;C:\Users\Basement\.m2\repository\org\apache\commons\commons-exec\1.3\commons-exec-1.3.jar;C:\Users\Basement\.m2\repository\com\google\guava\guava\25.0-jre\guava-25.0-jre.jar;C:\Users\Basement\.m2\repository\com\google\code\findbugs\jsr305\1.3.9\jsr305-1.3.9.jar;C:\Users\Basement\.m2\repository\org\checkerframework\checker-compat-qual\2.0.0\checker-compat-qual-2.0.0.jar;C:\Users\Basement\.m2\repository\com\google\errorprone\error_prone_annotations\2.1.3\error_prone_annotations-2.1.3.jar;C:\Users\Basement\.m2\repository\com\google\j2objc\j2objc-annotations\1.1\j2objc-annotations-1.1.jar;C:\Users\Basement\.m2\repository\org\codehaus\mojo\animal-sniffer-annotations\1.14\animal-sniffer-annotations-1.14.jar;C:\Users\Basement\.m2\repository\com\squareup\okhttp3\okhttp\3.11.0\okhttp-3.11.0.jar;C:\Users\Basement\.m2\repository\com\squareup\okio\okio\1.14.0\okio-1.14.0.jar;C:\Users\Basement\.m2\repository\org\testng\testng\7.3.0\testng-7.3.0.jar;C:\Users\Basement\.m2\repository\com\beust\jcommander\1.78\jcommander-1.78.jar;C:\Users\Basement\.m2\repository\org\apache\ant\ant\1.10.3\ant-1.10.3.jar;C:\Users\Basement\.m2\repository\org\apache\ant\ant-launcher\1.10.3\ant-launcher-1.10.3.jar;C:\Users\Basement\.m2\repository\junit\junit\4.12\junit-4.12.jar;C:\Users\Basement\.m2\repository\org\hamcrest\hamcrest-core\1.3\hamcrest-core-1.3.jar;C:\Users\Basement\.m2\repository\com\google\inject\guice\4.2.2\guice-4.2.2-no_aop.jar;C:\Users\Basement\.m2\repository\javax\inject\javax.inject\1\javax.inject-1.jar;C:\Users\Basement\.m2\repository\aopalliance\aopalliance\1.0\aopalliance-1.0.jar;C:\Users\Basement\.m2\repository\org\yaml\snakeyaml\1.21\snakeyaml-1.21.jar;C:\Users\Basement\.m2\repository\com\aventstack\extentreports\5.0.4\extentreports-5.0.4.jar;C:\Users\Basement\.m2\repository\io\reactivex\rxjava3\rxjava\3.0.4\rxjava-3.0.4.jar;C:\Users\Basement\.m2\repository\org\reactivestreams\reactive-streams\1.0.3\reactive-streams-1.0.3.jar;C:\Users\Basement\.m2\repository\org\freemarker\freemarker\2.3.30\freemarker-2.3.30.jar;C:\Users\Basement\.m2\repository\org\projectlombok\lombok\1.18.12\lombok-1.18.12.jar;C:\Users\Basement\.m2\repository\org\slf4j\slf4j-simple\1.7.30\slf4j-simple-1.7.30.jar;C:\Users\Basement\.m2\repository\org\slf4j\slf4j-api\1.7.30\slf4j-api-1.7.30.jar;C:\Users\Basement\.m2\repository\org\apache\commons\commons-lang3\3.11\commons-lang3-3.11.jar;C:\Users\Basement\.m2\repository\commons-io\commons-io\2.8.0\commons-io-2.8.0.jar;C:\Users\Basement\.m2\repository\commons-validator\commons-validator\1.7\commons-validator-1.7.jar;C:\Users\Basement\.m2\repository\commons-beanutils\commons-beanutils\1.9.4\commons-beanutils-1.9.4.jar;C:\Users\Basement\.m2\repository\commons-digester\commons-digester\2.1\commons-digester-2.1.jar;C:\Users\Basement\.m2\repository\commons-logging\commons-logging\1.2\commons-logging-1.2.jar;C:\Users\Basement\.m2\repository\commons-collections\commons-collections\3.2.2\commons-collections-3.2.2.jar;"/>
    <property name="java.vm.vendor" value="Oracle Corporation"/>
    <property name="deviceName" value="emulator"/>
    <property name="sun.arch.data.model" value="64"/>
    <property name="user.variant" value=""/>
    <property name="java.vendor.url" value="https://java.oracle.com/"/>
    <property name="user.timezone" value="America/Toronto"/>
    <property name="os.name" value="Windows 10"/>
    <property name="java.vm.specification.version" value="13"/>
    <property name="sun.java.launcher" value="SUN_STANDARD"/>
    <property name="user.country" value="CA"/>
    <property name="sun.boot.library.path" value="C:\Program Files\Java\jdk-13.0.2\bin"/>
    <property name="sun.java.command" value="C:\Users\Basement\AppData\Local\Temp\surefire9569496141588773126\surefirebooter13821298129683633239.jar C:\Users\Basement\AppData\Local\Temp\surefire9569496141588773126 2020-10-13T18-03-49_759-jvmRun1 surefire630245140571183612tmp surefire_05640175367298787771tmp"/>
    <property name="jdk.debug" value="release"/>
    <property name="surefire.test.class.path" value="C:\Users\Basement\eclipse-workspace\AppiumFramework\target\test-classes;C:\Users\Basement\eclipse-workspace\AppiumFramework\target\classes;C:\Users\Basement\.m2\repository\io\appium\java-client\7.3.0\java-client-7.3.0.jar;C:\Users\Basement\.m2\repository\org\seleniumhq\selenium\selenium-support\3.141.59\selenium-support-3.141.59.jar;C:\Users\Basement\.m2\repository\org\seleniumhq\selenium\selenium-api\3.141.59\selenium-api-3.141.59.jar;C:\Users\Basement\.m2\repository\com\google\code\gson\gson\2.8.5\gson-2.8.5.jar;C:\Users\Basement\.m2\repository\org\apache\httpcomponents\httpclient\4.5.9\httpclient-4.5.9.jar;C:\Users\Basement\.m2\repository\org\apache\httpcomponents\httpcore\4.4.11\httpcore-4.4.11.jar;C:\Users\Basement\.m2\repository\commons-codec\commons-codec\1.11\commons-codec-1.11.jar;C:\Users\Basement\.m2\repository\cglib\cglib\3.2.12\cglib-3.2.12.jar;C:\Users\Basement\.m2\repository\org\ow2\asm\asm\7.1\asm-7.1.jar;C:\Users\Basement\.m2\repository\org\springframework\spring-context\5.1.8.RELEASE\spring-context-5.1.8.RELEASE.jar;C:\Users\Basement\.m2\repository\org\springframework\spring-aop\5.1.8.RELEASE\spring-aop-5.1.8.RELEASE.jar;C:\Users\Basement\.m2\repository\org\springframework\spring-beans\5.1.8.RELEASE\spring-beans-5.1.8.RELEASE.jar;C:\Users\Basement\.m2\repository\org\springframework\spring-core\5.1.8.RELEASE\spring-core-5.1.8.RELEASE.jar;C:\Users\Basement\.m2\repository\org\springframework\spring-jcl\5.1.8.RELEASE\spring-jcl-5.1.8.RELEASE.jar;C:\Users\Basement\.m2\repository\org\springframework\spring-expression\5.1.8.RELEASE\spring-expression-5.1.8.RELEASE.jar;C:\Users\Basement\.m2\repository\org\aspectj\aspectjweaver\1.9.4\aspectjweaver-1.9.4.jar;C:\Users\Basement\.m2\repository\org\seleniumhq\selenium\selenium-java\3.141.59\selenium-java-3.141.59.jar;C:\Users\Basement\.m2\repository\org\seleniumhq\selenium\selenium-chrome-driver\3.141.59\selenium-chrome-driver-3.141.59.jar;C:\Users\Basement\.m2\repository\org\seleniumhq\selenium\selenium-edge-driver\3.141.59\selenium-edge-driver-3.141.59.jar;C:\Users\Basement\.m2\repository\org\seleniumhq\selenium\selenium-firefox-driver\3.141.59\selenium-firefox-driver-3.141.59.jar;C:\Users\Basement\.m2\repository\org\seleniumhq\selenium\selenium-ie-driver\3.141.59\selenium-ie-driver-3.141.59.jar;C:\Users\Basement\.m2\repository\org\seleniumhq\selenium\selenium-opera-driver\3.141.59\selenium-opera-driver-3.141.59.jar;C:\Users\Basement\.m2\repository\org\seleniumhq\selenium\selenium-remote-driver\3.141.59\selenium-remote-driver-3.141.59.jar;C:\Users\Basement\.m2\repository\org\seleniumhq\selenium\selenium-safari-driver\3.141.59\selenium-safari-driver-3.141.59.jar;C:\Users\Basement\.m2\repository\net\bytebuddy\byte-buddy\1.8.15\byte-buddy-1.8.15.jar;C:\Users\Basement\.m2\repository\org\apache\commons\commons-exec\1.3\commons-exec-1.3.jar;C:\Users\Basement\.m2\repository\com\google\guava\guava\25.0-jre\guava-25.0-jre.jar;C:\Users\Basement\.m2\repository\com\google\code\findbugs\jsr305\1.3.9\jsr305-1.3.9.jar;C:\Users\Basement\.m2\repository\org\checkerframework\checker-compat-qual\2.0.0\checker-compat-qual-2.0.0.jar;C:\Users\Basement\.m2\repository\com\google\errorprone\error_prone_annotations\2.1.3\error_prone_annotations-2.1.3.jar;C:\Users\Basement\.m2\repository\com\google\j2objc\j2objc-annotations\1.1\j2objc-annotations-1.1.jar;C:\Users\Basement\.m2\repository\org\codehaus\mojo\animal-sniffer-annotations\1.14\animal-sniffer-annotations-1.14.jar;C:\Users\Basement\.m2\repository\com\squareup\okhttp3\okhttp\3.11.0\okhttp-3.11.0.jar;C:\Users\Basement\.m2\repository\com\squareup\okio\okio\1.14.0\okio-1.14.0.jar;C:\Users\Basement\.m2\repository\org\testng\testng\7.3.0\testng-7.3.0.jar;C:\Users\Basement\.m2\repository\com\beust\jcommander\1.78\jcommander-1.78.jar;C:\Users\Basement\.m2\repository\org\apache\ant\ant\1.10.3\ant-1.10.3.jar;C:\Users\Basement\.m2\repository\org\apache\ant\ant-launcher\1.10.3\ant-launcher-1.10.3.jar;C:\Users\Basement\.m2\repository\junit\junit\4.12\junit-4.12.jar;C:\Users\Basement\.m2\repository\org\hamcrest\hamcrest-core\1.3\hamcrest-core-1.3.jar;C:\Users\Basement\.m2\repository\com\google\inject\guice\4.2.2\guice-4.2.2-no_aop.jar;C:\Users\Basement\.m2\repository\javax\inject\javax.inject\1\javax.inject-1.jar;C:\Users\Basement\.m2\repository\aopalliance\aopalliance\1.0\aopalliance-1.0.jar;C:\Users\Basement\.m2\repository\org\yaml\snakeyaml\1.21\snakeyaml-1.21.jar;C:\Users\Basement\.m2\repository\com\aventstack\extentreports\5.0.4\extentreports-5.0.4.jar;C:\Users\Basement\.m2\repository\io\reactivex\rxjava3\rxjava\3.0.4\rxjava-3.0.4.jar;C:\Users\Basement\.m2\repository\org\reactivestreams\reactive-streams\1.0.3\reactive-streams-1.0.3.jar;C:\Users\Basement\.m2\repository\org\freemarker\freemarker\2.3.30\freemarker-2.3.30.jar;C:\Users\Basement\.m2\repository\org\projectlombok\lombok\1.18.12\lombok-1.18.12.jar;C:\Users\Basement\.m2\repository\org\slf4j\slf4j-simple\1.7.30\slf4j-simple-1.7.30.jar;C:\Users\Basement\.m2\repository\org\slf4j\slf4j-api\1.7.30\slf4j-api-1.7.30.jar;C:\Users\Basement\.m2\repository\org\apache\commons\commons-lang3\3.11\commons-lang3-3.11.jar;C:\Users\Basement\.m2\repository\commons-io\commons-io\2.8.0\commons-io-2.8.0.jar;C:\Users\Basement\.m2\repository\commons-validator\commons-validator\1.7\commons-validator-1.7.jar;C:\Users\Basement\.m2\repository\commons-beanutils\commons-beanutils\1.9.4\commons-beanutils-1.9.4.jar;C:\Users\Basement\.m2\repository\commons-digester\commons-digester\2.1\commons-digester-2.1.jar;C:\Users\Basement\.m2\repository\commons-logging\commons-logging\1.2\commons-logging-1.2.jar;C:\Users\Basement\.m2\repository\commons-collections\commons-collections\3.2.2\commons-collections-3.2.2.jar;"/>
    <property name="sun.cpu.endian" value="little"/>
    <property name="user.home" value="C:\Users\Basement"/>
    <property name="user.language" value="en"/>
    <property name="java.specification.vendor" value="Oracle Corporation"/>
    <property name="java.version.date" value="2020-01-14"/>
    <property name="java.home" value="C:\Program Files\Java\jdk-13.0.2"/>
    <property name="file.separator" value="\"/>
    <property name="basedir" value="C:\Users\Basement\eclipse-workspace\AppiumFramework"/>
    <property name="java.vm.compressedOopsMode" value="Zero based"/>
    <property name="line.separator" value="&#10;"/>
    <property name="java.vm.specification.vendor" value="Oracle Corporation"/>
    <property name="java.specification.name" value="Java Platform API Specification"/>
    <property name="surefire.real.class.path" value="C:\Users\Basement\AppData\Local\Temp\surefire9569496141588773126\surefirebooter13821298129683633239.jar"/>
    <property name="user.script" value=""/>
    <property name="sun.management.compiler" value="HotSpot 64-Bit Tiered Compilers"/>
    <property name="java.runtime.version" value="13.0.2+8"/>
    <property name="user.name" value="Basement"/>
    <property name="path.separator" value=";"/>
    <property name="os.version" value="10.0"/>
    <property name="java.runtime.name" value="Java(TM) SE Runtime Environment"/>
    <property name="file.encoding" value="Cp1252"/>
    <property name="java.vm.name" value="Java HotSpot(TM) 64-Bit Server VM"/>
    <property name="localRepository" value="C:\Users\Basement\.m2\repository"/>
    <property name="java.vendor.url.bug" value="https://bugreport.java.com/bugreport/"/>
    <property name="java.io.tmpdir" value="C:\Users\Basement\AppData\Local\Temp\"/>
    <property name="java.version" value="13.0.2"/>
    <property name="user.dir" value="C:\Users\Basement\eclipse-workspace\AppiumFramework"/>
    <property name="os.arch" value="amd64"/>
    <property name="java.vm.specification.name" value="Java Virtual Machine Specification"/>
    <property name="sun.os.patch.level" value=""/>
    <property name="java.library.path" value="C:\Program Files\Java\jdk-13.0.2\bin;C:\WINDOWS\Sun\Java\bin;C:\WINDOWS\system32;C:\WINDOWS;C:\WINDOWS\system32;C:\WINDOWS;C:\WINDOWS\System32\Wbem;C:\WINDOWS\System32\WindowsPowerShell\v1.0\;C:\WINDOWS\System32\OpenSSH\;C:\Program Files\NVIDIA Corporation\NVIDIA NvDLISR;C:\Program Files (x86)\NVIDIA Corporation\PhysX\Common;C:\SQL_Lite;C:\Program Files\SmartBear\ReadyAPI-3.2.0\bin;C:\Program Files\Git\bin\;C:\Program Files\apache-maven-3.6.3;C:\Program Files\apache-maven-3.6.3\bin;B:\Android\sdk\tools\bin;B:\Android\sdk\tools;B:\Android\sdk\platform-tools;C:\Program Files\nodejs;C:\Program Files\Java\jdk-13.0.2\bin;B:\Android\sdk\platform-tools;B:\Android\sdk\tools\bin;C:\Program Files\MySQL\MySQL Shell 8.0\bin\;C:\Users\Basement\AppData\Local\Programs\Python\Python38-32\Scripts\;C:\Users\Basement\AppData\Local\Programs\Python\Python38-32\;C:\Users\Basement\AppData\Local\Microsoft\WindowsApps;C:\Program Files\Java\jdk-13.0.2\bin\;TF_NOTELEMETRY=TRUE;C:\Users\Basement\AppData\Roaming\npm;B:\Programs\Microsoft VS Code\bin;."/>
    <property name="java.vm.info" value="mixed mode, sharing"/>
    <property name="java.vendor" value="Oracle Corporation"/>
    <property name="java.vm.version" value="13.0.2+8"/>
    <property name="sun.io.unicode.encoding" value="UnicodeLittle"/>
    <property name="java.class.version" value="57.0"/>
  </properties>
  <testcase name="pageTitle[General Store](1)" classname="test.AppiumFramework.HomeTest" time="3.6">
    <system-out><![CDATA[&amp#27;[35m[Appium]&amp#27;[39m Welcome to Appium v1.17.1
&amp#27;[35m[Appium]&amp#27;[39m Non-default server args:
&amp#27;[35m[Appium]&amp#27;[39m   chromedriverExecutable: C:\Selenium\ChromeDriver\v69\chromedriver.exe
&amp#27;[35m[Appium]&amp#27;[39m Appium REST http interface listener started on 0.0.0.0:4723
&amp#27;[35m[HTTP]&amp#27;[39m &amp#27;[37m-->&amp#27;[39m &amp#27;[37mGET&amp#27;[39m &amp#27;[37m/wd/hub/status&amp#27;[39m
&amp#27;[35m[HTTP]&amp#27;[39m &amp#27;[90m{}&amp#27;[39m
[debug] &amp#27;[35m[GENERIC]&amp#27;[39m Calling AppiumDriver.getStatus() with args: []
[debug] &amp#27;[35m[GENERIC]&amp#27;[39m Responding to client with driver.getStatus() result: {"build":{"version":"1.17.1"}}
&amp#27;[35m[HTTP]&amp#27;[39m &amp#27;[37m<-- GET /wd/hub/status &amp#27;[39m&amp#27;[32m200&amp#27;[39m &amp#27;[90m5 ms - 68&amp#27;[39m
&amp#27;[35m[HTTP]&amp#27;[39m &amp#27;[90m&amp#27;[39m
&amp#27;[35m[HTTP]&amp#27;[39m &amp#27;[37m-->&amp#27;[39m &amp#27;[37mPOST&amp#27;[39m &amp#27;[37m/wd/hub/session&amp#27;[39m
&amp#27;[35m[HTTP]&amp#27;[39m &amp#27;[90m{"desiredCapabilities":{"app":"C:\\Users\\Basement\\eclipse-workspace\\AppiumFramework\\src\\General-Store.apk","automationName":"uiautomator2","platformName":"Android","deviceName":"emulator","newCommandTimeout":14},"capabilities":{"firstMatch":[{"appium:app":"C:\\Users\\Basement\\eclipse-workspace\\AppiumFramework\\src\\General-Store.apk","appium:automationName":"uiautomator2","appium:deviceName":"emulator","appium:newCommandTimeout":14,"platformName":"android"}]}}&amp#27;[39m
[debug] &amp#27;[35m[W3C]&amp#27;[39m Calling AppiumDriver.createSession() with args: [{"app":"C:\\Users\\Basement\\eclipse-workspace\\AppiumFramework\\src\\General-Store.apk","automationName":"uiautomator2","platformName":"Android","deviceName":"emulator","newCommandTimeout":14},null,{"firstMatch":[{"appium:app":"C:\\Users\\Basement\\eclipse-workspace\\AppiumFramework\\src\\General-Store.apk","appium:automationName":"uiautomator2","appium:deviceName":"emulator","appium:newCommandTimeout":14,"platformName":"android"}]}]
[debug] &amp#27;[35m[BaseDriver]&amp#27;[39m Event 'newSessionRequested' logged at 1602626640210 (18:04:00 GMT-0400 (Eastern Daylight Time))
&amp#27;[35m[Appium]&amp#27;[39m Appium v1.17.1 creating new AndroidUiautomator2Driver (v1.44.2) session
[debug] &amp#27;[35m[BaseDriver]&amp#27;[39m W3C capabilities and MJSONWP desired capabilities were provided
[debug] &amp#27;[35m[BaseDriver]&amp#27;[39m Creating session with W3C capabilities: {
[debug] &amp#27;[35m[BaseDriver]&amp#27;[39m   "alwaysMatch": {
[debug] &amp#27;[35m[BaseDriver]&amp#27;[39m     "platformName": "android",
[debug] &amp#27;[35m[BaseDriver]&amp#27;[39m     "appium:app": "C:\\Users\\Basement\\eclipse-workspace\\AppiumFramework\\src\\General-Store.apk",
[debug] &amp#27;[35m[BaseDriver]&amp#27;[39m     "appium:automationName": "uiautomator2",
[debug] &amp#27;[35m[BaseDriver]&amp#27;[39m     "appium:deviceName": "emulator",
[debug] &amp#27;[35m[BaseDriver]&amp#27;[39m     "appium:newCommandTimeout": 14
[debug] &amp#27;[35m[BaseDriver]&amp#27;[39m   },
[debug] &amp#27;[35m[BaseDriver]&amp#27;[39m   "firstMatch": [
[debug] &amp#27;[35m[BaseDriver]&amp#27;[39m     {}
[debug] &amp#27;[35m[BaseDriver]&amp#27;[39m   ]
[debug] &amp#27;[35m[BaseDriver]&amp#27;[39m }
&amp#27;[35m[BaseDriver]&amp#27;[39m Session created with session id: bf540858-b87c-41a8-a728-b6d33a4f5b2f
&amp#27;[35m[BaseDriver]&amp#27;[39m Using local app 'C:\Users\Basement\eclipse-workspace\AppiumFramework\src\General-Store.apk'
[debug] &amp#27;[35m[UiAutomator2]&amp#27;[39m Checking whether app is actually present
&amp#27;[35m[ADB]&amp#27;[39m Found 1 'build-tools' folders under 'B:\Android\sdk' (newest first):
&amp#27;[35m[ADB]&amp#27;[39m     B:/Android/sdk/build-tools/30.0.1
&amp#27;[35m[ADB]&amp#27;[39m Using 'adb.exe' from 'B:\Android\sdk\platform-tools\adb.exe'
&amp#27;[35m[AndroidDriver]&amp#27;[39m Retrieving device list
[debug] &amp#27;[35m[ADB]&amp#27;[39m Trying to find a connected android device
[debug] &amp#27;[35m[ADB]&amp#27;[39m Getting connected devices...
[debug] &amp#27;[35m[ADB]&amp#27;[39m Connected devices: [{"udid":"emulator-5554","state":"device"}]
&amp#27;[35m[AndroidDriver]&amp#27;[39m Using device: emulator-5554
&amp#27;[35m[ADB]&amp#27;[39m Using 'adb.exe' from 'B:\Android\sdk\platform-tools\adb.exe'
[debug] &amp#27;[35m[ADB]&amp#27;[39m Setting device id to emulator-5554
[debug] &amp#27;[35m[ADB]&amp#27;[39m Running 'B:\Android\sdk\platform-tools\adb.exe -P 5037 -s emulator-5554 shell getprop ro.build.version.sdk'
[debug] &amp#27;[35m[ADB]&amp#27;[39m Current device property 'ro.build.version.sdk': 28
&amp#27;[35m[ADB]&amp#27;[39m Getting device platform version
[debug] &amp#27;[35m[ADB]&amp#27;[39m Running 'B:\Android\sdk\platform-tools\adb.exe -P 5037 -s emulator-5554 shell getprop ro.build.version.release'
[debug] &amp#27;[35m[ADB]&amp#27;[39m Current device property 'ro.build.version.release': 9
[debug] &amp#27;[35m[ADB]&amp#27;[39m Device API level: 28
&amp#27;[35m[UiAutomator2]&amp#27;[39m Relaxing hidden api policy
[debug] &amp#27;[35m[ADB]&amp#27;[39m Running 'B:\Android\sdk\platform-tools\adb.exe -P 5037 -s emulator-5554 shell settings put global hidden_api_policy_pre_p_apps 1'
[debug] &amp#27;[35m[ADB]&amp#27;[39m Running 'B:\Android\sdk\platform-tools\adb.exe -P 5037 -s emulator-5554 shell settings put global hidden_api_policy_p_apps 1'
[debug] &amp#27;[35m[ADB]&amp#27;[39m Running 'B:\Android\sdk\platform-tools\adb.exe -P 5037 -s emulator-5554 shell settings put global hidden_api_policy 1'
[debug] &amp#27;[35m[AndroidDriver]&amp#27;[39m Parsing package and activity from app manifest
&amp#27;[35m[ADB]&amp#27;[39m Package name: 'com.androidsample.generalstore'
&amp#27;[35m[ADB]&amp#27;[39m Main activity name: 'com.androidsample.generalstore.SplashActivity'
[debug] &amp#27;[35m[AndroidDriver]&amp#27;[39m Parsed package and activity are: com.androidsample.generalstore/com.androidsample.generalstore.SplashActivity
[debug] &amp#27;[35m[ADB]&amp#27;[39m Running 'B:\Android\sdk\platform-tools\adb.exe -P 5037 -s emulator-5554 wait-for-device'
[debug] &amp#27;[35m[ADB]&amp#27;[39m Running 'B:\Android\sdk\platform-tools\adb.exe -P 5037 -s emulator-5554 shell echo ping'
[debug] &amp#27;[35m[AndroidDriver]&amp#27;[39m Pushing settings apk to device...
[debug] &amp#27;[35m[ADB]&amp#27;[39m Getting install status for io.appium.settings
[debug] &amp#27;[35m[ADB]&amp#27;[39m Running 'B:\Android\sdk\platform-tools\adb.exe -P 5037 -s emulator-5554 shell dumpsys package io.appium.settings'
[debug] &amp#27;[35m[ADB]&amp#27;[39m 'io.appium.settings' is installed
[debug] &amp#27;[35m[ADB]&amp#27;[39m Getting package info for 'io.appium.settings'
[debug] &amp#27;[35m[ADB]&amp#27;[39m Running 'B:\Android\sdk\platform-tools\adb.exe -P 5037 -s emulator-5554 shell dumpsys package io.appium.settings'
[debug] &amp#27;[35m[ADB]&amp#27;[39m The version name of the installed 'io.appium.settings' is greater or equal to the application version name ('3.1.0' >= '3.1.0')
[debug] &amp#27;[35m[ADB]&amp#27;[39m There is no need to install/upgrade 'C:\Users\Basement\AppData\Roaming\npm\node_modules\appium\node_modules\io.appium.settings\apks\settings_apk-debug.apk'
[debug] &amp#27;[35m[ADB]&amp#27;[39m Getting IDs of all 'io.appium.settings' processes
[debug] &amp#27;[35m[ADB]&amp#27;[39m Running 'B:\Android\sdk\platform-tools\adb.exe -P 5037 -s emulator-5554 shell 'pgrep --help; echo $?''
[debug] &amp#27;[35m[ADB]&amp#27;[39m Running 'B:\Android\sdk\platform-tools\adb.exe -P 5037 -s emulator-5554 shell pgrep -f io\\.appium\\.settings'
[debug] &amp#27;[35m[AndroidDriver]&amp#27;[39m io.appium.settings is already running. There is no need to reset its permissions.
[debug] &amp#27;[35m[ADB]&amp#27;[39m Running 'B:\Android\sdk\platform-tools\adb.exe -P 5037 -s emulator-5554 shell appops set io.appium.settings android\:mock_location allow'
[debug] &amp#27;[35m[Logcat]&amp#27;[39m Starting logcat capture
[debug] &amp#27;[35m[UiAutomator2]&amp#27;[39m Forwarding UiAutomator2 Server port 6790 to 8200
[debug] &amp#27;[35m[ADB]&amp#27;[39m Forwarding system: 8200 to device: 6790
[debug] &amp#27;[35m[ADB]&amp#27;[39m Running 'B:\Android\sdk\platform-tools\adb.exe -P 5037 -s emulator-5554 forward tcp\:8200 tcp\:6790'
[debug] &amp#27;[35m[ADB]&amp#27;[39m Getting install status for io.appium.uiautomator2.server
[debug] &amp#27;[35m[ADB]&amp#27;[39m Running 'B:\Android\sdk\platform-tools\adb.exe -P 5037 -s emulator-5554 shell dumpsys package io.appium.uiautomator2.server'
[debug] &amp#27;[35m[ADB]&amp#27;[39m 'io.appium.uiautomator2.server' is installed
[debug] &amp#27;[35m[ADB]&amp#27;[39m Getting package info for 'io.appium.uiautomator2.server'
[debug] &amp#27;[35m[ADB]&amp#27;[39m Running 'B:\Android\sdk\platform-tools\adb.exe -P 5037 -s emulator-5554 shell dumpsys package io.appium.uiautomator2.server'
[debug] &amp#27;[35m[ADB]&amp#27;[39m The version name of the installed 'io.appium.uiautomator2.server' is greater or equal to the application version name ('4.5.5' >= '4.5.5')
[debug] &amp#27;[35m[UiAutomator2]&amp#27;[39m io.appium.uiautomator2.server installation state: sameVersionInstalled
[debug] &amp#27;[35m[ADB]&amp#27;[39m Checking app cert for C:\Users\Basement\AppData\Roaming\npm\node_modules\appium\node_modules\appium-uiautomator2-server\apks\appium-uiautomator2-server-v4.5.5.apk
&amp#27;[35m[ADB]&amp#27;[39m Using 'apksigner.jar' from 'B:\Android\sdk\build-tools\30.0.1\lib\apksigner.jar'
[debug] &amp#27;[35m[ADB]&amp#27;[39m Starting apksigner: 'C:\\Program Files\\Java\\jdk-13.0.2\\bin\\java.exe' -Xmx1024M -Xss1m -jar B:\\Android\\sdk\\build-tools\\30.0.1\\lib\\apksigner.jar verify --print-certs C:\\Users\\Basement\\AppData\\Roaming\\npm\\node_modules\\appium\\node_modules\\appium-uiautomator2-server\\apks\\appium-uiautomator2-server-v4.5.5.apk
[debug] &amp#27;[35m[ADB]&amp#27;[39m apksigner stdout: Signer #1 certificate DN: EMAILADDRESS=android@android.com, CN=Android, OU=Android, O=Android, L=Mountain View, ST=California, C=US
[debug] &amp#27;[35m[ADB]&amp#27;[39m Signer #1 certificate SHA-256 digest: a40da80a59d170caa950cf15c18c454d47a39b26989d8b640ecd745ba71bf5dc
[debug] &amp#27;[35m[ADB]&amp#27;[39m Signer #1 certificate SHA-1 digest: 61ed377e85d386a8dfee6b864bd85b0bfaa5af81
[debug] &amp#27;[35m[ADB]&amp#27;[39m Signer #1 certificate MD5 digest: e89b158e4bcf988ebd09eb83f5378e87
[debug] &amp#27;[35m[ADB]&amp#27;[39m 
[debug] &amp#27;[35m[ADB]&amp#27;[39m 'C:\Users\Basement\AppData\Roaming\npm\node_modules\appium\node_modules\appium-uiautomator2-server\apks\appium-uiautomator2-server-v4.5.5.apk' is signed with the default certificate
[debug] &amp#27;[35m[ADB]&amp#27;[39m Getting install status for io.appium.uiautomator2.server.test
[debug] &amp#27;[35m[ADB]&amp#27;[39m Running 'B:\Android\sdk\platform-tools\adb.exe -P 5037 -s emulator-5554 shell dumpsys package io.appium.uiautomator2.server.test'
[debug] &amp#27;[35m[ADB]&amp#27;[39m 'io.appium.uiautomator2.server.test' is installed
[debug] &amp#27;[35m[ADB]&amp#27;[39m Checking app cert for C:\Users\Basement\AppData\Roaming\npm\node_modules\appium\node_modules\appium-uiautomator2-server\apks\appium-uiautomator2-server-debug-androidTest.apk
[debug] &amp#27;[35m[ADB]&amp#27;[39m Starting apksigner: 'C:\\Program Files\\Java\\jdk-13.0.2\\bin\\java.exe' -Xmx1024M -Xss1m -jar B:\\Android\\sdk\\build-tools\\30.0.1\\lib\\apksigner.jar verify --print-certs C:\\Users\\Basement\\AppData\\Roaming\\npm\\node_modules\\appium\\node_modules\\appium-uiautomator2-server\\apks\\appium-uiautomator2-server-debug-androidTest.apk
[debug] &amp#27;[35m[ADB]&amp#27;[39m apksigner stdout: Signer #1 certificate DN: EMAILADDRESS=android@android.com, CN=Android, OU=Android, O=Android, L=Mountain View, ST=California, C=US
[debug] &amp#27;[35m[ADB]&amp#27;[39m Signer #1 certificate SHA-256 digest: a40da80a59d170caa950cf15c18c454d47a39b26989d8b640ecd745ba71bf5dc
[debug] &amp#27;[35m[ADB]&amp#27;[39m Signer #1 certificate SHA-1 digest: 61ed377e85d386a8dfee6b864bd85b0bfaa5af81
[debug] &amp#27;[35m[ADB]&amp#27;[39m Signer #1 certificate MD5 digest: e89b158e4bcf988ebd09eb83f5378e87
[debug] &amp#27;[35m[ADB]&amp#27;[39m 
[debug] &amp#27;[35m[ADB]&amp#27;[39m 'C:\Users\Basement\AppData\Roaming\npm\node_modules\appium\node_modules\appium-uiautomator2-server\apks\appium-uiautomator2-server-debug-androidTest.apk' is signed with the default certificate
&amp#27;[35m[UiAutomator2]&amp#27;[39m Server packages are not going to be (re)installed
[debug] &amp#27;[35m[UiAutomator2]&amp#27;[39m Waiting up to 30000ms for services to be available
[debug] &amp#27;[35m[ADB]&amp#27;[39m Running 'B:\Android\sdk\platform-tools\adb.exe -P 5037 -s emulator-5554 shell pm list instrumentation'
[debug] &amp#27;[35m[UiAutomator2]&amp#27;[39m Instrumentation target 'io.appium.uiautomator2.server.test/androidx.test.runner.AndroidJUnitRunner' is available
[debug] &amp#27;[35m[ADB]&amp#27;[39m Checking app cert for C:\Users\Basement\eclipse-workspace\AppiumFramework\src\General-Store.apk
[debug] &amp#27;[35m[ADB]&amp#27;[39m Starting apksigner: 'C:\\Program Files\\Java\\jdk-13.0.2\\bin\\java.exe' -Xmx1024M -Xss1m -jar B:\\Android\\sdk\\build-tools\\30.0.1\\lib\\apksigner.jar verify --print-certs C:\\Users\\Basement\\eclipse-workspace\\AppiumFramework\\src\\General-Store.apk
[debug] &amp#27;[35m[ADB]&amp#27;[39m apksigner stdout: Signer #1 certificate DN: EMAILADDRESS=android@android.com, CN=Android, OU=Android, O=Android, L=Mountain View, ST=California, C=US
[debug] &amp#27;[35m[ADB]&amp#27;[39m Signer #1 certificate SHA-256 digest: a40da80a59d170caa950cf15c18c454d47a39b26989d8b640ecd745ba71bf5dc
[debug] &amp#27;[35m[ADB]&amp#27;[39m Signer #1 certificate SHA-1 digest: 61ed377e85d386a8dfee6b864bd85b0bfaa5af81
[debug] &amp#27;[35m[ADB]&amp#27;[39m Signer #1 certificate MD5 digest: e89b158e4bcf988ebd09eb83f5378e87
[debug] &amp#27;[35m[ADB]&amp#27;[39m 
[debug] &amp#27;[35m[ADB]&amp#27;[39m 'C:\Users\Basement\eclipse-workspace\AppiumFramework\src\General-Store.apk' is signed with the default certificate
[debug] &amp#27;[35m[ADB]&amp#27;[39m Getting install status for com.androidsample.generalstore
[debug] &amp#27;[35m[ADB]&amp#27;[39m Running 'B:\Android\sdk\platform-tools\adb.exe -P 5037 -s emulator-5554 shell dumpsys package com.androidsample.generalstore'
[debug] &amp#27;[35m[ADB]&amp#27;[39m 'com.androidsample.generalstore' is installed
[debug] &amp#27;[35m[ADB]&amp#27;[39m Getting package info for 'com.androidsample.generalstore'
[debug] &amp#27;[35m[ADB]&amp#27;[39m Running 'B:\Android\sdk\platform-tools\adb.exe -P 5037 -s emulator-5554 shell dumpsys package com.androidsample.generalstore'
[debug] &amp#27;[35m[ADB]&amp#27;[39m The version name of the installed 'com.androidsample.generalstore' is greater or equal to the application version name ('1.0.0' >= '1.0.0')
[debug] &amp#27;[35m[ADB]&amp#27;[39m There is no need to install/upgrade 'C:\Users\Basement\eclipse-workspace\AppiumFramework\src\General-Store.apk'
&amp#27;[35m[AndroidDriver]&amp#27;[39m Performing fast reset on 'com.androidsample.generalstore'
[debug] &amp#27;[35m[ADB]&amp#27;[39m Getting install status for com.androidsample.generalstore
[debug] &amp#27;[35m[ADB]&amp#27;[39m Running 'B:\Android\sdk\platform-tools\adb.exe -P 5037 -s emulator-5554 shell dumpsys package com.androidsample.generalstore'
[debug] &amp#27;[35m[ADB]&amp#27;[39m 'com.androidsample.generalstore' is installed
[debug] &amp#27;[35m[ADB]&amp#27;[39m Running 'B:\Android\sdk\platform-tools\adb.exe -P 5037 -s emulator-5554 shell am force-stop com.androidsample.generalstore'
[debug] &amp#27;[35m[ADB]&amp#27;[39m Running 'B:\Android\sdk\platform-tools\adb.exe -P 5037 -s emulator-5554 shell pm clear com.androidsample.generalstore'
[debug] &amp#27;[35m[AndroidDriver]&amp#27;[39m Performed fast reset on the installed 'com.androidsample.generalstore' application (stop and clear)
[debug] &amp#27;[35m[UiAutomator2]&amp#27;[39m Performing shallow cleanup of automation leftovers
[debug] &amp#27;[35m[UiAutomator2]&amp#27;[39m The following obsolete sessions are still running: ["6f54b471-a457-4f81-9bf7-e90dbffcad4a"]
[debug] &amp#27;[35m[UiAutomator2]&amp#27;[39m Cleaning up the obsolete sessions
[debug] &amp#27;[35m[ADB]&amp#27;[39m Running 'B:\Android\sdk\platform-tools\adb.exe -P 5037 -s emulator-5554 shell am force-stop io.appium.uiautomator2.server.test'
&amp#27;[35m[UiAutomator2]&amp#27;[39m Starting UIAutomator2 server 4.5.5
&amp#27;[35m[UiAutomator2]&amp#27;[39m Using UIAutomator2 server from 'C:\Users\Basement\AppData\Roaming\npm\node_modules\appium\node_modules\appium-uiautomator2-server\apks\appium-uiautomator2-server-v4.5.5.apk' and test from 'C:\Users\Basement\AppData\Roaming\npm\node_modules\appium\node_modules\appium-uiautomator2-server\apks\appium-uiautomator2-server-debug-androidTest.apk'
&amp#27;[35m[UiAutomator2]&amp#27;[39m Waiting up to 30000ms for UiAutomator2 to be online...
[debug] &amp#27;[35m[ADB]&amp#27;[39m Creating ADB subprocess with args: ["-P",5037,"-s","emulator-5554","shell","am","instrument","-w","io.appium.uiautomator2.server.test/androidx.test.runner.AndroidJUnitRunner"]
[debug] &amp#27;[35m[Instrumentation]&amp#27;[39m io.appium.uiautomator2.server.test.AppiumUiAutomator2Server:
[debug] &amp#27;[35m[WD Proxy]&amp#27;[39m Matched '/status' to command name 'getStatus'
[debug] &amp#27;[35m[WD Proxy]&amp#27;[39m Proxying [GET /status] to [GET http://127.0.0.1:8200/wd/hub/status] with no body
&amp#27;[35m[WD Proxy]&amp#27;[39m Got response with unknown status: {"code":"ECONNRESET"}
[debug] &amp#27;[35m[WD Proxy]&amp#27;[39m Matched '/status' to command name 'getStatus'
[debug] &amp#27;[35m[WD Proxy]&amp#27;[39m Proxying [GET /status] to [GET http://127.0.0.1:8200/wd/hub/status] with no body
[debug] &amp#27;[35m[WD Proxy]&amp#27;[39m Got response with status 200: {"sessionId":"None","value":{"ready":true,"message":"UiAutomator2 Server is ready to accept commands"}}
[debug] &amp#27;[35m[UiAutomator2]&amp#27;[39m The initialization of the instrumentation process took 2083ms
[debug] &amp#27;[35m[WD Proxy]&amp#27;[39m Matched '/session' to command name 'createSession'
[debug] &amp#27;[35m[WD Proxy]&amp#27;[39m Proxying [POST /session] to [POST http://127.0.0.1:8200/wd/hub/session] with body: {"capabilities":{"firstMatch":[{"platform":"LINUX","webStorageEnabled":false,"takesScreenshot":true,"javascriptEnabled":true,"databaseEnabled":false,"networkConnectionEnabled":true,"locationContextEnabled":false,"warnings":{},"desired":{"platformName":"android","app":"C:\\Users\\Basement\\eclipse-workspace\\AppiumFramework\\src\\General-Store.apk","automationName":"uiautomator2","deviceName":"emulator","newCommandTimeout":14},"platformName":"android","app":"C:\\Users\\Basement\\eclipse-workspace\\AppiumFramework\\src\\General-Store.apk","automationName":"uiautomator2","deviceName":"emulator-5554","newCommandTimeout":14,"deviceUDID":"emulator-5554","appPackage":"com.androidsample.generalstore"}],"alwaysMatch":{}}}
[debug] &amp#27;[35m[WD Proxy]&amp#27;[39m Got response with status 200: {"sessionId":"431c0a09-5eae-45ff-8ee1-2a94613010da","value":{"sessionId":"431c0a09-5eae-45ff-8ee1-2a94613010da","capabilities":{"firstMatch":[{"platform":"LINUX","webStorageEnabled":false,"takesScreenshot":true,"javascriptEnabled":true,"databaseEnabled":false,"networkConnectionEnabled":true,"locationContextEnabled":false,"warnings":{},"desired":{"platformName":"android","app":"C:\\Users\\Basement\\eclipse-workspace\\AppiumFramework\\src\\General-Store.apk","automationName":"uiautomator2","deviceName":"emulator","newCommandTimeout":14},"platformName":"android","app":"C:\\Users\\Basement\\eclipse-workspace\\AppiumFramework\\src\\General-Store.apk","automationName":"uiautomator2","deviceName":"emulator-5554","newCommandTimeout":14,"deviceUDID":"emulator-5554","appPackage":"com.androidsample.generalstore"}],"alwaysMatch":{}}}}
&amp#27;[35m[WD Proxy]&amp#27;[39m Determined the downstream protocol as 'W3C'
[debug] &amp#27;[35m[WD Proxy]&amp#27;[39m Proxying [GET /appium/device/info] to [GET http://127.0.0.1:8200/wd/hub/session/431c0a09-5eae-45ff-8ee1-2a94613010da/appium/device/info] with no body
[debug] &amp#27;[35m[WD Proxy]&amp#27;[39m Got response with status 200: {"sessionId":"431c0a09-5eae-45ff-8ee1-2a94613010da","value":{"androidId":"b1d22995bbee6676","manufacturer":"Google","model":"AOSP on IA Emulator","brand":"google","apiVersion":"28","platformVersion":"9","carrierName":"Android","realDisplaySize":"1080x1920","displayDensity":420,"networks":[{"type":1,"typeName":"WIFI","subtype":0,"subtypeName":"","isConnected":true,"detailedState":"CONNECTED","state":"CONNECTED","extraInfo":null,"isAvailable":true,"isFailover":false,"isRoaming":false,"capabilities":{"transportTypes":"TRANSPORT_WIFI","networkCapabilities":"NET_CAPABILITY_NOT_METERED,NET_CAPABILITY_INTERNET,NET_CAPABILITY_NOT_RESTRICTED,NET_CAPABILITY_TRUSTED,NET_CAPABILITY_NOT_VPN,NET_CAPABILITY_VALIDATED,NET_CAPABILITY_NOT_ROAMING,NET_CAPABILITY_FOREGROUND,NET_CAPABILITY_NOT_CONGESTED,NET_CAPABILITY_NOT_SUSPENDED","linkUpstreamBandwidthKbps":1048576,"linkDownBandwidthKbps":1048576,"signalStrength":-50,"networkSpecifier":null,"SSID":null}},{"type":0,"typeName":"MOBILE","subtype":13,"subtypeName":"LTE","isConn...
[debug] &amp#27;[35m[ADB]&amp#27;[39m Running 'B:\Android\sdk\platform-tools\adb.exe -P 5037 -s emulator-5554 shell dumpsys window'
&amp#27;[35m[AndroidDriver]&amp#27;[39m Screen already unlocked, doing nothing
&amp#27;[35m[UiAutomator2]&amp#27;[39m Starting 'com.androidsample.generalstore/com.androidsample.generalstore.SplashActivity and waiting for 'com.androidsample.generalstore/com.androidsample.generalstore.SplashActivity'
[debug] &amp#27;[35m[ADB]&amp#27;[39m Running 'B:\Android\sdk\platform-tools\adb.exe -P 5037 -s emulator-5554 shell am start -W -n com.androidsample.generalstore/com.androidsample.generalstore.SplashActivity -S -a android.intent.action.MAIN -c android.intent.category.LAUNCHER -f 0x10200000'
[debug] &amp#27;[35m[ADB]&amp#27;[39m Waiting up to 20000ms for activity matching pkg: 'com.androidsample.generalstore' and activity: 'com.androidsample.generalstore.SplashActivity' to be focused
[debug] &amp#27;[35m[ADB]&amp#27;[39m Possible activities, to be checked: 'com.androidsample.generalstore.SplashActivity', 'com.androidsample.generalstore.com.androidsample.generalstore.SplashActivity'
[debug] &amp#27;[35m[ADB]&amp#27;[39m Getting focused package and activity
[debug] &amp#27;[35m[ADB]&amp#27;[39m Running 'B:\Android\sdk\platform-tools\adb.exe -P 5037 -s emulator-5554 shell dumpsys window windows'
[debug] &amp#27;[35m[ADB]&amp#27;[39m Found package: 'com.androidsample.generalstore' and fully qualified activity name : 'com.androidsample.generalstore.SplashActivity'
[debug] &amp#27;[35m[WD Proxy]&amp#27;[39m Proxying [GET /appium/device/pixel_ratio] to [GET http://127.0.0.1:8200/wd/hub/session/431c0a09-5eae-45ff-8ee1-2a94613010da/appium/device/pixel_ratio] with body: {}
[debug] &amp#27;[35m[WD Proxy]&amp#27;[39m Got response with status 200: {"sessionId":"431c0a09-5eae-45ff-8ee1-2a94613010da","value":2.625}
[debug] &amp#27;[35m[WD Proxy]&amp#27;[39m Matched '/appium/device/system_bars' to command name 'getSystemBars'
[debug] &amp#27;[35m[WD Proxy]&amp#27;[39m Proxying [GET /appium/device/system_bars] to [GET http://127.0.0.1:8200/wd/hub/session/431c0a09-5eae-45ff-8ee1-2a94613010da/appium/device/system_bars] with body: {}
[debug] &amp#27;[35m[WD Proxy]&amp#27;[39m Got response with status 200: {"sessionId":"431c0a09-5eae-45ff-8ee1-2a94613010da","value":{"statusBar":63}}
[debug] &amp#27;[35m[WD Proxy]&amp#27;[39m Matched '/window/current/size' to command name 'getWindowSize'
[debug] &amp#27;[35m[WD Proxy]&amp#27;[39m Proxying [GET /window/current/size] to [GET http://127.0.0.1:8200/wd/hub/session/431c0a09-5eae-45ff-8ee1-2a94613010da/window/current/size] with body: {}
[debug] &amp#27;[35m[WD Proxy]&amp#27;[39m Got response with status 200: {"sessionId":"431c0a09-5eae-45ff-8ee1-2a94613010da","value":{"height":1794,"width":1080}}
&amp#27;[35m[Appium]&amp#27;[39m New AndroidUiautomator2Driver session created successfully, session bf540858-b87c-41a8-a728-b6d33a4f5b2f added to master session list
[debug] &amp#27;[35m[BaseDriver]&amp#27;[39m Event 'newSessionStarted' logged at 1602626647643 (18:04:07 GMT-0400 (Eastern Daylight Time))
[debug] &amp#27;[35m[W3C (bf540858)]&amp#27;[39m Cached the protocol value 'W3C' for the new session bf540858-b87c-41a8-a728-b6d33a4f5b2f
[debug] &amp#27;[35m[W3C (bf540858)]&amp#27;[39m Responding to client with driver.createSession() result: {"capabilities":{"platform":"LINUX","webStorageEnabled":false,"takesScreenshot":true,"javascriptEnabled":true,"databaseEnabled":false,"networkConnectionEnabled":true,"locationContextEnabled":false,"warnings":{},"desired":{"platformName":"android","app":"C:\\Users\\Basement\\eclipse-workspace\\AppiumFramework\\src\\General-Store.apk","automationName":"uiautomator2","deviceName":"emulator","newCommandTimeout":14},"platformName":"android","app":"C:\\Users\\Basement\\eclipse-workspace\\AppiumFramework\\src\\General-Store.apk","automationName":"uiautomator2","deviceName":"emulator-5554","newCommandTimeout":14,"deviceUDID":"emulator-5554","appPackage":"com.androidsample.generalstore","deviceApiLevel":28,"platformVersion":"9","deviceScreenSize":"1080x1920","deviceScreenDensity":420,"deviceModel":"AOSP on IA Emulator","deviceManufacturer":"Google","pixelRatio":2.625,"statBarHeight":63,"viewportRect":{"left":0,"top":63,"width":1080,"height":1731}}}
&amp#27;[35m[HTTP]&amp#27;[39m &amp#27;[37m<-- POST /wd/hub/session &amp#27;[39m&amp#27;[32m200&amp#27;[39m &amp#27;[90m7436 ms - 1014&amp#27;[39m
&amp#27;[35m[HTTP]&amp#27;[39m &amp#27;[90m&amp#27;[39m
&amp#27;[35m[HTTP]&amp#27;[39m &amp#27;[37m-->&amp#27;[39m &amp#27;[37mPOST&amp#27;[39m &amp#27;[37m/wd/hub/session/bf540858-b87c-41a8-a728-b6d33a4f5b2f/timeouts&amp#27;[39m
&amp#27;[35m[HTTP]&amp#27;[39m &amp#27;[90m{"implicit":10000}&amp#27;[39m
[debug] &amp#27;[35m[W3C (bf540858)]&amp#27;[39m Calling AppiumDriver.timeouts() with args: [null,null,null,null,10000,"bf540858-b87c-41a8-a728-b6d33a4f5b2f"]
[debug] &amp#27;[35m[BaseDriver]&amp#27;[39m W3C timeout argument: {"implicit":10000}}
[debug] &amp#27;[35m[BaseDriver]&amp#27;[39m Set implicit wait to 10000ms
[debug] &amp#27;[35m[W3C (bf540858)]&amp#27;[39m Responding to client with driver.timeouts() result: null
&amp#27;[35m[HTTP]&amp#27;[39m &amp#27;[37m<-- POST /wd/hub/session/bf540858-b87c-41a8-a728-b6d33a4f5b2f/timeouts &amp#27;[39m&amp#27;[32m200&amp#27;[39m &amp#27;[90m4 ms - 14&amp#27;[39m
&amp#27;[35m[HTTP]&amp#27;[39m &amp#27;[90m&amp#27;[39m
&amp#27;[35m[HTTP]&amp#27;[39m &amp#27;[37m-->&amp#27;[39m &amp#27;[37mGET&amp#27;[39m &amp#27;[37m/wd/hub/session/bf540858-b87c-41a8-a728-b6d33a4f5b2f/context&amp#27;[39m
&amp#27;[35m[HTTP]&amp#27;[39m &amp#27;[90m{}&amp#27;[39m
[debug] &amp#27;[35m[W3C (bf540858)]&amp#27;[39m Calling AppiumDriver.getCurrentContext() with args: ["bf540858-b87c-41a8-a728-b6d33a4f5b2f"]
[debug] &amp#27;[35m[W3C (bf540858)]&amp#27;[39m Responding to client with driver.getCurrentContext() result: "NATIVE_APP"
&amp#27;[35m[HTTP]&amp#27;[39m &amp#27;[37m<-- GET /wd/hub/session/bf540858-b87c-41a8-a728-b6d33a4f5b2f/context &amp#27;[39m&amp#27;[32m200&amp#27;[39m &amp#27;[90m6 ms - 22&amp#27;[39m
&amp#27;[35m[HTTP]&amp#27;[39m &amp#27;[90m&amp#27;[39m
&amp#27;[35m[HTTP]&amp#27;[39m &amp#27;[37m-->&amp#27;[39m &amp#27;[37mPOST&amp#27;[39m &amp#27;[37m/wd/hub/session/bf540858-b87c-41a8-a728-b6d33a4f5b2f/element&amp#27;[39m
&amp#27;[35m[HTTP]&amp#27;[39m &amp#27;[90m{"using":"id","value":"com.androidsample.generalstore:id/toolbar_title"}&amp#27;[39m
[debug] &amp#27;[35m[W3C (bf540858)]&amp#27;[39m Calling AppiumDriver.findElement() with args: ["id","com.androidsample.generalstore:id/toolbar_title","bf540858-b87c-41a8-a728-b6d33a4f5b2f"]
[debug] &amp#27;[35m[BaseDriver]&amp#27;[39m Valid locator strategies for this request: xpath, id, class name, accessibility id, -android uiautomator
[debug] &amp#27;[35m[BaseDriver]&amp#27;[39m Waiting up to 10000 ms for condition
[debug] &amp#27;[35m[WD Proxy]&amp#27;[39m Matched '/element' to command name 'findElement'
[debug] &amp#27;[35m[WD Proxy]&amp#27;[39m Proxying [POST /element] to [POST http://127.0.0.1:8200/wd/hub/session/431c0a09-5eae-45ff-8ee1-2a94613010da/element] with body: {"strategy":"id","selector":"com.androidsample.generalstore:id/toolbar_title","context":"","multiple":false}
&amp#27;[35m[WD Proxy]&amp#27;[39m Got response with status 404: {"sessionId":"431c0a09-5eae-45ff-8ee1-2a94613010da","value":{"error":"no such element","message":"An element could not be located on the page using the given search parameters","stacktrace":"io.appium.uiautomator2.common.exceptions.ElementNotFoundException: An element could not be located on the page using the given search parameters\n\tat io.appium.uiautomator2.handler.FindElement.safeHandle(FindElement.java:78)\n\tat io.appium.uiautomator2.handler.request.SafeRequestHandler.handle(SafeRequestHandler.java:38)\n\tat io.appium.uiautomator2.server.AppiumServlet.handleRequest(AppiumServlet.java:252)\n\tat io.appium.uiautomator2.server.AppiumServlet.handleHttpRequest(AppiumServlet.java:242)\n\tat io.appium.uiautomator2.http.ServerHandler.channelRead(ServerHandler.java:51)\n\tat io.netty.channel.AbstractChannelHandlerContext.invokeChannelRead(AbstractChannelHandlerContext.java:366)\n\tat io.netty.channel.AbstractChannelHandlerContext.invokeChannelRead(AbstractChannelHandlerContext.java:352)\n\tat io.netty.chann...
[debug] &amp#27;[35m[W3C]&amp#27;[39m Matched W3C error code 'no such element' to NoSuchElementError
[debug] &amp#27;[35m[BaseDriver]&amp#27;[39m Waited for 525 ms so far
[debug] &amp#27;[35m[WD Proxy]&amp#27;[39m Matched '/element' to command name 'findElement'
[debug] &amp#27;[35m[WD Proxy]&amp#27;[39m Proxying [POST /element] to [POST http://127.0.0.1:8200/wd/hub/session/431c0a09-5eae-45ff-8ee1-2a94613010da/element] with body: {"strategy":"id","selector":"com.androidsample.generalstore:id/toolbar_title","context":"","multiple":false}
&amp#27;[35m[WD Proxy]&amp#27;[39m Got response with status 404: {"sessionId":"431c0a09-5eae-45ff-8ee1-2a94613010da","value":{"error":"no such element","message":"An element could not be located on the page using the given search parameters","stacktrace":"io.appium.uiautomator2.common.exceptions.ElementNotFoundException: An element could not be located on the page using the given search parameters\n\tat io.appium.uiautomator2.handler.FindElement.safeHandle(FindElement.java:78)\n\tat io.appium.uiautomator2.handler.request.SafeRequestHandler.handle(SafeRequestHandler.java:38)\n\tat io.appium.uiautomator2.server.AppiumServlet.handleRequest(AppiumServlet.java:252)\n\tat io.appium.uiautomator2.server.AppiumServlet.handleHttpRequest(AppiumServlet.java:242)\n\tat io.appium.uiautomator2.http.ServerHandler.channelRead(ServerHandler.java:51)\n\tat io.netty.channel.AbstractChannelHandlerContext.invokeChannelRead(AbstractChannelHandlerContext.java:366)\n\tat io.netty.channel.AbstractChannelHandlerContext.invokeChannelRead(AbstractChannelHandlerContext.java:352)\n\tat io.netty.chann...
[debug] &amp#27;[35m[W3C]&amp#27;[39m Matched W3C error code 'no such element' to NoSuchElementError
[debug] &amp#27;[35m[BaseDriver]&amp#27;[39m Waited for 1044 ms so far
[debug] &amp#27;[35m[WD Proxy]&amp#27;[39m Matched '/element' to command name 'findElement'
[debug] &amp#27;[35m[WD Proxy]&amp#27;[39m Proxying [POST /element] to [POST http://127.0.0.1:8200/wd/hub/session/431c0a09-5eae-45ff-8ee1-2a94613010da/element] with body: {"strategy":"id","selector":"com.androidsample.generalstore:id/toolbar_title","context":"","multiple":false}
&amp#27;[35m[WD Proxy]&amp#27;[39m Got response with status 404: {"sessionId":"431c0a09-5eae-45ff-8ee1-2a94613010da","value":{"error":"no such element","message":"An element could not be located on the page using the given search parameters","stacktrace":"io.appium.uiautomator2.common.exceptions.ElementNotFoundException: An element could not be located on the page using the given search parameters\n\tat io.appium.uiautomator2.handler.FindElement.safeHandle(FindElement.java:78)\n\tat io.appium.uiautomator2.handler.request.SafeRequestHandler.handle(SafeRequestHandler.java:38)\n\tat io.appium.uiautomator2.server.AppiumServlet.handleRequest(AppiumServlet.java:252)\n\tat io.appium.uiautomator2.server.AppiumServlet.handleHttpRequest(AppiumServlet.java:242)\n\tat io.appium.uiautomator2.http.ServerHandler.channelRead(ServerHandler.java:51)\n\tat io.netty.channel.AbstractChannelHandlerContext.invokeChannelRead(AbstractChannelHandlerContext.java:366)\n\tat io.netty.channel.AbstractChannelHandlerContext.invokeChannelRead(AbstractChannelHandlerContext.java:352)\n\tat io.netty.chann...
[debug] &amp#27;[35m[W3C]&amp#27;[39m Matched W3C error code 'no such element' to NoSuchElementError
[debug] &amp#27;[35m[BaseDriver]&amp#27;[39m Waited for 1571 ms so far
[debug] &amp#27;[35m[WD Proxy]&amp#27;[39m Matched '/element' to command name 'findElement'
[debug] &amp#27;[35m[WD Proxy]&amp#27;[39m Proxying [POST /element] to [POST http://127.0.0.1:8200/wd/hub/session/431c0a09-5eae-45ff-8ee1-2a94613010da/element] with body: {"strategy":"id","selector":"com.androidsample.generalstore:id/toolbar_title","context":"","multiple":false}
&amp#27;[35m[WD Proxy]&amp#27;[39m Got response with status 404: {"sessionId":"431c0a09-5eae-45ff-8ee1-2a94613010da","value":{"error":"no such element","message":"An element could not be located on the page using the given search parameters","stacktrace":"io.appium.uiautomator2.common.exceptions.ElementNotFoundException: An element could not be located on the page using the given search parameters\n\tat io.appium.uiautomator2.handler.FindElement.safeHandle(FindElement.java:78)\n\tat io.appium.uiautomator2.handler.request.SafeRequestHandler.handle(SafeRequestHandler.java:38)\n\tat io.appium.uiautomator2.server.AppiumServlet.handleRequest(AppiumServlet.java:252)\n\tat io.appium.uiautomator2.server.AppiumServlet.handleHttpRequest(AppiumServlet.java:242)\n\tat io.appium.uiautomator2.http.ServerHandler.channelRead(ServerHandler.java:51)\n\tat io.netty.channel.AbstractChannelHandlerContext.invokeChannelRead(AbstractChannelHandlerContext.java:366)\n\tat io.netty.channel.AbstractChannelHandlerContext.invokeChannelRead(AbstractChannelHandlerContext.java:352)\n\tat io.netty.chann...
[debug] &amp#27;[35m[W3C]&amp#27;[39m Matched W3C error code 'no such element' to NoSuchElementError
[debug] &amp#27;[35m[BaseDriver]&amp#27;[39m Waited for 2102 ms so far
[debug] &amp#27;[35m[WD Proxy]&amp#27;[39m Matched '/element' to command name 'findElement'
[debug] &amp#27;[35m[WD Proxy]&amp#27;[39m Proxying [POST /element] to [POST http://127.0.0.1:8200/wd/hub/session/431c0a09-5eae-45ff-8ee1-2a94613010da/element] with body: {"strategy":"id","selector":"com.androidsample.generalstore:id/toolbar_title","context":"","multiple":false}
&amp#27;[35m[WD Proxy]&amp#27;[39m Got response with status 404: {"sessionId":"431c0a09-5eae-45ff-8ee1-2a94613010da","value":{"error":"no such element","message":"An element could not be located on the page using the given search parameters","stacktrace":"io.appium.uiautomator2.common.exceptions.ElementNotFoundException: An element could not be located on the page using the given search parameters\n\tat io.appium.uiautomator2.handler.FindElement.safeHandle(FindElement.java:78)\n\tat io.appium.uiautomator2.handler.request.SafeRequestHandler.handle(SafeRequestHandler.java:38)\n\tat io.appium.uiautomator2.server.AppiumServlet.handleRequest(AppiumServlet.java:252)\n\tat io.appium.uiautomator2.server.AppiumServlet.handleHttpRequest(AppiumServlet.java:242)\n\tat io.appium.uiautomator2.http.ServerHandler.channelRead(ServerHandler.java:51)\n\tat io.netty.channel.AbstractChannelHandlerContext.invokeChannelRead(AbstractChannelHandlerContext.java:366)\n\tat io.netty.channel.AbstractChannelHandlerContext.invokeChannelRead(AbstractChannelHandlerContext.java:352)\n\tat io.netty.chann...
[debug] &amp#27;[35m[W3C]&amp#27;[39m Matched W3C error code 'no such element' to NoSuchElementError
[debug] &amp#27;[35m[BaseDriver]&amp#27;[39m Waited for 2637 ms so far
[debug] &amp#27;[35m[WD Proxy]&amp#27;[39m Matched '/element' to command name 'findElement'
[debug] &amp#27;[35m[WD Proxy]&amp#27;[39m Proxying [POST /element] to [POST http://127.0.0.1:8200/wd/hub/session/431c0a09-5eae-45ff-8ee1-2a94613010da/element] with body: {"strategy":"id","selector":"com.androidsample.generalstore:id/toolbar_title","context":"","multiple":false}
[debug] &amp#27;[35m[WD Proxy]&amp#27;[39m Got response with status 200: {"sessionId":"431c0a09-5eae-45ff-8ee1-2a94613010da","value":{"ELEMENT":"c0938093-d181-49c5-83df-5412d25510ad","element-6066-11e4-a52e-4f735466cecf":"c0938093-d181-49c5-83df-5412d25510ad"}}
[debug] &amp#27;[35m[W3C (bf540858)]&amp#27;[39m Responding to client with driver.findElement() result: {"element-6066-11e4-a52e-4f735466cecf":"c0938093-d181-49c5-83df-5412d25510ad","ELEMENT":"c0938093-d181-49c5-83df-5412d25510ad"}
&amp#27;[35m[HTTP]&amp#27;[39m &amp#27;[37m<-- POST /wd/hub/session/bf540858-b87c-41a8-a728-b6d33a4f5b2f/element &amp#27;[39m&amp#27;[32m200&amp#27;[39m &amp#27;[90m3439 ms - 137&amp#27;[39m
&amp#27;[35m[HTTP]&amp#27;[39m &amp#27;[90m&amp#27;[39m
&amp#27;[35m[HTTP]&amp#27;[39m &amp#27;[37m-->&amp#27;[39m &amp#27;[37mGET&amp#27;[39m &amp#27;[37m/wd/hub/session/bf540858-b87c-41a8-a728-b6d33a4f5b2f/element/c0938093-d181-49c5-83df-5412d25510ad/text&amp#27;[39m
&amp#27;[35m[HTTP]&amp#27;[39m &amp#27;[90m{}&amp#27;[39m
&amp#27;[35m[W3C (bf540858)]&amp#27;[39m Driver proxy active, passing request on via HTTP proxy
[debug] &amp#27;[35m[WD Proxy]&amp#27;[39m Matched '/wd/hub/session/bf540858-b87c-41a8-a728-b6d33a4f5b2f/element/c0938093-d181-49c5-83df-5412d25510ad/text' to command name 'getText'
[debug] &amp#27;[35m[WD Proxy]&amp#27;[39m Proxying [GET /wd/hub/session/bf540858-b87c-41a8-a728-b6d33a4f5b2f/element/c0938093-d181-49c5-83df-5412d25510ad/text] to [GET http://127.0.0.1:8200/wd/hub/session/431c0a09-5eae-45ff-8ee1-2a94613010da/element/c0938093-d181-49c5-83df-5412d25510ad/text] with body: {}
[debug] &amp#27;[35m[WD Proxy]&amp#27;[39m Got response with status 200: {"sessionId":"431c0a09-5eae-45ff-8ee1-2a94613010da","value":"General Store"}
&amp#27;[35m[WD Proxy]&amp#27;[39m Replacing sessionId 431c0a09-5eae-45ff-8ee1-2a94613010da with bf540858-b87c-41a8-a728-b6d33a4f5b2f
&amp#27;[35m[HTTP]&amp#27;[39m &amp#27;[37m<-- GET /wd/hub/session/bf540858-b87c-41a8-a728-b6d33a4f5b2f/element/c0938093-d181-49c5-83df-5412d25510ad/text &amp#27;[39m&amp#27;[32m200&amp#27;[39m &amp#27;[90m98 ms - 76&amp#27;[39m
&amp#27;[35m[HTTP]&amp#27;[39m &amp#27;[90m&amp#27;[39m
]]></system-out>
    <system-err><![CDATA[Oct. 13, 2020 6:04:07 P.M. io.appium.java_client.remote.AppiumCommandExecutor$1 lambda$0
INFO: Detected dialect: W3C
]]></system-err>
  </testcase>
  <testcase name="dropdownLabel" classname="test.AppiumFramework.HomeTest" time="0.832">
    <failure message="The following asserts failed:&#10;	expected [false] but found [true]" type="java.lang.AssertionError"><![CDATA[java.lang.AssertionError: 
The following asserts failed:
	expected [false] but found [true]
	at test.AppiumFramework.HomeTest.dropdownLabel(HomeTest.java:41)
]]></failure>
    <system-out><![CDATA[&amp#27;[35m[HTTP]&amp#27;[39m &amp#27;[37m-->&amp#27;[39m &amp#27;[37mGET&amp#27;[39m &amp#27;[37m/wd/hub/session/bf540858-b87c-41a8-a728-b6d33a4f5b2f/context&amp#27;[39m
&amp#27;[35m[HTTP]&amp#27;[39m &amp#27;[90m{}&amp#27;[39m
[debug] &amp#27;[35m[W3C (bf540858)]&amp#27;[39m Calling AppiumDriver.getCurrentContext() with args: ["bf540858-b87c-41a8-a728-b6d33a4f5b2f"]
[debug] &amp#27;[35m[W3C (bf540858)]&amp#27;[39m Responding to client with driver.getCurrentContext() result: "NATIVE_APP"
&amp#27;[35m[HTTP]&amp#27;[39m &amp#27;[37m<-- GET /wd/hub/session/bf540858-b87c-41a8-a728-b6d33a4f5b2f/context &amp#27;[39m&amp#27;[32m200&amp#27;[39m &amp#27;[90m3 ms - 22&amp#27;[39m
&amp#27;[35m[HTTP]&amp#27;[39m &amp#27;[90m&amp#27;[39m
&amp#27;[35m[HTTP]&amp#27;[39m &amp#27;[37m-->&amp#27;[39m &amp#27;[37mPOST&amp#27;[39m &amp#27;[37m/wd/hub/session/bf540858-b87c-41a8-a728-b6d33a4f5b2f/element&amp#27;[39m
&amp#27;[35m[HTTP]&amp#27;[39m &amp#27;[90m{"using":"xpath","value":"//*[@text=\"Select the country where you want to shop\"]"}&amp#27;[39m
[debug] &amp#27;[35m[W3C (bf540858)]&amp#27;[39m Calling AppiumDriver.findElement() with args: ["xpath","//*[@text=\"Select the country where you want to shop\"]","bf540858-b87c-41a8-a728-b6d33a4f5b2f"]
[debug] &amp#27;[35m[BaseDriver]&amp#27;[39m Valid locator strategies for this request: xpath, id, class name, accessibility id, -android uiautomator
[debug] &amp#27;[35m[BaseDriver]&amp#27;[39m Waiting up to 10000 ms for condition
[debug] &amp#27;[35m[WD Proxy]&amp#27;[39m Matched '/element' to command name 'findElement'
[debug] &amp#27;[35m[WD Proxy]&amp#27;[39m Proxying [POST /element] to [POST http://127.0.0.1:8200/wd/hub/session/431c0a09-5eae-45ff-8ee1-2a94613010da/element] with body: {"strategy":"xpath","selector":"//*[@text=\"Select the country where you want to shop\"]","context":"","multiple":false}
[debug] &amp#27;[35m[WD Proxy]&amp#27;[39m Got response with status 200: {"sessionId":"431c0a09-5eae-45ff-8ee1-2a94613010da","value":{"ELEMENT":"3a8a41f2-8e2f-4e87-a417-3db01459d9be","element-6066-11e4-a52e-4f735466cecf":"3a8a41f2-8e2f-4e87-a417-3db01459d9be"}}
[debug] &amp#27;[35m[W3C (bf540858)]&amp#27;[39m Responding to client with driver.findElement() result: {"element-6066-11e4-a52e-4f735466cecf":"3a8a41f2-8e2f-4e87-a417-3db01459d9be","ELEMENT":"3a8a41f2-8e2f-4e87-a417-3db01459d9be"}
&amp#27;[35m[HTTP]&amp#27;[39m &amp#27;[37m<-- POST /wd/hub/session/bf540858-b87c-41a8-a728-b6d33a4f5b2f/element &amp#27;[39m&amp#27;[32m200&amp#27;[39m &amp#27;[90m202 ms - 137&amp#27;[39m
&amp#27;[35m[HTTP]&amp#27;[39m &amp#27;[90m&amp#27;[39m
&amp#27;[35m[HTTP]&amp#27;[39m &amp#27;[37m-->&amp#27;[39m &amp#27;[37mGET&amp#27;[39m &amp#27;[37m/wd/hub/session/bf540858-b87c-41a8-a728-b6d33a4f5b2f/element/3a8a41f2-8e2f-4e87-a417-3db01459d9be/displayed&amp#27;[39m
&amp#27;[35m[HTTP]&amp#27;[39m &amp#27;[90m{}&amp#27;[39m
[debug] &amp#27;[35m[W3C (bf540858)]&amp#27;[39m Calling AppiumDriver.elementDisplayed() with args: ["3a8a41f2-8e2f-4e87-a417-3db01459d9be","bf540858-b87c-41a8-a728-b6d33a4f5b2f"]
[debug] &amp#27;[35m[WD Proxy]&amp#27;[39m Matched '/element/3a8a41f2-8e2f-4e87-a417-3db01459d9be/attribute/displayed' to command name 'getAttribute'
[debug] &amp#27;[35m[WD Proxy]&amp#27;[39m Proxying [GET /element/3a8a41f2-8e2f-4e87-a417-3db01459d9be/attribute/displayed] to [GET http://127.0.0.1:8200/wd/hub/session/431c0a09-5eae-45ff-8ee1-2a94613010da/element/3a8a41f2-8e2f-4e87-a417-3db01459d9be/attribute/displayed] with body: {}
[debug] &amp#27;[35m[WD Proxy]&amp#27;[39m Got response with status 200: {"sessionId":"431c0a09-5eae-45ff-8ee1-2a94613010da","value":"true"}
[debug] &amp#27;[35m[W3C (bf540858)]&amp#27;[39m Responding to client with driver.elementDisplayed() result: true
&amp#27;[35m[HTTP]&amp#27;[39m &amp#27;[37m<-- GET /wd/hub/session/bf540858-b87c-41a8-a728-b6d33a4f5b2f/element/3a8a41f2-8e2f-4e87-a417-3db01459d9be/displayed &amp#27;[39m&amp#27;[32m200&amp#27;[39m &amp#27;[90m15 ms - 14&amp#27;[39m
&amp#27;[35m[HTTP]&amp#27;[39m &amp#27;[90m&amp#27;[39m
&amp#27;[35m[HTTP]&amp#27;[39m &amp#27;[37m-->&amp#27;[39m &amp#27;[37mGET&amp#27;[39m &amp#27;[37m/wd/hub/session/bf540858-b87c-41a8-a728-b6d33a4f5b2f/screenshot&amp#27;[39m
&amp#27;[35m[HTTP]&amp#27;[39m &amp#27;[90m{}&amp#27;[39m
[debug] &amp#27;[35m[W3C (bf540858)]&amp#27;[39m Calling AppiumDriver.getScreenshot() with args: ["bf540858-b87c-41a8-a728-b6d33a4f5b2f"]
[debug] &amp#27;[35m[WD Proxy]&amp#27;[39m Matched '/screenshot' to command name 'getScreenshot'
[debug] &amp#27;[35m[WD Proxy]&amp#27;[39m Proxying [GET /screenshot] to [GET http://127.0.0.1:8200/wd/hub/session/431c0a09-5eae-45ff-8ee1-2a94613010da/screenshot] with no body
[debug] &amp#27;[35m[WD Proxy]&amp#27;[39m Got response with status 200: {"sessionId":"431c0a09-5eae-45ff-8ee1-2a94613010da","value":"iVBORw0KGgoAAAANSUhEUgAABDgAAAeACAYAAAArYecKAAAABHNCSVQICAgIfAhkiAAAIABJREFU\neJzs3Xd4FNX+BvD3zMyW9J6QhEDoRXoRUBQEUVDsFX4KgldU1CuKvVw7XhUUG\/beu9gBBQuIikoH\n6S0QQnrd7O6U3x+Q3JTZZFM22Qnv5z73edwpZ87Absi8e873iJhNUwwQEREREREREVmY1NodICIi\nIiIiIiJqKgYcRERERERERGR5DDiIiIiIiIiIyPIYcBARERERERGR5THgICIiIiIiIiLLY8BBRERE\nRERERJbHgIOIiIiIiIiILI8BBxERERERERFZHgMOIiIiIiIiIrI8BhxEREREREREZHkMOIiIiIiI\niIjI8pTW7gC1XTIkJNtiMDFiMMaE9UUPRwri5AgAQJ5Wgm2eTCwt2YAvi1fhgJoP1dBaucdERERE\nRERkVSJm0xSjtTtBbYeAQC9HKp5Mno5+znQoQoKAqPMcAwY0Q8cG9z7cdPANrHbtggG+LYmIiIiI\niMh\/DDio2aTZ4rGm61wAqDfU8KUi2EjcPB0a9GbrGxERERFRW6YIGfFyBBKVKIQIOxySDeW6F2WG\nG1lqIXLUIkt9iWgXCmLlcMQrkYiTIxArhyNOjkCUHIpi3YU8tQQ5WjH2erOx23MIuoXuLVi8n3Yj\n2inRPvd7DBWn7L6\/BXvUdJyiQk3mFHZ8k34n+jk7NjrYqFBx\/oKUGbjywPPN0b1mk2KLxeUxY5Fm\ni4PUxPv0h0v34ofSdfiq+K8Wnb6TbkvAPm8uAyYiIiKiICcg4BA2dLYnopsjBf2cHdHTnooYOQzh\nkhPFugs5WjE2uzOwrnwPtnsOYpcnC94gnBruEApOCOuNUWG9MSr0GBzjTPP72cJtqNjqPoB\/3Pux\nyb0P68r3YHnZ5qC8z2B...
[debug] &amp#27;[35m[W3C (bf540858)]&amp#27;[39m Responding to client with driver.getScreenshot() result: "iVBORw0KGgoAAAANSUhEUgAABDgAAAeACAYAAAArYecKAAAABHNCSVQICAgIfAhkiAAAIABJREFU\neJzs3Xd4FNX+BvD3zMyW9J6QhEDoRXoRUBQEUVDsFX4KgldU1CuKvVw7XhUUG/beu9gBBQuIikoH\n6S0QQnrd7O6U3x+Q3JTZZFM22Qnv5z73edwpZ87Absi8e873iJhNUwwQEREREREREVmY1NodICIi\nIiIiIiJqKgYcRERERERERGR5DDiIiIiIiIiIyPIYcBARERERERGR5THgICIiIiIiIiLLY8BBRERE\nRERERJbHgIOIiIiIiIiILI8BBxERERERERFZHgMOIiIiIiIiIrI8BhxEREREREREZHkMOIiIiIiI\niIjI8pTW7gC1XTIkJNtiMDFiMMaE9UUPRwri5AgAQJ5Wgm2eTCwt2YAvi1fhgJoP1dBaucdERERE\nRERkVSJm0xSjtTtBbYeAQC9HKp5Mno5+znQoQoKAqPMcAwY0Q8cG9z7cdPANrHbtggG+LYmIiIiI\niMh/DDio2aTZ4rGm61wAqDfU8KUi2EjcPB0a9GbrGxERERFRW6YIGfFyBBKVKIQIOxySDeW6F2WG\nG1lqIXLUIkt9iWgXCmLlcMQrkYiTIxArhyNOjkCUHIpi3YU8tQQ5WjH2erOx23MIuoXuLVi8n3Yj\n2inRPvd7DBWn7L6/BXvUdJyiQk3mFHZ8k34n+jk7NjrYqFBx/oKUGbjywPPN0b1mk2KLxeUxY5Fm\ni4PUxPv0h0v34ofSdfiq+K8Wnb6TbkvAPm8uAyYiIiKiICcg4BA2dLYnopsjBf2cHdHTnooYOQzh\nkhPFugs5WjE2uzOwrnwPtnsOYpcnC94gnBruEApOCOuNUWG9MSr0GBzjTPP72cJtqNjqPoB/3Pux\nyb0P68r3YHnZ5qC8z2ByjCMNqbZYn/vdhtqCvWkeDDioSTraEvB7l//CLpr3rXRaxEAICBgwECo5\nUKa7m7...
&amp#27;[35m[HTTP]&amp#27;[39m &amp#27;[37m<-- GET /wd/hub/session/bf540858-b87c-41a8-a728-b6d33a4f5b2f/screenshot &amp#27;[39m&amp#27;[32m200&amp#27;[39m &amp#27;[90m508 ms - 609222&amp#27;[39m
&amp#27;[35m[HTTP]&amp#27;[39m &amp#27;[90m&amp#27;[39m
]]></system-out>
  </testcase>
  <testcase name="selectCountry[Algeria](1)" classname="test.AppiumFramework.HomeTest" time="2.162">
    <system-out><![CDATA[&amp#27;[35m[HTTP]&amp#27;[39m &amp#27;[37m-->&amp#27;[39m &amp#27;[37mGET&amp#27;[39m &amp#27;[37m/wd/hub/session/bf540858-b87c-41a8-a728-b6d33a4f5b2f/context&amp#27;[39m
&amp#27;[35m[HTTP]&amp#27;[39m &amp#27;[90m{}&amp#27;[39m
[debug] &amp#27;[35m[W3C (bf540858)]&amp#27;[39m Calling AppiumDriver.getCurrentContext() with args: ["bf540858-b87c-41a8-a728-b6d33a4f5b2f"]
[debug] &amp#27;[35m[W3C (bf540858)]&amp#27;[39m Responding to client with driver.getCurrentContext() result: "NATIVE_APP"
&amp#27;[35m[HTTP]&amp#27;[39m &amp#27;[37m<-- GET /wd/hub/session/bf540858-b87c-41a8-a728-b6d33a4f5b2f/context &amp#27;[39m&amp#27;[32m200&amp#27;[39m &amp#27;[90m2 ms - 22&amp#27;[39m
&amp#27;[35m[HTTP]&amp#27;[39m &amp#27;[90m&amp#27;[39m
&amp#27;[35m[HTTP]&amp#27;[39m &amp#27;[37m-->&amp#27;[39m &amp#27;[37mPOST&amp#27;[39m &amp#27;[37m/wd/hub/session/bf540858-b87c-41a8-a728-b6d33a4f5b2f/element&amp#27;[39m
&amp#27;[35m[HTTP]&amp#27;[39m &amp#27;[90m{"using":"class name","value":"android.widget.Spinner"}&amp#27;[39m
[debug] &amp#27;[35m[W3C (bf540858)]&amp#27;[39m Calling AppiumDriver.findElement() with args: ["class name","android.widget.Spinner","bf540858-b87c-41a8-a728-b6d33a4f5b2f"]
[debug] &amp#27;[35m[BaseDriver]&amp#27;[39m Valid locator strategies for this request: xpath, id, class name, accessibility id, -android uiautomator
[debug] &amp#27;[35m[BaseDriver]&amp#27;[39m Waiting up to 10000 ms for condition
[debug] &amp#27;[35m[WD Proxy]&amp#27;[39m Matched '/element' to command name 'findElement'
[debug] &amp#27;[35m[WD Proxy]&amp#27;[39m Proxying [POST /element] to [POST http://127.0.0.1:8200/wd/hub/session/431c0a09-5eae-45ff-8ee1-2a94613010da/element] with body: {"strategy":"class name","selector":"android.widget.Spinner","context":"","multiple":false}
[debug] &amp#27;[35m[WD Proxy]&amp#27;[39m Got response with status 200: {"sessionId":"431c0a09-5eae-45ff-8ee1-2a94613010da","value":{"ELEMENT":"67592a7a-5f14-4a48-a6ce-d00944449916","element-6066-11e4-a52e-4f735466cecf":"67592a7a-5f14-4a48-a6ce-d00944449916"}}
[debug] &amp#27;[35m[W3C (bf540858)]&amp#27;[39m Responding to client with driver.findElement() result: {"element-6066-11e4-a52e-4f735466cecf":"67592a7a-5f14-4a48-a6ce-d00944449916","ELEMENT":"67592a7a-5f14-4a48-a6ce-d00944449916"}
&amp#27;[35m[HTTP]&amp#27;[39m &amp#27;[37m<-- POST /wd/hub/session/bf540858-b87c-41a8-a728-b6d33a4f5b2f/element &amp#27;[39m&amp#27;[32m200&amp#27;[39m &amp#27;[90m37 ms - 137&amp#27;[39m
&amp#27;[35m[HTTP]&amp#27;[39m &amp#27;[90m&amp#27;[39m
&amp#27;[35m[HTTP]&amp#27;[39m &amp#27;[37m-->&amp#27;[39m &amp#27;[37mPOST&amp#27;[39m &amp#27;[37m/wd/hub/session/bf540858-b87c-41a8-a728-b6d33a4f5b2f/element/67592a7a-5f14-4a48-a6ce-d00944449916/click&amp#27;[39m
&amp#27;[35m[HTTP]&amp#27;[39m &amp#27;[90m{"id":"67592a7a-5f14-4a48-a6ce-d00944449916"}&amp#27;[39m
[debug] &amp#27;[35m[W3C (bf540858)]&amp#27;[39m Calling AppiumDriver.click() with args: ["67592a7a-5f14-4a48-a6ce-d00944449916","bf540858-b87c-41a8-a728-b6d33a4f5b2f"]
[debug] &amp#27;[35m[WD Proxy]&amp#27;[39m Matched '/element/67592a7a-5f14-4a48-a6ce-d00944449916/click' to command name 'click'
[debug] &amp#27;[35m[WD Proxy]&amp#27;[39m Proxying [POST /element/67592a7a-5f14-4a48-a6ce-d00944449916/click] to [POST http://127.0.0.1:8200/wd/hub/session/431c0a09-5eae-45ff-8ee1-2a94613010da/element/67592a7a-5f14-4a48-a6ce-d00944449916/click] with body: {"element":"67592a7a-5f14-4a48-a6ce-d00944449916"}
[debug] &amp#27;[35m[WD Proxy]&amp#27;[39m Got response with status 200: {"sessionId":"431c0a09-5eae-45ff-8ee1-2a94613010da","value":null}
[debug] &amp#27;[35m[W3C (bf540858)]&amp#27;[39m Responding to client with driver.click() result: null
&amp#27;[35m[HTTP]&amp#27;[39m &amp#27;[37m<-- POST /wd/hub/session/bf540858-b87c-41a8-a728-b6d33a4f5b2f/element/67592a7a-5f14-4a48-a6ce-d00944449916/click &amp#27;[39m&amp#27;[32m200&amp#27;[39m &amp#27;[90m29 ms - 14&amp#27;[39m
&amp#27;[35m[HTTP]&amp#27;[39m &amp#27;[90m&amp#27;[39m
&amp#27;[35m[HTTP]&amp#27;[39m &amp#27;[37m-->&amp#27;[39m &amp#27;[37mPOST&amp#27;[39m &amp#27;[37m/wd/hub/session/bf540858-b87c-41a8-a728-b6d33a4f5b2f/element&amp#27;[39m
&amp#27;[35m[HTTP]&amp#27;[39m &amp#27;[90m{"using":"-android uiautomator","value":"new UiScrollable(new UiSelector()).scrollIntoView(text(\"Algeria\"));"}&amp#27;[39m
[debug] &amp#27;[35m[W3C (bf540858)]&amp#27;[39m Calling AppiumDriver.findElement() with args: ["-android uiautomator","new UiScrollable(new UiSelector()).scrollIntoView(text(\"Algeria\"));","bf540858-b87c-41a8-a728-b6d33a4f5b2f"]
[debug] &amp#27;[35m[BaseDriver]&amp#27;[39m Valid locator strategies for this request: xpath, id, class name, accessibility id, -android uiautomator
[debug] &amp#27;[35m[BaseDriver]&amp#27;[39m Waiting up to 10000 ms for condition
[debug] &amp#27;[35m[WD Proxy]&amp#27;[39m Matched '/element' to command name 'findElement'
[debug] &amp#27;[35m[WD Proxy]&amp#27;[39m Proxying [POST /element] to [POST http://127.0.0.1:8200/wd/hub/session/431c0a09-5eae-45ff-8ee1-2a94613010da/element] with body: {"strategy":"-android uiautomator","selector":"new UiScrollable(new UiSelector()).scrollIntoView(text(\"Algeria\"));","context":"","multiple":false}
[debug] &amp#27;[35m[WD Proxy]&amp#27;[39m Got response with status 200: {"sessionId":"431c0a09-5eae-45ff-8ee1-2a94613010da","value":{"ELEMENT":"3d6dd5b4-cb51-4c13-ab6a-827dbc58a8b9","element-6066-11e4-a52e-4f735466cecf":"3d6dd5b4-cb51-4c13-ab6a-827dbc58a8b9"}}
[debug] &amp#27;[35m[W3C (bf540858)]&amp#27;[39m Responding to client with driver.findElement() result: {"element-6066-11e4-a52e-4f735466cecf":"3d6dd5b4-cb51-4c13-ab6a-827dbc58a8b9","ELEMENT":"3d6dd5b4-cb51-4c13-ab6a-827dbc58a8b9"}
&amp#27;[35m[HTTP]&amp#27;[39m &amp#27;[37m<-- POST /wd/hub/session/bf540858-b87c-41a8-a728-b6d33a4f5b2f/element &amp#27;[39m&amp#27;[32m200&amp#27;[39m &amp#27;[90m1303 ms - 137&amp#27;[39m
&amp#27;[35m[HTTP]&amp#27;[39m &amp#27;[90m&amp#27;[39m
&amp#27;[35m[HTTP]&amp#27;[39m &amp#27;[37m-->&amp#27;[39m &amp#27;[37mPOST&amp#27;[39m &amp#27;[37m/wd/hub/session/bf540858-b87c-41a8-a728-b6d33a4f5b2f/element/3d6dd5b4-cb51-4c13-ab6a-827dbc58a8b9/click&amp#27;[39m
&amp#27;[35m[HTTP]&amp#27;[39m &amp#27;[90m{"id":"3d6dd5b4-cb51-4c13-ab6a-827dbc58a8b9"}&amp#27;[39m
[debug] &amp#27;[35m[W3C (bf540858)]&amp#27;[39m Calling AppiumDriver.click() with args: ["3d6dd5b4-cb51-4c13-ab6a-827dbc58a8b9","bf540858-b87c-41a8-a728-b6d33a4f5b2f"]
[debug] &amp#27;[35m[WD Proxy]&amp#27;[39m Matched '/element/3d6dd5b4-cb51-4c13-ab6a-827dbc58a8b9/click' to command name 'click'
[debug] &amp#27;[35m[WD Proxy]&amp#27;[39m Proxying [POST /element/3d6dd5b4-cb51-4c13-ab6a-827dbc58a8b9/click] to [POST http://127.0.0.1:8200/wd/hub/session/431c0a09-5eae-45ff-8ee1-2a94613010da/element/3d6dd5b4-cb51-4c13-ab6a-827dbc58a8b9/click] with body: {"element":"3d6dd5b4-cb51-4c13-ab6a-827dbc58a8b9"}
[debug] &amp#27;[35m[WD Proxy]&amp#27;[39m Got response with status 200: {"sessionId":"431c0a09-5eae-45ff-8ee1-2a94613010da","value":null}
[debug] &amp#27;[35m[W3C (bf540858)]&amp#27;[39m Responding to client with driver.click() result: null
&amp#27;[35m[HTTP]&amp#27;[39m &amp#27;[37m<-- POST /wd/hub/session/bf540858-b87c-41a8-a728-b6d33a4f5b2f/element/3d6dd5b4-cb51-4c13-ab6a-827dbc58a8b9/click &amp#27;[39m&amp#27;[32m200&amp#27;[39m &amp#27;[90m677 ms - 14&amp#27;[39m
&amp#27;[35m[HTTP]&amp#27;[39m &amp#27;[90m&amp#27;[39m
&amp#27;[35m[HTTP]&amp#27;[39m &amp#27;[37m-->&amp#27;[39m &amp#27;[37mGET&amp#27;[39m &amp#27;[37m/wd/hub/session/bf540858-b87c-41a8-a728-b6d33a4f5b2f/context&amp#27;[39m
&amp#27;[35m[HTTP]&amp#27;[39m &amp#27;[90m{}&amp#27;[39m
[debug] &amp#27;[35m[W3C (bf540858)]&amp#27;[39m Calling AppiumDriver.getCurrentContext() with args: ["bf540858-b87c-41a8-a728-b6d33a4f5b2f"]
[debug] &amp#27;[35m[W3C (bf540858)]&amp#27;[39m Responding to client with driver.getCurrentContext() result: "NATIVE_APP"
&amp#27;[35m[HTTP]&amp#27;[39m &amp#27;[37m<-- GET /wd/hub/session/bf540858-b87c-41a8-a728-b6d33a4f5b2f/context &amp#27;[39m&amp#27;[32m200&amp#27;[39m &amp#27;[90m1 ms - 22&amp#27;[39m
&amp#27;[35m[HTTP]&amp#27;[39m &amp#27;[90m&amp#27;[39m
&amp#27;[35m[HTTP]&amp#27;[39m &amp#27;[37m-->&amp#27;[39m &amp#27;[37mPOST&amp#27;[39m &amp#27;[37m/wd/hub/session/bf540858-b87c-41a8-a728-b6d33a4f5b2f/element&amp#27;[39m
&amp#27;[35m[HTTP]&amp#27;[39m &amp#27;[90m{"using":"id","value":"android:id/text1"}&amp#27;[39m
[debug] &amp#27;[35m[W3C (bf540858)]&amp#27;[39m Calling AppiumDriver.findElement() with args: ["id","android:id/text1","bf540858-b87c-41a8-a728-b6d33a4f5b2f"]
[debug] &amp#27;[35m[BaseDriver]&amp#27;[39m Valid locator strategies for this request: xpath, id, class name, accessibility id, -android uiautomator
[debug] &amp#27;[35m[BaseDriver]&amp#27;[39m Waiting up to 10000 ms for condition
[debug] &amp#27;[35m[WD Proxy]&amp#27;[39m Matched '/element' to command name 'findElement'
[debug] &amp#27;[35m[WD Proxy]&amp#27;[39m Proxying [POST /element] to [POST http://127.0.0.1:8200/wd/hub/session/431c0a09-5eae-45ff-8ee1-2a94613010da/element] with body: {"strategy":"id","selector":"android:id/text1","context":"","multiple":false}
[debug] &amp#27;[35m[WD Proxy]&amp#27;[39m Got response with status 200: {"sessionId":"431c0a09-5eae-45ff-8ee1-2a94613010da","value":{"ELEMENT":"2942dd93-abe8-467b-a77f-5708f2eef539","element-6066-11e4-a52e-4f735466cecf":"2942dd93-abe8-467b-a77f-5708f2eef539"}}
[debug] &amp#27;[35m[W3C (bf540858)]&amp#27;[39m Responding to client with driver.findElement() result: {"element-6066-11e4-a52e-4f735466cecf":"2942dd93-abe8-467b-a77f-5708f2eef539","ELEMENT":"2942dd93-abe8-467b-a77f-5708f2eef539"}
&amp#27;[35m[HTTP]&amp#27;[39m &amp#27;[37m<-- POST /wd/hub/session/bf540858-b87c-41a8-a728-b6d33a4f5b2f/element &amp#27;[39m&amp#27;[32m200&amp#27;[39m &amp#27;[90m26 ms - 137&amp#27;[39m
&amp#27;[35m[HTTP]&amp#27;[39m &amp#27;[90m&amp#27;[39m
&amp#27;[35m[HTTP]&amp#27;[39m &amp#27;[37m-->&amp#27;[39m &amp#27;[37mGET&amp#27;[39m &amp#27;[37m/wd/hub/session/bf540858-b87c-41a8-a728-b6d33a4f5b2f/element/2942dd93-abe8-467b-a77f-5708f2eef539/text&amp#27;[39m
&amp#27;[35m[HTTP]&amp#27;[39m &amp#27;[90m{}&amp#27;[39m
&amp#27;[35m[W3C (bf540858)]&amp#27;[39m Driver proxy active, passing request on via HTTP proxy
[debug] &amp#27;[35m[WD Proxy]&amp#27;[39m Matched '/wd/hub/session/bf540858-b87c-41a8-a728-b6d33a4f5b2f/element/2942dd93-abe8-467b-a77f-5708f2eef539/text' to command name 'getText'
[debug] &amp#27;[35m[WD Proxy]&amp#27;[39m Proxying [GET /wd/hub/session/bf540858-b87c-41a8-a728-b6d33a4f5b2f/element/2942dd93-abe8-467b-a77f-5708f2eef539/text] to [GET http://127.0.0.1:8200/wd/hub/session/431c0a09-5eae-45ff-8ee1-2a94613010da/element/2942dd93-abe8-467b-a77f-5708f2eef539/text] with body: {}
[debug] &amp#27;[35m[WD Proxy]&amp#27;[39m Got response with status 200: {"sessionId":"431c0a09-5eae-45ff-8ee1-2a94613010da","value":"Algeria"}
&amp#27;[35m[WD Proxy]&amp#27;[39m Replacing sessionId 431c0a09-5eae-45ff-8ee1-2a94613010da with bf540858-b87c-41a8-a728-b6d33a4f5b2f
&amp#27;[35m[HTTP]&amp#27;[39m &amp#27;[37m<-- GET /wd/hub/session/bf540858-b87c-41a8-a728-b6d33a4f5b2f/element/2942dd93-abe8-467b-a77f-5708f2eef539/text &amp#27;[39m&amp#27;[32m200&amp#27;[39m &amp#27;[90m16 ms - 70&amp#27;[39m
&amp#27;[35m[HTTP]&amp#27;[39m &amp#27;[90m&amp#27;[39m
]]></system-out>
  </testcase>
  <testcase name="nameField[Enter name here, Joe](1)" classname="test.AppiumFramework.HomeTest" time="1.272">
    <system-out><![CDATA[&amp#27;[35m[HTTP]&amp#27;[39m &amp#27;[37m-->&amp#27;[39m &amp#27;[37mGET&amp#27;[39m &amp#27;[37m/wd/hub/session/bf540858-b87c-41a8-a728-b6d33a4f5b2f/context&amp#27;[39m
&amp#27;[35m[HTTP]&amp#27;[39m &amp#27;[90m{}&amp#27;[39m
[debug] &amp#27;[35m[W3C (bf540858)]&amp#27;[39m Calling AppiumDriver.getCurrentContext() with args: ["bf540858-b87c-41a8-a728-b6d33a4f5b2f"]
[debug] &amp#27;[35m[W3C (bf540858)]&amp#27;[39m Responding to client with driver.getCurrentContext() result: "NATIVE_APP"
&amp#27;[35m[HTTP]&amp#27;[39m &amp#27;[37m<-- GET /wd/hub/session/bf540858-b87c-41a8-a728-b6d33a4f5b2f/context &amp#27;[39m&amp#27;[32m200&amp#27;[39m &amp#27;[90m2 ms - 22&amp#27;[39m
&amp#27;[35m[HTTP]&amp#27;[39m &amp#27;[90m&amp#27;[39m
&amp#27;[35m[HTTP]&amp#27;[39m &amp#27;[37m-->&amp#27;[39m &amp#27;[37mPOST&amp#27;[39m &amp#27;[37m/wd/hub/session/bf540858-b87c-41a8-a728-b6d33a4f5b2f/element&amp#27;[39m
&amp#27;[35m[HTTP]&amp#27;[39m &amp#27;[90m{"using":"xpath","value":"//android.widget.TextView[@text=\"Your Name\"]"}&amp#27;[39m
[debug] &amp#27;[35m[W3C (bf540858)]&amp#27;[39m Calling AppiumDriver.findElement() with args: ["xpath","//android.widget.TextView[@text=\"Your Name\"]","bf540858-b87c-41a8-a728-b6d33a4f5b2f"]
[debug] &amp#27;[35m[BaseDriver]&amp#27;[39m Valid locator strategies for this request: xpath, id, class name, accessibility id, -android uiautomator
[debug] &amp#27;[35m[BaseDriver]&amp#27;[39m Waiting up to 10000 ms for condition
[debug] &amp#27;[35m[WD Proxy]&amp#27;[39m Matched '/element' to command name 'findElement'
[debug] &amp#27;[35m[WD Proxy]&amp#27;[39m Proxying [POST /element] to [POST http://127.0.0.1:8200/wd/hub/session/431c0a09-5eae-45ff-8ee1-2a94613010da/element] with body: {"strategy":"xpath","selector":"//android.widget.TextView[@text=\"Your Name\"]","context":"","multiple":false}
[debug] &amp#27;[35m[WD Proxy]&amp#27;[39m Got response with status 200: {"sessionId":"431c0a09-5eae-45ff-8ee1-2a94613010da","value":{"ELEMENT":"481a768b-8b40-4dbe-8051-8dfc81353977","element-6066-11e4-a52e-4f735466cecf":"481a768b-8b40-4dbe-8051-8dfc81353977"}}
[debug] &amp#27;[35m[W3C (bf540858)]&amp#27;[39m Responding to client with driver.findElement() result: {"element-6066-11e4-a52e-4f735466cecf":"481a768b-8b40-4dbe-8051-8dfc81353977","ELEMENT":"481a768b-8b40-4dbe-8051-8dfc81353977"}
&amp#27;[35m[HTTP]&amp#27;[39m &amp#27;[37m<-- POST /wd/hub/session/bf540858-b87c-41a8-a728-b6d33a4f5b2f/element &amp#27;[39m&amp#27;[32m200&amp#27;[39m &amp#27;[90m100 ms - 137&amp#27;[39m
&amp#27;[35m[HTTP]&amp#27;[39m &amp#27;[90m&amp#27;[39m
&amp#27;[35m[HTTP]&amp#27;[39m &amp#27;[37m-->&amp#27;[39m &amp#27;[37mGET&amp#27;[39m &amp#27;[37m/wd/hub/session/bf540858-b87c-41a8-a728-b6d33a4f5b2f/element/481a768b-8b40-4dbe-8051-8dfc81353977/displayed&amp#27;[39m
&amp#27;[35m[HTTP]&amp#27;[39m &amp#27;[90m{}&amp#27;[39m
[debug] &amp#27;[35m[W3C (bf540858)]&amp#27;[39m Calling AppiumDriver.elementDisplayed() with args: ["481a768b-8b40-4dbe-8051-8dfc81353977","bf540858-b87c-41a8-a728-b6d33a4f5b2f"]
[debug] &amp#27;[35m[WD Proxy]&amp#27;[39m Matched '/element/481a768b-8b40-4dbe-8051-8dfc81353977/attribute/displayed' to command name 'getAttribute'
[debug] &amp#27;[35m[WD Proxy]&amp#27;[39m Proxying [GET /element/481a768b-8b40-4dbe-8051-8dfc81353977/attribute/displayed] to [GET http://127.0.0.1:8200/wd/hub/session/431c0a09-5eae-45ff-8ee1-2a94613010da/element/481a768b-8b40-4dbe-8051-8dfc81353977/attribute/displayed] with body: {}
[debug] &amp#27;[35m[WD Proxy]&amp#27;[39m Got response with status 200: {"sessionId":"431c0a09-5eae-45ff-8ee1-2a94613010da","value":"true"}
[debug] &amp#27;[35m[W3C (bf540858)]&amp#27;[39m Responding to client with driver.elementDisplayed() result: true
&amp#27;[35m[HTTP]&amp#27;[39m &amp#27;[37m<-- GET /wd/hub/session/bf540858-b87c-41a8-a728-b6d33a4f5b2f/element/481a768b-8b40-4dbe-8051-8dfc81353977/displayed &amp#27;[39m&amp#27;[32m200&amp#27;[39m &amp#27;[90m20 ms - 14&amp#27;[39m
&amp#27;[35m[HTTP]&amp#27;[39m &amp#27;[90m&amp#27;[39m
&amp#27;[35m[HTTP]&amp#27;[39m &amp#27;[37m-->&amp#27;[39m &amp#27;[37mGET&amp#27;[39m &amp#27;[37m/wd/hub/session/bf540858-b87c-41a8-a728-b6d33a4f5b2f/context&amp#27;[39m
&amp#27;[35m[HTTP]&amp#27;[39m &amp#27;[90m{}&amp#27;[39m
[debug] &amp#27;[35m[W3C (bf540858)]&amp#27;[39m Calling AppiumDriver.getCurrentContext() with args: ["bf540858-b87c-41a8-a728-b6d33a4f5b2f"]
[debug] &amp#27;[35m[W3C (bf540858)]&amp#27;[39m Responding to client with driver.getCurrentContext() result: "NATIVE_APP"
&amp#27;[35m[HTTP]&amp#27;[39m &amp#27;[37m<-- GET /wd/hub/session/bf540858-b87c-41a8-a728-b6d33a4f5b2f/context &amp#27;[39m&amp#27;[32m200&amp#27;[39m &amp#27;[90m2 ms - 22&amp#27;[39m
&amp#27;[35m[HTTP]&amp#27;[39m &amp#27;[90m&amp#27;[39m
&amp#27;[35m[HTTP]&amp#27;[39m &amp#27;[37m-->&amp#27;[39m &amp#27;[37mPOST&amp#27;[39m &amp#27;[37m/wd/hub/session/bf540858-b87c-41a8-a728-b6d33a4f5b2f/element&amp#27;[39m
&amp#27;[35m[HTTP]&amp#27;[39m &amp#27;[90m{"using":"id","value":"com.androidsample.generalstore:id/nameField"}&amp#27;[39m
[debug] &amp#27;[35m[W3C (bf540858)]&amp#27;[39m Calling AppiumDriver.findElement() with args: ["id","com.androidsample.generalstore:id/nameField","bf540858-b87c-41a8-a728-b6d33a4f5b2f"]
[debug] &amp#27;[35m[BaseDriver]&amp#27;[39m Valid locator strategies for this request: xpath, id, class name, accessibility id, -android uiautomator
[debug] &amp#27;[35m[BaseDriver]&amp#27;[39m Waiting up to 10000 ms for condition
[debug] &amp#27;[35m[WD Proxy]&amp#27;[39m Matched '/element' to command name 'findElement'
[debug] &amp#27;[35m[WD Proxy]&amp#27;[39m Proxying [POST /element] to [POST http://127.0.0.1:8200/wd/hub/session/431c0a09-5eae-45ff-8ee1-2a94613010da/element] with body: {"strategy":"id","selector":"com.androidsample.generalstore:id/nameField","context":"","multiple":false}
[debug] &amp#27;[35m[WD Proxy]&amp#27;[39m Got response with status 200: {"sessionId":"431c0a09-5eae-45ff-8ee1-2a94613010da","value":{"ELEMENT":"976dbffb-f0cd-47e2-be7b-5f7957f3530a","element-6066-11e4-a52e-4f735466cecf":"976dbffb-f0cd-47e2-be7b-5f7957f3530a"}}
[debug] &amp#27;[35m[W3C (bf540858)]&amp#27;[39m Responding to client with driver.findElement() result: {"element-6066-11e4-a52e-4f735466cecf":"976dbffb-f0cd-47e2-be7b-5f7957f3530a","ELEMENT":"976dbffb-f0cd-47e2-be7b-5f7957f3530a"}
&amp#27;[35m[HTTP]&amp#27;[39m &amp#27;[37m<-- POST /wd/hub/session/bf540858-b87c-41a8-a728-b6d33a4f5b2f/element &amp#27;[39m&amp#27;[32m200&amp#27;[39m &amp#27;[90m21 ms - 137&amp#27;[39m
&amp#27;[35m[HTTP]&amp#27;[39m &amp#27;[90m&amp#27;[39m
&amp#27;[35m[HTTP]&amp#27;[39m &amp#27;[37m-->&amp#27;[39m &amp#27;[37mGET&amp#27;[39m &amp#27;[37m/wd/hub/session/bf540858-b87c-41a8-a728-b6d33a4f5b2f/element/976dbffb-f0cd-47e2-be7b-5f7957f3530a/text&amp#27;[39m
&amp#27;[35m[HTTP]&amp#27;[39m &amp#27;[90m{}&amp#27;[39m
&amp#27;[35m[W3C (bf540858)]&amp#27;[39m Driver proxy active, passing request on via HTTP proxy
[debug] &amp#27;[35m[WD Proxy]&amp#27;[39m Matched '/wd/hub/session/bf540858-b87c-41a8-a728-b6d33a4f5b2f/element/976dbffb-f0cd-47e2-be7b-5f7957f3530a/text' to command name 'getText'
[debug] &amp#27;[35m[WD Proxy]&amp#27;[39m Proxying [GET /wd/hub/session/bf540858-b87c-41a8-a728-b6d33a4f5b2f/element/976dbffb-f0cd-47e2-be7b-5f7957f3530a/text] to [GET http://127.0.0.1:8200/wd/hub/session/431c0a09-5eae-45ff-8ee1-2a94613010da/element/976dbffb-f0cd-47e2-be7b-5f7957f3530a/text] with body: {}
[debug] &amp#27;[35m[WD Proxy]&amp#27;[39m Got response with status 200: {"sessionId":"431c0a09-5eae-45ff-8ee1-2a94613010da","value":"Enter name here"}
&amp#27;[35m[WD Proxy]&amp#27;[39m Replacing sessionId 431c0a09-5eae-45ff-8ee1-2a94613010da with bf540858-b87c-41a8-a728-b6d33a4f5b2f
&amp#27;[35m[HTTP]&amp#27;[39m &amp#27;[37m<-- GET /wd/hub/session/bf540858-b87c-41a8-a728-b6d33a4f5b2f/element/976dbffb-f0cd-47e2-be7b-5f7957f3530a/text &amp#27;[39m&amp#27;[32m200&amp#27;[39m &amp#27;[90m13 ms - 78&amp#27;[39m
&amp#27;[35m[HTTP]&amp#27;[39m &amp#27;[90m&amp#27;[39m
&amp#27;[35m[HTTP]&amp#27;[39m &amp#27;[37m-->&amp#27;[39m &amp#27;[37mGET&amp#27;[39m &amp#27;[37m/wd/hub/session/bf540858-b87c-41a8-a728-b6d33a4f5b2f/context&amp#27;[39m
&amp#27;[35m[HTTP]&amp#27;[39m &amp#27;[90m{}&amp#27;[39m
[debug] &amp#27;[35m[W3C (bf540858)]&amp#27;[39m Calling AppiumDriver.getCurrentContext() with args: ["bf540858-b87c-41a8-a728-b6d33a4f5b2f"]
[debug] &amp#27;[35m[W3C (bf540858)]&amp#27;[39m Responding to client with driver.getCurrentContext() result: "NATIVE_APP"
&amp#27;[35m[HTTP]&amp#27;[39m &amp#27;[37m<-- GET /wd/hub/session/bf540858-b87c-41a8-a728-b6d33a4f5b2f/context &amp#27;[39m&amp#27;[32m200&amp#27;[39m &amp#27;[90m1 ms - 22&amp#27;[39m
&amp#27;[35m[HTTP]&amp#27;[39m &amp#27;[90m&amp#27;[39m
&amp#27;[35m[HTTP]&amp#27;[39m &amp#27;[37m-->&amp#27;[39m &amp#27;[37mPOST&amp#27;[39m &amp#27;[37m/wd/hub/session/bf540858-b87c-41a8-a728-b6d33a4f5b2f/element&amp#27;[39m
&amp#27;[35m[HTTP]&amp#27;[39m &amp#27;[90m{"using":"id","value":"com.androidsample.generalstore:id/nameField"}&amp#27;[39m
[debug] &amp#27;[35m[W3C (bf540858)]&amp#27;[39m Calling AppiumDriver.findElement() with args: ["id","com.androidsample.generalstore:id/nameField","bf540858-b87c-41a8-a728-b6d33a4f5b2f"]
[debug] &amp#27;[35m[BaseDriver]&amp#27;[39m Valid locator strategies for this request: xpath, id, class name, accessibility id, -android uiautomator
[debug] &amp#27;[35m[BaseDriver]&amp#27;[39m Waiting up to 10000 ms for condition
[debug] &amp#27;[35m[WD Proxy]&amp#27;[39m Matched '/element' to command name 'findElement'
[debug] &amp#27;[35m[WD Proxy]&amp#27;[39m Proxying [POST /element] to [POST http://127.0.0.1:8200/wd/hub/session/431c0a09-5eae-45ff-8ee1-2a94613010da/element] with body: {"strategy":"id","selector":"com.androidsample.generalstore:id/nameField","context":"","multiple":false}
[debug] &amp#27;[35m[WD Proxy]&amp#27;[39m Got response with status 200: {"sessionId":"431c0a09-5eae-45ff-8ee1-2a94613010da","value":{"ELEMENT":"f8ea8cb1-839e-4264-b72d-cb4ddceeb1f2","element-6066-11e4-a52e-4f735466cecf":"f8ea8cb1-839e-4264-b72d-cb4ddceeb1f2"}}
[debug] &amp#27;[35m[W3C (bf540858)]&amp#27;[39m Responding to client with driver.findElement() result: {"element-6066-11e4-a52e-4f735466cecf":"f8ea8cb1-839e-4264-b72d-cb4ddceeb1f2","ELEMENT":"f8ea8cb1-839e-4264-b72d-cb4ddceeb1f2"}
&amp#27;[35m[HTTP]&amp#27;[39m &amp#27;[37m<-- POST /wd/hub/session/bf540858-b87c-41a8-a728-b6d33a4f5b2f/element &amp#27;[39m&amp#27;[32m200&amp#27;[39m &amp#27;[90m25 ms - 137&amp#27;[39m
&amp#27;[35m[HTTP]&amp#27;[39m &amp#27;[90m&amp#27;[39m
&amp#27;[35m[HTTP]&amp#27;[39m &amp#27;[37m-->&amp#27;[39m &amp#27;[37mPOST&amp#27;[39m &amp#27;[37m/wd/hub/session/bf540858-b87c-41a8-a728-b6d33a4f5b2f/element/f8ea8cb1-839e-4264-b72d-cb4ddceeb1f2/value&amp#27;[39m
&amp#27;[35m[HTTP]&amp#27;[39m &amp#27;[90m{"id":"f8ea8cb1-839e-4264-b72d-cb4ddceeb1f2","text":"Joe","value":["J","o","e"]}&amp#27;[39m
[debug] &amp#27;[35m[W3C (bf540858)]&amp#27;[39m Calling AppiumDriver.setValue() with args: [["J","o","e"],"f8ea8cb1-839e-4264-b72d-cb4ddceeb1f2","bf540858-b87c-41a8-a728-b6d33a4f5b2f"]
[debug] &amp#27;[35m[WD Proxy]&amp#27;[39m Matched '/element/f8ea8cb1-839e-4264-b72d-cb4ddceeb1f2/value' to command name 'setValue'
[debug] &amp#27;[35m[Protocol Converter]&amp#27;[39m Added 'value' property ["J","o","e"] to 'setValue' request body
[debug] &amp#27;[35m[WD Proxy]&amp#27;[39m Proxying [POST /element/f8ea8cb1-839e-4264-b72d-cb4ddceeb1f2/value] to [POST http://127.0.0.1:8200/wd/hub/session/431c0a09-5eae-45ff-8ee1-2a94613010da/element/f8ea8cb1-839e-4264-b72d-cb4ddceeb1f2/value] with body: {"elementId":"f8ea8cb1-839e-4264-b72d-cb4ddceeb1f2","text":"Joe","replace":false,"value":["J","o","e"]}
[debug] &amp#27;[35m[WD Proxy]&amp#27;[39m Got response with status 200: {"sessionId":"431c0a09-5eae-45ff-8ee1-2a94613010da","value":null}
[debug] &amp#27;[35m[W3C (bf540858)]&amp#27;[39m Responding to client with driver.setValue() result: null
&amp#27;[35m[HTTP]&amp#27;[39m &amp#27;[37m<-- POST /wd/hub/session/bf540858-b87c-41a8-a728-b6d33a4f5b2f/element/f8ea8cb1-839e-4264-b72d-cb4ddceeb1f2/value &amp#27;[39m&amp#27;[32m200&amp#27;[39m &amp#27;[90m537 ms - 14&amp#27;[39m
&amp#27;[35m[HTTP]&amp#27;[39m &amp#27;[90m&amp#27;[39m
&amp#27;[35m[HTTP]&amp#27;[39m &amp#27;[37m-->&amp#27;[39m &amp#27;[37mGET&amp#27;[39m &amp#27;[37m/wd/hub/session/bf540858-b87c-41a8-a728-b6d33a4f5b2f/context&amp#27;[39m
&amp#27;[35m[HTTP]&amp#27;[39m &amp#27;[90m{}&amp#27;[39m
[debug] &amp#27;[35m[W3C (bf540858)]&amp#27;[39m Calling AppiumDriver.getCurrentContext() with args: ["bf540858-b87c-41a8-a728-b6d33a4f5b2f"]
[debug] &amp#27;[35m[W3C (bf540858)]&amp#27;[39m Responding to client with driver.getCurrentContext() result: "NATIVE_APP"
&amp#27;[35m[HTTP]&amp#27;[39m &amp#27;[37m<-- GET /wd/hub/session/bf540858-b87c-41a8-a728-b6d33a4f5b2f/context &amp#27;[39m&amp#27;[32m200&amp#27;[39m &amp#27;[90m2 ms - 22&amp#27;[39m
&amp#27;[35m[HTTP]&amp#27;[39m &amp#27;[90m&amp#27;[39m
&amp#27;[35m[HTTP]&amp#27;[39m &amp#27;[37m-->&amp#27;[39m &amp#27;[37mPOST&amp#27;[39m &amp#27;[37m/wd/hub/session/bf540858-b87c-41a8-a728-b6d33a4f5b2f/element&amp#27;[39m
&amp#27;[35m[HTTP]&amp#27;[39m &amp#27;[90m{"using":"id","value":"com.androidsample.generalstore:id/nameField"}&amp#27;[39m
[debug] &amp#27;[35m[W3C (bf540858)]&amp#27;[39m Calling AppiumDriver.findElement() with args: ["id","com.androidsample.generalstore:id/nameField","bf540858-b87c-41a8-a728-b6d33a4f5b2f"]
[debug] &amp#27;[35m[BaseDriver]&amp#27;[39m Valid locator strategies for this request: xpath, id, class name, accessibility id, -android uiautomator
[debug] &amp#27;[35m[BaseDriver]&amp#27;[39m Waiting up to 10000 ms for condition
[debug] &amp#27;[35m[WD Proxy]&amp#27;[39m Matched '/element' to command name 'findElement'
[debug] &amp#27;[35m[WD Proxy]&amp#27;[39m Proxying [POST /element] to [POST http://127.0.0.1:8200/wd/hub/session/431c0a09-5eae-45ff-8ee1-2a94613010da/element] with body: {"strategy":"id","selector":"com.androidsample.generalstore:id/nameField","context":"","multiple":false}
[debug] &amp#27;[35m[WD Proxy]&amp#27;[39m Got response with status 200: {"sessionId":"431c0a09-5eae-45ff-8ee1-2a94613010da","value":{"ELEMENT":"4a18df8f-545f-48d2-bed7-e65e7541cb95","element-6066-11e4-a52e-4f735466cecf":"4a18df8f-545f-48d2-bed7-e65e7541cb95"}}
[debug] &amp#27;[35m[W3C (bf540858)]&amp#27;[39m Responding to client with driver.findElement() result: {"element-6066-11e4-a52e-4f735466cecf":"4a18df8f-545f-48d2-bed7-e65e7541cb95","ELEMENT":"4a18df8f-545f-48d2-bed7-e65e7541cb95"}
&amp#27;[35m[HTTP]&amp#27;[39m &amp#27;[37m<-- POST /wd/hub/session/bf540858-b87c-41a8-a728-b6d33a4f5b2f/element &amp#27;[39m&amp#27;[32m200&amp#27;[39m &amp#27;[90m494 ms - 137&amp#27;[39m
&amp#27;[35m[HTTP]&amp#27;[39m &amp#27;[90m&amp#27;[39m
&amp#27;[35m[HTTP]&amp#27;[39m &amp#27;[37m-->&amp#27;[39m &amp#27;[37mGET&amp#27;[39m &amp#27;[37m/wd/hub/session/bf540858-b87c-41a8-a728-b6d33a4f5b2f/element/4a18df8f-545f-48d2-bed7-e65e7541cb95/text&amp#27;[39m
&amp#27;[35m[HTTP]&amp#27;[39m &amp#27;[90m{}&amp#27;[39m
&amp#27;[35m[W3C (bf540858)]&amp#27;[39m Driver proxy active, passing request on via HTTP proxy
[debug] &amp#27;[35m[WD Proxy]&amp#27;[39m Matched '/wd/hub/session/bf540858-b87c-41a8-a728-b6d33a4f5b2f/element/4a18df8f-545f-48d2-bed7-e65e7541cb95/text' to command name 'getText'
[debug] &amp#27;[35m[WD Proxy]&amp#27;[39m Proxying [GET /wd/hub/session/bf540858-b87c-41a8-a728-b6d33a4f5b2f/element/4a18df8f-545f-48d2-bed7-e65e7541cb95/text] to [GET http://127.0.0.1:8200/wd/hub/session/431c0a09-5eae-45ff-8ee1-2a94613010da/element/4a18df8f-545f-48d2-bed7-e65e7541cb95/text] with body: {}
[debug] &amp#27;[35m[WD Proxy]&amp#27;[39m Got response with status 200: {"sessionId":"431c0a09-5eae-45ff-8ee1-2a94613010da","value":"Joe"}
&amp#27;[35m[WD Proxy]&amp#27;[39m Replacing sessionId 431c0a09-5eae-45ff-8ee1-2a94613010da with bf540858-b87c-41a8-a728-b6d33a4f5b2f
&amp#27;[35m[HTTP]&amp#27;[39m &amp#27;[37m<-- GET /wd/hub/session/bf540858-b87c-41a8-a728-b6d33a4f5b2f/element/4a18df8f-545f-48d2-bed7-e65e7541cb95/text &amp#27;[39m&amp#27;[32m200&amp#27;[39m &amp#27;[90m12 ms - 66&amp#27;[39m
&amp#27;[35m[HTTP]&amp#27;[39m &amp#27;[90m&amp#27;[39m
]]></system-out>
  </testcase>
  <testcase name="genderSelect" classname="test.AppiumFramework.HomeTest" time="0.402">
    <system-out><![CDATA[&amp#27;[35m[HTTP]&amp#27;[39m &amp#27;[37m-->&amp#27;[39m &amp#27;[37mGET&amp#27;[39m &amp#27;[37m/wd/hub/session/bf540858-b87c-41a8-a728-b6d33a4f5b2f/context&amp#27;[39m
&amp#27;[35m[HTTP]&amp#27;[39m &amp#27;[90m{}&amp#27;[39m
[debug] &amp#27;[35m[W3C (bf540858)]&amp#27;[39m Calling AppiumDriver.getCurrentContext() with args: ["bf540858-b87c-41a8-a728-b6d33a4f5b2f"]
[debug] &amp#27;[35m[W3C (bf540858)]&amp#27;[39m Responding to client with driver.getCurrentContext() result: "NATIVE_APP"
&amp#27;[35m[HTTP]&amp#27;[39m &amp#27;[37m<-- GET /wd/hub/session/bf540858-b87c-41a8-a728-b6d33a4f5b2f/context &amp#27;[39m&amp#27;[32m200&amp#27;[39m &amp#27;[90m2 ms - 22&amp#27;[39m
&amp#27;[35m[HTTP]&amp#27;[39m &amp#27;[90m&amp#27;[39m
&amp#27;[35m[HTTP]&amp#27;[39m &amp#27;[37m-->&amp#27;[39m &amp#27;[37mPOST&amp#27;[39m &amp#27;[37m/wd/hub/session/bf540858-b87c-41a8-a728-b6d33a4f5b2f/element&amp#27;[39m
&amp#27;[35m[HTTP]&amp#27;[39m &amp#27;[90m{"using":"xpath","value":"//android.widget.TextView[@text=\"Gender\"]"}&amp#27;[39m
[debug] &amp#27;[35m[W3C (bf540858)]&amp#27;[39m Calling AppiumDriver.findElement() with args: ["xpath","//android.widget.TextView[@text=\"Gender\"]","bf540858-b87c-41a8-a728-b6d33a4f5b2f"]
[debug] &amp#27;[35m[BaseDriver]&amp#27;[39m Valid locator strategies for this request: xpath, id, class name, accessibility id, -android uiautomator
[debug] &amp#27;[35m[BaseDriver]&amp#27;[39m Waiting up to 10000 ms for condition
[debug] &amp#27;[35m[WD Proxy]&amp#27;[39m Matched '/element' to command name 'findElement'
[debug] &amp#27;[35m[WD Proxy]&amp#27;[39m Proxying [POST /element] to [POST http://127.0.0.1:8200/wd/hub/session/431c0a09-5eae-45ff-8ee1-2a94613010da/element] with body: {"strategy":"xpath","selector":"//android.widget.TextView[@text=\"Gender\"]","context":"","multiple":false}
[debug] &amp#27;[35m[WD Proxy]&amp#27;[39m Got response with status 200: {"sessionId":"431c0a09-5eae-45ff-8ee1-2a94613010da","value":{"ELEMENT":"49668974-8a05-4291-9354-5a17bcdb757a","element-6066-11e4-a52e-4f735466cecf":"49668974-8a05-4291-9354-5a17bcdb757a"}}
[debug] &amp#27;[35m[W3C (bf540858)]&amp#27;[39m Responding to client with driver.findElement() result: {"element-6066-11e4-a52e-4f735466cecf":"49668974-8a05-4291-9354-5a17bcdb757a","ELEMENT":"49668974-8a05-4291-9354-5a17bcdb757a"}
&amp#27;[35m[HTTP]&amp#27;[39m &amp#27;[37m<-- POST /wd/hub/session/bf540858-b87c-41a8-a728-b6d33a4f5b2f/element &amp#27;[39m&amp#27;[32m200&amp#27;[39m &amp#27;[90m108 ms - 137&amp#27;[39m
&amp#27;[35m[HTTP]&amp#27;[39m &amp#27;[90m&amp#27;[39m
&amp#27;[35m[HTTP]&amp#27;[39m &amp#27;[37m-->&amp#27;[39m &amp#27;[37mGET&amp#27;[39m &amp#27;[37m/wd/hub/session/bf540858-b87c-41a8-a728-b6d33a4f5b2f/element/49668974-8a05-4291-9354-5a17bcdb757a/displayed&amp#27;[39m
&amp#27;[35m[HTTP]&amp#27;[39m &amp#27;[90m{}&amp#27;[39m
[debug] &amp#27;[35m[W3C (bf540858)]&amp#27;[39m Calling AppiumDriver.elementDisplayed() with args: ["49668974-8a05-4291-9354-5a17bcdb757a","bf540858-b87c-41a8-a728-b6d33a4f5b2f"]
[debug] &amp#27;[35m[WD Proxy]&amp#27;[39m Matched '/element/49668974-8a05-4291-9354-5a17bcdb757a/attribute/displayed' to command name 'getAttribute'
[debug] &amp#27;[35m[WD Proxy]&amp#27;[39m Proxying [GET /element/49668974-8a05-4291-9354-5a17bcdb757a/attribute/displayed] to [GET http://127.0.0.1:8200/wd/hub/session/431c0a09-5eae-45ff-8ee1-2a94613010da/element/49668974-8a05-4291-9354-5a17bcdb757a/attribute/displayed] with body: {}
[debug] &amp#27;[35m[WD Proxy]&amp#27;[39m Got response with status 200: {"sessionId":"431c0a09-5eae-45ff-8ee1-2a94613010da","value":"true"}
[debug] &amp#27;[35m[W3C (bf540858)]&amp#27;[39m Responding to client with driver.elementDisplayed() result: true
&amp#27;[35m[HTTP]&amp#27;[39m &amp#27;[37m<-- GET /wd/hub/session/bf540858-b87c-41a8-a728-b6d33a4f5b2f/element/49668974-8a05-4291-9354-5a17bcdb757a/displayed &amp#27;[39m&amp#27;[32m200&amp#27;[39m &amp#27;[90m11 ms - 14&amp#27;[39m
&amp#27;[35m[HTTP]&amp#27;[39m &amp#27;[90m&amp#27;[39m
&amp#27;[35m[HTTP]&amp#27;[39m &amp#27;[37m-->&amp#27;[39m &amp#27;[37mGET&amp#27;[39m &amp#27;[37m/wd/hub/session/bf540858-b87c-41a8-a728-b6d33a4f5b2f/context&amp#27;[39m
&amp#27;[35m[HTTP]&amp#27;[39m &amp#27;[90m{}&amp#27;[39m
[debug] &amp#27;[35m[W3C (bf540858)]&amp#27;[39m Calling AppiumDriver.getCurrentContext() with args: ["bf540858-b87c-41a8-a728-b6d33a4f5b2f"]
[debug] &amp#27;[35m[W3C (bf540858)]&amp#27;[39m Responding to client with driver.getCurrentContext() result: "NATIVE_APP"
&amp#27;[35m[HTTP]&amp#27;[39m &amp#27;[37m<-- GET /wd/hub/session/bf540858-b87c-41a8-a728-b6d33a4f5b2f/context &amp#27;[39m&amp#27;[32m200&amp#27;[39m &amp#27;[90m1 ms - 22&amp#27;[39m
&amp#27;[35m[HTTP]&amp#27;[39m &amp#27;[90m&amp#27;[39m
&amp#27;[35m[HTTP]&amp#27;[39m &amp#27;[37m-->&amp#27;[39m &amp#27;[37mPOST&amp#27;[39m &amp#27;[37m/wd/hub/session/bf540858-b87c-41a8-a728-b6d33a4f5b2f/element&amp#27;[39m
&amp#27;[35m[HTTP]&amp#27;[39m &amp#27;[90m{"using":"id","value":"com.androidsample.generalstore:id/radioMale"}&amp#27;[39m
[debug] &amp#27;[35m[W3C (bf540858)]&amp#27;[39m Calling AppiumDriver.findElement() with args: ["id","com.androidsample.generalstore:id/radioMale","bf540858-b87c-41a8-a728-b6d33a4f5b2f"]
[debug] &amp#27;[35m[BaseDriver]&amp#27;[39m Valid locator strategies for this request: xpath, id, class name, accessibility id, -android uiautomator
[debug] &amp#27;[35m[BaseDriver]&amp#27;[39m Waiting up to 10000 ms for condition
[debug] &amp#27;[35m[WD Proxy]&amp#27;[39m Matched '/element' to command name 'findElement'
[debug] &amp#27;[35m[WD Proxy]&amp#27;[39m Proxying [POST /element] to [POST http://127.0.0.1:8200/wd/hub/session/431c0a09-5eae-45ff-8ee1-2a94613010da/element] with body: {"strategy":"id","selector":"com.androidsample.generalstore:id/radioMale","context":"","multiple":false}
[debug] &amp#27;[35m[WD Proxy]&amp#27;[39m Got response with status 200: {"sessionId":"431c0a09-5eae-45ff-8ee1-2a94613010da","value":{"ELEMENT":"d9f18d10-da62-4e0b-8724-99bc8929338c","element-6066-11e4-a52e-4f735466cecf":"d9f18d10-da62-4e0b-8724-99bc8929338c"}}
[debug] &amp#27;[35m[W3C (bf540858)]&amp#27;[39m Responding to client with driver.findElement() result: {"element-6066-11e4-a52e-4f735466cecf":"d9f18d10-da62-4e0b-8724-99bc8929338c","ELEMENT":"d9f18d10-da62-4e0b-8724-99bc8929338c"}
&amp#27;[35m[HTTP]&amp#27;[39m &amp#27;[37m<-- POST /wd/hub/session/bf540858-b87c-41a8-a728-b6d33a4f5b2f/element &amp#27;[39m&amp#27;[32m200&amp#27;[39m &amp#27;[90m25 ms - 137&amp#27;[39m
&amp#27;[35m[HTTP]&amp#27;[39m &amp#27;[90m&amp#27;[39m
&amp#27;[35m[HTTP]&amp#27;[39m &amp#27;[37m-->&amp#27;[39m &amp#27;[37mGET&amp#27;[39m &amp#27;[37m/wd/hub/session/bf540858-b87c-41a8-a728-b6d33a4f5b2f/element/d9f18d10-da62-4e0b-8724-99bc8929338c/text&amp#27;[39m
&amp#27;[35m[HTTP]&amp#27;[39m &amp#27;[90m{}&amp#27;[39m
&amp#27;[35m[W3C (bf540858)]&amp#27;[39m Driver proxy active, passing request on via HTTP proxy
[debug] &amp#27;[35m[WD Proxy]&amp#27;[39m Matched '/wd/hub/session/bf540858-b87c-41a8-a728-b6d33a4f5b2f/element/d9f18d10-da62-4e0b-8724-99bc8929338c/text' to command name 'getText'
[debug] &amp#27;[35m[WD Proxy]&amp#27;[39m Proxying [GET /wd/hub/session/bf540858-b87c-41a8-a728-b6d33a4f5b2f/element/d9f18d10-da62-4e0b-8724-99bc8929338c/text] to [GET http://127.0.0.1:8200/wd/hub/session/431c0a09-5eae-45ff-8ee1-2a94613010da/element/d9f18d10-da62-4e0b-8724-99bc8929338c/text] with body: {}
[debug] &amp#27;[35m[WD Proxy]&amp#27;[39m Got response with status 200: {"sessionId":"431c0a09-5eae-45ff-8ee1-2a94613010da","value":"Male"}
&amp#27;[35m[WD Proxy]&amp#27;[39m Replacing sessionId 431c0a09-5eae-45ff-8ee1-2a94613010da with bf540858-b87c-41a8-a728-b6d33a4f5b2f
&amp#27;[35m[HTTP]&amp#27;[39m &amp#27;[37m<-- GET /wd/hub/session/bf540858-b87c-41a8-a728-b6d33a4f5b2f/element/d9f18d10-da62-4e0b-8724-99bc8929338c/text &amp#27;[39m&amp#27;[32m200&amp#27;[39m &amp#27;[90m12 ms - 67&amp#27;[39m
&amp#27;[35m[HTTP]&amp#27;[39m &amp#27;[90m&amp#27;[39m
&amp#27;[35m[HTTP]&amp#27;[39m &amp#27;[37m-->&amp#27;[39m &amp#27;[37mGET&amp#27;[39m &amp#27;[37m/wd/hub/session/bf540858-b87c-41a8-a728-b6d33a4f5b2f/context&amp#27;[39m
&amp#27;[35m[HTTP]&amp#27;[39m &amp#27;[90m{}&amp#27;[39m
[debug] &amp#27;[35m[W3C (bf540858)]&amp#27;[39m Calling AppiumDriver.getCurrentContext() with args: ["bf540858-b87c-41a8-a728-b6d33a4f5b2f"]
[debug] &amp#27;[35m[W3C (bf540858)]&amp#27;[39m Responding to client with driver.getCurrentContext() result: "NATIVE_APP"
&amp#27;[35m[HTTP]&amp#27;[39m &amp#27;[37m<-- GET /wd/hub/session/bf540858-b87c-41a8-a728-b6d33a4f5b2f/context &amp#27;[39m&amp#27;[32m200&amp#27;[39m &amp#27;[90m1 ms - 22&amp#27;[39m
&amp#27;[35m[HTTP]&amp#27;[39m &amp#27;[90m&amp#27;[39m
&amp#27;[35m[HTTP]&amp#27;[39m &amp#27;[37m-->&amp#27;[39m &amp#27;[37mPOST&amp#27;[39m &amp#27;[37m/wd/hub/session/bf540858-b87c-41a8-a728-b6d33a4f5b2f/element&amp#27;[39m
&amp#27;[35m[HTTP]&amp#27;[39m &amp#27;[90m{"using":"id","value":"com.androidsample.generalstore:id/radioFemale"}&amp#27;[39m
[debug] &amp#27;[35m[W3C (bf540858)]&amp#27;[39m Calling AppiumDriver.findElement() with args: ["id","com.androidsample.generalstore:id/radioFemale","bf540858-b87c-41a8-a728-b6d33a4f5b2f"]
[debug] &amp#27;[35m[BaseDriver]&amp#27;[39m Valid locator strategies for this request: xpath, id, class name, accessibility id, -android uiautomator
[debug] &amp#27;[35m[BaseDriver]&amp#27;[39m Waiting up to 10000 ms for condition
[debug] &amp#27;[35m[WD Proxy]&amp#27;[39m Matched '/element' to command name 'findElement'
[debug] &amp#27;[35m[WD Proxy]&amp#27;[39m Proxying [POST /element] to [POST http://127.0.0.1:8200/wd/hub/session/431c0a09-5eae-45ff-8ee1-2a94613010da/element] with body: {"strategy":"id","selector":"com.androidsample.generalstore:id/radioFemale","context":"","multiple":false}
[debug] &amp#27;[35m[WD Proxy]&amp#27;[39m Got response with status 200: {"sessionId":"431c0a09-5eae-45ff-8ee1-2a94613010da","value":{"ELEMENT":"2c7f9131-df68-4372-8d7b-bd67b8d52fab","element-6066-11e4-a52e-4f735466cecf":"2c7f9131-df68-4372-8d7b-bd67b8d52fab"}}
[debug] &amp#27;[35m[W3C (bf540858)]&amp#27;[39m Responding to client with driver.findElement() result: {"element-6066-11e4-a52e-4f735466cecf":"2c7f9131-df68-4372-8d7b-bd67b8d52fab","ELEMENT":"2c7f9131-df68-4372-8d7b-bd67b8d52fab"}
&amp#27;[35m[HTTP]&amp#27;[39m &amp#27;[37m<-- POST /wd/hub/session/bf540858-b87c-41a8-a728-b6d33a4f5b2f/element &amp#27;[39m&amp#27;[32m200&amp#27;[39m &amp#27;[90m18 ms - 137&amp#27;[39m
&amp#27;[35m[HTTP]&amp#27;[39m &amp#27;[90m&amp#27;[39m
&amp#27;[35m[HTTP]&amp#27;[39m &amp#27;[37m-->&amp#27;[39m &amp#27;[37mGET&amp#27;[39m &amp#27;[37m/wd/hub/session/bf540858-b87c-41a8-a728-b6d33a4f5b2f/element/2c7f9131-df68-4372-8d7b-bd67b8d52fab/text&amp#27;[39m
&amp#27;[35m[HTTP]&amp#27;[39m &amp#27;[90m{}&amp#27;[39m
&amp#27;[35m[W3C (bf540858)]&amp#27;[39m Driver proxy active, passing request on via HTTP proxy
[debug] &amp#27;[35m[WD Proxy]&amp#27;[39m Matched '/wd/hub/session/bf540858-b87c-41a8-a728-b6d33a4f5b2f/element/2c7f9131-df68-4372-8d7b-bd67b8d52fab/text' to command name 'getText'
[debug] &amp#27;[35m[WD Proxy]&amp#27;[39m Proxying [GET /wd/hub/session/bf540858-b87c-41a8-a728-b6d33a4f5b2f/element/2c7f9131-df68-4372-8d7b-bd67b8d52fab/text] to [GET http://127.0.0.1:8200/wd/hub/session/431c0a09-5eae-45ff-8ee1-2a94613010da/element/2c7f9131-df68-4372-8d7b-bd67b8d52fab/text] with body: {}
[debug] &amp#27;[35m[WD Proxy]&amp#27;[39m Got response with status 200: {"sessionId":"431c0a09-5eae-45ff-8ee1-2a94613010da","value":"Female"}
&amp#27;[35m[WD Proxy]&amp#27;[39m Replacing sessionId 431c0a09-5eae-45ff-8ee1-2a94613010da with bf540858-b87c-41a8-a728-b6d33a4f5b2f
&amp#27;[35m[HTTP]&amp#27;[39m &amp#27;[37m<-- GET /wd/hub/session/bf540858-b87c-41a8-a728-b6d33a4f5b2f/element/2c7f9131-df68-4372-8d7b-bd67b8d52fab/text &amp#27;[39m&amp#27;[32m200&amp#27;[39m &amp#27;[90m16 ms - 69&amp#27;[39m
&amp#27;[35m[HTTP]&amp#27;[39m &amp#27;[90m&amp#27;[39m
&amp#27;[35m[HTTP]&amp#27;[39m &amp#27;[37m-->&amp#27;[39m &amp#27;[37mGET&amp#27;[39m &amp#27;[37m/wd/hub/session/bf540858-b87c-41a8-a728-b6d33a4f5b2f/context&amp#27;[39m
&amp#27;[35m[HTTP]&amp#27;[39m &amp#27;[90m{}&amp#27;[39m
[debug] &amp#27;[35m[W3C (bf540858)]&amp#27;[39m Calling AppiumDriver.getCurrentContext() with args: ["bf540858-b87c-41a8-a728-b6d33a4f5b2f"]
[debug] &amp#27;[35m[W3C (bf540858)]&amp#27;[39m Responding to client with driver.getCurrentContext() result: "NATIVE_APP"
&amp#27;[35m[HTTP]&amp#27;[39m &amp#27;[37m<-- GET /wd/hub/session/bf540858-b87c-41a8-a728-b6d33a4f5b2f/context &amp#27;[39m&amp#27;[32m200&amp#27;[39m &amp#27;[90m2 ms - 22&amp#27;[39m
&amp#27;[35m[HTTP]&amp#27;[39m &amp#27;[90m&amp#27;[39m
&amp#27;[35m[HTTP]&amp#27;[39m &amp#27;[37m-->&amp#27;[39m &amp#27;[37mPOST&amp#27;[39m &amp#27;[37m/wd/hub/session/bf540858-b87c-41a8-a728-b6d33a4f5b2f/element&amp#27;[39m
&amp#27;[35m[HTTP]&amp#27;[39m &amp#27;[90m{"using":"id","value":"com.androidsample.generalstore:id/radioMale"}&amp#27;[39m
[debug] &amp#27;[35m[W3C (bf540858)]&amp#27;[39m Calling AppiumDriver.findElement() with args: ["id","com.androidsample.generalstore:id/radioMale","bf540858-b87c-41a8-a728-b6d33a4f5b2f"]
[debug] &amp#27;[35m[BaseDriver]&amp#27;[39m Valid locator strategies for this request: xpath, id, class name, accessibility id, -android uiautomator
[debug] &amp#27;[35m[BaseDriver]&amp#27;[39m Waiting up to 10000 ms for condition
[debug] &amp#27;[35m[WD Proxy]&amp#27;[39m Matched '/element' to command name 'findElement'
[debug] &amp#27;[35m[WD Proxy]&amp#27;[39m Proxying [POST /element] to [POST http://127.0.0.1:8200/wd/hub/session/431c0a09-5eae-45ff-8ee1-2a94613010da/element] with body: {"strategy":"id","selector":"com.androidsample.generalstore:id/radioMale","context":"","multiple":false}
[debug] &amp#27;[35m[WD Proxy]&amp#27;[39m Got response with status 200: {"sessionId":"431c0a09-5eae-45ff-8ee1-2a94613010da","value":{"ELEMENT":"6339d175-7d14-412c-8025-18909c7ae9e3","element-6066-11e4-a52e-4f735466cecf":"6339d175-7d14-412c-8025-18909c7ae9e3"}}
[debug] &amp#27;[35m[W3C (bf540858)]&amp#27;[39m Responding to client with driver.findElement() result: {"element-6066-11e4-a52e-4f735466cecf":"6339d175-7d14-412c-8025-18909c7ae9e3","ELEMENT":"6339d175-7d14-412c-8025-18909c7ae9e3"}
&amp#27;[35m[HTTP]&amp#27;[39m &amp#27;[37m<-- POST /wd/hub/session/bf540858-b87c-41a8-a728-b6d33a4f5b2f/element &amp#27;[39m&amp#27;[32m200&amp#27;[39m &amp#27;[90m21 ms - 137&amp#27;[39m
&amp#27;[35m[HTTP]&amp#27;[39m &amp#27;[90m&amp#27;[39m
&amp#27;[35m[HTTP]&amp#27;[39m &amp#27;[37m-->&amp#27;[39m &amp#27;[37mGET&amp#27;[39m &amp#27;[37m/wd/hub/session/bf540858-b87c-41a8-a728-b6d33a4f5b2f/element/6339d175-7d14-412c-8025-18909c7ae9e3/attribute/checked&amp#27;[39m
&amp#27;[35m[HTTP]&amp#27;[39m &amp#27;[90m{}&amp#27;[39m
[debug] &amp#27;[35m[W3C (bf540858)]&amp#27;[39m Calling AppiumDriver.getAttribute() with args: ["checked","6339d175-7d14-412c-8025-18909c7ae9e3","bf540858-b87c-41a8-a728-b6d33a4f5b2f"]
[debug] &amp#27;[35m[WD Proxy]&amp#27;[39m Matched '/element/6339d175-7d14-412c-8025-18909c7ae9e3/attribute/checked' to command name 'getAttribute'
[debug] &amp#27;[35m[WD Proxy]&amp#27;[39m Proxying [GET /element/6339d175-7d14-412c-8025-18909c7ae9e3/attribute/checked] to [GET http://127.0.0.1:8200/wd/hub/session/431c0a09-5eae-45ff-8ee1-2a94613010da/element/6339d175-7d14-412c-8025-18909c7ae9e3/attribute/checked] with body: {}
[debug] &amp#27;[35m[WD Proxy]&amp#27;[39m Got response with status 200: {"sessionId":"431c0a09-5eae-45ff-8ee1-2a94613010da","value":"true"}
[debug] &amp#27;[35m[W3C (bf540858)]&amp#27;[39m Responding to client with driver.getAttribute() result: "true"
&amp#27;[35m[HTTP]&amp#27;[39m &amp#27;[37m<-- GET /wd/hub/session/bf540858-b87c-41a8-a728-b6d33a4f5b2f/element/6339d175-7d14-412c-8025-18909c7ae9e3/attribute/checked &amp#27;[39m&amp#27;[32m200&amp#27;[39m &amp#27;[90m12 ms - 16&amp#27;[39m
&amp#27;[35m[HTTP]&amp#27;[39m &amp#27;[90m&amp#27;[39m
]]></system-out>
  </testcase>
  <testcase name="toastMsg[Please enter your name](1)" classname="test.AppiumFramework.HomeTest" time="1.668">
    <system-out><![CDATA[&amp#27;[35m[HTTP]&amp#27;[39m &amp#27;[37m-->&amp#27;[39m &amp#27;[37mGET&amp#27;[39m &amp#27;[37m/wd/hub/session/bf540858-b87c-41a8-a728-b6d33a4f5b2f/context&amp#27;[39m
&amp#27;[35m[HTTP]&amp#27;[39m &amp#27;[90m{}&amp#27;[39m
[debug] &amp#27;[35m[W3C (bf540858)]&amp#27;[39m Calling AppiumDriver.getCurrentContext() with args: ["bf540858-b87c-41a8-a728-b6d33a4f5b2f"]
[debug] &amp#27;[35m[W3C (bf540858)]&amp#27;[39m Responding to client with driver.getCurrentContext() result: "NATIVE_APP"
&amp#27;[35m[HTTP]&amp#27;[39m &amp#27;[37m<-- GET /wd/hub/session/bf540858-b87c-41a8-a728-b6d33a4f5b2f/context &amp#27;[39m&amp#27;[32m200&amp#27;[39m &amp#27;[90m1 ms - 22&amp#27;[39m
&amp#27;[35m[HTTP]&amp#27;[39m &amp#27;[90m&amp#27;[39m
&amp#27;[35m[HTTP]&amp#27;[39m &amp#27;[37m-->&amp#27;[39m &amp#27;[37mPOST&amp#27;[39m &amp#27;[37m/wd/hub/session/bf540858-b87c-41a8-a728-b6d33a4f5b2f/element&amp#27;[39m
&amp#27;[35m[HTTP]&amp#27;[39m &amp#27;[90m{"using":"id","value":"com.androidsample.generalstore:id/nameField"}&amp#27;[39m
[debug] &amp#27;[35m[W3C (bf540858)]&amp#27;[39m Calling AppiumDriver.findElement() with args: ["id","com.androidsample.generalstore:id/nameField","bf540858-b87c-41a8-a728-b6d33a4f5b2f"]
[debug] &amp#27;[35m[BaseDriver]&amp#27;[39m Valid locator strategies for this request: xpath, id, class name, accessibility id, -android uiautomator
[debug] &amp#27;[35m[BaseDriver]&amp#27;[39m Waiting up to 10000 ms for condition
[debug] &amp#27;[35m[WD Proxy]&amp#27;[39m Matched '/element' to command name 'findElement'
[debug] &amp#27;[35m[WD Proxy]&amp#27;[39m Proxying [POST /element] to [POST http://127.0.0.1:8200/wd/hub/session/431c0a09-5eae-45ff-8ee1-2a94613010da/element] with body: {"strategy":"id","selector":"com.androidsample.generalstore:id/nameField","context":"","multiple":false}
[debug] &amp#27;[35m[WD Proxy]&amp#27;[39m Got response with status 200: {"sessionId":"431c0a09-5eae-45ff-8ee1-2a94613010da","value":{"ELEMENT":"decd1235-5d00-4cea-8fe6-353c44947325","element-6066-11e4-a52e-4f735466cecf":"decd1235-5d00-4cea-8fe6-353c44947325"}}
[debug] &amp#27;[35m[W3C (bf540858)]&amp#27;[39m Responding to client with driver.findElement() result: {"element-6066-11e4-a52e-4f735466cecf":"decd1235-5d00-4cea-8fe6-353c44947325","ELEMENT":"decd1235-5d00-4cea-8fe6-353c44947325"}
&amp#27;[35m[HTTP]&amp#27;[39m &amp#27;[37m<-- POST /wd/hub/session/bf540858-b87c-41a8-a728-b6d33a4f5b2f/element &amp#27;[39m&amp#27;[32m200&amp#27;[39m &amp#27;[90m24 ms - 137&amp#27;[39m
&amp#27;[35m[HTTP]&amp#27;[39m &amp#27;[90m&amp#27;[39m
&amp#27;[35m[HTTP]&amp#27;[39m &amp#27;[37m-->&amp#27;[39m &amp#27;[37mGET&amp#27;[39m &amp#27;[37m/wd/hub/session/bf540858-b87c-41a8-a728-b6d33a4f5b2f/element/decd1235-5d00-4cea-8fe6-353c44947325/text&amp#27;[39m
&amp#27;[35m[HTTP]&amp#27;[39m &amp#27;[90m{}&amp#27;[39m
&amp#27;[35m[W3C (bf540858)]&amp#27;[39m Driver proxy active, passing request on via HTTP proxy
[debug] &amp#27;[35m[WD Proxy]&amp#27;[39m Matched '/wd/hub/session/bf540858-b87c-41a8-a728-b6d33a4f5b2f/element/decd1235-5d00-4cea-8fe6-353c44947325/text' to command name 'getText'
[debug] &amp#27;[35m[WD Proxy]&amp#27;[39m Proxying [GET /wd/hub/session/bf540858-b87c-41a8-a728-b6d33a4f5b2f/element/decd1235-5d00-4cea-8fe6-353c44947325/text] to [GET http://127.0.0.1:8200/wd/hub/session/431c0a09-5eae-45ff-8ee1-2a94613010da/element/decd1235-5d00-4cea-8fe6-353c44947325/text] with body: {}
[debug] &amp#27;[35m[WD Proxy]&amp#27;[39m Got response with status 200: {"sessionId":"431c0a09-5eae-45ff-8ee1-2a94613010da","value":"Joe"}
&amp#27;[35m[WD Proxy]&amp#27;[39m Replacing sessionId 431c0a09-5eae-45ff-8ee1-2a94613010da with bf540858-b87c-41a8-a728-b6d33a4f5b2f
&amp#27;[35m[HTTP]&amp#27;[39m &amp#27;[37m<-- GET /wd/hub/session/bf540858-b87c-41a8-a728-b6d33a4f5b2f/element/decd1235-5d00-4cea-8fe6-353c44947325/text &amp#27;[39m&amp#27;[32m200&amp#27;[39m &amp#27;[90m19 ms - 66&amp#27;[39m
&amp#27;[35m[HTTP]&amp#27;[39m &amp#27;[90m&amp#27;[39m
&amp#27;[35m[HTTP]&amp#27;[39m &amp#27;[37m-->&amp#27;[39m &amp#27;[37mGET&amp#27;[39m &amp#27;[37m/wd/hub/session/bf540858-b87c-41a8-a728-b6d33a4f5b2f/context&amp#27;[39m
&amp#27;[35m[HTTP]&amp#27;[39m &amp#27;[90m{}&amp#27;[39m
[debug] &amp#27;[35m[W3C (bf540858)]&amp#27;[39m Calling AppiumDriver.getCurrentContext() with args: ["bf540858-b87c-41a8-a728-b6d33a4f5b2f"]
[debug] &amp#27;[35m[W3C (bf540858)]&amp#27;[39m Responding to client with driver.getCurrentContext() result: "NATIVE_APP"
&amp#27;[35m[HTTP]&amp#27;[39m &amp#27;[37m<-- GET /wd/hub/session/bf540858-b87c-41a8-a728-b6d33a4f5b2f/context &amp#27;[39m&amp#27;[32m200&amp#27;[39m &amp#27;[90m1 ms - 22&amp#27;[39m
&amp#27;[35m[HTTP]&amp#27;[39m &amp#27;[90m&amp#27;[39m
&amp#27;[35m[HTTP]&amp#27;[39m &amp#27;[37m-->&amp#27;[39m &amp#27;[37mPOST&amp#27;[39m &amp#27;[37m/wd/hub/session/bf540858-b87c-41a8-a728-b6d33a4f5b2f/element&amp#27;[39m
&amp#27;[35m[HTTP]&amp#27;[39m &amp#27;[90m{"using":"id","value":"com.androidsample.generalstore:id/nameField"}&amp#27;[39m
[debug] &amp#27;[35m[W3C (bf540858)]&amp#27;[39m Calling AppiumDriver.findElement() with args: ["id","com.androidsample.generalstore:id/nameField","bf540858-b87c-41a8-a728-b6d33a4f5b2f"]
[debug] &amp#27;[35m[BaseDriver]&amp#27;[39m Valid locator strategies for this request: xpath, id, class name, accessibility id, -android uiautomator
[debug] &amp#27;[35m[BaseDriver]&amp#27;[39m Waiting up to 10000 ms for condition
[debug] &amp#27;[35m[WD Proxy]&amp#27;[39m Matched '/element' to command name 'findElement'
[debug] &amp#27;[35m[WD Proxy]&amp#27;[39m Proxying [POST /element] to [POST http://127.0.0.1:8200/wd/hub/session/431c0a09-5eae-45ff-8ee1-2a94613010da/element] with body: {"strategy":"id","selector":"com.androidsample.generalstore:id/nameField","context":"","multiple":false}
[debug] &amp#27;[35m[WD Proxy]&amp#27;[39m Got response with status 200: {"sessionId":"431c0a09-5eae-45ff-8ee1-2a94613010da","value":{"ELEMENT":"a30fb975-5ce1-4881-8273-b54d626c9df0","element-6066-11e4-a52e-4f735466cecf":"a30fb975-5ce1-4881-8273-b54d626c9df0"}}
[debug] &amp#27;[35m[W3C (bf540858)]&amp#27;[39m Responding to client with driver.findElement() result: {"element-6066-11e4-a52e-4f735466cecf":"a30fb975-5ce1-4881-8273-b54d626c9df0","ELEMENT":"a30fb975-5ce1-4881-8273-b54d626c9df0"}
&amp#27;[35m[HTTP]&amp#27;[39m &amp#27;[37m<-- POST /wd/hub/session/bf540858-b87c-41a8-a728-b6d33a4f5b2f/element &amp#27;[39m&amp#27;[32m200&amp#27;[39m &amp#27;[90m19 ms - 137&amp#27;[39m
&amp#27;[35m[HTTP]&amp#27;[39m &amp#27;[90m&amp#27;[39m
&amp#27;[35m[HTTP]&amp#27;[39m &amp#27;[37m-->&amp#27;[39m &amp#27;[37mPOST&amp#27;[39m &amp#27;[37m/wd/hub/session/bf540858-b87c-41a8-a728-b6d33a4f5b2f/element/a30fb975-5ce1-4881-8273-b54d626c9df0/clear&amp#27;[39m
&amp#27;[35m[HTTP]&amp#27;[39m &amp#27;[90m{"id":"a30fb975-5ce1-4881-8273-b54d626c9df0"}&amp#27;[39m
[debug] &amp#27;[35m[W3C (bf540858)]&amp#27;[39m Calling AppiumDriver.clear() with args: ["a30fb975-5ce1-4881-8273-b54d626c9df0","bf540858-b87c-41a8-a728-b6d33a4f5b2f"]
[debug] &amp#27;[35m[WD Proxy]&amp#27;[39m Matched '/element/a30fb975-5ce1-4881-8273-b54d626c9df0/clear' to command name 'clear'
[debug] &amp#27;[35m[WD Proxy]&amp#27;[39m Proxying [POST /element/a30fb975-5ce1-4881-8273-b54d626c9df0/clear] to [POST http://127.0.0.1:8200/wd/hub/session/431c0a09-5eae-45ff-8ee1-2a94613010da/element/a30fb975-5ce1-4881-8273-b54d626c9df0/clear] with body: {"elementId":"a30fb975-5ce1-4881-8273-b54d626c9df0"}
[debug] &amp#27;[35m[WD Proxy]&amp#27;[39m Got response with status 200: {"sessionId":"431c0a09-5eae-45ff-8ee1-2a94613010da","value":null}
[debug] &amp#27;[35m[W3C (bf540858)]&amp#27;[39m Responding to client with driver.clear() result: null
&amp#27;[35m[HTTP]&amp#27;[39m &amp#27;[37m<-- POST /wd/hub/session/bf540858-b87c-41a8-a728-b6d33a4f5b2f/element/a30fb975-5ce1-4881-8273-b54d626c9df0/clear &amp#27;[39m&amp#27;[32m200&amp#27;[39m &amp#27;[90m24 ms - 14&amp#27;[39m
&amp#27;[35m[HTTP]&amp#27;[39m &amp#27;[90m&amp#27;[39m
&amp#27;[35m[HTTP]&amp#27;[39m &amp#27;[37m-->&amp#27;[39m &amp#27;[37mGET&amp#27;[39m &amp#27;[37m/wd/hub/session/bf540858-b87c-41a8-a728-b6d33a4f5b2f/context&amp#27;[39m
&amp#27;[35m[HTTP]&amp#27;[39m &amp#27;[90m{}&amp#27;[39m
[debug] &amp#27;[35m[W3C (bf540858)]&amp#27;[39m Calling AppiumDriver.getCurrentContext() with args: ["bf540858-b87c-41a8-a728-b6d33a4f5b2f"]
[debug] &amp#27;[35m[W3C (bf540858)]&amp#27;[39m Responding to client with driver.getCurrentContext() result: "NATIVE_APP"
&amp#27;[35m[HTTP]&amp#27;[39m &amp#27;[37m<-- GET /wd/hub/session/bf540858-b87c-41a8-a728-b6d33a4f5b2f/context &amp#27;[39m&amp#27;[32m200&amp#27;[39m &amp#27;[90m2 ms - 22&amp#27;[39m
&amp#27;[35m[HTTP]&amp#27;[39m &amp#27;[90m&amp#27;[39m
&amp#27;[35m[HTTP]&amp#27;[39m &amp#27;[37m-->&amp#27;[39m &amp#27;[37mPOST&amp#27;[39m &amp#27;[37m/wd/hub/session/bf540858-b87c-41a8-a728-b6d33a4f5b2f/element&amp#27;[39m
&amp#27;[35m[HTTP]&amp#27;[39m &amp#27;[90m{"using":"id","value":"com.androidsample.generalstore:id/btnLetsShop"}&amp#27;[39m
[debug] &amp#27;[35m[W3C (bf540858)]&amp#27;[39m Calling AppiumDriver.findElement() with args: ["id","com.androidsample.generalstore:id/btnLetsShop","bf540858-b87c-41a8-a728-b6d33a4f5b2f"]
[debug] &amp#27;[35m[BaseDriver]&amp#27;[39m Valid locator strategies for this request: xpath, id, class name, accessibility id, -android uiautomator
[debug] &amp#27;[35m[BaseDriver]&amp#27;[39m Waiting up to 10000 ms for condition
[debug] &amp#27;[35m[WD Proxy]&amp#27;[39m Matched '/element' to command name 'findElement'
[debug] &amp#27;[35m[WD Proxy]&amp#27;[39m Proxying [POST /element] to [POST http://127.0.0.1:8200/wd/hub/session/431c0a09-5eae-45ff-8ee1-2a94613010da/element] with body: {"strategy":"id","selector":"com.androidsample.generalstore:id/btnLetsShop","context":"","multiple":false}
[debug] &amp#27;[35m[WD Proxy]&amp#27;[39m Got response with status 200: {"sessionId":"431c0a09-5eae-45ff-8ee1-2a94613010da","value":{"ELEMENT":"1793a11d-52e5-4fef-8dfd-ed5aa23a97c2","element-6066-11e4-a52e-4f735466cecf":"1793a11d-52e5-4fef-8dfd-ed5aa23a97c2"}}
[debug] &amp#27;[35m[W3C (bf540858)]&amp#27;[39m Responding to client with driver.findElement() result: {"element-6066-11e4-a52e-4f735466cecf":"1793a11d-52e5-4fef-8dfd-ed5aa23a97c2","ELEMENT":"1793a11d-52e5-4fef-8dfd-ed5aa23a97c2"}
&amp#27;[35m[HTTP]&amp#27;[39m &amp#27;[37m<-- POST /wd/hub/session/bf540858-b87c-41a8-a728-b6d33a4f5b2f/element &amp#27;[39m&amp#27;[32m200&amp#27;[39m &amp#27;[90m496 ms - 137&amp#27;[39m
&amp#27;[35m[HTTP]&amp#27;[39m &amp#27;[90m&amp#27;[39m
&amp#27;[35m[HTTP]&amp#27;[39m &amp#27;[37m-->&amp#27;[39m &amp#27;[37mPOST&amp#27;[39m &amp#27;[37m/wd/hub/session/bf540858-b87c-41a8-a728-b6d33a4f5b2f/element/1793a11d-52e5-4fef-8dfd-ed5aa23a97c2/click&amp#27;[39m
&amp#27;[35m[HTTP]&amp#27;[39m &amp#27;[90m{"id":"1793a11d-52e5-4fef-8dfd-ed5aa23a97c2"}&amp#27;[39m
[debug] &amp#27;[35m[W3C (bf540858)]&amp#27;[39m Calling AppiumDriver.click() with args: ["1793a11d-52e5-4fef-8dfd-ed5aa23a97c2","bf540858-b87c-41a8-a728-b6d33a4f5b2f"]
[debug] &amp#27;[35m[WD Proxy]&amp#27;[39m Matched '/element/1793a11d-52e5-4fef-8dfd-ed5aa23a97c2/click' to command name 'click'
[debug] &amp#27;[35m[WD Proxy]&amp#27;[39m Proxying [POST /element/1793a11d-52e5-4fef-8dfd-ed5aa23a97c2/click] to [POST http://127.0.0.1:8200/wd/hub/session/431c0a09-5eae-45ff-8ee1-2a94613010da/element/1793a11d-52e5-4fef-8dfd-ed5aa23a97c2/click] with body: {"element":"1793a11d-52e5-4fef-8dfd-ed5aa23a97c2"}
[debug] &amp#27;[35m[WD Proxy]&amp#27;[39m Got response with status 200: {"sessionId":"431c0a09-5eae-45ff-8ee1-2a94613010da","value":null}
[debug] &amp#27;[35m[W3C (bf540858)]&amp#27;[39m Responding to client with driver.click() result: null
&amp#27;[35m[HTTP]&amp#27;[39m &amp#27;[37m<-- POST /wd/hub/session/bf540858-b87c-41a8-a728-b6d33a4f5b2f/element/1793a11d-52e5-4fef-8dfd-ed5aa23a97c2/click &amp#27;[39m&amp#27;[32m200&amp#27;[39m &amp#27;[90m26 ms - 14&amp#27;[39m
&amp#27;[35m[HTTP]&amp#27;[39m &amp#27;[90m&amp#27;[39m
&amp#27;[35m[HTTP]&amp#27;[39m &amp#27;[37m-->&amp#27;[39m &amp#27;[37mGET&amp#27;[39m &amp#27;[37m/wd/hub/session/bf540858-b87c-41a8-a728-b6d33a4f5b2f/context&amp#27;[39m
&amp#27;[35m[HTTP]&amp#27;[39m &amp#27;[90m{}&amp#27;[39m
[debug] &amp#27;[35m[W3C (bf540858)]&amp#27;[39m Calling AppiumDriver.getCurrentContext() with args: ["bf540858-b87c-41a8-a728-b6d33a4f5b2f"]
[debug] &amp#27;[35m[W3C (bf540858)]&amp#27;[39m Responding to client with driver.getCurrentContext() result: "NATIVE_APP"
&amp#27;[35m[HTTP]&amp#27;[39m &amp#27;[37m<-- GET /wd/hub/session/bf540858-b87c-41a8-a728-b6d33a4f5b2f/context &amp#27;[39m&amp#27;[32m200&amp#27;[39m &amp#27;[90m2 ms - 22&amp#27;[39m
&amp#27;[35m[HTTP]&amp#27;[39m &amp#27;[90m&amp#27;[39m
&amp#27;[35m[HTTP]&amp#27;[39m &amp#27;[37m-->&amp#27;[39m &amp#27;[37mPOST&amp#27;[39m &amp#27;[37m/wd/hub/session/bf540858-b87c-41a8-a728-b6d33a4f5b2f/element&amp#27;[39m
&amp#27;[35m[HTTP]&amp#27;[39m &amp#27;[90m{"using":"xpath","value":"//android.widget.Toast[1]"}&amp#27;[39m
[debug] &amp#27;[35m[W3C (bf540858)]&amp#27;[39m Calling AppiumDriver.findElement() with args: ["xpath","//android.widget.Toast[1]","bf540858-b87c-41a8-a728-b6d33a4f5b2f"]
[debug] &amp#27;[35m[BaseDriver]&amp#27;[39m Valid locator strategies for this request: xpath, id, class name, accessibility id, -android uiautomator
[debug] &amp#27;[35m[BaseDriver]&amp#27;[39m Waiting up to 10000 ms for condition
[debug] &amp#27;[35m[WD Proxy]&amp#27;[39m Matched '/element' to command name 'findElement'
[debug] &amp#27;[35m[WD Proxy]&amp#27;[39m Proxying [POST /element] to [POST http://127.0.0.1:8200/wd/hub/session/431c0a09-5eae-45ff-8ee1-2a94613010da/element] with body: {"strategy":"xpath","selector":"//android.widget.Toast[1]","context":"","multiple":false}
[debug] &amp#27;[35m[WD Proxy]&amp#27;[39m Got response with status 200: {"sessionId":"431c0a09-5eae-45ff-8ee1-2a94613010da","value":{"ELEMENT":"2bed8187-5107-45bf-92a4-02cc8d5d20aa","element-6066-11e4-a52e-4f735466cecf":"2bed8187-5107-45bf-92a4-02cc8d5d20aa"}}
[debug] &amp#27;[35m[W3C (bf540858)]&amp#27;[39m Responding to client with driver.findElement() result: {"element-6066-11e4-a52e-4f735466cecf":"2bed8187-5107-45bf-92a4-02cc8d5d20aa","ELEMENT":"2bed8187-5107-45bf-92a4-02cc8d5d20aa"}
&amp#27;[35m[HTTP]&amp#27;[39m &amp#27;[37m<-- POST /wd/hub/session/bf540858-b87c-41a8-a728-b6d33a4f5b2f/element &amp#27;[39m&amp#27;[32m200&amp#27;[39m &amp#27;[90m159 ms - 137&amp#27;[39m
&amp#27;[35m[HTTP]&amp#27;[39m &amp#27;[90m&amp#27;[39m
&amp#27;[35m[HTTP]&amp#27;[39m &amp#27;[37m-->&amp#27;[39m &amp#27;[37mGET&amp#27;[39m &amp#27;[37m/wd/hub/session/bf540858-b87c-41a8-a728-b6d33a4f5b2f/element/2bed8187-5107-45bf-92a4-02cc8d5d20aa/attribute/name&amp#27;[39m
&amp#27;[35m[HTTP]&amp#27;[39m &amp#27;[90m{}&amp#27;[39m
[debug] &amp#27;[35m[W3C (bf540858)]&amp#27;[39m Calling AppiumDriver.getAttribute() with args: ["name","2bed8187-5107-45bf-92a4-02cc8d5d20aa","bf540858-b87c-41a8-a728-b6d33a4f5b2f"]
[debug] &amp#27;[35m[WD Proxy]&amp#27;[39m Matched '/element/2bed8187-5107-45bf-92a4-02cc8d5d20aa/attribute/name' to command name 'getAttribute'
[debug] &amp#27;[35m[WD Proxy]&amp#27;[39m Proxying [GET /element/2bed8187-5107-45bf-92a4-02cc8d5d20aa/attribute/name] to [GET http://127.0.0.1:8200/wd/hub/session/431c0a09-5eae-45ff-8ee1-2a94613010da/element/2bed8187-5107-45bf-92a4-02cc8d5d20aa/attribute/name] with body: {}
[debug] &amp#27;[35m[WD Proxy]&amp#27;[39m Got response with status 200: {"sessionId":"431c0a09-5eae-45ff-8ee1-2a94613010da","value":"Please enter your name"}
[debug] &amp#27;[35m[W3C (bf540858)]&amp#27;[39m Responding to client with driver.getAttribute() result: "Please enter your name"
&amp#27;[35m[HTTP]&amp#27;[39m &amp#27;[37m<-- GET /wd/hub/session/bf540858-b87c-41a8-a728-b6d33a4f5b2f/element/2bed8187-5107-45bf-92a4-02cc8d5d20aa/attribute/name &amp#27;[39m&amp#27;[32m200&amp#27;[39m &amp#27;[90m458 ms - 34&amp#27;[39m
&amp#27;[35m[HTTP]&amp#27;[39m &amp#27;[90m&amp#27;[39m
&amp#27;[35m[HTTP]&amp#27;[39m &amp#27;[37m-->&amp#27;[39m &amp#27;[37mGET&amp#27;[39m &amp#27;[37m/wd/hub/session/bf540858-b87c-41a8-a728-b6d33a4f5b2f/context&amp#27;[39m
&amp#27;[35m[HTTP]&amp#27;[39m &amp#27;[90m{}&amp#27;[39m
[debug] &amp#27;[35m[W3C (bf540858)]&amp#27;[39m Calling AppiumDriver.getCurrentContext() with args: ["bf540858-b87c-41a8-a728-b6d33a4f5b2f"]
[debug] &amp#27;[35m[W3C (bf540858)]&amp#27;[39m Responding to client with driver.getCurrentContext() result: "NATIVE_APP"
&amp#27;[35m[HTTP]&amp#27;[39m &amp#27;[37m<-- GET /wd/hub/session/bf540858-b87c-41a8-a728-b6d33a4f5b2f/context &amp#27;[39m&amp#27;[32m200&amp#27;[39m &amp#27;[90m2 ms - 22&amp#27;[39m
&amp#27;[35m[HTTP]&amp#27;[39m &amp#27;[90m&amp#27;[39m
&amp#27;[35m[HTTP]&amp#27;[39m &amp#27;[37m-->&amp#27;[39m &amp#27;[37mPOST&amp#27;[39m &amp#27;[37m/wd/hub/session/bf540858-b87c-41a8-a728-b6d33a4f5b2f/element&amp#27;[39m
&amp#27;[35m[HTTP]&amp#27;[39m &amp#27;[90m{"using":"id","value":"com.androidsample.generalstore:id/nameField"}&amp#27;[39m
[debug] &amp#27;[35m[W3C (bf540858)]&amp#27;[39m Calling AppiumDriver.findElement() with args: ["id","com.androidsample.generalstore:id/nameField","bf540858-b87c-41a8-a728-b6d33a4f5b2f"]
[debug] &amp#27;[35m[BaseDriver]&amp#27;[39m Valid locator strategies for this request: xpath, id, class name, accessibility id, -android uiautomator
[debug] &amp#27;[35m[BaseDriver]&amp#27;[39m Waiting up to 10000 ms for condition
[debug] &amp#27;[35m[WD Proxy]&amp#27;[39m Matched '/element' to command name 'findElement'
[debug] &amp#27;[35m[WD Proxy]&amp#27;[39m Proxying [POST /element] to [POST http://127.0.0.1:8200/wd/hub/session/431c0a09-5eae-45ff-8ee1-2a94613010da/element] with body: {"strategy":"id","selector":"com.androidsample.generalstore:id/nameField","context":"","multiple":false}
[debug] &amp#27;[35m[WD Proxy]&amp#27;[39m Got response with status 200: {"sessionId":"431c0a09-5eae-45ff-8ee1-2a94613010da","value":{"ELEMENT":"cad351ea-97a2-4fe5-8dce-7f71aee44450","element-6066-11e4-a52e-4f735466cecf":"cad351ea-97a2-4fe5-8dce-7f71aee44450"}}
[debug] &amp#27;[35m[W3C (bf540858)]&amp#27;[39m Responding to client with driver.findElement() result: {"element-6066-11e4-a52e-4f735466cecf":"cad351ea-97a2-4fe5-8dce-7f71aee44450","ELEMENT":"cad351ea-97a2-4fe5-8dce-7f71aee44450"}
&amp#27;[35m[HTTP]&amp#27;[39m &amp#27;[37m<-- POST /wd/hub/session/bf540858-b87c-41a8-a728-b6d33a4f5b2f/element &amp#27;[39m&amp#27;[32m200&amp#27;[39m &amp#27;[90m18 ms - 137&amp#27;[39m
&amp#27;[35m[HTTP]&amp#27;[39m &amp#27;[90m&amp#27;[39m
&amp#27;[35m[HTTP]&amp#27;[39m &amp#27;[37m-->&amp#27;[39m &amp#27;[37mPOST&amp#27;[39m &amp#27;[37m/wd/hub/session/bf540858-b87c-41a8-a728-b6d33a4f5b2f/element/cad351ea-97a2-4fe5-8dce-7f71aee44450/value&amp#27;[39m
&amp#27;[35m[HTTP]&amp#27;[39m &amp#27;[90m{"id":"cad351ea-97a2-4fe5-8dce-7f71aee44450","text":"Joe","value":["J","o","e"]}&amp#27;[39m
[debug] &amp#27;[35m[W3C (bf540858)]&amp#27;[39m Calling AppiumDriver.setValue() with args: [["J","o","e"],"cad351ea-97a2-4fe5-8dce-7f71aee44450","bf540858-b87c-41a8-a728-b6d33a4f5b2f"]
[debug] &amp#27;[35m[WD Proxy]&amp#27;[39m Matched '/element/cad351ea-97a2-4fe5-8dce-7f71aee44450/value' to command name 'setValue'
[debug] &amp#27;[35m[Protocol Converter]&amp#27;[39m Added 'value' property ["J","o","e"] to 'setValue' request body
[debug] &amp#27;[35m[WD Proxy]&amp#27;[39m Proxying [POST /element/cad351ea-97a2-4fe5-8dce-7f71aee44450/value] to [POST http://127.0.0.1:8200/wd/hub/session/431c0a09-5eae-45ff-8ee1-2a94613010da/element/cad351ea-97a2-4fe5-8dce-7f71aee44450/value] with body: {"elementId":"cad351ea-97a2-4fe5-8dce-7f71aee44450","text":"Joe","replace":false,"value":["J","o","e"]}
[debug] &amp#27;[35m[WD Proxy]&amp#27;[39m Got response with status 200: {"sessionId":"431c0a09-5eae-45ff-8ee1-2a94613010da","value":null}
[debug] &amp#27;[35m[W3C (bf540858)]&amp#27;[39m Responding to client with driver.setValue() result: null
&amp#27;[35m[HTTP]&amp#27;[39m &amp#27;[37m<-- POST /wd/hub/session/bf540858-b87c-41a8-a728-b6d33a4f5b2f/element/cad351ea-97a2-4fe5-8dce-7f71aee44450/value &amp#27;[39m&amp#27;[32m200&amp#27;[39m &amp#27;[90m531 ms - 14&amp#27;[39m
&amp#27;[35m[HTTP]&amp#27;[39m &amp#27;[90m&amp#27;[39m
]]></system-out>
  </testcase>
  <testcase name="login[Let&apos;s  Shop](1)" classname="test.AppiumFramework.HomeTest" time="2.638">
    <system-out><![CDATA[&amp#27;[35m[HTTP]&amp#27;[39m &amp#27;[37m-->&amp#27;[39m &amp#27;[37mGET&amp#27;[39m &amp#27;[37m/wd/hub/session/bf540858-b87c-41a8-a728-b6d33a4f5b2f/context&amp#27;[39m
&amp#27;[35m[HTTP]&amp#27;[39m &amp#27;[90m{}&amp#27;[39m
[debug] &amp#27;[35m[W3C (bf540858)]&amp#27;[39m Calling AppiumDriver.getCurrentContext() with args: ["bf540858-b87c-41a8-a728-b6d33a4f5b2f"]
[debug] &amp#27;[35m[W3C (bf540858)]&amp#27;[39m Responding to client with driver.getCurrentContext() result: "NATIVE_APP"
&amp#27;[35m[HTTP]&amp#27;[39m &amp#27;[37m<-- GET /wd/hub/session/bf540858-b87c-41a8-a728-b6d33a4f5b2f/context &amp#27;[39m&amp#27;[32m200&amp#27;[39m &amp#27;[90m5 ms - 22&amp#27;[39m
&amp#27;[35m[HTTP]&amp#27;[39m &amp#27;[90m&amp#27;[39m
&amp#27;[35m[HTTP]&amp#27;[39m &amp#27;[37m-->&amp#27;[39m &amp#27;[37mPOST&amp#27;[39m &amp#27;[37m/wd/hub/session/bf540858-b87c-41a8-a728-b6d33a4f5b2f/element&amp#27;[39m
&amp#27;[35m[HTTP]&amp#27;[39m &amp#27;[90m{"using":"id","value":"com.androidsample.generalstore:id/btnLetsShop"}&amp#27;[39m
[debug] &amp#27;[35m[W3C (bf540858)]&amp#27;[39m Calling AppiumDriver.findElement() with args: ["id","com.androidsample.generalstore:id/btnLetsShop","bf540858-b87c-41a8-a728-b6d33a4f5b2f"]
[debug] &amp#27;[35m[BaseDriver]&amp#27;[39m Valid locator strategies for this request: xpath, id, class name, accessibility id, -android uiautomator
[debug] &amp#27;[35m[BaseDriver]&amp#27;[39m Waiting up to 10000 ms for condition
[debug] &amp#27;[35m[WD Proxy]&amp#27;[39m Matched '/element' to command name 'findElement'
[debug] &amp#27;[35m[WD Proxy]&amp#27;[39m Proxying [POST /element] to [POST http://127.0.0.1:8200/wd/hub/session/431c0a09-5eae-45ff-8ee1-2a94613010da/element] with body: {"strategy":"id","selector":"com.androidsample.generalstore:id/btnLetsShop","context":"","multiple":false}
[debug] &amp#27;[35m[WD Proxy]&amp#27;[39m Got response with status 200: {"sessionId":"431c0a09-5eae-45ff-8ee1-2a94613010da","value":{"ELEMENT":"7952cc1c-2e02-49ac-a3c4-ec45d22a68b5","element-6066-11e4-a52e-4f735466cecf":"7952cc1c-2e02-49ac-a3c4-ec45d22a68b5"}}
[debug] &amp#27;[35m[W3C (bf540858)]&amp#27;[39m Responding to client with driver.findElement() result: {"element-6066-11e4-a52e-4f735466cecf":"7952cc1c-2e02-49ac-a3c4-ec45d22a68b5","ELEMENT":"7952cc1c-2e02-49ac-a3c4-ec45d22a68b5"}
&amp#27;[35m[HTTP]&amp#27;[39m &amp#27;[37m<-- POST /wd/hub/session/bf540858-b87c-41a8-a728-b6d33a4f5b2f/element &amp#27;[39m&amp#27;[32m200&amp#27;[39m &amp#27;[90m492 ms - 137&amp#27;[39m
&amp#27;[35m[HTTP]&amp#27;[39m &amp#27;[90m&amp#27;[39m
&amp#27;[35m[HTTP]&amp#27;[39m &amp#27;[37m-->&amp#27;[39m &amp#27;[37mGET&amp#27;[39m &amp#27;[37m/wd/hub/session/bf540858-b87c-41a8-a728-b6d33a4f5b2f/element/7952cc1c-2e02-49ac-a3c4-ec45d22a68b5/displayed&amp#27;[39m
&amp#27;[35m[HTTP]&amp#27;[39m &amp#27;[90m{}&amp#27;[39m
[debug] &amp#27;[35m[W3C (bf540858)]&amp#27;[39m Calling AppiumDriver.elementDisplayed() with args: ["7952cc1c-2e02-49ac-a3c4-ec45d22a68b5","bf540858-b87c-41a8-a728-b6d33a4f5b2f"]
[debug] &amp#27;[35m[WD Proxy]&amp#27;[39m Matched '/element/7952cc1c-2e02-49ac-a3c4-ec45d22a68b5/attribute/displayed' to command name 'getAttribute'
[debug] &amp#27;[35m[WD Proxy]&amp#27;[39m Proxying [GET /element/7952cc1c-2e02-49ac-a3c4-ec45d22a68b5/attribute/displayed] to [GET http://127.0.0.1:8200/wd/hub/session/431c0a09-5eae-45ff-8ee1-2a94613010da/element/7952cc1c-2e02-49ac-a3c4-ec45d22a68b5/attribute/displayed] with body: {}
[debug] &amp#27;[35m[WD Proxy]&amp#27;[39m Got response with status 200: {"sessionId":"431c0a09-5eae-45ff-8ee1-2a94613010da","value":"true"}
[debug] &amp#27;[35m[W3C (bf540858)]&amp#27;[39m Responding to client with driver.elementDisplayed() result: true
&amp#27;[35m[HTTP]&amp#27;[39m &amp#27;[37m<-- GET /wd/hub/session/bf540858-b87c-41a8-a728-b6d33a4f5b2f/element/7952cc1c-2e02-49ac-a3c4-ec45d22a68b5/displayed &amp#27;[39m&amp#27;[32m200&amp#27;[39m &amp#27;[90m11 ms - 14&amp#27;[39m
&amp#27;[35m[HTTP]&amp#27;[39m &amp#27;[90m&amp#27;[39m
&amp#27;[35m[HTTP]&amp#27;[39m &amp#27;[37m-->&amp#27;[39m &amp#27;[37mGET&amp#27;[39m &amp#27;[37m/wd/hub/session/bf540858-b87c-41a8-a728-b6d33a4f5b2f/context&amp#27;[39m
&amp#27;[35m[HTTP]&amp#27;[39m &amp#27;[90m{}&amp#27;[39m
[debug] &amp#27;[35m[W3C (bf540858)]&amp#27;[39m Calling AppiumDriver.getCurrentContext() with args: ["bf540858-b87c-41a8-a728-b6d33a4f5b2f"]
[debug] &amp#27;[35m[W3C (bf540858)]&amp#27;[39m Responding to client with driver.getCurrentContext() result: "NATIVE_APP"
&amp#27;[35m[HTTP]&amp#27;[39m &amp#27;[37m<-- GET /wd/hub/session/bf540858-b87c-41a8-a728-b6d33a4f5b2f/context &amp#27;[39m&amp#27;[32m200&amp#27;[39m &amp#27;[90m2 ms - 22&amp#27;[39m
&amp#27;[35m[HTTP]&amp#27;[39m &amp#27;[90m&amp#27;[39m
&amp#27;[35m[HTTP]&amp#27;[39m &amp#27;[37m-->&amp#27;[39m &amp#27;[37mPOST&amp#27;[39m &amp#27;[37m/wd/hub/session/bf540858-b87c-41a8-a728-b6d33a4f5b2f/element&amp#27;[39m
&amp#27;[35m[HTTP]&amp#27;[39m &amp#27;[90m{"using":"id","value":"com.androidsample.generalstore:id/btnLetsShop"}&amp#27;[39m
[debug] &amp#27;[35m[W3C (bf540858)]&amp#27;[39m Calling AppiumDriver.findElement() with args: ["id","com.androidsample.generalstore:id/btnLetsShop","bf540858-b87c-41a8-a728-b6d33a4f5b2f"]
[debug] &amp#27;[35m[BaseDriver]&amp#27;[39m Valid locator strategies for this request: xpath, id, class name, accessibility id, -android uiautomator
[debug] &amp#27;[35m[BaseDriver]&amp#27;[39m Waiting up to 10000 ms for condition
[debug] &amp#27;[35m[WD Proxy]&amp#27;[39m Matched '/element' to command name 'findElement'
[debug] &amp#27;[35m[WD Proxy]&amp#27;[39m Proxying [POST /element] to [POST http://127.0.0.1:8200/wd/hub/session/431c0a09-5eae-45ff-8ee1-2a94613010da/element] with body: {"strategy":"id","selector":"com.androidsample.generalstore:id/btnLetsShop","context":"","multiple":false}
[debug] &amp#27;[35m[WD Proxy]&amp#27;[39m Got response with status 200: {"sessionId":"431c0a09-5eae-45ff-8ee1-2a94613010da","value":{"ELEMENT":"6a64f33e-542b-4a25-8ecf-13445027add5","element-6066-11e4-a52e-4f735466cecf":"6a64f33e-542b-4a25-8ecf-13445027add5"}}
[debug] &amp#27;[35m[W3C (bf540858)]&amp#27;[39m Responding to client with driver.findElement() result: {"element-6066-11e4-a52e-4f735466cecf":"6a64f33e-542b-4a25-8ecf-13445027add5","ELEMENT":"6a64f33e-542b-4a25-8ecf-13445027add5"}
&amp#27;[35m[HTTP]&amp#27;[39m &amp#27;[37m<-- POST /wd/hub/session/bf540858-b87c-41a8-a728-b6d33a4f5b2f/element &amp#27;[39m&amp#27;[32m200&amp#27;[39m &amp#27;[90m18 ms - 137&amp#27;[39m
&amp#27;[35m[HTTP]&amp#27;[39m &amp#27;[90m&amp#27;[39m
&amp#27;[35m[HTTP]&amp#27;[39m &amp#27;[37m-->&amp#27;[39m &amp#27;[37mGET&amp#27;[39m &amp#27;[37m/wd/hub/session/bf540858-b87c-41a8-a728-b6d33a4f5b2f/element/6a64f33e-542b-4a25-8ecf-13445027add5/enabled&amp#27;[39m
&amp#27;[35m[HTTP]&amp#27;[39m &amp#27;[90m{}&amp#27;[39m
[debug] &amp#27;[35m[W3C (bf540858)]&amp#27;[39m Calling AppiumDriver.elementEnabled() with args: ["6a64f33e-542b-4a25-8ecf-13445027add5","bf540858-b87c-41a8-a728-b6d33a4f5b2f"]
[debug] &amp#27;[35m[WD Proxy]&amp#27;[39m Matched '/element/6a64f33e-542b-4a25-8ecf-13445027add5/attribute/enabled' to command name 'getAttribute'
[debug] &amp#27;[35m[WD Proxy]&amp#27;[39m Proxying [GET /element/6a64f33e-542b-4a25-8ecf-13445027add5/attribute/enabled] to [GET http://127.0.0.1:8200/wd/hub/session/431c0a09-5eae-45ff-8ee1-2a94613010da/element/6a64f33e-542b-4a25-8ecf-13445027add5/attribute/enabled] with body: {}
[debug] &amp#27;[35m[WD Proxy]&amp#27;[39m Got response with status 200: {"sessionId":"431c0a09-5eae-45ff-8ee1-2a94613010da","value":"true"}
[debug] &amp#27;[35m[W3C (bf540858)]&amp#27;[39m Responding to client with driver.elementEnabled() result: true
&amp#27;[35m[HTTP]&amp#27;[39m &amp#27;[37m<-- GET /wd/hub/session/bf540858-b87c-41a8-a728-b6d33a4f5b2f/element/6a64f33e-542b-4a25-8ecf-13445027add5/enabled &amp#27;[39m&amp#27;[32m200&amp#27;[39m &amp#27;[90m11 ms - 14&amp#27;[39m
&amp#27;[35m[HTTP]&amp#27;[39m &amp#27;[90m&amp#27;[39m
&amp#27;[35m[HTTP]&amp#27;[39m &amp#27;[37m-->&amp#27;[39m &amp#27;[37mGET&amp#27;[39m &amp#27;[37m/wd/hub/session/bf540858-b87c-41a8-a728-b6d33a4f5b2f/context&amp#27;[39m
&amp#27;[35m[HTTP]&amp#27;[39m &amp#27;[90m{}&amp#27;[39m
[debug] &amp#27;[35m[W3C (bf540858)]&amp#27;[39m Calling AppiumDriver.getCurrentContext() with args: ["bf540858-b87c-41a8-a728-b6d33a4f5b2f"]
[debug] &amp#27;[35m[W3C (bf540858)]&amp#27;[39m Responding to client with driver.getCurrentContext() result: "NATIVE_APP"
&amp#27;[35m[HTTP]&amp#27;[39m &amp#27;[37m<-- GET /wd/hub/session/bf540858-b87c-41a8-a728-b6d33a4f5b2f/context &amp#27;[39m&amp#27;[32m200&amp#27;[39m &amp#27;[90m1 ms - 22&amp#27;[39m
&amp#27;[35m[HTTP]&amp#27;[39m &amp#27;[90m&amp#27;[39m
&amp#27;[35m[HTTP]&amp#27;[39m &amp#27;[37m-->&amp#27;[39m &amp#27;[37mPOST&amp#27;[39m &amp#27;[37m/wd/hub/session/bf540858-b87c-41a8-a728-b6d33a4f5b2f/element&amp#27;[39m
&amp#27;[35m[HTTP]&amp#27;[39m &amp#27;[90m{"using":"id","value":"com.androidsample.generalstore:id/btnLetsShop"}&amp#27;[39m
[debug] &amp#27;[35m[W3C (bf540858)]&amp#27;[39m Calling AppiumDriver.findElement() with args: ["id","com.androidsample.generalstore:id/btnLetsShop","bf540858-b87c-41a8-a728-b6d33a4f5b2f"]
[debug] &amp#27;[35m[BaseDriver]&amp#27;[39m Valid locator strategies for this request: xpath, id, class name, accessibility id, -android uiautomator
[debug] &amp#27;[35m[BaseDriver]&amp#27;[39m Waiting up to 10000 ms for condition
[debug] &amp#27;[35m[WD Proxy]&amp#27;[39m Matched '/element' to command name 'findElement'
[debug] &amp#27;[35m[WD Proxy]&amp#27;[39m Proxying [POST /element] to [POST http://127.0.0.1:8200/wd/hub/session/431c0a09-5eae-45ff-8ee1-2a94613010da/element] with body: {"strategy":"id","selector":"com.androidsample.generalstore:id/btnLetsShop","context":"","multiple":false}
[debug] &amp#27;[35m[WD Proxy]&amp#27;[39m Got response with status 200: {"sessionId":"431c0a09-5eae-45ff-8ee1-2a94613010da","value":{"ELEMENT":"09f7ee32-893b-46c6-8f44-1ceaca69fd80","element-6066-11e4-a52e-4f735466cecf":"09f7ee32-893b-46c6-8f44-1ceaca69fd80"}}
[debug] &amp#27;[35m[W3C (bf540858)]&amp#27;[39m Responding to client with driver.findElement() result: {"element-6066-11e4-a52e-4f735466cecf":"09f7ee32-893b-46c6-8f44-1ceaca69fd80","ELEMENT":"09f7ee32-893b-46c6-8f44-1ceaca69fd80"}
&amp#27;[35m[HTTP]&amp#27;[39m &amp#27;[37m<-- POST /wd/hub/session/bf540858-b87c-41a8-a728-b6d33a4f5b2f/element &amp#27;[39m&amp#27;[32m200&amp#27;[39m &amp#27;[90m16 ms - 137&amp#27;[39m
&amp#27;[35m[HTTP]&amp#27;[39m &amp#27;[90m&amp#27;[39m
&amp#27;[35m[HTTP]&amp#27;[39m &amp#27;[37m-->&amp#27;[39m &amp#27;[37mGET&amp#27;[39m &amp#27;[37m/wd/hub/session/bf540858-b87c-41a8-a728-b6d33a4f5b2f/element/09f7ee32-893b-46c6-8f44-1ceaca69fd80/text&amp#27;[39m
&amp#27;[35m[HTTP]&amp#27;[39m &amp#27;[90m{}&amp#27;[39m
&amp#27;[35m[W3C (bf540858)]&amp#27;[39m Driver proxy active, passing request on via HTTP proxy
[debug] &amp#27;[35m[WD Proxy]&amp#27;[39m Matched '/wd/hub/session/bf540858-b87c-41a8-a728-b6d33a4f5b2f/element/09f7ee32-893b-46c6-8f44-1ceaca69fd80/text' to command name 'getText'
[debug] &amp#27;[35m[WD Proxy]&amp#27;[39m Proxying [GET /wd/hub/session/bf540858-b87c-41a8-a728-b6d33a4f5b2f/element/09f7ee32-893b-46c6-8f44-1ceaca69fd80/text] to [GET http://127.0.0.1:8200/wd/hub/session/431c0a09-5eae-45ff-8ee1-2a94613010da/element/09f7ee32-893b-46c6-8f44-1ceaca69fd80/text] with body: {}
[debug] &amp#27;[35m[WD Proxy]&amp#27;[39m Got response with status 200: {"sessionId":"431c0a09-5eae-45ff-8ee1-2a94613010da","value":"Let's  Shop"}
&amp#27;[35m[WD Proxy]&amp#27;[39m Replacing sessionId 431c0a09-5eae-45ff-8ee1-2a94613010da with bf540858-b87c-41a8-a728-b6d33a4f5b2f
&amp#27;[35m[HTTP]&amp#27;[39m &amp#27;[37m<-- GET /wd/hub/session/bf540858-b87c-41a8-a728-b6d33a4f5b2f/element/09f7ee32-893b-46c6-8f44-1ceaca69fd80/text &amp#27;[39m&amp#27;[32m200&amp#27;[39m &amp#27;[90m12 ms - 74&amp#27;[39m
&amp#27;[35m[HTTP]&amp#27;[39m &amp#27;[90m&amp#27;[39m
&amp#27;[35m[HTTP]&amp#27;[39m &amp#27;[37m-->&amp#27;[39m &amp#27;[37mGET&amp#27;[39m &amp#27;[37m/wd/hub/session/bf540858-b87c-41a8-a728-b6d33a4f5b2f/context&amp#27;[39m
&amp#27;[35m[HTTP]&amp#27;[39m &amp#27;[90m{}&amp#27;[39m
[debug] &amp#27;[35m[W3C (bf540858)]&amp#27;[39m Calling AppiumDriver.getCurrentContext() with args: ["bf540858-b87c-41a8-a728-b6d33a4f5b2f"]
[debug] &amp#27;[35m[W3C (bf540858)]&amp#27;[39m Responding to client with driver.getCurrentContext() result: "NATIVE_APP"
&amp#27;[35m[HTTP]&amp#27;[39m &amp#27;[37m<-- GET /wd/hub/session/bf540858-b87c-41a8-a728-b6d33a4f5b2f/context &amp#27;[39m&amp#27;[32m200&amp#27;[39m &amp#27;[90m2 ms - 22&amp#27;[39m
&amp#27;[35m[HTTP]&amp#27;[39m &amp#27;[90m&amp#27;[39m
&amp#27;[35m[HTTP]&amp#27;[39m &amp#27;[37m-->&amp#27;[39m &amp#27;[37mPOST&amp#27;[39m &amp#27;[37m/wd/hub/session/bf540858-b87c-41a8-a728-b6d33a4f5b2f/element&amp#27;[39m
&amp#27;[35m[HTTP]&amp#27;[39m &amp#27;[90m{"using":"id","value":"com.androidsample.generalstore:id/btnLetsShop"}&amp#27;[39m
[debug] &amp#27;[35m[W3C (bf540858)]&amp#27;[39m Calling AppiumDriver.findElement() with args: ["id","com.androidsample.generalstore:id/btnLetsShop","bf540858-b87c-41a8-a728-b6d33a4f5b2f"]
[debug] &amp#27;[35m[BaseDriver]&amp#27;[39m Valid locator strategies for this request: xpath, id, class name, accessibility id, -android uiautomator
[debug] &amp#27;[35m[BaseDriver]&amp#27;[39m Waiting up to 10000 ms for condition
[debug] &amp#27;[35m[WD Proxy]&amp#27;[39m Matched '/element' to command name 'findElement'
[debug] &amp#27;[35m[WD Proxy]&amp#27;[39m Proxying [POST /element] to [POST http://127.0.0.1:8200/wd/hub/session/431c0a09-5eae-45ff-8ee1-2a94613010da/element] with body: {"strategy":"id","selector":"com.androidsample.generalstore:id/btnLetsShop","context":"","multiple":false}
[debug] &amp#27;[35m[WD Proxy]&amp#27;[39m Got response with status 200: {"sessionId":"431c0a09-5eae-45ff-8ee1-2a94613010da","value":{"ELEMENT":"52fb2699-7c43-49e3-b832-cd20d867baa4","element-6066-11e4-a52e-4f735466cecf":"52fb2699-7c43-49e3-b832-cd20d867baa4"}}
[debug] &amp#27;[35m[W3C (bf540858)]&amp#27;[39m Responding to client with driver.findElement() result: {"element-6066-11e4-a52e-4f735466cecf":"52fb2699-7c43-49e3-b832-cd20d867baa4","ELEMENT":"52fb2699-7c43-49e3-b832-cd20d867baa4"}
&amp#27;[35m[HTTP]&amp#27;[39m &amp#27;[37m<-- POST /wd/hub/session/bf540858-b87c-41a8-a728-b6d33a4f5b2f/element &amp#27;[39m&amp#27;[32m200&amp#27;[39m &amp#27;[90m17 ms - 137&amp#27;[39m
&amp#27;[35m[HTTP]&amp#27;[39m &amp#27;[90m&amp#27;[39m
&amp#27;[35m[HTTP]&amp#27;[39m &amp#27;[37m-->&amp#27;[39m &amp#27;[37mPOST&amp#27;[39m &amp#27;[37m/wd/hub/session/bf540858-b87c-41a8-a728-b6d33a4f5b2f/element/52fb2699-7c43-49e3-b832-cd20d867baa4/click&amp#27;[39m
&amp#27;[35m[HTTP]&amp#27;[39m &amp#27;[90m{"id":"52fb2699-7c43-49e3-b832-cd20d867baa4"}&amp#27;[39m
[debug] &amp#27;[35m[W3C (bf540858)]&amp#27;[39m Calling AppiumDriver.click() with args: ["52fb2699-7c43-49e3-b832-cd20d867baa4","bf540858-b87c-41a8-a728-b6d33a4f5b2f"]
[debug] &amp#27;[35m[WD Proxy]&amp#27;[39m Matched '/element/52fb2699-7c43-49e3-b832-cd20d867baa4/click' to command name 'click'
[debug] &amp#27;[35m[WD Proxy]&amp#27;[39m Proxying [POST /element/52fb2699-7c43-49e3-b832-cd20d867baa4/click] to [POST http://127.0.0.1:8200/wd/hub/session/431c0a09-5eae-45ff-8ee1-2a94613010da/element/52fb2699-7c43-49e3-b832-cd20d867baa4/click] with body: {"element":"52fb2699-7c43-49e3-b832-cd20d867baa4"}
[debug] &amp#27;[35m[WD Proxy]&amp#27;[39m Got response with status 200: {"sessionId":"431c0a09-5eae-45ff-8ee1-2a94613010da","value":null}
[debug] &amp#27;[35m[W3C (bf540858)]&amp#27;[39m Responding to client with driver.click() result: null
&amp#27;[35m[HTTP]&amp#27;[39m &amp#27;[37m<-- POST /wd/hub/session/bf540858-b87c-41a8-a728-b6d33a4f5b2f/element/52fb2699-7c43-49e3-b832-cd20d867baa4/click &amp#27;[39m&amp#27;[32m200&amp#27;[39m &amp#27;[90m22 ms - 14&amp#27;[39m
&amp#27;[35m[HTTP]&amp#27;[39m &amp#27;[90m&amp#27;[39m
]]></system-out>
  </testcase>
  <testcase name="productsPage[Products](1)" classname="test.AppiumFramework.ProductsTest" time="0.7">
    <system-out><![CDATA[&amp#27;[35m[HTTP]&amp#27;[39m &amp#27;[37m-->&amp#27;[39m &amp#27;[37mGET&amp#27;[39m &amp#27;[37m/wd/hub/session/bf540858-b87c-41a8-a728-b6d33a4f5b2f/context&amp#27;[39m
&amp#27;[35m[HTTP]&amp#27;[39m &amp#27;[90m{}&amp#27;[39m
[debug] &amp#27;[35m[W3C (bf540858)]&amp#27;[39m Calling AppiumDriver.getCurrentContext() with args: ["bf540858-b87c-41a8-a728-b6d33a4f5b2f"]
[debug] &amp#27;[35m[W3C (bf540858)]&amp#27;[39m Responding to client with driver.getCurrentContext() result: "NATIVE_APP"
&amp#27;[35m[HTTP]&amp#27;[39m &amp#27;[37m<-- GET /wd/hub/session/bf540858-b87c-41a8-a728-b6d33a4f5b2f/context &amp#27;[39m&amp#27;[32m200&amp#27;[39m &amp#27;[90m1 ms - 22&amp#27;[39m
&amp#27;[35m[HTTP]&amp#27;[39m &amp#27;[90m&amp#27;[39m
&amp#27;[35m[HTTP]&amp#27;[39m &amp#27;[37m-->&amp#27;[39m &amp#27;[37mPOST&amp#27;[39m &amp#27;[37m/wd/hub/session/bf540858-b87c-41a8-a728-b6d33a4f5b2f/element&amp#27;[39m
&amp#27;[35m[HTTP]&amp#27;[39m &amp#27;[90m{"using":"id","value":"com.androidsample.generalstore:id/toolbar_title"}&amp#27;[39m
[debug] &amp#27;[35m[W3C (bf540858)]&amp#27;[39m Calling AppiumDriver.findElement() with args: ["id","com.androidsample.generalstore:id/toolbar_title","bf540858-b87c-41a8-a728-b6d33a4f5b2f"]
[debug] &amp#27;[35m[BaseDriver]&amp#27;[39m Valid locator strategies for this request: xpath, id, class name, accessibility id, -android uiautomator
[debug] &amp#27;[35m[BaseDriver]&amp#27;[39m Waiting up to 10000 ms for condition
[debug] &amp#27;[35m[WD Proxy]&amp#27;[39m Matched '/element' to command name 'findElement'
[debug] &amp#27;[35m[WD Proxy]&amp#27;[39m Proxying [POST /element] to [POST http://127.0.0.1:8200/wd/hub/session/431c0a09-5eae-45ff-8ee1-2a94613010da/element] with body: {"strategy":"id","selector":"com.androidsample.generalstore:id/toolbar_title","context":"","multiple":false}
[debug] &amp#27;[35m[WD Proxy]&amp#27;[39m Got response with status 200: {"sessionId":"431c0a09-5eae-45ff-8ee1-2a94613010da","value":{"ELEMENT":"7a882343-2f97-4232-888d-df696a441500","element-6066-11e4-a52e-4f735466cecf":"7a882343-2f97-4232-888d-df696a441500"}}
[debug] &amp#27;[35m[W3C (bf540858)]&amp#27;[39m Responding to client with driver.findElement() result: {"element-6066-11e4-a52e-4f735466cecf":"7a882343-2f97-4232-888d-df696a441500","ELEMENT":"7a882343-2f97-4232-888d-df696a441500"}
&amp#27;[35m[HTTP]&amp#27;[39m &amp#27;[37m<-- POST /wd/hub/session/bf540858-b87c-41a8-a728-b6d33a4f5b2f/element &amp#27;[39m&amp#27;[32m200&amp#27;[39m &amp#27;[90m27 ms - 137&amp#27;[39m
&amp#27;[35m[HTTP]&amp#27;[39m &amp#27;[90m&amp#27;[39m
&amp#27;[35m[HTTP]&amp#27;[39m &amp#27;[37m-->&amp#27;[39m &amp#27;[37mGET&amp#27;[39m &amp#27;[37m/wd/hub/session/bf540858-b87c-41a8-a728-b6d33a4f5b2f/element/7a882343-2f97-4232-888d-df696a441500/text&amp#27;[39m
&amp#27;[35m[HTTP]&amp#27;[39m &amp#27;[90m{}&amp#27;[39m
&amp#27;[35m[W3C (bf540858)]&amp#27;[39m Driver proxy active, passing request on via HTTP proxy
[debug] &amp#27;[35m[WD Proxy]&amp#27;[39m Matched '/wd/hub/session/bf540858-b87c-41a8-a728-b6d33a4f5b2f/element/7a882343-2f97-4232-888d-df696a441500/text' to command name 'getText'
[debug] &amp#27;[35m[WD Proxy]&amp#27;[39m Proxying [GET /wd/hub/session/bf540858-b87c-41a8-a728-b6d33a4f5b2f/element/7a882343-2f97-4232-888d-df696a441500/text] to [GET http://127.0.0.1:8200/wd/hub/session/431c0a09-5eae-45ff-8ee1-2a94613010da/element/7a882343-2f97-4232-888d-df696a441500/text] with body: {}
[debug] &amp#27;[35m[WD Proxy]&amp#27;[39m Got response with status 200: {"sessionId":"431c0a09-5eae-45ff-8ee1-2a94613010da","value":"Products"}
&amp#27;[35m[WD Proxy]&amp#27;[39m Replacing sessionId 431c0a09-5eae-45ff-8ee1-2a94613010da with bf540858-b87c-41a8-a728-b6d33a4f5b2f
&amp#27;[35m[HTTP]&amp#27;[39m &amp#27;[37m<-- GET /wd/hub/session/bf540858-b87c-41a8-a728-b6d33a4f5b2f/element/7a882343-2f97-4232-888d-df696a441500/text &amp#27;[39m&amp#27;[32m200&amp#27;[39m &amp#27;[90m15 ms - 71&amp#27;[39m
&amp#27;[35m[HTTP]&amp#27;[39m &amp#27;[90m&amp#27;[39m
&amp#27;[35m[HTTP]&amp#27;[39m &amp#27;[37m-->&amp#27;[39m &amp#27;[37mGET&amp#27;[39m &amp#27;[37m/wd/hub/session/bf540858-b87c-41a8-a728-b6d33a4f5b2f/context&amp#27;[39m
&amp#27;[35m[HTTP]&amp#27;[39m &amp#27;[90m{}&amp#27;[39m
[debug] &amp#27;[35m[W3C (bf540858)]&amp#27;[39m Calling AppiumDriver.getCurrentContext() with args: ["bf540858-b87c-41a8-a728-b6d33a4f5b2f"]
[debug] &amp#27;[35m[W3C (bf540858)]&amp#27;[39m Responding to client with driver.getCurrentContext() result: "NATIVE_APP"
&amp#27;[35m[HTTP]&amp#27;[39m &amp#27;[37m<-- GET /wd/hub/session/bf540858-b87c-41a8-a728-b6d33a4f5b2f/context &amp#27;[39m&amp#27;[32m200&amp#27;[39m &amp#27;[90m2 ms - 22&amp#27;[39m
&amp#27;[35m[HTTP]&amp#27;[39m &amp#27;[90m&amp#27;[39m
&amp#27;[35m[HTTP]&amp#27;[39m &amp#27;[37m-->&amp#27;[39m &amp#27;[37mPOST&amp#27;[39m &amp#27;[37m/wd/hub/session/bf540858-b87c-41a8-a728-b6d33a4f5b2f/element&amp#27;[39m
&amp#27;[35m[HTTP]&amp#27;[39m &amp#27;[90m{"using":"id","value":"com.androidsample.generalstore:id/appbar_btn_cart"}&amp#27;[39m
[debug] &amp#27;[35m[W3C (bf540858)]&amp#27;[39m Calling AppiumDriver.findElement() with args: ["id","com.androidsample.generalstore:id/appbar_btn_cart","bf540858-b87c-41a8-a728-b6d33a4f5b2f"]
[debug] &amp#27;[35m[BaseDriver]&amp#27;[39m Valid locator strategies for this request: xpath, id, class name, accessibility id, -android uiautomator
[debug] &amp#27;[35m[BaseDriver]&amp#27;[39m Waiting up to 10000 ms for condition
[debug] &amp#27;[35m[WD Proxy]&amp#27;[39m Matched '/element' to command name 'findElement'
[debug] &amp#27;[35m[WD Proxy]&amp#27;[39m Proxying [POST /element] to [POST http://127.0.0.1:8200/wd/hub/session/431c0a09-5eae-45ff-8ee1-2a94613010da/element] with body: {"strategy":"id","selector":"com.androidsample.generalstore:id/appbar_btn_cart","context":"","multiple":false}
[debug] &amp#27;[35m[WD Proxy]&amp#27;[39m Got response with status 200: {"sessionId":"431c0a09-5eae-45ff-8ee1-2a94613010da","value":{"ELEMENT":"107e33e6-b9dd-4bb8-a923-4ff47d96d8f7","element-6066-11e4-a52e-4f735466cecf":"107e33e6-b9dd-4bb8-a923-4ff47d96d8f7"}}
[debug] &amp#27;[35m[W3C (bf540858)]&amp#27;[39m Responding to client with driver.findElement() result: {"element-6066-11e4-a52e-4f735466cecf":"107e33e6-b9dd-4bb8-a923-4ff47d96d8f7","ELEMENT":"107e33e6-b9dd-4bb8-a923-4ff47d96d8f7"}
&amp#27;[35m[HTTP]&amp#27;[39m &amp#27;[37m<-- POST /wd/hub/session/bf540858-b87c-41a8-a728-b6d33a4f5b2f/element &amp#27;[39m&amp#27;[32m200&amp#27;[39m &amp#27;[90m22 ms - 137&amp#27;[39m
&amp#27;[35m[HTTP]&amp#27;[39m &amp#27;[90m&amp#27;[39m
&amp#27;[35m[HTTP]&amp#27;[39m &amp#27;[37m-->&amp#27;[39m &amp#27;[37mGET&amp#27;[39m &amp#27;[37m/wd/hub/session/bf540858-b87c-41a8-a728-b6d33a4f5b2f/element/107e33e6-b9dd-4bb8-a923-4ff47d96d8f7/displayed&amp#27;[39m
&amp#27;[35m[HTTP]&amp#27;[39m &amp#27;[90m{}&amp#27;[39m
[debug] &amp#27;[35m[W3C (bf540858)]&amp#27;[39m Calling AppiumDriver.elementDisplayed() with args: ["107e33e6-b9dd-4bb8-a923-4ff47d96d8f7","bf540858-b87c-41a8-a728-b6d33a4f5b2f"]
[debug] &amp#27;[35m[WD Proxy]&amp#27;[39m Matched '/element/107e33e6-b9dd-4bb8-a923-4ff47d96d8f7/attribute/displayed' to command name 'getAttribute'
[debug] &amp#27;[35m[WD Proxy]&amp#27;[39m Proxying [GET /element/107e33e6-b9dd-4bb8-a923-4ff47d96d8f7/attribute/displayed] to [GET http://127.0.0.1:8200/wd/hub/session/431c0a09-5eae-45ff-8ee1-2a94613010da/element/107e33e6-b9dd-4bb8-a923-4ff47d96d8f7/attribute/displayed] with body: {}
[debug] &amp#27;[35m[WD Proxy]&amp#27;[39m Got response with status 200: {"sessionId":"431c0a09-5eae-45ff-8ee1-2a94613010da","value":"true"}
[debug] &amp#27;[35m[W3C (bf540858)]&amp#27;[39m Responding to client with driver.elementDisplayed() result: true
&amp#27;[35m[HTTP]&amp#27;[39m &amp#27;[37m<-- GET /wd/hub/session/bf540858-b87c-41a8-a728-b6d33a4f5b2f/element/107e33e6-b9dd-4bb8-a923-4ff47d96d8f7/displayed &amp#27;[39m&amp#27;[32m200&amp#27;[39m &amp#27;[90m16 ms - 14&amp#27;[39m
&amp#27;[35m[HTTP]&amp#27;[39m &amp#27;[90m&amp#27;[39m
&amp#27;[35m[HTTP]&amp#27;[39m &amp#27;[37m-->&amp#27;[39m &amp#27;[37mGET&amp#27;[39m &amp#27;[37m/wd/hub/session/bf540858-b87c-41a8-a728-b6d33a4f5b2f/context&amp#27;[39m
&amp#27;[35m[HTTP]&amp#27;[39m &amp#27;[90m{}&amp#27;[39m
[debug] &amp#27;[35m[W3C (bf540858)]&amp#27;[39m Calling AppiumDriver.getCurrentContext() with args: ["bf540858-b87c-41a8-a728-b6d33a4f5b2f"]
[debug] &amp#27;[35m[W3C (bf540858)]&amp#27;[39m Responding to client with driver.getCurrentContext() result: "NATIVE_APP"
&amp#27;[35m[HTTP]&amp#27;[39m &amp#27;[37m<-- GET /wd/hub/session/bf540858-b87c-41a8-a728-b6d33a4f5b2f/context &amp#27;[39m&amp#27;[32m200&amp#27;[39m &amp#27;[90m2 ms - 22&amp#27;[39m
&amp#27;[35m[HTTP]&amp#27;[39m &amp#27;[90m&amp#27;[39m
&amp#27;[35m[HTTP]&amp#27;[39m &amp#27;[37m-->&amp#27;[39m &amp#27;[37mPOST&amp#27;[39m &amp#27;[37m/wd/hub/session/bf540858-b87c-41a8-a728-b6d33a4f5b2f/element&amp#27;[39m
&amp#27;[35m[HTTP]&amp#27;[39m &amp#27;[90m{"using":"id","value":"com.androidsample.generalstore:id/appbar_btn_cart"}&amp#27;[39m
[debug] &amp#27;[35m[W3C (bf540858)]&amp#27;[39m Calling AppiumDriver.findElement() with args: ["id","com.androidsample.generalstore:id/appbar_btn_cart","bf540858-b87c-41a8-a728-b6d33a4f5b2f"]
[debug] &amp#27;[35m[BaseDriver]&amp#27;[39m Valid locator strategies for this request: xpath, id, class name, accessibility id, -android uiautomator
[debug] &amp#27;[35m[BaseDriver]&amp#27;[39m Waiting up to 10000 ms for condition
[debug] &amp#27;[35m[WD Proxy]&amp#27;[39m Matched '/element' to command name 'findElement'
[debug] &amp#27;[35m[WD Proxy]&amp#27;[39m Proxying [POST /element] to [POST http://127.0.0.1:8200/wd/hub/session/431c0a09-5eae-45ff-8ee1-2a94613010da/element] with body: {"strategy":"id","selector":"com.androidsample.generalstore:id/appbar_btn_cart","context":"","multiple":false}
[debug] &amp#27;[35m[WD Proxy]&amp#27;[39m Got response with status 200: {"sessionId":"431c0a09-5eae-45ff-8ee1-2a94613010da","value":{"ELEMENT":"19af135f-675a-4fd1-990b-88db2a514a37","element-6066-11e4-a52e-4f735466cecf":"19af135f-675a-4fd1-990b-88db2a514a37"}}
[debug] &amp#27;[35m[W3C (bf540858)]&amp#27;[39m Responding to client with driver.findElement() result: {"element-6066-11e4-a52e-4f735466cecf":"19af135f-675a-4fd1-990b-88db2a514a37","ELEMENT":"19af135f-675a-4fd1-990b-88db2a514a37"}
&amp#27;[35m[HTTP]&amp#27;[39m &amp#27;[37m<-- POST /wd/hub/session/bf540858-b87c-41a8-a728-b6d33a4f5b2f/element &amp#27;[39m&amp#27;[32m200&amp#27;[39m &amp#27;[90m23 ms - 137&amp#27;[39m
&amp#27;[35m[HTTP]&amp#27;[39m &amp#27;[90m&amp#27;[39m
&amp#27;[35m[HTTP]&amp#27;[39m &amp#27;[37m-->&amp#27;[39m &amp#27;[37mGET&amp#27;[39m &amp#27;[37m/wd/hub/session/bf540858-b87c-41a8-a728-b6d33a4f5b2f/element/19af135f-675a-4fd1-990b-88db2a514a37/enabled&amp#27;[39m
&amp#27;[35m[HTTP]&amp#27;[39m &amp#27;[90m{}&amp#27;[39m
[debug] &amp#27;[35m[W3C (bf540858)]&amp#27;[39m Calling AppiumDriver.elementEnabled() with args: ["19af135f-675a-4fd1-990b-88db2a514a37","bf540858-b87c-41a8-a728-b6d33a4f5b2f"]
[debug] &amp#27;[35m[WD Proxy]&amp#27;[39m Matched '/element/19af135f-675a-4fd1-990b-88db2a514a37/attribute/enabled' to command name 'getAttribute'
[debug] &amp#27;[35m[WD Proxy]&amp#27;[39m Proxying [GET /element/19af135f-675a-4fd1-990b-88db2a514a37/attribute/enabled] to [GET http://127.0.0.1:8200/wd/hub/session/431c0a09-5eae-45ff-8ee1-2a94613010da/element/19af135f-675a-4fd1-990b-88db2a514a37/attribute/enabled] with body: {}
[debug] &amp#27;[35m[WD Proxy]&amp#27;[39m Got response with status 200: {"sessionId":"431c0a09-5eae-45ff-8ee1-2a94613010da","value":"true"}
[debug] &amp#27;[35m[W3C (bf540858)]&amp#27;[39m Responding to client with driver.elementEnabled() result: true
&amp#27;[35m[HTTP]&amp#27;[39m &amp#27;[37m<-- GET /wd/hub/session/bf540858-b87c-41a8-a728-b6d33a4f5b2f/element/19af135f-675a-4fd1-990b-88db2a514a37/enabled &amp#27;[39m&amp#27;[32m200&amp#27;[39m &amp#27;[90m14 ms - 14&amp#27;[39m
&amp#27;[35m[HTTP]&amp#27;[39m &amp#27;[90m&amp#27;[39m
&amp#27;[35m[HTTP]&amp#27;[39m &amp#27;[37m-->&amp#27;[39m &amp#27;[37mGET&amp#27;[39m &amp#27;[37m/wd/hub/session/bf540858-b87c-41a8-a728-b6d33a4f5b2f/context&amp#27;[39m
&amp#27;[35m[HTTP]&amp#27;[39m &amp#27;[90m{}&amp#27;[39m
[debug] &amp#27;[35m[W3C (bf540858)]&amp#27;[39m Calling AppiumDriver.getCurrentContext() with args: ["bf540858-b87c-41a8-a728-b6d33a4f5b2f"]
[debug] &amp#27;[35m[W3C (bf540858)]&amp#27;[39m Responding to client with driver.getCurrentContext() result: "NATIVE_APP"
&amp#27;[35m[HTTP]&amp#27;[39m &amp#27;[37m<-- GET /wd/hub/session/bf540858-b87c-41a8-a728-b6d33a4f5b2f/context &amp#27;[39m&amp#27;[32m200&amp#27;[39m &amp#27;[90m2 ms - 22&amp#27;[39m
&amp#27;[35m[HTTP]&amp#27;[39m &amp#27;[90m&amp#27;[39m
&amp#27;[35m[HTTP]&amp#27;[39m &amp#27;[37m-->&amp#27;[39m &amp#27;[37mPOST&amp#27;[39m &amp#27;[37m/wd/hub/session/bf540858-b87c-41a8-a728-b6d33a4f5b2f/element&amp#27;[39m
&amp#27;[35m[HTTP]&amp#27;[39m &amp#27;[90m{"using":"id","value":"com.androidsample.generalstore:id/appbar_btn_cart"}&amp#27;[39m
[debug] &amp#27;[35m[W3C (bf540858)]&amp#27;[39m Calling AppiumDriver.findElement() with args: ["id","com.androidsample.generalstore:id/appbar_btn_cart","bf540858-b87c-41a8-a728-b6d33a4f5b2f"]
[debug] &amp#27;[35m[BaseDriver]&amp#27;[39m Valid locator strategies for this request: xpath, id, class name, accessibility id, -android uiautomator
[debug] &amp#27;[35m[BaseDriver]&amp#27;[39m Waiting up to 10000 ms for condition
[debug] &amp#27;[35m[WD Proxy]&amp#27;[39m Matched '/element' to command name 'findElement'
[debug] &amp#27;[35m[WD Proxy]&amp#27;[39m Proxying [POST /element] to [POST http://127.0.0.1:8200/wd/hub/session/431c0a09-5eae-45ff-8ee1-2a94613010da/element] with body: {"strategy":"id","selector":"com.androidsample.generalstore:id/appbar_btn_cart","context":"","multiple":false}
[debug] &amp#27;[35m[WD Proxy]&amp#27;[39m Got response with status 200: {"sessionId":"431c0a09-5eae-45ff-8ee1-2a94613010da","value":{"ELEMENT":"67dc99a5-8906-48fd-8965-ca5047556f0f","element-6066-11e4-a52e-4f735466cecf":"67dc99a5-8906-48fd-8965-ca5047556f0f"}}
[debug] &amp#27;[35m[W3C (bf540858)]&amp#27;[39m Responding to client with driver.findElement() result: {"element-6066-11e4-a52e-4f735466cecf":"67dc99a5-8906-48fd-8965-ca5047556f0f","ELEMENT":"67dc99a5-8906-48fd-8965-ca5047556f0f"}
&amp#27;[35m[HTTP]&amp#27;[39m &amp#27;[37m<-- POST /wd/hub/session/bf540858-b87c-41a8-a728-b6d33a4f5b2f/element &amp#27;[39m&amp#27;[32m200&amp#27;[39m &amp#27;[90m22 ms - 137&amp#27;[39m
&amp#27;[35m[HTTP]&amp#27;[39m &amp#27;[90m&amp#27;[39m
&amp#27;[35m[HTTP]&amp#27;[39m &amp#27;[37m-->&amp#27;[39m &amp#27;[37mGET&amp#27;[39m &amp#27;[37m/wd/hub/session/bf540858-b87c-41a8-a728-b6d33a4f5b2f/element/67dc99a5-8906-48fd-8965-ca5047556f0f/attribute/clickable&amp#27;[39m
&amp#27;[35m[HTTP]&amp#27;[39m &amp#27;[90m{}&amp#27;[39m
[debug] &amp#27;[35m[W3C (bf540858)]&amp#27;[39m Calling AppiumDriver.getAttribute() with args: ["clickable","67dc99a5-8906-48fd-8965-ca5047556f0f","bf540858-b87c-41a8-a728-b6d33a4f5b2f"]
[debug] &amp#27;[35m[WD Proxy]&amp#27;[39m Matched '/element/67dc99a5-8906-48fd-8965-ca5047556f0f/attribute/clickable' to command name 'getAttribute'
[debug] &amp#27;[35m[WD Proxy]&amp#27;[39m Proxying [GET /element/67dc99a5-8906-48fd-8965-ca5047556f0f/attribute/clickable] to [GET http://127.0.0.1:8200/wd/hub/session/431c0a09-5eae-45ff-8ee1-2a94613010da/element/67dc99a5-8906-48fd-8965-ca5047556f0f/attribute/clickable] with body: {}
[debug] &amp#27;[35m[WD Proxy]&amp#27;[39m Got response with status 200: {"sessionId":"431c0a09-5eae-45ff-8ee1-2a94613010da","value":"true"}
[debug] &amp#27;[35m[W3C (bf540858)]&amp#27;[39m Responding to client with driver.getAttribute() result: "true"
&amp#27;[35m[HTTP]&amp#27;[39m &amp#27;[37m<-- GET /wd/hub/session/bf540858-b87c-41a8-a728-b6d33a4f5b2f/element/67dc99a5-8906-48fd-8965-ca5047556f0f/attribute/clickable &amp#27;[39m&amp#27;[32m200&amp#27;[39m &amp#27;[90m15 ms - 16&amp#27;[39m
&amp#27;[35m[HTTP]&amp#27;[39m &amp#27;[90m&amp#27;[39m
&amp#27;[35m[HTTP]&amp#27;[39m &amp#27;[37m-->&amp#27;[39m &amp#27;[37mGET&amp#27;[39m &amp#27;[37m/wd/hub/session/bf540858-b87c-41a8-a728-b6d33a4f5b2f/context&amp#27;[39m
&amp#27;[35m[HTTP]&amp#27;[39m &amp#27;[90m{}&amp#27;[39m
[debug] &amp#27;[35m[W3C (bf540858)]&amp#27;[39m Calling AppiumDriver.getCurrentContext() with args: ["bf540858-b87c-41a8-a728-b6d33a4f5b2f"]
[debug] &amp#27;[35m[W3C (bf540858)]&amp#27;[39m Responding to client with driver.getCurrentContext() result: "NATIVE_APP"
&amp#27;[35m[HTTP]&amp#27;[39m &amp#27;[37m<-- GET /wd/hub/session/bf540858-b87c-41a8-a728-b6d33a4f5b2f/context &amp#27;[39m&amp#27;[32m200&amp#27;[39m &amp#27;[90m2 ms - 22&amp#27;[39m
&amp#27;[35m[HTTP]&amp#27;[39m &amp#27;[90m&amp#27;[39m
&amp#27;[35m[HTTP]&amp#27;[39m &amp#27;[37m-->&amp#27;[39m &amp#27;[37mPOST&amp#27;[39m &amp#27;[37m/wd/hub/session/bf540858-b87c-41a8-a728-b6d33a4f5b2f/element&amp#27;[39m
&amp#27;[35m[HTTP]&amp#27;[39m &amp#27;[90m{"using":"id","value":"com.androidsample.generalstore:id/appbar_btn_back"}&amp#27;[39m
[debug] &amp#27;[35m[W3C (bf540858)]&amp#27;[39m Calling AppiumDriver.findElement() with args: ["id","com.androidsample.generalstore:id/appbar_btn_back","bf540858-b87c-41a8-a728-b6d33a4f5b2f"]
[debug] &amp#27;[35m[BaseDriver]&amp#27;[39m Valid locator strategies for this request: xpath, id, class name, accessibility id, -android uiautomator
[debug] &amp#27;[35m[BaseDriver]&amp#27;[39m Waiting up to 10000 ms for condition
[debug] &amp#27;[35m[WD Proxy]&amp#27;[39m Matched '/element' to command name 'findElement'
[debug] &amp#27;[35m[WD Proxy]&amp#27;[39m Proxying [POST /element] to [POST http://127.0.0.1:8200/wd/hub/session/431c0a09-5eae-45ff-8ee1-2a94613010da/element] with body: {"strategy":"id","selector":"com.androidsample.generalstore:id/appbar_btn_back","context":"","multiple":false}
[debug] &amp#27;[35m[WD Proxy]&amp#27;[39m Got response with status 200: {"sessionId":"431c0a09-5eae-45ff-8ee1-2a94613010da","value":{"ELEMENT":"ed417a8b-b331-450b-b946-df936b1cda99","element-6066-11e4-a52e-4f735466cecf":"ed417a8b-b331-450b-b946-df936b1cda99"}}
[debug] &amp#27;[35m[W3C (bf540858)]&amp#27;[39m Responding to client with driver.findElement() result: {"element-6066-11e4-a52e-4f735466cecf":"ed417a8b-b331-450b-b946-df936b1cda99","ELEMENT":"ed417a8b-b331-450b-b946-df936b1cda99"}
&amp#27;[35m[HTTP]&amp#27;[39m &amp#27;[37m<-- POST /wd/hub/session/bf540858-b87c-41a8-a728-b6d33a4f5b2f/element &amp#27;[39m&amp#27;[32m200&amp#27;[39m &amp#27;[90m23 ms - 137&amp#27;[39m
&amp#27;[35m[HTTP]&amp#27;[39m &amp#27;[90m&amp#27;[39m
&amp#27;[35m[HTTP]&amp#27;[39m &amp#27;[37m-->&amp#27;[39m &amp#27;[37mGET&amp#27;[39m &amp#27;[37m/wd/hub/session/bf540858-b87c-41a8-a728-b6d33a4f5b2f/element/ed417a8b-b331-450b-b946-df936b1cda99/displayed&amp#27;[39m
&amp#27;[35m[HTTP]&amp#27;[39m &amp#27;[90m{}&amp#27;[39m
[debug] &amp#27;[35m[W3C (bf540858)]&amp#27;[39m Calling AppiumDriver.elementDisplayed() with args: ["ed417a8b-b331-450b-b946-df936b1cda99","bf540858-b87c-41a8-a728-b6d33a4f5b2f"]
[debug] &amp#27;[35m[WD Proxy]&amp#27;[39m Matched '/element/ed417a8b-b331-450b-b946-df936b1cda99/attribute/displayed' to command name 'getAttribute'
[debug] &amp#27;[35m[WD Proxy]&amp#27;[39m Proxying [GET /element/ed417a8b-b331-450b-b946-df936b1cda99/attribute/displayed] to [GET http://127.0.0.1:8200/wd/hub/session/431c0a09-5eae-45ff-8ee1-2a94613010da/element/ed417a8b-b331-450b-b946-df936b1cda99/attribute/displayed] with body: {}
[debug] &amp#27;[35m[WD Proxy]&amp#27;[39m Got response with status 200: {"sessionId":"431c0a09-5eae-45ff-8ee1-2a94613010da","value":"true"}
[debug] &amp#27;[35m[W3C (bf540858)]&amp#27;[39m Responding to client with driver.elementDisplayed() result: true
&amp#27;[35m[HTTP]&amp#27;[39m &amp#27;[37m<-- GET /wd/hub/session/bf540858-b87c-41a8-a728-b6d33a4f5b2f/element/ed417a8b-b331-450b-b946-df936b1cda99/displayed &amp#27;[39m&amp#27;[32m200&amp#27;[39m &amp#27;[90m14 ms - 14&amp#27;[39m
&amp#27;[35m[HTTP]&amp#27;[39m &amp#27;[90m&amp#27;[39m
&amp#27;[35m[HTTP]&amp#27;[39m &amp#27;[37m-->&amp#27;[39m &amp#27;[37mGET&amp#27;[39m &amp#27;[37m/wd/hub/session/bf540858-b87c-41a8-a728-b6d33a4f5b2f/context&amp#27;[39m
&amp#27;[35m[HTTP]&amp#27;[39m &amp#27;[90m{}&amp#27;[39m
[debug] &amp#27;[35m[W3C (bf540858)]&amp#27;[39m Calling AppiumDriver.getCurrentContext() with args: ["bf540858-b87c-41a8-a728-b6d33a4f5b2f"]
[debug] &amp#27;[35m[W3C (bf540858)]&amp#27;[39m Responding to client with driver.getCurrentContext() result: "NATIVE_APP"
&amp#27;[35m[HTTP]&amp#27;[39m &amp#27;[37m<-- GET /wd/hub/session/bf540858-b87c-41a8-a728-b6d33a4f5b2f/context &amp#27;[39m&amp#27;[32m200&amp#27;[39m &amp#27;[90m1 ms - 22&amp#27;[39m
&amp#27;[35m[HTTP]&amp#27;[39m &amp#27;[90m&amp#27;[39m
&amp#27;[35m[HTTP]&amp#27;[39m &amp#27;[37m-->&amp#27;[39m &amp#27;[37mPOST&amp#27;[39m &amp#27;[37m/wd/hub/session/bf540858-b87c-41a8-a728-b6d33a4f5b2f/element&amp#27;[39m
&amp#27;[35m[HTTP]&amp#27;[39m &amp#27;[90m{"using":"id","value":"com.androidsample.generalstore:id/appbar_btn_back"}&amp#27;[39m
[debug] &amp#27;[35m[W3C (bf540858)]&amp#27;[39m Calling AppiumDriver.findElement() with args: ["id","com.androidsample.generalstore:id/appbar_btn_back","bf540858-b87c-41a8-a728-b6d33a4f5b2f"]
[debug] &amp#27;[35m[BaseDriver]&amp#27;[39m Valid locator strategies for this request: xpath, id, class name, accessibility id, -android uiautomator
[debug] &amp#27;[35m[BaseDriver]&amp#27;[39m Waiting up to 10000 ms for condition
[debug] &amp#27;[35m[WD Proxy]&amp#27;[39m Matched '/element' to command name 'findElement'
[debug] &amp#27;[35m[WD Proxy]&amp#27;[39m Proxying [POST /element] to [POST http://127.0.0.1:8200/wd/hub/session/431c0a09-5eae-45ff-8ee1-2a94613010da/element] with body: {"strategy":"id","selector":"com.androidsample.generalstore:id/appbar_btn_back","context":"","multiple":false}
[debug] &amp#27;[35m[WD Proxy]&amp#27;[39m Got response with status 200: {"sessionId":"431c0a09-5eae-45ff-8ee1-2a94613010da","value":{"ELEMENT":"88f9354e-9f55-49de-a103-63bb32067ce6","element-6066-11e4-a52e-4f735466cecf":"88f9354e-9f55-49de-a103-63bb32067ce6"}}
[debug] &amp#27;[35m[W3C (bf540858)]&amp#27;[39m Responding to client with driver.findElement() result: {"element-6066-11e4-a52e-4f735466cecf":"88f9354e-9f55-49de-a103-63bb32067ce6","ELEMENT":"88f9354e-9f55-49de-a103-63bb32067ce6"}
&amp#27;[35m[HTTP]&amp#27;[39m &amp#27;[37m<-- POST /wd/hub/session/bf540858-b87c-41a8-a728-b6d33a4f5b2f/element &amp#27;[39m&amp#27;[32m200&amp#27;[39m &amp#27;[90m21 ms - 137&amp#27;[39m
&amp#27;[35m[HTTP]&amp#27;[39m &amp#27;[90m&amp#27;[39m
&amp#27;[35m[HTTP]&amp#27;[39m &amp#27;[37m-->&amp#27;[39m &amp#27;[37mGET&amp#27;[39m &amp#27;[37m/wd/hub/session/bf540858-b87c-41a8-a728-b6d33a4f5b2f/element/88f9354e-9f55-49de-a103-63bb32067ce6/enabled&amp#27;[39m
&amp#27;[35m[HTTP]&amp#27;[39m &amp#27;[90m{}&amp#27;[39m
[debug] &amp#27;[35m[W3C (bf540858)]&amp#27;[39m Calling AppiumDriver.elementEnabled() with args: ["88f9354e-9f55-49de-a103-63bb32067ce6","bf540858-b87c-41a8-a728-b6d33a4f5b2f"]
[debug] &amp#27;[35m[WD Proxy]&amp#27;[39m Matched '/element/88f9354e-9f55-49de-a103-63bb32067ce6/attribute/enabled' to command name 'getAttribute'
[debug] &amp#27;[35m[WD Proxy]&amp#27;[39m Proxying [GET /element/88f9354e-9f55-49de-a103-63bb32067ce6/attribute/enabled] to [GET http://127.0.0.1:8200/wd/hub/session/431c0a09-5eae-45ff-8ee1-2a94613010da/element/88f9354e-9f55-49de-a103-63bb32067ce6/attribute/enabled] with body: {}
[debug] &amp#27;[35m[WD Proxy]&amp#27;[39m Got response with status 200: {"sessionId":"431c0a09-5eae-45ff-8ee1-2a94613010da","value":"true"}
[debug] &amp#27;[35m[W3C (bf540858)]&amp#27;[39m Responding to client with driver.elementEnabled() result: true
&amp#27;[35m[HTTP]&amp#27;[39m &amp#27;[37m<-- GET /wd/hub/session/bf540858-b87c-41a8-a728-b6d33a4f5b2f/element/88f9354e-9f55-49de-a103-63bb32067ce6/enabled &amp#27;[39m&amp#27;[32m200&amp#27;[39m &amp#27;[90m16 ms - 14&amp#27;[39m
&amp#27;[35m[HTTP]&amp#27;[39m &amp#27;[90m&amp#27;[39m
&amp#27;[35m[HTTP]&amp#27;[39m &amp#27;[37m-->&amp#27;[39m &amp#27;[37mGET&amp#27;[39m &amp#27;[37m/wd/hub/session/bf540858-b87c-41a8-a728-b6d33a4f5b2f/context&amp#27;[39m
&amp#27;[35m[HTTP]&amp#27;[39m &amp#27;[90m{}&amp#27;[39m
[debug] &amp#27;[35m[W3C (bf540858)]&amp#27;[39m Calling AppiumDriver.getCurrentContext() with args: ["bf540858-b87c-41a8-a728-b6d33a4f5b2f"]
[debug] &amp#27;[35m[W3C (bf540858)]&amp#27;[39m Responding to client with driver.getCurrentContext() result: "NATIVE_APP"
&amp#27;[35m[HTTP]&amp#27;[39m &amp#27;[37m<-- GET /wd/hub/session/bf540858-b87c-41a8-a728-b6d33a4f5b2f/context &amp#27;[39m&amp#27;[32m200&amp#27;[39m &amp#27;[90m2 ms - 22&amp#27;[39m
&amp#27;[35m[HTTP]&amp#27;[39m &amp#27;[90m&amp#27;[39m
&amp#27;[35m[HTTP]&amp#27;[39m &amp#27;[37m-->&amp#27;[39m &amp#27;[37mPOST&amp#27;[39m &amp#27;[37m/wd/hub/session/bf540858-b87c-41a8-a728-b6d33a4f5b2f/element&amp#27;[39m
&amp#27;[35m[HTTP]&amp#27;[39m &amp#27;[90m{"using":"id","value":"com.androidsample.generalstore:id/appbar_btn_back"}&amp#27;[39m
[debug] &amp#27;[35m[W3C (bf540858)]&amp#27;[39m Calling AppiumDriver.findElement() with args: ["id","com.androidsample.generalstore:id/appbar_btn_back","bf540858-b87c-41a8-a728-b6d33a4f5b2f"]
[debug] &amp#27;[35m[BaseDriver]&amp#27;[39m Valid locator strategies for this request: xpath, id, class name, accessibility id, -android uiautomator
[debug] &amp#27;[35m[BaseDriver]&amp#27;[39m Waiting up to 10000 ms for condition
[debug] &amp#27;[35m[WD Proxy]&amp#27;[39m Matched '/element' to command name 'findElement'
[debug] &amp#27;[35m[WD Proxy]&amp#27;[39m Proxying [POST /element] to [POST http://127.0.0.1:8200/wd/hub/session/431c0a09-5eae-45ff-8ee1-2a94613010da/element] with body: {"strategy":"id","selector":"com.androidsample.generalstore:id/appbar_btn_back","context":"","multiple":false}
[debug] &amp#27;[35m[WD Proxy]&amp#27;[39m Got response with status 200: {"sessionId":"431c0a09-5eae-45ff-8ee1-2a94613010da","value":{"ELEMENT":"8e42e77f-d34d-4e47-ad62-01be0e4b4874","element-6066-11e4-a52e-4f735466cecf":"8e42e77f-d34d-4e47-ad62-01be0e4b4874"}}
[debug] &amp#27;[35m[W3C (bf540858)]&amp#27;[39m Responding to client with driver.findElement() result: {"element-6066-11e4-a52e-4f735466cecf":"8e42e77f-d34d-4e47-ad62-01be0e4b4874","ELEMENT":"8e42e77f-d34d-4e47-ad62-01be0e4b4874"}
&amp#27;[35m[HTTP]&amp#27;[39m &amp#27;[37m<-- POST /wd/hub/session/bf540858-b87c-41a8-a728-b6d33a4f5b2f/element &amp#27;[39m&amp#27;[32m200&amp#27;[39m &amp#27;[90m21 ms - 137&amp#27;[39m
&amp#27;[35m[HTTP]&amp#27;[39m &amp#27;[90m&amp#27;[39m
&amp#27;[35m[HTTP]&amp#27;[39m &amp#27;[37m-->&amp#27;[39m &amp#27;[37mGET&amp#27;[39m &amp#27;[37m/wd/hub/session/bf540858-b87c-41a8-a728-b6d33a4f5b2f/element/8e42e77f-d34d-4e47-ad62-01be0e4b4874/attribute/clickable&amp#27;[39m
&amp#27;[35m[HTTP]&amp#27;[39m &amp#27;[90m{}&amp#27;[39m
[debug] &amp#27;[35m[W3C (bf540858)]&amp#27;[39m Calling AppiumDriver.getAttribute() with args: ["clickable","8e42e77f-d34d-4e47-ad62-01be0e4b4874","bf540858-b87c-41a8-a728-b6d33a4f5b2f"]
[debug] &amp#27;[35m[WD Proxy]&amp#27;[39m Matched '/element/8e42e77f-d34d-4e47-ad62-01be0e4b4874/attribute/clickable' to command name 'getAttribute'
[debug] &amp#27;[35m[WD Proxy]&amp#27;[39m Proxying [GET /element/8e42e77f-d34d-4e47-ad62-01be0e4b4874/attribute/clickable] to [GET http://127.0.0.1:8200/wd/hub/session/431c0a09-5eae-45ff-8ee1-2a94613010da/element/8e42e77f-d34d-4e47-ad62-01be0e4b4874/attribute/clickable] with body: {}
[debug] &amp#27;[35m[WD Proxy]&amp#27;[39m Got response with status 200: {"sessionId":"431c0a09-5eae-45ff-8ee1-2a94613010da","value":"true"}
[debug] &amp#27;[35m[W3C (bf540858)]&amp#27;[39m Responding to client with driver.getAttribute() result: "true"
&amp#27;[35m[HTTP]&amp#27;[39m &amp#27;[37m<-- GET /wd/hub/session/bf540858-b87c-41a8-a728-b6d33a4f5b2f/element/8e42e77f-d34d-4e47-ad62-01be0e4b4874/attribute/clickable &amp#27;[39m&amp#27;[32m200&amp#27;[39m &amp#27;[90m18 ms - 16&amp#27;[39m
&amp#27;[35m[HTTP]&amp#27;[39m &amp#27;[90m&amp#27;[39m
]]></system-out>
  </testcase>
  <testcase name="toastMsg[Please add some product at first](1)" classname="test.AppiumFramework.ProductsTest" time="1.028">
    <failure message="The following asserts failed:&#10;	expected [cheers!] but found [Please add some product at first]" type="java.lang.AssertionError"><![CDATA[java.lang.AssertionError: 
The following asserts failed:
	expected [cheers!] but found [Please add some product at first]
	at test.AppiumFramework.ProductsTest.toastMsg(ProductsTest.java:56)
]]></failure>
    <system-out><![CDATA[&amp#27;[35m[HTTP]&amp#27;[39m &amp#27;[37m-->&amp#27;[39m &amp#27;[37mGET&amp#27;[39m &amp#27;[37m/wd/hub/session/bf540858-b87c-41a8-a728-b6d33a4f5b2f/context&amp#27;[39m
&amp#27;[35m[HTTP]&amp#27;[39m &amp#27;[90m{}&amp#27;[39m
[debug] &amp#27;[35m[W3C (bf540858)]&amp#27;[39m Calling AppiumDriver.getCurrentContext() with args: ["bf540858-b87c-41a8-a728-b6d33a4f5b2f"]
[debug] &amp#27;[35m[W3C (bf540858)]&amp#27;[39m Responding to client with driver.getCurrentContext() result: "NATIVE_APP"
&amp#27;[35m[HTTP]&amp#27;[39m &amp#27;[37m<-- GET /wd/hub/session/bf540858-b87c-41a8-a728-b6d33a4f5b2f/context &amp#27;[39m&amp#27;[32m200&amp#27;[39m &amp#27;[90m1 ms - 22&amp#27;[39m
&amp#27;[35m[HTTP]&amp#27;[39m &amp#27;[90m&amp#27;[39m
&amp#27;[35m[HTTP]&amp#27;[39m &amp#27;[37m-->&amp#27;[39m &amp#27;[37mPOST&amp#27;[39m &amp#27;[37m/wd/hub/session/bf540858-b87c-41a8-a728-b6d33a4f5b2f/element&amp#27;[39m
&amp#27;[35m[HTTP]&amp#27;[39m &amp#27;[90m{"using":"id","value":"com.androidsample.generalstore:id/appbar_btn_cart"}&amp#27;[39m
[debug] &amp#27;[35m[W3C (bf540858)]&amp#27;[39m Calling AppiumDriver.findElement() with args: ["id","com.androidsample.generalstore:id/appbar_btn_cart","bf540858-b87c-41a8-a728-b6d33a4f5b2f"]
[debug] &amp#27;[35m[BaseDriver]&amp#27;[39m Valid locator strategies for this request: xpath, id, class name, accessibility id, -android uiautomator
[debug] &amp#27;[35m[BaseDriver]&amp#27;[39m Waiting up to 10000 ms for condition
[debug] &amp#27;[35m[WD Proxy]&amp#27;[39m Matched '/element' to command name 'findElement'
[debug] &amp#27;[35m[WD Proxy]&amp#27;[39m Proxying [POST /element] to [POST http://127.0.0.1:8200/wd/hub/session/431c0a09-5eae-45ff-8ee1-2a94613010da/element] with body: {"strategy":"id","selector":"com.androidsample.generalstore:id/appbar_btn_cart","context":"","multiple":false}
[debug] &amp#27;[35m[WD Proxy]&amp#27;[39m Got response with status 200: {"sessionId":"431c0a09-5eae-45ff-8ee1-2a94613010da","value":{"ELEMENT":"16d621bc-7896-47fa-9241-87b51c42939c","element-6066-11e4-a52e-4f735466cecf":"16d621bc-7896-47fa-9241-87b51c42939c"}}
[debug] &amp#27;[35m[W3C (bf540858)]&amp#27;[39m Responding to client with driver.findElement() result: {"element-6066-11e4-a52e-4f735466cecf":"16d621bc-7896-47fa-9241-87b51c42939c","ELEMENT":"16d621bc-7896-47fa-9241-87b51c42939c"}
&amp#27;[35m[HTTP]&amp#27;[39m &amp#27;[37m<-- POST /wd/hub/session/bf540858-b87c-41a8-a728-b6d33a4f5b2f/element &amp#27;[39m&amp#27;[32m200&amp#27;[39m &amp#27;[90m19 ms - 137&amp#27;[39m
&amp#27;[35m[HTTP]&amp#27;[39m &amp#27;[90m&amp#27;[39m
&amp#27;[35m[HTTP]&amp#27;[39m &amp#27;[37m-->&amp#27;[39m &amp#27;[37mPOST&amp#27;[39m &amp#27;[37m/wd/hub/session/bf540858-b87c-41a8-a728-b6d33a4f5b2f/element/16d621bc-7896-47fa-9241-87b51c42939c/click&amp#27;[39m
&amp#27;[35m[HTTP]&amp#27;[39m &amp#27;[90m{"id":"16d621bc-7896-47fa-9241-87b51c42939c"}&amp#27;[39m
[debug] &amp#27;[35m[W3C (bf540858)]&amp#27;[39m Calling AppiumDriver.click() with args: ["16d621bc-7896-47fa-9241-87b51c42939c","bf540858-b87c-41a8-a728-b6d33a4f5b2f"]
[debug] &amp#27;[35m[WD Proxy]&amp#27;[39m Matched '/element/16d621bc-7896-47fa-9241-87b51c42939c/click' to command name 'click'
[debug] &amp#27;[35m[WD Proxy]&amp#27;[39m Proxying [POST /element/16d621bc-7896-47fa-9241-87b51c42939c/click] to [POST http://127.0.0.1:8200/wd/hub/session/431c0a09-5eae-45ff-8ee1-2a94613010da/element/16d621bc-7896-47fa-9241-87b51c42939c/click] with body: {"element":"16d621bc-7896-47fa-9241-87b51c42939c"}
[debug] &amp#27;[35m[WD Proxy]&amp#27;[39m Got response with status 200: {"sessionId":"431c0a09-5eae-45ff-8ee1-2a94613010da","value":null}
[debug] &amp#27;[35m[W3C (bf540858)]&amp#27;[39m Responding to client with driver.click() result: null
&amp#27;[35m[HTTP]&amp#27;[39m &amp#27;[37m<-- POST /wd/hub/session/bf540858-b87c-41a8-a728-b6d33a4f5b2f/element/16d621bc-7896-47fa-9241-87b51c42939c/click &amp#27;[39m&amp#27;[32m200&amp#27;[39m &amp#27;[90m22 ms - 14&amp#27;[39m
&amp#27;[35m[HTTP]&amp#27;[39m &amp#27;[90m&amp#27;[39m
&amp#27;[35m[HTTP]&amp#27;[39m &amp#27;[37m-->&amp#27;[39m &amp#27;[37mGET&amp#27;[39m &amp#27;[37m/wd/hub/session/bf540858-b87c-41a8-a728-b6d33a4f5b2f/context&amp#27;[39m
&amp#27;[35m[HTTP]&amp#27;[39m &amp#27;[90m{}&amp#27;[39m
[debug] &amp#27;[35m[W3C (bf540858)]&amp#27;[39m Calling AppiumDriver.getCurrentContext() with args: ["bf540858-b87c-41a8-a728-b6d33a4f5b2f"]
[debug] &amp#27;[35m[W3C (bf540858)]&amp#27;[39m Responding to client with driver.getCurrentContext() result: "NATIVE_APP"
&amp#27;[35m[HTTP]&amp#27;[39m &amp#27;[37m<-- GET /wd/hub/session/bf540858-b87c-41a8-a728-b6d33a4f5b2f/context &amp#27;[39m&amp#27;[32m200&amp#27;[39m &amp#27;[90m1 ms - 22&amp#27;[39m
&amp#27;[35m[HTTP]&amp#27;[39m &amp#27;[90m&amp#27;[39m
&amp#27;[35m[HTTP]&amp#27;[39m &amp#27;[37m-->&amp#27;[39m &amp#27;[37mPOST&amp#27;[39m &amp#27;[37m/wd/hub/session/bf540858-b87c-41a8-a728-b6d33a4f5b2f/element&amp#27;[39m
&amp#27;[35m[HTTP]&amp#27;[39m &amp#27;[90m{"using":"xpath","value":"//android.widget.Toast[1]"}&amp#27;[39m
[debug] &amp#27;[35m[W3C (bf540858)]&amp#27;[39m Calling AppiumDriver.findElement() with args: ["xpath","//android.widget.Toast[1]","bf540858-b87c-41a8-a728-b6d33a4f5b2f"]
[debug] &amp#27;[35m[BaseDriver]&amp#27;[39m Valid locator strategies for this request: xpath, id, class name, accessibility id, -android uiautomator
[debug] &amp#27;[35m[BaseDriver]&amp#27;[39m Waiting up to 10000 ms for condition
[debug] &amp#27;[35m[WD Proxy]&amp#27;[39m Matched '/element' to command name 'findElement'
[debug] &amp#27;[35m[WD Proxy]&amp#27;[39m Proxying [POST /element] to [POST http://127.0.0.1:8200/wd/hub/session/431c0a09-5eae-45ff-8ee1-2a94613010da/element] with body: {"strategy":"xpath","selector":"//android.widget.Toast[1]","context":"","multiple":false}
[debug] &amp#27;[35m[WD Proxy]&amp#27;[39m Got response with status 200: {"sessionId":"431c0a09-5eae-45ff-8ee1-2a94613010da","value":{"ELEMENT":"fc00f87b-c500-46e9-8e42-5f2981cf1679","element-6066-11e4-a52e-4f735466cecf":"fc00f87b-c500-46e9-8e42-5f2981cf1679"}}
[debug] &amp#27;[35m[W3C (bf540858)]&amp#27;[39m Responding to client with driver.findElement() result: {"element-6066-11e4-a52e-4f735466cecf":"fc00f87b-c500-46e9-8e42-5f2981cf1679","ELEMENT":"fc00f87b-c500-46e9-8e42-5f2981cf1679"}
&amp#27;[35m[HTTP]&amp#27;[39m &amp#27;[37m<-- POST /wd/hub/session/bf540858-b87c-41a8-a728-b6d33a4f5b2f/element &amp#27;[39m&amp#27;[32m200&amp#27;[39m &amp#27;[90m202 ms - 137&amp#27;[39m
&amp#27;[35m[HTTP]&amp#27;[39m &amp#27;[90m&amp#27;[39m
&amp#27;[35m[HTTP]&amp#27;[39m &amp#27;[37m-->&amp#27;[39m &amp#27;[37mGET&amp#27;[39m &amp#27;[37m/wd/hub/session/bf540858-b87c-41a8-a728-b6d33a4f5b2f/element/fc00f87b-c500-46e9-8e42-5f2981cf1679/attribute/name&amp#27;[39m
&amp#27;[35m[HTTP]&amp#27;[39m &amp#27;[90m{}&amp#27;[39m
[debug] &amp#27;[35m[W3C (bf540858)]&amp#27;[39m Calling AppiumDriver.getAttribute() with args: ["name","fc00f87b-c500-46e9-8e42-5f2981cf1679","bf540858-b87c-41a8-a728-b6d33a4f5b2f"]
[debug] &amp#27;[35m[WD Proxy]&amp#27;[39m Matched '/element/fc00f87b-c500-46e9-8e42-5f2981cf1679/attribute/name' to command name 'getAttribute'
[debug] &amp#27;[35m[WD Proxy]&amp#27;[39m Proxying [GET /element/fc00f87b-c500-46e9-8e42-5f2981cf1679/attribute/name] to [GET http://127.0.0.1:8200/wd/hub/session/431c0a09-5eae-45ff-8ee1-2a94613010da/element/fc00f87b-c500-46e9-8e42-5f2981cf1679/attribute/name] with body: {}
[debug] &amp#27;[35m[WD Proxy]&amp#27;[39m Got response with status 200: {"sessionId":"431c0a09-5eae-45ff-8ee1-2a94613010da","value":"Please add some product at first"}
[debug] &amp#27;[35m[W3C (bf540858)]&amp#27;[39m Responding to client with driver.getAttribute() result: "Please add some product at first"
&amp#27;[35m[HTTP]&amp#27;[39m &amp#27;[37m<-- GET /wd/hub/session/bf540858-b87c-41a8-a728-b6d33a4f5b2f/element/fc00f87b-c500-46e9-8e42-5f2981cf1679/attribute/name &amp#27;[39m&amp#27;[32m200&amp#27;[39m &amp#27;[90m381 ms - 44&amp#27;[39m
&amp#27;[35m[HTTP]&amp#27;[39m &amp#27;[90m&amp#27;[39m
&amp#27;[35m[HTTP]&amp#27;[39m &amp#27;[37m-->&amp#27;[39m &amp#27;[37mGET&amp#27;[39m &amp#27;[37m/wd/hub/session/bf540858-b87c-41a8-a728-b6d33a4f5b2f/screenshot&amp#27;[39m
&amp#27;[35m[HTTP]&amp#27;[39m &amp#27;[90m{}&amp#27;[39m
[debug] &amp#27;[35m[W3C (bf540858)]&amp#27;[39m Calling AppiumDriver.getScreenshot() with args: ["bf540858-b87c-41a8-a728-b6d33a4f5b2f"]
[debug] &amp#27;[35m[WD Proxy]&amp#27;[39m Matched '/screenshot' to command name 'getScreenshot'
[debug] &amp#27;[35m[WD Proxy]&amp#27;[39m Proxying [GET /screenshot] to [GET http://127.0.0.1:8200/wd/hub/session/431c0a09-5eae-45ff-8ee1-2a94613010da/screenshot] with no body
[debug] &amp#27;[35m[WD Proxy]&amp#27;[39m Got response with status 200: {"sessionId":"431c0a09-5eae-45ff-8ee1-2a94613010da","value":"iVBORw0KGgoAAAANSUhEUgAABDgAAAeACAYAAAArYecKAAAABHNCSVQICAgIfAhkiAAAIABJREFU\neJzs3Xd8FHX+x\/H3zOxuEtJJQgi9CTZEQcWCivVQsWDXU7GcepY7u\/489Tx7w5M76529nL2hZ1ew\nYEVERUGU3ksICSFtd2fm9wcmx2Y3PVsGXk8fPh7ud+Y789lFIPPebzHyZ53qCgAAAAAAwMPMZBcA\nAAAAAADQUQQcAAAAAADA8wg4AAAAAACA5xFwAAAAAAAAzyPgAAAAAAAAnkfAAQAAAAAAPI+AAwAA\nAAAAeB4BBwAAAAAA8DwCDgAAAAAA4HkEHAAAAAAAwPMIOAAAAAAAgOf5kl0ANl+WTJX48zU2e4T2\nyxyqIWk9VGBlS5LK7A36NbhCkzf8qDcqp2l5eJ3Crp3kigEAAAAAXmXkzzrVTXYR2HwYMrRNWk\/9\no+QM7ZDeTz7DlCGj2T6uXNmuox\/rluiylU9oRs0CueJ\/SwAAAABA6xFwoNP09hfqu0ETJKnFUKMp\n9cFGt9lnyJbTabUBAAAA8I6A4VNXK0uFvhwVWNnqamWpwMpWrtVFlU6NysIbVGpXanFojRYGV8vh\nC9I2e673Jeruy2vyeNAN66CFNySwoo5jigo6LN0I6K1+V2uH9L7tDjbq1fe\/v8fZOmf5g51RXqfp\n4e+qM\/P3V29\/gcwOvs\/WqHFC+rDqB\/23cnpCp+\/08xdpSWgtARMAAAASJs3waa\/MbbVP5rbap8t2\n2i69d6ufLercsH6pW66f65ZpVt0S\/VC7SFOrZyvEFPhmbZfWWz39XZs8XueGE1hN5yDgQIf09Rfp\nq4G3KWB07v9Kh2TvJEOGXLnqYqap2qnr1Ou31W5dBuvu7qdpUFqJrAStzevK1bicXbVXl2106con\nEnLPes\/0vk...
[debug] &amp#27;[35m[W3C (bf540858)]&amp#27;[39m Responding to client with driver.getScreenshot() result: "iVBORw0KGgoAAAANSUhEUgAABDgAAAeACAYAAAArYecKAAAABHNCSVQICAgIfAhkiAAAIABJREFU\neJzs3Xd8FHX+x/H3zOxuEtJJQgi9CTZEQcWCivVQsWDXU7GcepY7u/489Tx7w5M76529nL2hZ1ew\nYEVERUGU3ksICSFtd2fm9wcmx2Y3PVsGXk8fPh7ud+Y789lFIPPebzHyZ53qCgAAAAAAwMPMZBcA\nAAAAAADQUQQcAAAAAADA8wg4AAAAAACA5xFwAAAAAAAAzyPgAAAAAAAAnkfAAQAAAAAAPI+AAwAA\nAAAAeB4BBwAAAAAA8DwCDgAAAAAA4HkEHAAAAAAAwPMIOAAAAAAAgOf5kl0ANl+WTJX48zU2e4T2\nyxyqIWk9VGBlS5LK7A36NbhCkzf8qDcqp2l5eJ3Crp3kigEAAAAAXmXkzzrVTXYR2HwYMrRNWk/9\no+QM7ZDeTz7DlCGj2T6uXNmuox/rluiylU9oRs0CueJ/SwAAAABA6xFwoNP09hfqu0ETJKnFUKMp\n9cFGt9lnyJbTabUBAAAA8I6A4VNXK0uFvhwVWNnqamWpwMpWrtVFlU6NysIbVGpXanFojRYGV8vh\nC9I2e673Jeruy2vyeNAN66CFNySwoo5jigo6LN0I6K1+V2uH9L7tDjbq1fe/v8fZOmf5g51RXqfp\n4e+qM/P3V29/gcwOvs/WqHFC+rDqB/23cnpCp+/08xdpSWgtARMAAAASJs3waa/MbbVP5rbap8t2\n2i69d6ufLercsH6pW66f65ZpVt0S/VC7SFOrZyvEFPhmbZfWWz39XZs8XueGE1hN5yDgQIf09Rfp\nq4G3KWB07v9Kh2TvJEOGXLnqYqap2qnr1Ou31W5dBuvu7qdpUFqJrAStzevK1bicXbVXl2106con\nEnLPes/0vkhvVX6rV9d/pfVOTULvDQAAgC2D37A0LmekxuWM1OjM7ZRm+Nt1nTTDp6HpfTQ0vY+k\n3SVJa+...
&amp#27;[35m[HTTP]&amp#27;[39m &amp#27;[37m<-- GET /wd/hub/session/bf540858-b87c-41a8-a728-b6d33a4f5b2f/screenshot &amp#27;[39m&amp#27;[32m200&amp#27;[39m &amp#27;[90m606 ms - 333644&amp#27;[39m
&amp#27;[35m[HTTP]&amp#27;[39m &amp#27;[90m&amp#27;[39m
]]></system-out>
  </testcase>
  <testcase name="locateItems[android.widget.TextView, ADDED TO CART](1)" classname="test.AppiumFramework.ProductsTest" time="6.55">
    <system-out><![CDATA[&amp#27;[35m[HTTP]&amp#27;[39m &amp#27;[37m-->&amp#27;[39m &amp#27;[37mPOST&amp#27;[39m &amp#27;[37m/wd/hub/session/bf540858-b87c-41a8-a728-b6d33a4f5b2f/element&amp#27;[39m
&amp#27;[35m[HTTP]&amp#27;[39m &amp#27;[90m{"using":"-android uiautomator","value":"new UiScrollable(new UiSelector()).scrollIntoView(new UiSelector().text(\"Converse All Star\"))"}&amp#27;[39m
[debug] &amp#27;[35m[W3C (bf540858)]&amp#27;[39m Calling AppiumDriver.findElement() with args: ["-android uiautomator","new UiScrollable(new UiSelector()).scrollIntoView(new UiSelector().text(\"Converse All Star\"))","bf540858-b87c-41a8-a728-b6d33a4f5b2f"]
[debug] &amp#27;[35m[BaseDriver]&amp#27;[39m Valid locator strategies for this request: xpath, id, class name, accessibility id, -android uiautomator
[debug] &amp#27;[35m[BaseDriver]&amp#27;[39m Waiting up to 10000 ms for condition
[debug] &amp#27;[35m[WD Proxy]&amp#27;[39m Matched '/element' to command name 'findElement'
[debug] &amp#27;[35m[WD Proxy]&amp#27;[39m Proxying [POST /element] to [POST http://127.0.0.1:8200/wd/hub/session/431c0a09-5eae-45ff-8ee1-2a94613010da/element] with body: {"strategy":"-android uiautomator","selector":"new UiScrollable(new UiSelector()).scrollIntoView(new UiSelector().text(\"Converse All Star\"))","context":"","multiple":false}
[debug] &amp#27;[35m[WD Proxy]&amp#27;[39m Got response with status 200: {"sessionId":"431c0a09-5eae-45ff-8ee1-2a94613010da","value":{"ELEMENT":"f59befc4-da17-426f-8da8-c3f0143fc553","element-6066-11e4-a52e-4f735466cecf":"f59befc4-da17-426f-8da8-c3f0143fc553"}}
[debug] &amp#27;[35m[W3C (bf540858)]&amp#27;[39m Responding to client with driver.findElement() result: {"element-6066-11e4-a52e-4f735466cecf":"f59befc4-da17-426f-8da8-c3f0143fc553","ELEMENT":"f59befc4-da17-426f-8da8-c3f0143fc553"}
&amp#27;[35m[HTTP]&amp#27;[39m &amp#27;[37m<-- POST /wd/hub/session/bf540858-b87c-41a8-a728-b6d33a4f5b2f/element &amp#27;[39m&amp#27;[32m200&amp#27;[39m &amp#27;[90m3247 ms - 137&amp#27;[39m
&amp#27;[35m[HTTP]&amp#27;[39m &amp#27;[90m&amp#27;[39m
&amp#27;[35m[HTTP]&amp#27;[39m &amp#27;[37m-->&amp#27;[39m &amp#27;[37mGET&amp#27;[39m &amp#27;[37m/wd/hub/session/bf540858-b87c-41a8-a728-b6d33a4f5b2f/context&amp#27;[39m
&amp#27;[35m[HTTP]&amp#27;[39m &amp#27;[90m{}&amp#27;[39m
[debug] &amp#27;[35m[W3C (bf540858)]&amp#27;[39m Calling AppiumDriver.getCurrentContext() with args: ["bf540858-b87c-41a8-a728-b6d33a4f5b2f"]
[debug] &amp#27;[35m[W3C (bf540858)]&amp#27;[39m Responding to client with driver.getCurrentContext() result: "NATIVE_APP"
&amp#27;[35m[HTTP]&amp#27;[39m &amp#27;[37m<-- GET /wd/hub/session/bf540858-b87c-41a8-a728-b6d33a4f5b2f/context &amp#27;[39m&amp#27;[32m200&amp#27;[39m &amp#27;[90m2 ms - 22&amp#27;[39m
&amp#27;[35m[HTTP]&amp#27;[39m &amp#27;[90m&amp#27;[39m
&amp#27;[35m[HTTP]&amp#27;[39m &amp#27;[37m-->&amp#27;[39m &amp#27;[37mPOST&amp#27;[39m &amp#27;[37m/wd/hub/session/bf540858-b87c-41a8-a728-b6d33a4f5b2f/elements&amp#27;[39m
&amp#27;[35m[HTTP]&amp#27;[39m &amp#27;[90m{"using":"class name","value":"android.widget.TextView"}&amp#27;[39m
[debug] &amp#27;[35m[W3C (bf540858)]&amp#27;[39m Calling AppiumDriver.findElements() with args: ["class name","android.widget.TextView","bf540858-b87c-41a8-a728-b6d33a4f5b2f"]
[debug] &amp#27;[35m[BaseDriver]&amp#27;[39m Valid locator strategies for this request: xpath, id, class name, accessibility id, -android uiautomator
[debug] &amp#27;[35m[BaseDriver]&amp#27;[39m Waiting up to 10000 ms for condition
[debug] &amp#27;[35m[WD Proxy]&amp#27;[39m Matched '/elements' to command name 'findElements'
[debug] &amp#27;[35m[WD Proxy]&amp#27;[39m Proxying [POST /elements] to [POST http://127.0.0.1:8200/wd/hub/session/431c0a09-5eae-45ff-8ee1-2a94613010da/elements] with body: {"strategy":"class name","selector":"android.widget.TextView","context":"","multiple":true}
[debug] &amp#27;[35m[WD Proxy]&amp#27;[39m Got response with status 200: {"sessionId":"431c0a09-5eae-45ff-8ee1-2a94613010da","value":[{"ELEMENT":"7df3b8b5-059f-4c9d-92bf-3316d0e46fd3","element-6066-11e4-a52e-4f735466cecf":"7df3b8b5-059f-4c9d-92bf-3316d0e46fd3"},{"ELEMENT":"3e9f36e0-513f-4318-bea6-4a31b488dd8b","element-6066-11e4-a52e-4f735466cecf":"3e9f36e0-513f-4318-bea6-4a31b488dd8b"},{"ELEMENT":"6df26b8b-8124-4bd5-84f9-a5644b42717d","element-6066-11e4-a52e-4f735466cecf":"6df26b8b-8124-4bd5-84f9-a5644b42717d"},{"ELEMENT":"e9ad012e-ee56-4a23-a143-4d0e71d03c43","element-6066-11e4-a52e-4f735466cecf":"e9ad012e-ee56-4a23-a143-4d0e71d03c43"},{"ELEMENT":"9cd19a65-5b4d-4d7c-9585-448e5628f0f7","element-6066-11e4-a52e-4f735466cecf":"9cd19a65-5b4d-4d7c-9585-448e5628f0f7"},{"ELEMENT":"89a0a8bc-7ce2-4127-b00b-e4959400d648","element-6066-11e4-a52e-4f735466cecf":"89a0a8bc-7ce2-4127-b00b-e4959400d648"},{"ELEMENT":"1215ad35-68d5-42fc-8693-d48d864f0d8f","element-6066-11e4-a52e-4f735466cecf":"1215ad35-68d5-42fc-8693-d48d864f0d8f"}]}
[debug] &amp#27;[35m[W3C (bf540858)]&amp#27;[39m Responding to client with driver.findElements() result: [{"element-6066-11e4-a52e-4f735466cecf":"7df3b8b5-059f-4c9d-92bf-3316d0e46fd3","ELEMENT":"7df3b8b5-059f-4c9d-92bf-3316d0e46fd3"},{"element-6066-11e4-a52e-4f735466cecf":"3e9f36e0-513f-4318-bea6-4a31b488dd8b","ELEMENT":"3e9f36e0-513f-4318-bea6-4a31b488dd8b"},{"element-6066-11e4-a52e-4f735466cecf":"6df26b8b-8124-4bd5-84f9-a5644b42717d","ELEMENT":"6df26b8b-8124-4bd5-84f9-a5644b42717d"},{"element-6066-11e4-a52e-4f735466cecf":"e9ad012e-ee56-4a23-a143-4d0e71d03c43","ELEMENT":"e9ad012e-ee56-4a23-a143-4d0e71d03c43"},{"element-6066-11e4-a52e-4f735466cecf":"9cd19a65-5b4d-4d7c-9585-448e5628f0f7","ELEMENT":"9cd19a65-5b4d-4d7c-9585-448e5628f0f7"},{"element-6066-11e4-a52e-4f735466cecf":"89a0a8bc-7ce2-4127-b00b-e4959400d648","ELEMENT":"89a0a8bc-7ce2-4127-b00b-e4959400d648"},{"element-6066-11e4-a52e-4f735466cecf":"1215ad35-68d5-42fc-8693-d48d864f0d8f","ELEMENT":"1215ad35-68d5-42fc-8693-d48d864f0d8f"}]
&amp#27;[35m[HTTP]&amp#27;[39m &amp#27;[37m<-- POST /wd/hub/session/bf540858-b87c-41a8-a728-b6d33a4f5b2f/elements &amp#27;[39m&amp#27;[32m200&amp#27;[39m &amp#27;[90m27 ms - 907&amp#27;[39m
&amp#27;[35m[HTTP]&amp#27;[39m &amp#27;[90m&amp#27;[39m
&amp#27;[35m[HTTP]&amp#27;[39m &amp#27;[37m-->&amp#27;[39m &amp#27;[37mGET&amp#27;[39m &amp#27;[37m/wd/hub/session/bf540858-b87c-41a8-a728-b6d33a4f5b2f/context&amp#27;[39m
&amp#27;[35m[HTTP]&amp#27;[39m &amp#27;[90m{}&amp#27;[39m
[debug] &amp#27;[35m[W3C (bf540858)]&amp#27;[39m Calling AppiumDriver.getCurrentContext() with args: ["bf540858-b87c-41a8-a728-b6d33a4f5b2f"]
[debug] &amp#27;[35m[W3C (bf540858)]&amp#27;[39m Responding to client with driver.getCurrentContext() result: "NATIVE_APP"
&amp#27;[35m[HTTP]&amp#27;[39m &amp#27;[37m<-- GET /wd/hub/session/bf540858-b87c-41a8-a728-b6d33a4f5b2f/context &amp#27;[39m&amp#27;[32m200&amp#27;[39m &amp#27;[90m2 ms - 22&amp#27;[39m
&amp#27;[35m[HTTP]&amp#27;[39m &amp#27;[90m&amp#27;[39m
&amp#27;[35m[HTTP]&amp#27;[39m &amp#27;[37m-->&amp#27;[39m &amp#27;[37mPOST&amp#27;[39m &amp#27;[37m/wd/hub/session/bf540858-b87c-41a8-a728-b6d33a4f5b2f/elements&amp#27;[39m
&amp#27;[35m[HTTP]&amp#27;[39m &amp#27;[90m{"using":"class name","value":"android.widget.TextView"}&amp#27;[39m
[debug] &amp#27;[35m[W3C (bf540858)]&amp#27;[39m Calling AppiumDriver.findElements() with args: ["class name","android.widget.TextView","bf540858-b87c-41a8-a728-b6d33a4f5b2f"]
[debug] &amp#27;[35m[BaseDriver]&amp#27;[39m Valid locator strategies for this request: xpath, id, class name, accessibility id, -android uiautomator
[debug] &amp#27;[35m[BaseDriver]&amp#27;[39m Waiting up to 10000 ms for condition
[debug] &amp#27;[35m[WD Proxy]&amp#27;[39m Matched '/elements' to command name 'findElements'
[debug] &amp#27;[35m[WD Proxy]&amp#27;[39m Proxying [POST /elements] to [POST http://127.0.0.1:8200/wd/hub/session/431c0a09-5eae-45ff-8ee1-2a94613010da/elements] with body: {"strategy":"class name","selector":"android.widget.TextView","context":"","multiple":true}
[debug] &amp#27;[35m[WD Proxy]&amp#27;[39m Got response with status 200: {"sessionId":"431c0a09-5eae-45ff-8ee1-2a94613010da","value":[{"ELEMENT":"852b14da-2737-4358-b2e5-046baf5949dd","element-6066-11e4-a52e-4f735466cecf":"852b14da-2737-4358-b2e5-046baf5949dd"},{"ELEMENT":"90a67bd8-55c3-489f-824a-1cc7ce71b286","element-6066-11e4-a52e-4f735466cecf":"90a67bd8-55c3-489f-824a-1cc7ce71b286"},{"ELEMENT":"50ecf411-975c-44de-8dee-bffbf5775d9d","element-6066-11e4-a52e-4f735466cecf":"50ecf411-975c-44de-8dee-bffbf5775d9d"},{"ELEMENT":"98a7081e-ec85-41e4-a695-a6fae389a8f4","element-6066-11e4-a52e-4f735466cecf":"98a7081e-ec85-41e4-a695-a6fae389a8f4"},{"ELEMENT":"efcb1b60-44b6-42d5-9321-9b9bf203c520","element-6066-11e4-a52e-4f735466cecf":"efcb1b60-44b6-42d5-9321-9b9bf203c520"},{"ELEMENT":"28dd9163-f984-4ae0-9ac2-b7c493724ded","element-6066-11e4-a52e-4f735466cecf":"28dd9163-f984-4ae0-9ac2-b7c493724ded"},{"ELEMENT":"83021709-d1c9-466c-a68c-b4f15d92a39c","element-6066-11e4-a52e-4f735466cecf":"83021709-d1c9-466c-a68c-b4f15d92a39c"}]}
[debug] &amp#27;[35m[W3C (bf540858)]&amp#27;[39m Responding to client with driver.findElements() result: [{"element-6066-11e4-a52e-4f735466cecf":"852b14da-2737-4358-b2e5-046baf5949dd","ELEMENT":"852b14da-2737-4358-b2e5-046baf5949dd"},{"element-6066-11e4-a52e-4f735466cecf":"90a67bd8-55c3-489f-824a-1cc7ce71b286","ELEMENT":"90a67bd8-55c3-489f-824a-1cc7ce71b286"},{"element-6066-11e4-a52e-4f735466cecf":"50ecf411-975c-44de-8dee-bffbf5775d9d","ELEMENT":"50ecf411-975c-44de-8dee-bffbf5775d9d"},{"element-6066-11e4-a52e-4f735466cecf":"98a7081e-ec85-41e4-a695-a6fae389a8f4","ELEMENT":"98a7081e-ec85-41e4-a695-a6fae389a8f4"},{"element-6066-11e4-a52e-4f735466cecf":"efcb1b60-44b6-42d5-9321-9b9bf203c520","ELEMENT":"efcb1b60-44b6-42d5-9321-9b9bf203c520"},{"element-6066-11e4-a52e-4f735466cecf":"28dd9163-f984-4ae0-9ac2-b7c493724ded","ELEMENT":"28dd9163-f984-4ae0-9ac2-b7c493724ded"},{"element-6066-11e4-a52e-4f735466cecf":"83021709-d1c9-466c-a68c-b4f15d92a39c","ELEMENT":"83021709-d1c9-466c-a68c-b4f15d92a39c"}]
&amp#27;[35m[HTTP]&amp#27;[39m &amp#27;[37m<-- POST /wd/hub/session/bf540858-b87c-41a8-a728-b6d33a4f5b2f/elements &amp#27;[39m&amp#27;[32m200&amp#27;[39m &amp#27;[90m23 ms - 907&amp#27;[39m
&amp#27;[35m[HTTP]&amp#27;[39m &amp#27;[90m&amp#27;[39m
&amp#27;[35m[HTTP]&amp#27;[39m &amp#27;[37m-->&amp#27;[39m &amp#27;[37mGET&amp#27;[39m &amp#27;[37m/wd/hub/session/bf540858-b87c-41a8-a728-b6d33a4f5b2f/element/852b14da-2737-4358-b2e5-046baf5949dd/text&amp#27;[39m
&amp#27;[35m[HTTP]&amp#27;[39m &amp#27;[90m{}&amp#27;[39m
&amp#27;[35m[W3C (bf540858)]&amp#27;[39m Driver proxy active, passing request on via HTTP proxy
[debug] &amp#27;[35m[WD Proxy]&amp#27;[39m Matched '/wd/hub/session/bf540858-b87c-41a8-a728-b6d33a4f5b2f/element/852b14da-2737-4358-b2e5-046baf5949dd/text' to command name 'getText'
[debug] &amp#27;[35m[WD Proxy]&amp#27;[39m Proxying [GET /wd/hub/session/bf540858-b87c-41a8-a728-b6d33a4f5b2f/element/852b14da-2737-4358-b2e5-046baf5949dd/text] to [GET http://127.0.0.1:8200/wd/hub/session/431c0a09-5eae-45ff-8ee1-2a94613010da/element/852b14da-2737-4358-b2e5-046baf5949dd/text] with body: {}
[debug] &amp#27;[35m[WD Proxy]&amp#27;[39m Got response with status 200: {"sessionId":"431c0a09-5eae-45ff-8ee1-2a94613010da","value":"Products"}
&amp#27;[35m[WD Proxy]&amp#27;[39m Replacing sessionId 431c0a09-5eae-45ff-8ee1-2a94613010da with bf540858-b87c-41a8-a728-b6d33a4f5b2f
&amp#27;[35m[HTTP]&amp#27;[39m &amp#27;[37m<-- GET /wd/hub/session/bf540858-b87c-41a8-a728-b6d33a4f5b2f/element/852b14da-2737-4358-b2e5-046baf5949dd/text &amp#27;[39m&amp#27;[32m200&amp#27;[39m &amp#27;[90m14 ms - 71&amp#27;[39m
&amp#27;[35m[HTTP]&amp#27;[39m &amp#27;[90m&amp#27;[39m
&amp#27;[35m[HTTP]&amp#27;[39m &amp#27;[37m-->&amp#27;[39m &amp#27;[37mGET&amp#27;[39m &amp#27;[37m/wd/hub/session/bf540858-b87c-41a8-a728-b6d33a4f5b2f/context&amp#27;[39m
&amp#27;[35m[HTTP]&amp#27;[39m &amp#27;[90m{}&amp#27;[39m
[debug] &amp#27;[35m[W3C (bf540858)]&amp#27;[39m Calling AppiumDriver.getCurrentContext() with args: ["bf540858-b87c-41a8-a728-b6d33a4f5b2f"]
[debug] &amp#27;[35m[W3C (bf540858)]&amp#27;[39m Responding to client with driver.getCurrentContext() result: "NATIVE_APP"
&amp#27;[35m[HTTP]&amp#27;[39m &amp#27;[37m<-- GET /wd/hub/session/bf540858-b87c-41a8-a728-b6d33a4f5b2f/context &amp#27;[39m&amp#27;[32m200&amp#27;[39m &amp#27;[90m1 ms - 22&amp#27;[39m
&amp#27;[35m[HTTP]&amp#27;[39m &amp#27;[90m&amp#27;[39m
&amp#27;[35m[HTTP]&amp#27;[39m &amp#27;[37m-->&amp#27;[39m &amp#27;[37mPOST&amp#27;[39m &amp#27;[37m/wd/hub/session/bf540858-b87c-41a8-a728-b6d33a4f5b2f/elements&amp#27;[39m
&amp#27;[35m[HTTP]&amp#27;[39m &amp#27;[90m{"using":"class name","value":"android.widget.TextView"}&amp#27;[39m
[debug] &amp#27;[35m[W3C (bf540858)]&amp#27;[39m Calling AppiumDriver.findElements() with args: ["class name","android.widget.TextView","bf540858-b87c-41a8-a728-b6d33a4f5b2f"]
[debug] &amp#27;[35m[BaseDriver]&amp#27;[39m Valid locator strategies for this request: xpath, id, class name, accessibility id, -android uiautomator
[debug] &amp#27;[35m[BaseDriver]&amp#27;[39m Waiting up to 10000 ms for condition
[debug] &amp#27;[35m[WD Proxy]&amp#27;[39m Matched '/elements' to command name 'findElements'
[debug] &amp#27;[35m[WD Proxy]&amp#27;[39m Proxying [POST /elements] to [POST http://127.0.0.1:8200/wd/hub/session/431c0a09-5eae-45ff-8ee1-2a94613010da/elements] with body: {"strategy":"class name","selector":"android.widget.TextView","context":"","multiple":true}
[debug] &amp#27;[35m[WD Proxy]&amp#27;[39m Got response with status 200: {"sessionId":"431c0a09-5eae-45ff-8ee1-2a94613010da","value":[{"ELEMENT":"42f11e4d-cfdc-4c1b-a66b-d1e30001965c","element-6066-11e4-a52e-4f735466cecf":"42f11e4d-cfdc-4c1b-a66b-d1e30001965c"},{"ELEMENT":"35cee9d3-c168-4b63-a954-6a9504167850","element-6066-11e4-a52e-4f735466cecf":"35cee9d3-c168-4b63-a954-6a9504167850"},{"ELEMENT":"c280f7e8-a813-4107-ab10-efd904a16f8d","element-6066-11e4-a52e-4f735466cecf":"c280f7e8-a813-4107-ab10-efd904a16f8d"},{"ELEMENT":"a506da22-6b48-4fba-9f79-fd51861ac69d","element-6066-11e4-a52e-4f735466cecf":"a506da22-6b48-4fba-9f79-fd51861ac69d"},{"ELEMENT":"cdca1a61-ebad-46c1-952f-8674f2240b9b","element-6066-11e4-a52e-4f735466cecf":"cdca1a61-ebad-46c1-952f-8674f2240b9b"},{"ELEMENT":"4355c0bd-1d23-4657-adb7-a8d260d65855","element-6066-11e4-a52e-4f735466cecf":"4355c0bd-1d23-4657-adb7-a8d260d65855"},{"ELEMENT":"7fe0e262-f046-4119-b377-1d43b7847f6e","element-6066-11e4-a52e-4f735466cecf":"7fe0e262-f046-4119-b377-1d43b7847f6e"}]}
[debug] &amp#27;[35m[W3C (bf540858)]&amp#27;[39m Responding to client with driver.findElements() result: [{"element-6066-11e4-a52e-4f735466cecf":"42f11e4d-cfdc-4c1b-a66b-d1e30001965c","ELEMENT":"42f11e4d-cfdc-4c1b-a66b-d1e30001965c"},{"element-6066-11e4-a52e-4f735466cecf":"35cee9d3-c168-4b63-a954-6a9504167850","ELEMENT":"35cee9d3-c168-4b63-a954-6a9504167850"},{"element-6066-11e4-a52e-4f735466cecf":"c280f7e8-a813-4107-ab10-efd904a16f8d","ELEMENT":"c280f7e8-a813-4107-ab10-efd904a16f8d"},{"element-6066-11e4-a52e-4f735466cecf":"a506da22-6b48-4fba-9f79-fd51861ac69d","ELEMENT":"a506da22-6b48-4fba-9f79-fd51861ac69d"},{"element-6066-11e4-a52e-4f735466cecf":"cdca1a61-ebad-46c1-952f-8674f2240b9b","ELEMENT":"cdca1a61-ebad-46c1-952f-8674f2240b9b"},{"element-6066-11e4-a52e-4f735466cecf":"4355c0bd-1d23-4657-adb7-a8d260d65855","ELEMENT":"4355c0bd-1d23-4657-adb7-a8d260d65855"},{"element-6066-11e4-a52e-4f735466cecf":"7fe0e262-f046-4119-b377-1d43b7847f6e","ELEMENT":"7fe0e262-f046-4119-b377-1d43b7847f6e"}]
&amp#27;[35m[HTTP]&amp#27;[39m &amp#27;[37m<-- POST /wd/hub/session/bf540858-b87c-41a8-a728-b6d33a4f5b2f/elements &amp#27;[39m&amp#27;[32m200&amp#27;[39m &amp#27;[90m18 ms - 907&amp#27;[39m
&amp#27;[35m[HTTP]&amp#27;[39m &amp#27;[90m&amp#27;[39m
&amp#27;[35m[HTTP]&amp#27;[39m &amp#27;[37m-->&amp#27;[39m &amp#27;[37mGET&amp#27;[39m &amp#27;[37m/wd/hub/session/bf540858-b87c-41a8-a728-b6d33a4f5b2f/element/35cee9d3-c168-4b63-a954-6a9504167850/text&amp#27;[39m
&amp#27;[35m[HTTP]&amp#27;[39m &amp#27;[90m{}&amp#27;[39m
&amp#27;[35m[W3C (bf540858)]&amp#27;[39m Driver proxy active, passing request on via HTTP proxy
[debug] &amp#27;[35m[WD Proxy]&amp#27;[39m Matched '/wd/hub/session/bf540858-b87c-41a8-a728-b6d33a4f5b2f/element/35cee9d3-c168-4b63-a954-6a9504167850/text' to command name 'getText'
[debug] &amp#27;[35m[WD Proxy]&amp#27;[39m Proxying [GET /wd/hub/session/bf540858-b87c-41a8-a728-b6d33a4f5b2f/element/35cee9d3-c168-4b63-a954-6a9504167850/text] to [GET http://127.0.0.1:8200/wd/hub/session/431c0a09-5eae-45ff-8ee1-2a94613010da/element/35cee9d3-c168-4b63-a954-6a9504167850/text] with body: {}
[debug] &amp#27;[35m[WD Proxy]&amp#27;[39m Got response with status 200: {"sessionId":"431c0a09-5eae-45ff-8ee1-2a94613010da","value":"Nike Blazer Mid '77"}
&amp#27;[35m[WD Proxy]&amp#27;[39m Replacing sessionId 431c0a09-5eae-45ff-8ee1-2a94613010da with bf540858-b87c-41a8-a728-b6d33a4f5b2f
&amp#27;[35m[HTTP]&amp#27;[39m &amp#27;[37m<-- GET /wd/hub/session/bf540858-b87c-41a8-a728-b6d33a4f5b2f/element/35cee9d3-c168-4b63-a954-6a9504167850/text &amp#27;[39m&amp#27;[32m200&amp#27;[39m &amp#27;[90m19 ms - 82&amp#27;[39m
&amp#27;[35m[HTTP]&amp#27;[39m &amp#27;[90m&amp#27;[39m
&amp#27;[35m[HTTP]&amp#27;[39m &amp#27;[37m-->&amp#27;[39m &amp#27;[37mGET&amp#27;[39m &amp#27;[37m/wd/hub/session/bf540858-b87c-41a8-a728-b6d33a4f5b2f/context&amp#27;[39m
&amp#27;[35m[HTTP]&amp#27;[39m &amp#27;[90m{}&amp#27;[39m
[debug] &amp#27;[35m[W3C (bf540858)]&amp#27;[39m Calling AppiumDriver.getCurrentContext() with args: ["bf540858-b87c-41a8-a728-b6d33a4f5b2f"]
[debug] &amp#27;[35m[W3C (bf540858)]&amp#27;[39m Responding to client with driver.getCurrentContext() result: "NATIVE_APP"
&amp#27;[35m[HTTP]&amp#27;[39m &amp#27;[37m<-- GET /wd/hub/session/bf540858-b87c-41a8-a728-b6d33a4f5b2f/context &amp#27;[39m&amp#27;[32m200&amp#27;[39m &amp#27;[90m1 ms - 22&amp#27;[39m
&amp#27;[35m[HTTP]&amp#27;[39m &amp#27;[90m&amp#27;[39m
&amp#27;[35m[HTTP]&amp#27;[39m &amp#27;[37m-->&amp#27;[39m &amp#27;[37mPOST&amp#27;[39m &amp#27;[37m/wd/hub/session/bf540858-b87c-41a8-a728-b6d33a4f5b2f/elements&amp#27;[39m
&amp#27;[35m[HTTP]&amp#27;[39m &amp#27;[90m{"using":"class name","value":"android.widget.TextView"}&amp#27;[39m
[debug] &amp#27;[35m[W3C (bf540858)]&amp#27;[39m Calling AppiumDriver.findElements() with args: ["class name","android.widget.TextView","bf540858-b87c-41a8-a728-b6d33a4f5b2f"]
[debug] &amp#27;[35m[BaseDriver]&amp#27;[39m Valid locator strategies for this request: xpath, id, class name, accessibility id, -android uiautomator
[debug] &amp#27;[35m[BaseDriver]&amp#27;[39m Waiting up to 10000 ms for condition
[debug] &amp#27;[35m[WD Proxy]&amp#27;[39m Matched '/elements' to command name 'findElements'
[debug] &amp#27;[35m[WD Proxy]&amp#27;[39m Proxying [POST /elements] to [POST http://127.0.0.1:8200/wd/hub/session/431c0a09-5eae-45ff-8ee1-2a94613010da/elements] with body: {"strategy":"class name","selector":"android.widget.TextView","context":"","multiple":true}
[debug] &amp#27;[35m[WD Proxy]&amp#27;[39m Got response with status 200: {"sessionId":"431c0a09-5eae-45ff-8ee1-2a94613010da","value":[{"ELEMENT":"551f3b21-8120-4e54-856a-657f11e3a433","element-6066-11e4-a52e-4f735466cecf":"551f3b21-8120-4e54-856a-657f11e3a433"},{"ELEMENT":"c999c2eb-1cd2-4a72-a83d-8fcaa48e7062","element-6066-11e4-a52e-4f735466cecf":"c999c2eb-1cd2-4a72-a83d-8fcaa48e7062"},{"ELEMENT":"54081264-9849-48c7-a182-815272deb117","element-6066-11e4-a52e-4f735466cecf":"54081264-9849-48c7-a182-815272deb117"},{"ELEMENT":"4c8f8647-26e6-4f34-8567-3402ac4be414","element-6066-11e4-a52e-4f735466cecf":"4c8f8647-26e6-4f34-8567-3402ac4be414"},{"ELEMENT":"0569ffc7-6eda-4530-8b75-7be23b909ad4","element-6066-11e4-a52e-4f735466cecf":"0569ffc7-6eda-4530-8b75-7be23b909ad4"},{"ELEMENT":"ea3a4066-75e5-4ea0-9b06-f5880106a0ed","element-6066-11e4-a52e-4f735466cecf":"ea3a4066-75e5-4ea0-9b06-f5880106a0ed"},{"ELEMENT":"445690a8-f9dd-426d-8966-35d92ab917c1","element-6066-11e4-a52e-4f735466cecf":"445690a8-f9dd-426d-8966-35d92ab917c1"}]}
[debug] &amp#27;[35m[W3C (bf540858)]&amp#27;[39m Responding to client with driver.findElements() result: [{"element-6066-11e4-a52e-4f735466cecf":"551f3b21-8120-4e54-856a-657f11e3a433","ELEMENT":"551f3b21-8120-4e54-856a-657f11e3a433"},{"element-6066-11e4-a52e-4f735466cecf":"c999c2eb-1cd2-4a72-a83d-8fcaa48e7062","ELEMENT":"c999c2eb-1cd2-4a72-a83d-8fcaa48e7062"},{"element-6066-11e4-a52e-4f735466cecf":"54081264-9849-48c7-a182-815272deb117","ELEMENT":"54081264-9849-48c7-a182-815272deb117"},{"element-6066-11e4-a52e-4f735466cecf":"4c8f8647-26e6-4f34-8567-3402ac4be414","ELEMENT":"4c8f8647-26e6-4f34-8567-3402ac4be414"},{"element-6066-11e4-a52e-4f735466cecf":"0569ffc7-6eda-4530-8b75-7be23b909ad4","ELEMENT":"0569ffc7-6eda-4530-8b75-7be23b909ad4"},{"element-6066-11e4-a52e-4f735466cecf":"ea3a4066-75e5-4ea0-9b06-f5880106a0ed","ELEMENT":"ea3a4066-75e5-4ea0-9b06-f5880106a0ed"},{"element-6066-11e4-a52e-4f735466cecf":"445690a8-f9dd-426d-8966-35d92ab917c1","ELEMENT":"445690a8-f9dd-426d-8966-35d92ab917c1"}]
&amp#27;[35m[HTTP]&amp#27;[39m &amp#27;[37m<-- POST /wd/hub/session/bf540858-b87c-41a8-a728-b6d33a4f5b2f/elements &amp#27;[39m&amp#27;[32m200&amp#27;[39m &amp#27;[90m20 ms - 907&amp#27;[39m
&amp#27;[35m[HTTP]&amp#27;[39m &amp#27;[90m&amp#27;[39m
&amp#27;[35m[HTTP]&amp#27;[39m &amp#27;[37m-->&amp#27;[39m &amp#27;[37mGET&amp#27;[39m &amp#27;[37m/wd/hub/session/bf540858-b87c-41a8-a728-b6d33a4f5b2f/element/54081264-9849-48c7-a182-815272deb117/text&amp#27;[39m
&amp#27;[35m[HTTP]&amp#27;[39m &amp#27;[90m{}&amp#27;[39m
&amp#27;[35m[W3C (bf540858)]&amp#27;[39m Driver proxy active, passing request on via HTTP proxy
[debug] &amp#27;[35m[WD Proxy]&amp#27;[39m Matched '/wd/hub/session/bf540858-b87c-41a8-a728-b6d33a4f5b2f/element/54081264-9849-48c7-a182-815272deb117/text' to command name 'getText'
[debug] &amp#27;[35m[WD Proxy]&amp#27;[39m Proxying [GET /wd/hub/session/bf540858-b87c-41a8-a728-b6d33a4f5b2f/element/54081264-9849-48c7-a182-815272deb117/text] to [GET http://127.0.0.1:8200/wd/hub/session/431c0a09-5eae-45ff-8ee1-2a94613010da/element/54081264-9849-48c7-a182-815272deb117/text] with body: {}
[debug] &amp#27;[35m[WD Proxy]&amp#27;[39m Got response with status 200: {"sessionId":"431c0a09-5eae-45ff-8ee1-2a94613010da","value":"$110.0"}
&amp#27;[35m[WD Proxy]&amp#27;[39m Replacing sessionId 431c0a09-5eae-45ff-8ee1-2a94613010da with bf540858-b87c-41a8-a728-b6d33a4f5b2f
&amp#27;[35m[HTTP]&amp#27;[39m &amp#27;[37m<-- GET /wd/hub/session/bf540858-b87c-41a8-a728-b6d33a4f5b2f/element/54081264-9849-48c7-a182-815272deb117/text &amp#27;[39m&amp#27;[32m200&amp#27;[39m &amp#27;[90m13 ms - 69&amp#27;[39m
&amp#27;[35m[HTTP]&amp#27;[39m &amp#27;[90m&amp#27;[39m
&amp#27;[35m[HTTP]&amp#27;[39m &amp#27;[37m-->&amp#27;[39m &amp#27;[37mGET&amp#27;[39m &amp#27;[37m/wd/hub/session/bf540858-b87c-41a8-a728-b6d33a4f5b2f/context&amp#27;[39m
&amp#27;[35m[HTTP]&amp#27;[39m &amp#27;[90m{}&amp#27;[39m
[debug] &amp#27;[35m[W3C (bf540858)]&amp#27;[39m Calling AppiumDriver.getCurrentContext() with args: ["bf540858-b87c-41a8-a728-b6d33a4f5b2f"]
[debug] &amp#27;[35m[W3C (bf540858)]&amp#27;[39m Responding to client with driver.getCurrentContext() result: "NATIVE_APP"
&amp#27;[35m[HTTP]&amp#27;[39m &amp#27;[37m<-- GET /wd/hub/session/bf540858-b87c-41a8-a728-b6d33a4f5b2f/context &amp#27;[39m&amp#27;[32m200&amp#27;[39m &amp#27;[90m1 ms - 22&amp#27;[39m
&amp#27;[35m[HTTP]&amp#27;[39m &amp#27;[90m&amp#27;[39m
&amp#27;[35m[HTTP]&amp#27;[39m &amp#27;[37m-->&amp#27;[39m &amp#27;[37mPOST&amp#27;[39m &amp#27;[37m/wd/hub/session/bf540858-b87c-41a8-a728-b6d33a4f5b2f/elements&amp#27;[39m
&amp#27;[35m[HTTP]&amp#27;[39m &amp#27;[90m{"using":"class name","value":"android.widget.TextView"}&amp#27;[39m
[debug] &amp#27;[35m[W3C (bf540858)]&amp#27;[39m Calling AppiumDriver.findElements() with args: ["class name","android.widget.TextView","bf540858-b87c-41a8-a728-b6d33a4f5b2f"]
[debug] &amp#27;[35m[BaseDriver]&amp#27;[39m Valid locator strategies for this request: xpath, id, class name, accessibility id, -android uiautomator
[debug] &amp#27;[35m[BaseDriver]&amp#27;[39m Waiting up to 10000 ms for condition
[debug] &amp#27;[35m[WD Proxy]&amp#27;[39m Matched '/elements' to command name 'findElements'
[debug] &amp#27;[35m[WD Proxy]&amp#27;[39m Proxying [POST /elements] to [POST http://127.0.0.1:8200/wd/hub/session/431c0a09-5eae-45ff-8ee1-2a94613010da/elements] with body: {"strategy":"class name","selector":"android.widget.TextView","context":"","multiple":true}
[debug] &amp#27;[35m[WD Proxy]&amp#27;[39m Got response with status 200: {"sessionId":"431c0a09-5eae-45ff-8ee1-2a94613010da","value":[{"ELEMENT":"80bfee91-c1f3-4178-a551-fbdbb81622c8","element-6066-11e4-a52e-4f735466cecf":"80bfee91-c1f3-4178-a551-fbdbb81622c8"},{"ELEMENT":"d95828e7-60a3-4c2b-bb1f-3b65fc8e6d4f","element-6066-11e4-a52e-4f735466cecf":"d95828e7-60a3-4c2b-bb1f-3b65fc8e6d4f"},{"ELEMENT":"dcbc9e0a-2cf9-4847-b3c6-b43e088eb2ad","element-6066-11e4-a52e-4f735466cecf":"dcbc9e0a-2cf9-4847-b3c6-b43e088eb2ad"},{"ELEMENT":"1e6d1a78-c643-4a75-9315-f8faa0ca414c","element-6066-11e4-a52e-4f735466cecf":"1e6d1a78-c643-4a75-9315-f8faa0ca414c"},{"ELEMENT":"5fc73b8f-9de3-4de1-9b86-2661cb7a627c","element-6066-11e4-a52e-4f735466cecf":"5fc73b8f-9de3-4de1-9b86-2661cb7a627c"},{"ELEMENT":"e8386db9-b923-472e-bd38-e38a3b21ab51","element-6066-11e4-a52e-4f735466cecf":"e8386db9-b923-472e-bd38-e38a3b21ab51"},{"ELEMENT":"2c9b5012-23a1-4e0d-bb33-67f3ed1154db","element-6066-11e4-a52e-4f735466cecf":"2c9b5012-23a1-4e0d-bb33-67f3ed1154db"}]}
[debug] &amp#27;[35m[W3C (bf540858)]&amp#27;[39m Responding to client with driver.findElements() result: [{"element-6066-11e4-a52e-4f735466cecf":"80bfee91-c1f3-4178-a551-fbdbb81622c8","ELEMENT":"80bfee91-c1f3-4178-a551-fbdbb81622c8"},{"element-6066-11e4-a52e-4f735466cecf":"d95828e7-60a3-4c2b-bb1f-3b65fc8e6d4f","ELEMENT":"d95828e7-60a3-4c2b-bb1f-3b65fc8e6d4f"},{"element-6066-11e4-a52e-4f735466cecf":"dcbc9e0a-2cf9-4847-b3c6-b43e088eb2ad","ELEMENT":"dcbc9e0a-2cf9-4847-b3c6-b43e088eb2ad"},{"element-6066-11e4-a52e-4f735466cecf":"1e6d1a78-c643-4a75-9315-f8faa0ca414c","ELEMENT":"1e6d1a78-c643-4a75-9315-f8faa0ca414c"},{"element-6066-11e4-a52e-4f735466cecf":"5fc73b8f-9de3-4de1-9b86-2661cb7a627c","ELEMENT":"5fc73b8f-9de3-4de1-9b86-2661cb7a627c"},{"element-6066-11e4-a52e-4f735466cecf":"e8386db9-b923-472e-bd38-e38a3b21ab51","ELEMENT":"e8386db9-b923-472e-bd38-e38a3b21ab51"},{"element-6066-11e4-a52e-4f735466cecf":"2c9b5012-23a1-4e0d-bb33-67f3ed1154db","ELEMENT":"2c9b5012-23a1-4e0d-bb33-67f3ed1154db"}]
&amp#27;[35m[HTTP]&amp#27;[39m &amp#27;[37m<-- POST /wd/hub/session/bf540858-b87c-41a8-a728-b6d33a4f5b2f/elements &amp#27;[39m&amp#27;[32m200&amp#27;[39m &amp#27;[90m23 ms - 907&amp#27;[39m
&amp#27;[35m[HTTP]&amp#27;[39m &amp#27;[90m&amp#27;[39m
&amp#27;[35m[HTTP]&amp#27;[39m &amp#27;[37m-->&amp#27;[39m &amp#27;[37mGET&amp#27;[39m &amp#27;[37m/wd/hub/session/bf540858-b87c-41a8-a728-b6d33a4f5b2f/element/1e6d1a78-c643-4a75-9315-f8faa0ca414c/text&amp#27;[39m
&amp#27;[35m[HTTP]&amp#27;[39m &amp#27;[90m{}&amp#27;[39m
&amp#27;[35m[W3C (bf540858)]&amp#27;[39m Driver proxy active, passing request on via HTTP proxy
[debug] &amp#27;[35m[WD Proxy]&amp#27;[39m Matched '/wd/hub/session/bf540858-b87c-41a8-a728-b6d33a4f5b2f/element/1e6d1a78-c643-4a75-9315-f8faa0ca414c/text' to command name 'getText'
[debug] &amp#27;[35m[WD Proxy]&amp#27;[39m Proxying [GET /wd/hub/session/bf540858-b87c-41a8-a728-b6d33a4f5b2f/element/1e6d1a78-c643-4a75-9315-f8faa0ca414c/text] to [GET http://127.0.0.1:8200/wd/hub/session/431c0a09-5eae-45ff-8ee1-2a94613010da/element/1e6d1a78-c643-4a75-9315-f8faa0ca414c/text] with body: {}
[debug] &amp#27;[35m[WD Proxy]&amp#27;[39m Got response with status 200: {"sessionId":"431c0a09-5eae-45ff-8ee1-2a94613010da","value":"ADD TO CART"}
&amp#27;[35m[WD Proxy]&amp#27;[39m Replacing sessionId 431c0a09-5eae-45ff-8ee1-2a94613010da with bf540858-b87c-41a8-a728-b6d33a4f5b2f
&amp#27;[35m[HTTP]&amp#27;[39m &amp#27;[37m<-- GET /wd/hub/session/bf540858-b87c-41a8-a728-b6d33a4f5b2f/element/1e6d1a78-c643-4a75-9315-f8faa0ca414c/text &amp#27;[39m&amp#27;[32m200&amp#27;[39m &amp#27;[90m11 ms - 74&amp#27;[39m
&amp#27;[35m[HTTP]&amp#27;[39m &amp#27;[90m&amp#27;[39m
&amp#27;[35m[HTTP]&amp#27;[39m &amp#27;[37m-->&amp#27;[39m &amp#27;[37mGET&amp#27;[39m &amp#27;[37m/wd/hub/session/bf540858-b87c-41a8-a728-b6d33a4f5b2f/context&amp#27;[39m
&amp#27;[35m[HTTP]&amp#27;[39m &amp#27;[90m{}&amp#27;[39m
[debug] &amp#27;[35m[W3C (bf540858)]&amp#27;[39m Calling AppiumDriver.getCurrentContext() with args: ["bf540858-b87c-41a8-a728-b6d33a4f5b2f"]
[debug] &amp#27;[35m[W3C (bf540858)]&amp#27;[39m Responding to client with driver.getCurrentContext() result: "NATIVE_APP"
&amp#27;[35m[HTTP]&amp#27;[39m &amp#27;[37m<-- GET /wd/hub/session/bf540858-b87c-41a8-a728-b6d33a4f5b2f/context &amp#27;[39m&amp#27;[32m200&amp#27;[39m &amp#27;[90m1 ms - 22&amp#27;[39m
&amp#27;[35m[HTTP]&amp#27;[39m &amp#27;[90m&amp#27;[39m
&amp#27;[35m[HTTP]&amp#27;[39m &amp#27;[37m-->&amp#27;[39m &amp#27;[37mPOST&amp#27;[39m &amp#27;[37m/wd/hub/session/bf540858-b87c-41a8-a728-b6d33a4f5b2f/elements&amp#27;[39m
&amp#27;[35m[HTTP]&amp#27;[39m &amp#27;[90m{"using":"class name","value":"android.widget.TextView"}&amp#27;[39m
[debug] &amp#27;[35m[W3C (bf540858)]&amp#27;[39m Calling AppiumDriver.findElements() with args: ["class name","android.widget.TextView","bf540858-b87c-41a8-a728-b6d33a4f5b2f"]
[debug] &amp#27;[35m[BaseDriver]&amp#27;[39m Valid locator strategies for this request: xpath, id, class name, accessibility id, -android uiautomator
[debug] &amp#27;[35m[BaseDriver]&amp#27;[39m Waiting up to 10000 ms for condition
[debug] &amp#27;[35m[WD Proxy]&amp#27;[39m Matched '/elements' to command name 'findElements'
[debug] &amp#27;[35m[WD Proxy]&amp#27;[39m Proxying [POST /elements] to [POST http://127.0.0.1:8200/wd/hub/session/431c0a09-5eae-45ff-8ee1-2a94613010da/elements] with body: {"strategy":"class name","selector":"android.widget.TextView","context":"","multiple":true}
[debug] &amp#27;[35m[WD Proxy]&amp#27;[39m Got response with status 200: {"sessionId":"431c0a09-5eae-45ff-8ee1-2a94613010da","value":[{"ELEMENT":"d1bc7fe1-53d0-45c6-b5e5-4e5a2eb4e3ed","element-6066-11e4-a52e-4f735466cecf":"d1bc7fe1-53d0-45c6-b5e5-4e5a2eb4e3ed"},{"ELEMENT":"b32eb970-4eaa-4f26-9b96-906718e1547a","element-6066-11e4-a52e-4f735466cecf":"b32eb970-4eaa-4f26-9b96-906718e1547a"},{"ELEMENT":"3bd054db-a1d2-48e6-9b16-8be0a1166818","element-6066-11e4-a52e-4f735466cecf":"3bd054db-a1d2-48e6-9b16-8be0a1166818"},{"ELEMENT":"557b195c-0cb2-4815-81d5-b1a217a51602","element-6066-11e4-a52e-4f735466cecf":"557b195c-0cb2-4815-81d5-b1a217a51602"},{"ELEMENT":"b6deb085-df28-4308-b9a4-b4297683e56a","element-6066-11e4-a52e-4f735466cecf":"b6deb085-df28-4308-b9a4-b4297683e56a"},{"ELEMENT":"4316158e-bbae-4557-99f6-de5026dc4836","element-6066-11e4-a52e-4f735466cecf":"4316158e-bbae-4557-99f6-de5026dc4836"},{"ELEMENT":"08ceb4b7-504b-4413-b00f-513d3b1f158e","element-6066-11e4-a52e-4f735466cecf":"08ceb4b7-504b-4413-b00f-513d3b1f158e"}]}
[debug] &amp#27;[35m[W3C (bf540858)]&amp#27;[39m Responding to client with driver.findElements() result: [{"element-6066-11e4-a52e-4f735466cecf":"d1bc7fe1-53d0-45c6-b5e5-4e5a2eb4e3ed","ELEMENT":"d1bc7fe1-53d0-45c6-b5e5-4e5a2eb4e3ed"},{"element-6066-11e4-a52e-4f735466cecf":"b32eb970-4eaa-4f26-9b96-906718e1547a","ELEMENT":"b32eb970-4eaa-4f26-9b96-906718e1547a"},{"element-6066-11e4-a52e-4f735466cecf":"3bd054db-a1d2-48e6-9b16-8be0a1166818","ELEMENT":"3bd054db-a1d2-48e6-9b16-8be0a1166818"},{"element-6066-11e4-a52e-4f735466cecf":"557b195c-0cb2-4815-81d5-b1a217a51602","ELEMENT":"557b195c-0cb2-4815-81d5-b1a217a51602"},{"element-6066-11e4-a52e-4f735466cecf":"b6deb085-df28-4308-b9a4-b4297683e56a","ELEMENT":"b6deb085-df28-4308-b9a4-b4297683e56a"},{"element-6066-11e4-a52e-4f735466cecf":"4316158e-bbae-4557-99f6-de5026dc4836","ELEMENT":"4316158e-bbae-4557-99f6-de5026dc4836"},{"element-6066-11e4-a52e-4f735466cecf":"08ceb4b7-504b-4413-b00f-513d3b1f158e","ELEMENT":"08ceb4b7-504b-4413-b00f-513d3b1f158e"}]
&amp#27;[35m[HTTP]&amp#27;[39m &amp#27;[37m<-- POST /wd/hub/session/bf540858-b87c-41a8-a728-b6d33a4f5b2f/elements &amp#27;[39m&amp#27;[32m200&amp#27;[39m &amp#27;[90m80 ms - 907&amp#27;[39m
&amp#27;[35m[HTTP]&amp#27;[39m &amp#27;[90m&amp#27;[39m
&amp#27;[35m[HTTP]&amp#27;[39m &amp#27;[37m-->&amp#27;[39m &amp#27;[37mGET&amp#27;[39m &amp#27;[37m/wd/hub/session/bf540858-b87c-41a8-a728-b6d33a4f5b2f/element/b6deb085-df28-4308-b9a4-b4297683e56a/text&amp#27;[39m
&amp#27;[35m[HTTP]&amp#27;[39m &amp#27;[90m{}&amp#27;[39m
&amp#27;[35m[W3C (bf540858)]&amp#27;[39m Driver proxy active, passing request on via HTTP proxy
[debug] &amp#27;[35m[WD Proxy]&amp#27;[39m Matched '/wd/hub/session/bf540858-b87c-41a8-a728-b6d33a4f5b2f/element/b6deb085-df28-4308-b9a4-b4297683e56a/text' to command name 'getText'
[debug] &amp#27;[35m[WD Proxy]&amp#27;[39m Proxying [GET /wd/hub/session/bf540858-b87c-41a8-a728-b6d33a4f5b2f/element/b6deb085-df28-4308-b9a4-b4297683e56a/text] to [GET http://127.0.0.1:8200/wd/hub/session/431c0a09-5eae-45ff-8ee1-2a94613010da/element/b6deb085-df28-4308-b9a4-b4297683e56a/text] with body: {}
[debug] &amp#27;[35m[WD Proxy]&amp#27;[39m Got response with status 200: {"sessionId":"431c0a09-5eae-45ff-8ee1-2a94613010da","value":"Converse All Star"}
&amp#27;[35m[WD Proxy]&amp#27;[39m Replacing sessionId 431c0a09-5eae-45ff-8ee1-2a94613010da with bf540858-b87c-41a8-a728-b6d33a4f5b2f
&amp#27;[35m[HTTP]&amp#27;[39m &amp#27;[37m<-- GET /wd/hub/session/bf540858-b87c-41a8-a728-b6d33a4f5b2f/element/b6deb085-df28-4308-b9a4-b4297683e56a/text &amp#27;[39m&amp#27;[32m200&amp#27;[39m &amp#27;[90m11 ms - 80&amp#27;[39m
&amp#27;[35m[HTTP]&amp#27;[39m &amp#27;[90m&amp#27;[39m
&amp#27;[35m[HTTP]&amp#27;[39m &amp#27;[37m-->&amp#27;[39m &amp#27;[37mPOST&amp#27;[39m &amp#27;[37m/wd/hub/session/bf540858-b87c-41a8-a728-b6d33a4f5b2f/elements&amp#27;[39m
&amp#27;[35m[HTTP]&amp#27;[39m &amp#27;[90m{"using":"class name","value":"android.widget.TextView"}&amp#27;[39m
[debug] &amp#27;[35m[W3C (bf540858)]&amp#27;[39m Calling AppiumDriver.findElements() with args: ["class name","android.widget.TextView","bf540858-b87c-41a8-a728-b6d33a4f5b2f"]
[debug] &amp#27;[35m[BaseDriver]&amp#27;[39m Valid locator strategies for this request: xpath, id, class name, accessibility id, -android uiautomator
[debug] &amp#27;[35m[BaseDriver]&amp#27;[39m Waiting up to 10000 ms for condition
[debug] &amp#27;[35m[WD Proxy]&amp#27;[39m Matched '/elements' to command name 'findElements'
[debug] &amp#27;[35m[WD Proxy]&amp#27;[39m Proxying [POST /elements] to [POST http://127.0.0.1:8200/wd/hub/session/431c0a09-5eae-45ff-8ee1-2a94613010da/elements] with body: {"strategy":"class name","selector":"android.widget.TextView","context":"","multiple":true}
[debug] &amp#27;[35m[WD Proxy]&amp#27;[39m Got response with status 200: {"sessionId":"431c0a09-5eae-45ff-8ee1-2a94613010da","value":[{"ELEMENT":"449d16b4-aad6-43f5-8186-b9d6c6b62398","element-6066-11e4-a52e-4f735466cecf":"449d16b4-aad6-43f5-8186-b9d6c6b62398"},{"ELEMENT":"2182da41-b081-4629-8568-ebd18baa11d1","element-6066-11e4-a52e-4f735466cecf":"2182da41-b081-4629-8568-ebd18baa11d1"},{"ELEMENT":"179b630b-a212-4057-a805-fab884fcb39b","element-6066-11e4-a52e-4f735466cecf":"179b630b-a212-4057-a805-fab884fcb39b"},{"ELEMENT":"9dc977d0-b173-4d2a-9772-5c750d7d2de1","element-6066-11e4-a52e-4f735466cecf":"9dc977d0-b173-4d2a-9772-5c750d7d2de1"},{"ELEMENT":"3dbd2360-a552-4ba6-8f88-c12ee5863f4c","element-6066-11e4-a52e-4f735466cecf":"3dbd2360-a552-4ba6-8f88-c12ee5863f4c"},{"ELEMENT":"3df1a5bd-6686-45e0-8870-6f04dd9b32c2","element-6066-11e4-a52e-4f735466cecf":"3df1a5bd-6686-45e0-8870-6f04dd9b32c2"},{"ELEMENT":"2800fceb-fb99-41db-ac96-2ffcdac4b4d5","element-6066-11e4-a52e-4f735466cecf":"2800fceb-fb99-41db-ac96-2ffcdac4b4d5"}]}
[debug] &amp#27;[35m[W3C (bf540858)]&amp#27;[39m Responding to client with driver.findElements() result: [{"element-6066-11e4-a52e-4f735466cecf":"449d16b4-aad6-43f5-8186-b9d6c6b62398","ELEMENT":"449d16b4-aad6-43f5-8186-b9d6c6b62398"},{"element-6066-11e4-a52e-4f735466cecf":"2182da41-b081-4629-8568-ebd18baa11d1","ELEMENT":"2182da41-b081-4629-8568-ebd18baa11d1"},{"element-6066-11e4-a52e-4f735466cecf":"179b630b-a212-4057-a805-fab884fcb39b","ELEMENT":"179b630b-a212-4057-a805-fab884fcb39b"},{"element-6066-11e4-a52e-4f735466cecf":"9dc977d0-b173-4d2a-9772-5c750d7d2de1","ELEMENT":"9dc977d0-b173-4d2a-9772-5c750d7d2de1"},{"element-6066-11e4-a52e-4f735466cecf":"3dbd2360-a552-4ba6-8f88-c12ee5863f4c","ELEMENT":"3dbd2360-a552-4ba6-8f88-c12ee5863f4c"},{"element-6066-11e4-a52e-4f735466cecf":"3df1a5bd-6686-45e0-8870-6f04dd9b32c2","ELEMENT":"3df1a5bd-6686-45e0-8870-6f04dd9b32c2"},{"element-6066-11e4-a52e-4f735466cecf":"2800fceb-fb99-41db-ac96-2ffcdac4b4d5","ELEMENT":"2800fceb-fb99-41db-ac96-2ffcdac4b4d5"}]
&amp#27;[35m[HTTP]&amp#27;[39m &amp#27;[37m<-- POST /wd/hub/session/bf540858-b87c-41a8-a728-b6d33a4f5b2f/elements &amp#27;[39m&amp#27;[32m200&amp#27;[39m &amp#27;[90m157 ms - 907&amp#27;[39m
&amp#27;[35m[HTTP]&amp#27;[39m &amp#27;[90m&amp#27;[39m
&amp#27;[35m[HTTP]&amp#27;[39m &amp#27;[37m-->&amp#27;[39m &amp#27;[37mGET&amp#27;[39m &amp#27;[37m/wd/hub/session/bf540858-b87c-41a8-a728-b6d33a4f5b2f/element/3df1a5bd-6686-45e0-8870-6f04dd9b32c2/text&amp#27;[39m
&amp#27;[35m[HTTP]&amp#27;[39m &amp#27;[90m{}&amp#27;[39m
&amp#27;[35m[W3C (bf540858)]&amp#27;[39m Driver proxy active, passing request on via HTTP proxy
[debug] &amp#27;[35m[WD Proxy]&amp#27;[39m Matched '/wd/hub/session/bf540858-b87c-41a8-a728-b6d33a4f5b2f/element/3df1a5bd-6686-45e0-8870-6f04dd9b32c2/text' to command name 'getText'
[debug] &amp#27;[35m[WD Proxy]&amp#27;[39m Proxying [GET /wd/hub/session/bf540858-b87c-41a8-a728-b6d33a4f5b2f/element/3df1a5bd-6686-45e0-8870-6f04dd9b32c2/text] to [GET http://127.0.0.1:8200/wd/hub/session/431c0a09-5eae-45ff-8ee1-2a94613010da/element/3df1a5bd-6686-45e0-8870-6f04dd9b32c2/text] with body: {}
[debug] &amp#27;[35m[WD Proxy]&amp#27;[39m Got response with status 200: {"sessionId":"431c0a09-5eae-45ff-8ee1-2a94613010da","value":"$55.0"}
&amp#27;[35m[WD Proxy]&amp#27;[39m Replacing sessionId 431c0a09-5eae-45ff-8ee1-2a94613010da with bf540858-b87c-41a8-a728-b6d33a4f5b2f
&amp#27;[35m[HTTP]&amp#27;[39m &amp#27;[37m<-- GET /wd/hub/session/bf540858-b87c-41a8-a728-b6d33a4f5b2f/element/3df1a5bd-6686-45e0-8870-6f04dd9b32c2/text &amp#27;[39m&amp#27;[32m200&amp#27;[39m &amp#27;[90m12 ms - 68&amp#27;[39m
&amp#27;[35m[HTTP]&amp#27;[39m &amp#27;[90m&amp#27;[39m
&amp#27;[35m[HTTP]&amp#27;[39m &amp#27;[37m-->&amp#27;[39m &amp#27;[37mPOST&amp#27;[39m &amp#27;[37m/wd/hub/session/bf540858-b87c-41a8-a728-b6d33a4f5b2f/elements&amp#27;[39m
&amp#27;[35m[HTTP]&amp#27;[39m &amp#27;[90m{"using":"class name","value":"android.widget.TextView"}&amp#27;[39m
[debug] &amp#27;[35m[W3C (bf540858)]&amp#27;[39m Calling AppiumDriver.findElements() with args: ["class name","android.widget.TextView","bf540858-b87c-41a8-a728-b6d33a4f5b2f"]
[debug] &amp#27;[35m[BaseDriver]&amp#27;[39m Valid locator strategies for this request: xpath, id, class name, accessibility id, -android uiautomator
[debug] &amp#27;[35m[BaseDriver]&amp#27;[39m Waiting up to 10000 ms for condition
[debug] &amp#27;[35m[WD Proxy]&amp#27;[39m Matched '/elements' to command name 'findElements'
[debug] &amp#27;[35m[WD Proxy]&amp#27;[39m Proxying [POST /elements] to [POST http://127.0.0.1:8200/wd/hub/session/431c0a09-5eae-45ff-8ee1-2a94613010da/elements] with body: {"strategy":"class name","selector":"android.widget.TextView","context":"","multiple":true}
[debug] &amp#27;[35m[WD Proxy]&amp#27;[39m Got response with status 200: {"sessionId":"431c0a09-5eae-45ff-8ee1-2a94613010da","value":[{"ELEMENT":"b34e56b8-03d0-4da0-b3a3-f81080c42ec3","element-6066-11e4-a52e-4f735466cecf":"b34e56b8-03d0-4da0-b3a3-f81080c42ec3"},{"ELEMENT":"9b7dad65-e31a-41e4-b508-cd86023ba835","element-6066-11e4-a52e-4f735466cecf":"9b7dad65-e31a-41e4-b508-cd86023ba835"},{"ELEMENT":"d14d1a4c-60c5-491e-a906-f53021ed3f7d","element-6066-11e4-a52e-4f735466cecf":"d14d1a4c-60c5-491e-a906-f53021ed3f7d"},{"ELEMENT":"dee945af-fade-48a3-968c-f8e6dd9b98d3","element-6066-11e4-a52e-4f735466cecf":"dee945af-fade-48a3-968c-f8e6dd9b98d3"},{"ELEMENT":"b391945b-457c-47e5-9a0b-78ac83eb77d1","element-6066-11e4-a52e-4f735466cecf":"b391945b-457c-47e5-9a0b-78ac83eb77d1"},{"ELEMENT":"c4c72531-8548-4ff1-aff4-b5b49c0d3cd2","element-6066-11e4-a52e-4f735466cecf":"c4c72531-8548-4ff1-aff4-b5b49c0d3cd2"},{"ELEMENT":"362e3ff3-1523-48b9-9633-94ace2b4e3c6","element-6066-11e4-a52e-4f735466cecf":"362e3ff3-1523-48b9-9633-94ace2b4e3c6"}]}
[debug] &amp#27;[35m[W3C (bf540858)]&amp#27;[39m Responding to client with driver.findElements() result: [{"element-6066-11e4-a52e-4f735466cecf":"b34e56b8-03d0-4da0-b3a3-f81080c42ec3","ELEMENT":"b34e56b8-03d0-4da0-b3a3-f81080c42ec3"},{"element-6066-11e4-a52e-4f735466cecf":"9b7dad65-e31a-41e4-b508-cd86023ba835","ELEMENT":"9b7dad65-e31a-41e4-b508-cd86023ba835"},{"element-6066-11e4-a52e-4f735466cecf":"d14d1a4c-60c5-491e-a906-f53021ed3f7d","ELEMENT":"d14d1a4c-60c5-491e-a906-f53021ed3f7d"},{"element-6066-11e4-a52e-4f735466cecf":"dee945af-fade-48a3-968c-f8e6dd9b98d3","ELEMENT":"dee945af-fade-48a3-968c-f8e6dd9b98d3"},{"element-6066-11e4-a52e-4f735466cecf":"b391945b-457c-47e5-9a0b-78ac83eb77d1","ELEMENT":"b391945b-457c-47e5-9a0b-78ac83eb77d1"},{"element-6066-11e4-a52e-4f735466cecf":"c4c72531-8548-4ff1-aff4-b5b49c0d3cd2","ELEMENT":"c4c72531-8548-4ff1-aff4-b5b49c0d3cd2"},{"element-6066-11e4-a52e-4f735466cecf":"362e3ff3-1523-48b9-9633-94ace2b4e3c6","ELEMENT":"362e3ff3-1523-48b9-9633-94ace2b4e3c6"}]
&amp#27;[35m[HTTP]&amp#27;[39m &amp#27;[37m<-- POST /wd/hub/session/bf540858-b87c-41a8-a728-b6d33a4f5b2f/elements &amp#27;[39m&amp#27;[32m200&amp#27;[39m &amp#27;[90m121 ms - 907&amp#27;[39m
&amp#27;[35m[HTTP]&amp#27;[39m &amp#27;[90m&amp#27;[39m
&amp#27;[35m[HTTP]&amp#27;[39m &amp#27;[37m-->&amp#27;[39m &amp#27;[37mGET&amp#27;[39m &amp#27;[37m/wd/hub/session/bf540858-b87c-41a8-a728-b6d33a4f5b2f/element/362e3ff3-1523-48b9-9633-94ace2b4e3c6/text&amp#27;[39m
&amp#27;[35m[HTTP]&amp#27;[39m &amp#27;[90m{}&amp#27;[39m
&amp#27;[35m[W3C (bf540858)]&amp#27;[39m Driver proxy active, passing request on via HTTP proxy
[debug] &amp#27;[35m[WD Proxy]&amp#27;[39m Matched '/wd/hub/session/bf540858-b87c-41a8-a728-b6d33a4f5b2f/element/362e3ff3-1523-48b9-9633-94ace2b4e3c6/text' to command name 'getText'
[debug] &amp#27;[35m[WD Proxy]&amp#27;[39m Proxying [GET /wd/hub/session/bf540858-b87c-41a8-a728-b6d33a4f5b2f/element/362e3ff3-1523-48b9-9633-94ace2b4e3c6/text] to [GET http://127.0.0.1:8200/wd/hub/session/431c0a09-5eae-45ff-8ee1-2a94613010da/element/362e3ff3-1523-48b9-9633-94ace2b4e3c6/text] with body: {}
[debug] &amp#27;[35m[WD Proxy]&amp#27;[39m Got response with status 200: {"sessionId":"431c0a09-5eae-45ff-8ee1-2a94613010da","value":"ADD TO CART"}
&amp#27;[35m[WD Proxy]&amp#27;[39m Replacing sessionId 431c0a09-5eae-45ff-8ee1-2a94613010da with bf540858-b87c-41a8-a728-b6d33a4f5b2f
&amp#27;[35m[HTTP]&amp#27;[39m &amp#27;[37m<-- GET /wd/hub/session/bf540858-b87c-41a8-a728-b6d33a4f5b2f/element/362e3ff3-1523-48b9-9633-94ace2b4e3c6/text &amp#27;[39m&amp#27;[32m200&amp#27;[39m &amp#27;[90m11 ms - 74&amp#27;[39m
&amp#27;[35m[HTTP]&amp#27;[39m &amp#27;[90m&amp#27;[39m
&amp#27;[35m[HTTP]&amp#27;[39m &amp#27;[37m-->&amp#27;[39m &amp#27;[37mPOST&amp#27;[39m &amp#27;[37m/wd/hub/session/bf540858-b87c-41a8-a728-b6d33a4f5b2f/elements&amp#27;[39m
&amp#27;[35m[HTTP]&amp#27;[39m &amp#27;[90m{"using":"class name","value":"android.widget.TextView"}&amp#27;[39m
[debug] &amp#27;[35m[W3C (bf540858)]&amp#27;[39m Calling AppiumDriver.findElements() with args: ["class name","android.widget.TextView","bf540858-b87c-41a8-a728-b6d33a4f5b2f"]
[debug] &amp#27;[35m[BaseDriver]&amp#27;[39m Valid locator strategies for this request: xpath, id, class name, accessibility id, -android uiautomator
[debug] &amp#27;[35m[BaseDriver]&amp#27;[39m Waiting up to 10000 ms for condition
[debug] &amp#27;[35m[WD Proxy]&amp#27;[39m Matched '/elements' to command name 'findElements'
[debug] &amp#27;[35m[WD Proxy]&amp#27;[39m Proxying [POST /elements] to [POST http://127.0.0.1:8200/wd/hub/session/431c0a09-5eae-45ff-8ee1-2a94613010da/elements] with body: {"strategy":"class name","selector":"android.widget.TextView","context":"","multiple":true}
[debug] &amp#27;[35m[WD Proxy]&amp#27;[39m Got response with status 200: {"sessionId":"431c0a09-5eae-45ff-8ee1-2a94613010da","value":[{"ELEMENT":"367f7fb8-d3db-472a-ba51-245c2c5c5034","element-6066-11e4-a52e-4f735466cecf":"367f7fb8-d3db-472a-ba51-245c2c5c5034"},{"ELEMENT":"2fde438a-3166-4940-a721-0f3bdf9c4d85","element-6066-11e4-a52e-4f735466cecf":"2fde438a-3166-4940-a721-0f3bdf9c4d85"},{"ELEMENT":"1a55e532-9384-4fd0-b7e0-25615745a96d","element-6066-11e4-a52e-4f735466cecf":"1a55e532-9384-4fd0-b7e0-25615745a96d"},{"ELEMENT":"250640d0-b7b5-4b63-84aa-71436f106ff1","element-6066-11e4-a52e-4f735466cecf":"250640d0-b7b5-4b63-84aa-71436f106ff1"},{"ELEMENT":"b2535fce-2727-4fba-9578-1575b74069aa","element-6066-11e4-a52e-4f735466cecf":"b2535fce-2727-4fba-9578-1575b74069aa"},{"ELEMENT":"c950a618-ad6d-40cf-acb2-7b095279c37c","element-6066-11e4-a52e-4f735466cecf":"c950a618-ad6d-40cf-acb2-7b095279c37c"},{"ELEMENT":"570780a7-417a-48b4-9761-0019627a6fec","element-6066-11e4-a52e-4f735466cecf":"570780a7-417a-48b4-9761-0019627a6fec"}]}
[debug] &amp#27;[35m[W3C (bf540858)]&amp#27;[39m Responding to client with driver.findElements() result: [{"element-6066-11e4-a52e-4f735466cecf":"367f7fb8-d3db-472a-ba51-245c2c5c5034","ELEMENT":"367f7fb8-d3db-472a-ba51-245c2c5c5034"},{"element-6066-11e4-a52e-4f735466cecf":"2fde438a-3166-4940-a721-0f3bdf9c4d85","ELEMENT":"2fde438a-3166-4940-a721-0f3bdf9c4d85"},{"element-6066-11e4-a52e-4f735466cecf":"1a55e532-9384-4fd0-b7e0-25615745a96d","ELEMENT":"1a55e532-9384-4fd0-b7e0-25615745a96d"},{"element-6066-11e4-a52e-4f735466cecf":"250640d0-b7b5-4b63-84aa-71436f106ff1","ELEMENT":"250640d0-b7b5-4b63-84aa-71436f106ff1"},{"element-6066-11e4-a52e-4f735466cecf":"b2535fce-2727-4fba-9578-1575b74069aa","ELEMENT":"b2535fce-2727-4fba-9578-1575b74069aa"},{"element-6066-11e4-a52e-4f735466cecf":"c950a618-ad6d-40cf-acb2-7b095279c37c","ELEMENT":"c950a618-ad6d-40cf-acb2-7b095279c37c"},{"element-6066-11e4-a52e-4f735466cecf":"570780a7-417a-48b4-9761-0019627a6fec","ELEMENT":"570780a7-417a-48b4-9761-0019627a6fec"}]
&amp#27;[35m[HTTP]&amp#27;[39m &amp#27;[37m<-- POST /wd/hub/session/bf540858-b87c-41a8-a728-b6d33a4f5b2f/elements &amp#27;[39m&amp#27;[32m200&amp#27;[39m &amp#27;[90m90 ms - 907&amp#27;[39m
&amp#27;[35m[HTTP]&amp#27;[39m &amp#27;[90m&amp#27;[39m
&amp#27;[35m[HTTP]&amp#27;[39m &amp#27;[37m-->&amp#27;[39m &amp#27;[37mPOST&amp#27;[39m &amp#27;[37m/wd/hub/session/bf540858-b87c-41a8-a728-b6d33a4f5b2f/element/570780a7-417a-48b4-9761-0019627a6fec/click&amp#27;[39m
&amp#27;[35m[HTTP]&amp#27;[39m &amp#27;[90m{"id":"570780a7-417a-48b4-9761-0019627a6fec"}&amp#27;[39m
[debug] &amp#27;[35m[W3C (bf540858)]&amp#27;[39m Calling AppiumDriver.click() with args: ["570780a7-417a-48b4-9761-0019627a6fec","bf540858-b87c-41a8-a728-b6d33a4f5b2f"]
[debug] &amp#27;[35m[WD Proxy]&amp#27;[39m Matched '/element/570780a7-417a-48b4-9761-0019627a6fec/click' to command name 'click'
[debug] &amp#27;[35m[WD Proxy]&amp#27;[39m Proxying [POST /element/570780a7-417a-48b4-9761-0019627a6fec/click] to [POST http://127.0.0.1:8200/wd/hub/session/431c0a09-5eae-45ff-8ee1-2a94613010da/element/570780a7-417a-48b4-9761-0019627a6fec/click] with body: {"element":"570780a7-417a-48b4-9761-0019627a6fec"}
[debug] &amp#27;[35m[WD Proxy]&amp#27;[39m Got response with status 200: {"sessionId":"431c0a09-5eae-45ff-8ee1-2a94613010da","value":null}
[debug] &amp#27;[35m[W3C (bf540858)]&amp#27;[39m Responding to client with driver.click() result: null
&amp#27;[35m[HTTP]&amp#27;[39m &amp#27;[37m<-- POST /wd/hub/session/bf540858-b87c-41a8-a728-b6d33a4f5b2f/element/570780a7-417a-48b4-9761-0019627a6fec/click &amp#27;[39m&amp#27;[32m200&amp#27;[39m &amp#27;[90m23 ms - 14&amp#27;[39m
&amp#27;[35m[HTTP]&amp#27;[39m &amp#27;[90m&amp#27;[39m
&amp#27;[35m[HTTP]&amp#27;[39m &amp#27;[37m-->&amp#27;[39m &amp#27;[37mGET&amp#27;[39m &amp#27;[37m/wd/hub/session/bf540858-b87c-41a8-a728-b6d33a4f5b2f/element/570780a7-417a-48b4-9761-0019627a6fec/text&amp#27;[39m
&amp#27;[35m[HTTP]&amp#27;[39m &amp#27;[90m{}&amp#27;[39m
&amp#27;[35m[W3C (bf540858)]&amp#27;[39m Driver proxy active, passing request on via HTTP proxy
[debug] &amp#27;[35m[WD Proxy]&amp#27;[39m Matched '/wd/hub/session/bf540858-b87c-41a8-a728-b6d33a4f5b2f/element/570780a7-417a-48b4-9761-0019627a6fec/text' to command name 'getText'
[debug] &amp#27;[35m[WD Proxy]&amp#27;[39m Proxying [GET /wd/hub/session/bf540858-b87c-41a8-a728-b6d33a4f5b2f/element/570780a7-417a-48b4-9761-0019627a6fec/text] to [GET http://127.0.0.1:8200/wd/hub/session/431c0a09-5eae-45ff-8ee1-2a94613010da/element/570780a7-417a-48b4-9761-0019627a6fec/text] with body: {}
[debug] &amp#27;[35m[WD Proxy]&amp#27;[39m Got response with status 200: {"sessionId":"431c0a09-5eae-45ff-8ee1-2a94613010da","value":"ADDED TO CART"}
&amp#27;[35m[WD Proxy]&amp#27;[39m Replacing sessionId 431c0a09-5eae-45ff-8ee1-2a94613010da with bf540858-b87c-41a8-a728-b6d33a4f5b2f
&amp#27;[35m[HTTP]&amp#27;[39m &amp#27;[37m<-- GET /wd/hub/session/bf540858-b87c-41a8-a728-b6d33a4f5b2f/element/570780a7-417a-48b4-9761-0019627a6fec/text &amp#27;[39m&amp#27;[32m200&amp#27;[39m &amp#27;[90m504 ms - 76&amp#27;[39m
&amp#27;[35m[HTTP]&amp#27;[39m &amp#27;[90m&amp#27;[39m
&amp#27;[35m[HTTP]&amp#27;[39m &amp#27;[37m-->&amp#27;[39m &amp#27;[37mPOST&amp#27;[39m &amp#27;[37m/wd/hub/session/bf540858-b87c-41a8-a728-b6d33a4f5b2f/element&amp#27;[39m
&amp#27;[35m[HTTP]&amp#27;[39m &amp#27;[90m{"using":"-android uiautomator","value":"new UiScrollable(new UiSelector().scrollable(true)).scrollToBeginning(30)"}&amp#27;[39m
[debug] &amp#27;[35m[W3C (bf540858)]&amp#27;[39m Calling AppiumDriver.findElement() with args: ["-android uiautomator","new UiScrollable(new UiSelector().scrollable(true)).scrollToBeginning(30)","bf540858-b87c-41a8-a728-b6d33a4f5b2f"]
[debug] &amp#27;[35m[BaseDriver]&amp#27;[39m Valid locator strategies for this request: xpath, id, class name, accessibility id, -android uiautomator
[debug] &amp#27;[35m[BaseDriver]&amp#27;[39m Waiting up to 10000 ms for condition
[debug] &amp#27;[35m[WD Proxy]&amp#27;[39m Matched '/element' to command name 'findElement'
[debug] &amp#27;[35m[WD Proxy]&amp#27;[39m Proxying [POST /element] to [POST http://127.0.0.1:8200/wd/hub/session/431c0a09-5eae-45ff-8ee1-2a94613010da/element] with body: {"strategy":"-android uiautomator","selector":"new UiScrollable(new UiSelector().scrollable(true)).scrollToBeginning(30)","context":"","multiple":false}
&amp#27;[35m[WD Proxy]&amp#27;[39m Got response with status 400: {"sessionId":"431c0a09-5eae-45ff-8ee1-2a94613010da","value":{"error":"invalid selector","message":"Could not parse expression `new UiScrollable(new UiSelector().scrollable(true)).scrollToBeginning(30)`: Last method called on a UiScrollable object must return a UiObject object","stacktrace":"io.appium.uiautomator2.common.exceptions.UiSelectorSyntaxException: Could not parse expression `new UiScrollable(new UiSelector().scrollable(true)).scrollToBeginning(30)`: Last method called on a UiScrollable object must return a UiObject object\n\tat io.appium.uiautomator2.utils.UiScrollableParser.parse(UiScrollableParser.java:71)\n\tat io.appium.uiautomator2.utils.UiAutomatorParser.consumeStatement(UiAutomatorParser.java:92)\n\tat io.appium.uiautomator2.utils.UiAutomatorParser.parse(UiAutomatorParser.java:48)\n\tat io.appium.uiautomator2.utils.ElementLocationHelpers.toSelectors(ElementLocationHelpers.java:98)\n\tat io.appium.uiautomator2.utils.ElementLocationHelpers.toSelector(ElementLocationHelpers.java:92)\n\tat io....
[debug] &amp#27;[35m[W3C]&amp#27;[39m Matched W3C error code 'invalid selector' to InvalidSelectorError
[debug] &amp#27;[35m[W3C (bf540858)]&amp#27;[39m Encountered internal error running command: io.appium.uiautomator2.common.exceptions.UiSelectorSyntaxException: Could not parse expression `new UiScrollable(new UiSelector().scrollable(true)).scrollToBeginning(30)`: Last method called on a UiScrollable object must return a UiObject object
[debug] &amp#27;[35m[W3C (bf540858)]&amp#27;[39m 	at io.appium.uiautomator2.utils.UiScrollableParser.parse(UiScrollableParser.java:71)
[debug] &amp#27;[35m[W3C (bf540858)]&amp#27;[39m 	at io.appium.uiautomator2.utils.UiAutomatorParser.consumeStatement(UiAutomatorParser.java:92)
[debug] &amp#27;[35m[W3C (bf540858)]&amp#27;[39m 	at io.appium.uiautomator2.utils.UiAutomatorParser.parse(UiAutomatorParser.java:48)
[debug] &amp#27;[35m[W3C (bf540858)]&amp#27;[39m 	at io.appium.uiautomator2.utils.ElementLocationHelpers.toSelectors(ElementLocationHelpers.java:98)
[debug] &amp#27;[35m[W3C (bf540858)]&amp#27;[39m 	at io.appium.uiautomator2.utils.ElementLocationHelpers.toSelector(ElementLocationHelpers.java:92)
[debug] &amp#27;[35m[W3C (bf540858)]&amp#27;[39m 	at io.appium.uiautomator2.handler.FindElement.findElement(FindElement.java:106)
[debug] &amp#27;[35m[W3C (bf540858)]&amp#27;[39m 	at io.appium.uiautomator2.handler.FindElement.safeHandle(FindElement.java:72)
[debug] &amp#27;[35m[W3C (bf540858)]&amp#27;[39m 	at io.appium.uiautomator2.handler.request.SafeRequestHandler.handle(SafeRequestHandler.java:38)
[debug] &amp#27;[35m[W3C (bf540858)]&amp#27;[39m 	at io.appium.uiautomator2.server.AppiumServlet.handleRequest(AppiumServlet.java:252)
[debug] &amp#27;[35m[W3C (bf540858)]&amp#27;[39m 	at io.appium.uiautomator2.server.AppiumServlet.handleHttpRequest(AppiumServlet.java:242)
[debug] &amp#27;[35m[W3C (bf540858)]&amp#27;[39m 	at io.appium.uiautomator2.http.ServerHandler.channelRead(ServerHandler.java:51)
[debug] &amp#27;[35m[W3C (bf540858)]&amp#27;[39m 	at io.netty.channel.AbstractChannelHandlerContext.invokeChannelRead(AbstractChannelHandlerContext.java:366)
[debug] &amp#27;[35m[W3C (bf540858)]&amp#27;[39m 	at io.netty.channel.AbstractChannelHandlerContext.invokeChannelRead(AbstractChannelHandlerContext.java:352)
[debug] &amp#27;[35m[W3C (bf540858)]&amp#27;[39m 	at io.netty.channel.AbstractChannelHandlerContext.fireChannelRead(AbstractChannelHandlerContext.java:345)
[debug] &amp#27;[35m[W3C (bf540858)]&amp#27;[39m 	at io.netty.handler.codec.MessageToMessageDecoder.channelRead(MessageToMessageDecoder.java:102)
[debug] &amp#27;[35m[W3C (bf540858)]&amp#27;[39m 	at io.netty.channel.AbstractChannelHandlerContext.invokeChannelRead(AbstractChannelHandlerContext.java:366)
[debug] &amp#27;[35m[W3C (bf540858)]&amp#27;[39m 	at io.netty.channel.AbstractChannelHandlerContext.invokeChannelRead(AbstractChannelHandlerContext.java:352)
[debug] &amp#27;[35m[W3C (bf540858)]&amp#27;[39m 	at io.netty.channel.AbstractChannelHandlerContext.fireChannelRead(AbstractChannelHandlerContext.java:345)
[debug] &amp#27;[35m[W3C (bf540858)]&amp#27;[39m 	at io.netty.channel.CombinedChannelDuplexHandler$DelegatingChannelHandlerContext.fireChannelRead(CombinedChannelDuplexHandler.java:435)
[debug] &amp#27;[35m[W3C (bf540858)]&amp#27;[39m 	at io.netty.handler.codec.ByteToMessageDecoder.fireChannelRead(ByteToMessageDecoder.java:293)
[debug] &amp#27;[35m[W3C (bf540858)]&amp#27;[39m 	at io.netty.handler.codec.ByteToMessageDecoder.channelRead(ByteToMessageDecoder.java:267)
[debug] &amp#27;[35m[W3C (bf540858)]&amp#27;[39m 	at io.netty.channel.CombinedChannelDuplexHandler.channelRead(CombinedChannelDuplexHandler.java:250)
[debug] &amp#27;[35m[W3C (bf540858)]&amp#27;[39m 	at io.netty.channel.AbstractChannelHandlerContext.invokeChannelRead(AbstractChannelHandlerContext.java:366)
[debug] &amp#27;[35m[W3C (bf540858)]&amp#27;[39m 	at io.netty.channel.AbstractChannelHandlerContext.invokeChannelRead(AbstractChannelHandlerContext.java:352)
[debug] &amp#27;[35m[W3C (bf540858)]&amp#27;[39m 	at io.netty.channel.AbstractChannelHandlerContext.fireChannelRead(AbstractChannelHandlerContext.java:345)
[debug] &amp#27;[35m[W3C (bf540858)]&amp#27;[39m 	at io.netty.channel.DefaultChannelPipeline$HeadContext.channelRead(DefaultChannelPipeline.java:1294)
[debug] &amp#27;[35m[W3C (bf540858)]&amp#27;[39m 	at io.netty.channel.AbstractChannelHandlerContext.invokeChannelRead(AbstractChannelHandlerContext.java:366)
[debug] &amp#27;[35m[W3C (bf540858)]&amp#27;[39m 	at io.netty.channel.AbstractChannelHandlerContext.invokeChannelRead(AbstractChannelHandlerContext.java:352)
[debug] &amp#27;[35m[W3C (bf540858)]&amp#27;[39m 	at io.netty.channel.DefaultChannelPipeline.fireChannelRead(DefaultChannelPipeline.java:911)
[debug] &amp#27;[35m[W3C (bf540858)]&amp#27;[39m 	at io.netty.channel.nio.AbstractNioByteChannel$NioByteUnsafe.read(AbstractNioByteChannel.java:131)
[debug] &amp#27;[35m[W3C (bf540858)]&amp#27;[39m 	at io.netty.channel.nio.NioEventLoop.processSelectedKey(NioEventLoop.java:611)
[debug] &amp#27;[35m[W3C (bf540858)]&amp#27;[39m 	at io.netty.channel.nio.NioEventLoop.processSelectedKeysOptimized(NioEventLoop.java:552)
[debug] &amp#27;[35m[W3C (bf540858)]&amp#27;[39m 	at io.netty.channel.nio.NioEventLoop.processSelectedKeys(NioEventLoop.java:466)
[debug] &amp#27;[35m[W3C (bf540858)]&amp#27;[39m 	at io.netty.channel.nio.NioEventLoop.run(NioEventLoop.java:438)
[debug] &amp#27;[35m[W3C (bf540858)]&amp#27;[39m 	at io.netty.util.concurrent.SingleThreadEventExecutor$2.run(SingleThreadEventExecutor.java:140)
[debug] &amp#27;[35m[W3C (bf540858)]&amp#27;[39m 	at io.netty.util.concurrent.DefaultThreadFactory$DefaultRunnableDecorator.run(DefaultThreadFactory.java:144)
[debug] &amp#27;[35m[W3C (bf540858)]&amp#27;[39m 	at java.lang.Thread.run(Thread.java:764)
[debug] &amp#27;[35m[W3C (bf540858)]&amp#27;[39m 
&amp#27;[35m[HTTP]&amp#27;[39m &amp#27;[37m<-- POST /wd/hub/session/bf540858-b87c-41a8-a728-b6d33a4f5b2f/element &amp#27;[39m&amp#27;[33m400&amp#27;[39m &amp#27;[90m1314 ms - 4117&amp#27;[39m
&amp#27;[35m[HTTP]&amp#27;[39m &amp#27;[90m&amp#27;[39m
&amp#27;[35m[HTTP]&amp#27;[39m &amp#27;[37m-->&amp#27;[39m &amp#27;[37mPOST&amp#27;[39m &amp#27;[37m/wd/hub/session/bf540858-b87c-41a8-a728-b6d33a4f5b2f/element&amp#27;[39m
&amp#27;[35m[HTTP]&amp#27;[39m &amp#27;[90m{"using":"id","value":"com.androidsample.generalstore:id/counterText"}&amp#27;[39m
[debug] &amp#27;[35m[W3C (bf540858)]&amp#27;[39m Calling AppiumDriver.findElement() with args: ["id","com.androidsample.generalstore:id/counterText","bf540858-b87c-41a8-a728-b6d33a4f5b2f"]
[debug] &amp#27;[35m[BaseDriver]&amp#27;[39m Valid locator strategies for this request: xpath, id, class name, accessibility id, -android uiautomator
[debug] &amp#27;[35m[BaseDriver]&amp#27;[39m Waiting up to 10000 ms for condition
[debug] &amp#27;[35m[WD Proxy]&amp#27;[39m Matched '/element' to command name 'findElement'
[debug] &amp#27;[35m[WD Proxy]&amp#27;[39m Proxying [POST /element] to [POST http://127.0.0.1:8200/wd/hub/session/431c0a09-5eae-45ff-8ee1-2a94613010da/element] with body: {"strategy":"id","selector":"com.androidsample.generalstore:id/counterText","context":"","multiple":false}
[debug] &amp#27;[35m[WD Proxy]&amp#27;[39m Got response with status 200: {"sessionId":"431c0a09-5eae-45ff-8ee1-2a94613010da","value":{"ELEMENT":"8e6ee903-59be-4c37-bdd8-ce2af2025d5a","element-6066-11e4-a52e-4f735466cecf":"8e6ee903-59be-4c37-bdd8-ce2af2025d5a"}}
[debug] &amp#27;[35m[W3C (bf540858)]&amp#27;[39m Responding to client with driver.findElement() result: {"element-6066-11e4-a52e-4f735466cecf":"8e6ee903-59be-4c37-bdd8-ce2af2025d5a","ELEMENT":"8e6ee903-59be-4c37-bdd8-ce2af2025d5a"}
&amp#27;[35m[HTTP]&amp#27;[39m &amp#27;[37m<-- POST /wd/hub/session/bf540858-b87c-41a8-a728-b6d33a4f5b2f/element &amp#27;[39m&amp#27;[32m200&amp#27;[39m &amp#27;[90m631 ms - 137&amp#27;[39m
&amp#27;[35m[HTTP]&amp#27;[39m &amp#27;[90m&amp#27;[39m
&amp#27;[35m[HTTP]&amp#27;[39m &amp#27;[37m-->&amp#27;[39m &amp#27;[37mGET&amp#27;[39m &amp#27;[37m/wd/hub/session/bf540858-b87c-41a8-a728-b6d33a4f5b2f/element/8e6ee903-59be-4c37-bdd8-ce2af2025d5a/text&amp#27;[39m
&amp#27;[35m[HTTP]&amp#27;[39m &amp#27;[90m{}&amp#27;[39m
&amp#27;[35m[W3C (bf540858)]&amp#27;[39m Driver proxy active, passing request on via HTTP proxy
[debug] &amp#27;[35m[WD Proxy]&amp#27;[39m Matched '/wd/hub/session/bf540858-b87c-41a8-a728-b6d33a4f5b2f/element/8e6ee903-59be-4c37-bdd8-ce2af2025d5a/text' to command name 'getText'
[debug] &amp#27;[35m[WD Proxy]&amp#27;[39m Proxying [GET /wd/hub/session/bf540858-b87c-41a8-a728-b6d33a4f5b2f/element/8e6ee903-59be-4c37-bdd8-ce2af2025d5a/text] to [GET http://127.0.0.1:8200/wd/hub/session/431c0a09-5eae-45ff-8ee1-2a94613010da/element/8e6ee903-59be-4c37-bdd8-ce2af2025d5a/text] with body: {}
[debug] &amp#27;[35m[WD Proxy]&amp#27;[39m Got response with status 200: {"sessionId":"431c0a09-5eae-45ff-8ee1-2a94613010da","value":"1"}
&amp#27;[35m[WD Proxy]&amp#27;[39m Replacing sessionId 431c0a09-5eae-45ff-8ee1-2a94613010da with bf540858-b87c-41a8-a728-b6d33a4f5b2f
&amp#27;[35m[HTTP]&amp#27;[39m &amp#27;[37m<-- GET /wd/hub/session/bf540858-b87c-41a8-a728-b6d33a4f5b2f/element/8e6ee903-59be-4c37-bdd8-ce2af2025d5a/text &amp#27;[39m&amp#27;[32m200&amp#27;[39m &amp#27;[90m10 ms - 64&amp#27;[39m
&amp#27;[35m[HTTP]&amp#27;[39m &amp#27;[90m&amp#27;[39m
]]></system-out>
  </testcase>
  <testcase name="gotoCart" classname="test.AppiumFramework.ProductsTest" time="1.982">
    <system-out><![CDATA[&amp#27;[35m[HTTP]&amp#27;[39m &amp#27;[37m-->&amp#27;[39m &amp#27;[37mGET&amp#27;[39m &amp#27;[37m/wd/hub/session/bf540858-b87c-41a8-a728-b6d33a4f5b2f/context&amp#27;[39m
&amp#27;[35m[HTTP]&amp#27;[39m &amp#27;[90m{}&amp#27;[39m
[debug] &amp#27;[35m[W3C (bf540858)]&amp#27;[39m Calling AppiumDriver.getCurrentContext() with args: ["bf540858-b87c-41a8-a728-b6d33a4f5b2f"]
[debug] &amp#27;[35m[W3C (bf540858)]&amp#27;[39m Responding to client with driver.getCurrentContext() result: "NATIVE_APP"
&amp#27;[35m[HTTP]&amp#27;[39m &amp#27;[37m<-- GET /wd/hub/session/bf540858-b87c-41a8-a728-b6d33a4f5b2f/context &amp#27;[39m&amp#27;[32m200&amp#27;[39m &amp#27;[90m1 ms - 22&amp#27;[39m
&amp#27;[35m[HTTP]&amp#27;[39m &amp#27;[90m&amp#27;[39m
&amp#27;[35m[HTTP]&amp#27;[39m &amp#27;[37m-->&amp#27;[39m &amp#27;[37mPOST&amp#27;[39m &amp#27;[37m/wd/hub/session/bf540858-b87c-41a8-a728-b6d33a4f5b2f/element&amp#27;[39m
&amp#27;[35m[HTTP]&amp#27;[39m &amp#27;[90m{"using":"id","value":"com.androidsample.generalstore:id/appbar_btn_cart"}&amp#27;[39m
[debug] &amp#27;[35m[W3C (bf540858)]&amp#27;[39m Calling AppiumDriver.findElement() with args: ["id","com.androidsample.generalstore:id/appbar_btn_cart","bf540858-b87c-41a8-a728-b6d33a4f5b2f"]
[debug] &amp#27;[35m[BaseDriver]&amp#27;[39m Valid locator strategies for this request: xpath, id, class name, accessibility id, -android uiautomator
[debug] &amp#27;[35m[BaseDriver]&amp#27;[39m Waiting up to 10000 ms for condition
[debug] &amp#27;[35m[WD Proxy]&amp#27;[39m Matched '/element' to command name 'findElement'
[debug] &amp#27;[35m[WD Proxy]&amp#27;[39m Proxying [POST /element] to [POST http://127.0.0.1:8200/wd/hub/session/431c0a09-5eae-45ff-8ee1-2a94613010da/element] with body: {"strategy":"id","selector":"com.androidsample.generalstore:id/appbar_btn_cart","context":"","multiple":false}
[debug] &amp#27;[35m[WD Proxy]&amp#27;[39m Got response with status 200: {"sessionId":"431c0a09-5eae-45ff-8ee1-2a94613010da","value":{"ELEMENT":"dffea049-0645-4289-bc9c-27b416b12560","element-6066-11e4-a52e-4f735466cecf":"dffea049-0645-4289-bc9c-27b416b12560"}}
[debug] &amp#27;[35m[W3C (bf540858)]&amp#27;[39m Responding to client with driver.findElement() result: {"element-6066-11e4-a52e-4f735466cecf":"dffea049-0645-4289-bc9c-27b416b12560","ELEMENT":"dffea049-0645-4289-bc9c-27b416b12560"}
&amp#27;[35m[HTTP]&amp#27;[39m &amp#27;[37m<-- POST /wd/hub/session/bf540858-b87c-41a8-a728-b6d33a4f5b2f/element &amp#27;[39m&amp#27;[32m200&amp#27;[39m &amp#27;[90m18 ms - 137&amp#27;[39m
&amp#27;[35m[HTTP]&amp#27;[39m &amp#27;[90m&amp#27;[39m
&amp#27;[35m[HTTP]&amp#27;[39m &amp#27;[37m-->&amp#27;[39m &amp#27;[37mPOST&amp#27;[39m &amp#27;[37m/wd/hub/session/bf540858-b87c-41a8-a728-b6d33a4f5b2f/element/dffea049-0645-4289-bc9c-27b416b12560/click&amp#27;[39m
&amp#27;[35m[HTTP]&amp#27;[39m &amp#27;[90m{"id":"dffea049-0645-4289-bc9c-27b416b12560"}&amp#27;[39m
[debug] &amp#27;[35m[W3C (bf540858)]&amp#27;[39m Calling AppiumDriver.click() with args: ["dffea049-0645-4289-bc9c-27b416b12560","bf540858-b87c-41a8-a728-b6d33a4f5b2f"]
[debug] &amp#27;[35m[WD Proxy]&amp#27;[39m Matched '/element/dffea049-0645-4289-bc9c-27b416b12560/click' to command name 'click'
[debug] &amp#27;[35m[WD Proxy]&amp#27;[39m Proxying [POST /element/dffea049-0645-4289-bc9c-27b416b12560/click] to [POST http://127.0.0.1:8200/wd/hub/session/431c0a09-5eae-45ff-8ee1-2a94613010da/element/dffea049-0645-4289-bc9c-27b416b12560/click] with body: {"element":"dffea049-0645-4289-bc9c-27b416b12560"}
[debug] &amp#27;[35m[WD Proxy]&amp#27;[39m Got response with status 200: {"sessionId":"431c0a09-5eae-45ff-8ee1-2a94613010da","value":null}
[debug] &amp#27;[35m[W3C (bf540858)]&amp#27;[39m Responding to client with driver.click() result: null
&amp#27;[35m[HTTP]&amp#27;[39m &amp#27;[37m<-- POST /wd/hub/session/bf540858-b87c-41a8-a728-b6d33a4f5b2f/element/dffea049-0645-4289-bc9c-27b416b12560/click &amp#27;[39m&amp#27;[32m200&amp#27;[39m &amp#27;[90m23 ms - 14&amp#27;[39m
&amp#27;[35m[HTTP]&amp#27;[39m &amp#27;[90m&amp#27;[39m
]]></system-out>
  </testcase>
  <testcase name="cartPage[Cart](1)" classname="test.AppiumFramework.CartTest" time="0.36">
    <system-out><![CDATA[&amp#27;[35m[HTTP]&amp#27;[39m &amp#27;[37m-->&amp#27;[39m &amp#27;[37mGET&amp#27;[39m &amp#27;[37m/wd/hub/session/bf540858-b87c-41a8-a728-b6d33a4f5b2f/context&amp#27;[39m
&amp#27;[35m[HTTP]&amp#27;[39m &amp#27;[90m{}&amp#27;[39m
[debug] &amp#27;[35m[W3C (bf540858)]&amp#27;[39m Calling AppiumDriver.getCurrentContext() with args: ["bf540858-b87c-41a8-a728-b6d33a4f5b2f"]
[debug] &amp#27;[35m[W3C (bf540858)]&amp#27;[39m Responding to client with driver.getCurrentContext() result: "NATIVE_APP"
&amp#27;[35m[HTTP]&amp#27;[39m &amp#27;[37m<-- GET /wd/hub/session/bf540858-b87c-41a8-a728-b6d33a4f5b2f/context &amp#27;[39m&amp#27;[32m200&amp#27;[39m &amp#27;[90m1 ms - 22&amp#27;[39m
&amp#27;[35m[HTTP]&amp#27;[39m &amp#27;[90m&amp#27;[39m
&amp#27;[35m[HTTP]&amp#27;[39m &amp#27;[37m-->&amp#27;[39m &amp#27;[37mPOST&amp#27;[39m &amp#27;[37m/wd/hub/session/bf540858-b87c-41a8-a728-b6d33a4f5b2f/element&amp#27;[39m
&amp#27;[35m[HTTP]&amp#27;[39m &amp#27;[90m{"using":"id","value":"com.androidsample.generalstore:id/toolbar_title"}&amp#27;[39m
[debug] &amp#27;[35m[W3C (bf540858)]&amp#27;[39m Calling AppiumDriver.findElement() with args: ["id","com.androidsample.generalstore:id/toolbar_title","bf540858-b87c-41a8-a728-b6d33a4f5b2f"]
[debug] &amp#27;[35m[BaseDriver]&amp#27;[39m Valid locator strategies for this request: xpath, id, class name, accessibility id, -android uiautomator
[debug] &amp#27;[35m[BaseDriver]&amp#27;[39m Waiting up to 10000 ms for condition
[debug] &amp#27;[35m[WD Proxy]&amp#27;[39m Matched '/element' to command name 'findElement'
[debug] &amp#27;[35m[WD Proxy]&amp#27;[39m Proxying [POST /element] to [POST http://127.0.0.1:8200/wd/hub/session/431c0a09-5eae-45ff-8ee1-2a94613010da/element] with body: {"strategy":"id","selector":"com.androidsample.generalstore:id/toolbar_title","context":"","multiple":false}
[debug] &amp#27;[35m[WD Proxy]&amp#27;[39m Got response with status 200: {"sessionId":"431c0a09-5eae-45ff-8ee1-2a94613010da","value":{"ELEMENT":"606f92d9-304e-4922-8b64-294c418da387","element-6066-11e4-a52e-4f735466cecf":"606f92d9-304e-4922-8b64-294c418da387"}}
[debug] &amp#27;[35m[W3C (bf540858)]&amp#27;[39m Responding to client with driver.findElement() result: {"element-6066-11e4-a52e-4f735466cecf":"606f92d9-304e-4922-8b64-294c418da387","ELEMENT":"606f92d9-304e-4922-8b64-294c418da387"}
&amp#27;[35m[HTTP]&amp#27;[39m &amp#27;[37m<-- POST /wd/hub/session/bf540858-b87c-41a8-a728-b6d33a4f5b2f/element &amp#27;[39m&amp#27;[32m200&amp#27;[39m &amp#27;[90m17 ms - 137&amp#27;[39m
&amp#27;[35m[HTTP]&amp#27;[39m &amp#27;[90m&amp#27;[39m
&amp#27;[35m[HTTP]&amp#27;[39m &amp#27;[37m-->&amp#27;[39m &amp#27;[37mGET&amp#27;[39m &amp#27;[37m/wd/hub/session/bf540858-b87c-41a8-a728-b6d33a4f5b2f/element/606f92d9-304e-4922-8b64-294c418da387/text&amp#27;[39m
&amp#27;[35m[HTTP]&amp#27;[39m &amp#27;[90m{}&amp#27;[39m
&amp#27;[35m[W3C (bf540858)]&amp#27;[39m Driver proxy active, passing request on via HTTP proxy
[debug] &amp#27;[35m[WD Proxy]&amp#27;[39m Matched '/wd/hub/session/bf540858-b87c-41a8-a728-b6d33a4f5b2f/element/606f92d9-304e-4922-8b64-294c418da387/text' to command name 'getText'
[debug] &amp#27;[35m[WD Proxy]&amp#27;[39m Proxying [GET /wd/hub/session/bf540858-b87c-41a8-a728-b6d33a4f5b2f/element/606f92d9-304e-4922-8b64-294c418da387/text] to [GET http://127.0.0.1:8200/wd/hub/session/431c0a09-5eae-45ff-8ee1-2a94613010da/element/606f92d9-304e-4922-8b64-294c418da387/text] with body: {}
[debug] &amp#27;[35m[WD Proxy]&amp#27;[39m Got response with status 200: {"sessionId":"431c0a09-5eae-45ff-8ee1-2a94613010da","value":"Cart"}
&amp#27;[35m[WD Proxy]&amp#27;[39m Replacing sessionId 431c0a09-5eae-45ff-8ee1-2a94613010da with bf540858-b87c-41a8-a728-b6d33a4f5b2f
&amp#27;[35m[HTTP]&amp#27;[39m &amp#27;[37m<-- GET /wd/hub/session/bf540858-b87c-41a8-a728-b6d33a4f5b2f/element/606f92d9-304e-4922-8b64-294c418da387/text &amp#27;[39m&amp#27;[32m200&amp#27;[39m &amp#27;[90m13 ms - 67&amp#27;[39m
&amp#27;[35m[HTTP]&amp#27;[39m &amp#27;[90m&amp#27;[39m
&amp#27;[35m[HTTP]&amp#27;[39m &amp#27;[37m-->&amp#27;[39m &amp#27;[37mGET&amp#27;[39m &amp#27;[37m/wd/hub/session/bf540858-b87c-41a8-a728-b6d33a4f5b2f/context&amp#27;[39m
&amp#27;[35m[HTTP]&amp#27;[39m &amp#27;[90m{}&amp#27;[39m
[debug] &amp#27;[35m[W3C (bf540858)]&amp#27;[39m Calling AppiumDriver.getCurrentContext() with args: ["bf540858-b87c-41a8-a728-b6d33a4f5b2f"]
[debug] &amp#27;[35m[W3C (bf540858)]&amp#27;[39m Responding to client with driver.getCurrentContext() result: "NATIVE_APP"
&amp#27;[35m[HTTP]&amp#27;[39m &amp#27;[37m<-- GET /wd/hub/session/bf540858-b87c-41a8-a728-b6d33a4f5b2f/context &amp#27;[39m&amp#27;[32m200&amp#27;[39m &amp#27;[90m1 ms - 22&amp#27;[39m
&amp#27;[35m[HTTP]&amp#27;[39m &amp#27;[90m&amp#27;[39m
&amp#27;[35m[HTTP]&amp#27;[39m &amp#27;[37m-->&amp#27;[39m &amp#27;[37mPOST&amp#27;[39m &amp#27;[37m/wd/hub/session/bf540858-b87c-41a8-a728-b6d33a4f5b2f/element&amp#27;[39m
&amp#27;[35m[HTTP]&amp#27;[39m &amp#27;[90m{"using":"id","value":"com.androidsample.generalstore:id/appbar_btn_back"}&amp#27;[39m
[debug] &amp#27;[35m[W3C (bf540858)]&amp#27;[39m Calling AppiumDriver.findElement() with args: ["id","com.androidsample.generalstore:id/appbar_btn_back","bf540858-b87c-41a8-a728-b6d33a4f5b2f"]
[debug] &amp#27;[35m[BaseDriver]&amp#27;[39m Valid locator strategies for this request: xpath, id, class name, accessibility id, -android uiautomator
[debug] &amp#27;[35m[BaseDriver]&amp#27;[39m Waiting up to 10000 ms for condition
[debug] &amp#27;[35m[WD Proxy]&amp#27;[39m Matched '/element' to command name 'findElement'
[debug] &amp#27;[35m[WD Proxy]&amp#27;[39m Proxying [POST /element] to [POST http://127.0.0.1:8200/wd/hub/session/431c0a09-5eae-45ff-8ee1-2a94613010da/element] with body: {"strategy":"id","selector":"com.androidsample.generalstore:id/appbar_btn_back","context":"","multiple":false}
[debug] &amp#27;[35m[WD Proxy]&amp#27;[39m Got response with status 200: {"sessionId":"431c0a09-5eae-45ff-8ee1-2a94613010da","value":{"ELEMENT":"bbe010c8-d498-4eb8-9c35-746b5b6ffca4","element-6066-11e4-a52e-4f735466cecf":"bbe010c8-d498-4eb8-9c35-746b5b6ffca4"}}
[debug] &amp#27;[35m[W3C (bf540858)]&amp#27;[39m Responding to client with driver.findElement() result: {"element-6066-11e4-a52e-4f735466cecf":"bbe010c8-d498-4eb8-9c35-746b5b6ffca4","ELEMENT":"bbe010c8-d498-4eb8-9c35-746b5b6ffca4"}
&amp#27;[35m[HTTP]&amp#27;[39m &amp#27;[37m<-- POST /wd/hub/session/bf540858-b87c-41a8-a728-b6d33a4f5b2f/element &amp#27;[39m&amp#27;[32m200&amp#27;[39m &amp#27;[90m13 ms - 137&amp#27;[39m
&amp#27;[35m[HTTP]&amp#27;[39m &amp#27;[90m&amp#27;[39m
&amp#27;[35m[HTTP]&amp#27;[39m &amp#27;[37m-->&amp#27;[39m &amp#27;[37mGET&amp#27;[39m &amp#27;[37m/wd/hub/session/bf540858-b87c-41a8-a728-b6d33a4f5b2f/element/bbe010c8-d498-4eb8-9c35-746b5b6ffca4/displayed&amp#27;[39m
&amp#27;[35m[HTTP]&amp#27;[39m &amp#27;[90m{}&amp#27;[39m
[debug] &amp#27;[35m[W3C (bf540858)]&amp#27;[39m Calling AppiumDriver.elementDisplayed() with args: ["bbe010c8-d498-4eb8-9c35-746b5b6ffca4","bf540858-b87c-41a8-a728-b6d33a4f5b2f"]
[debug] &amp#27;[35m[WD Proxy]&amp#27;[39m Matched '/element/bbe010c8-d498-4eb8-9c35-746b5b6ffca4/attribute/displayed' to command name 'getAttribute'
[debug] &amp#27;[35m[WD Proxy]&amp#27;[39m Proxying [GET /element/bbe010c8-d498-4eb8-9c35-746b5b6ffca4/attribute/displayed] to [GET http://127.0.0.1:8200/wd/hub/session/431c0a09-5eae-45ff-8ee1-2a94613010da/element/bbe010c8-d498-4eb8-9c35-746b5b6ffca4/attribute/displayed] with body: {}
[debug] &amp#27;[35m[WD Proxy]&amp#27;[39m Got response with status 200: {"sessionId":"431c0a09-5eae-45ff-8ee1-2a94613010da","value":"true"}
[debug] &amp#27;[35m[W3C (bf540858)]&amp#27;[39m Responding to client with driver.elementDisplayed() result: true
&amp#27;[35m[HTTP]&amp#27;[39m &amp#27;[37m<-- GET /wd/hub/session/bf540858-b87c-41a8-a728-b6d33a4f5b2f/element/bbe010c8-d498-4eb8-9c35-746b5b6ffca4/displayed &amp#27;[39m&amp#27;[32m200&amp#27;[39m &amp#27;[90m11 ms - 14&amp#27;[39m
&amp#27;[35m[HTTP]&amp#27;[39m &amp#27;[90m&amp#27;[39m
&amp#27;[35m[HTTP]&amp#27;[39m &amp#27;[37m-->&amp#27;[39m &amp#27;[37mGET&amp#27;[39m &amp#27;[37m/wd/hub/session/bf540858-b87c-41a8-a728-b6d33a4f5b2f/context&amp#27;[39m
&amp#27;[35m[HTTP]&amp#27;[39m &amp#27;[90m{}&amp#27;[39m
[debug] &amp#27;[35m[W3C (bf540858)]&amp#27;[39m Calling AppiumDriver.getCurrentContext() with args: ["bf540858-b87c-41a8-a728-b6d33a4f5b2f"]
[debug] &amp#27;[35m[W3C (bf540858)]&amp#27;[39m Responding to client with driver.getCurrentContext() result: "NATIVE_APP"
&amp#27;[35m[HTTP]&amp#27;[39m &amp#27;[37m<-- GET /wd/hub/session/bf540858-b87c-41a8-a728-b6d33a4f5b2f/context &amp#27;[39m&amp#27;[32m200&amp#27;[39m &amp#27;[90m1 ms - 22&amp#27;[39m
&amp#27;[35m[HTTP]&amp#27;[39m &amp#27;[90m&amp#27;[39m
&amp#27;[35m[HTTP]&amp#27;[39m &amp#27;[37m-->&amp#27;[39m &amp#27;[37mPOST&amp#27;[39m &amp#27;[37m/wd/hub/session/bf540858-b87c-41a8-a728-b6d33a4f5b2f/element&amp#27;[39m
&amp#27;[35m[HTTP]&amp#27;[39m &amp#27;[90m{"using":"id","value":"com.androidsample.generalstore:id/appbar_btn_back"}&amp#27;[39m
[debug] &amp#27;[35m[W3C (bf540858)]&amp#27;[39m Calling AppiumDriver.findElement() with args: ["id","com.androidsample.generalstore:id/appbar_btn_back","bf540858-b87c-41a8-a728-b6d33a4f5b2f"]
[debug] &amp#27;[35m[BaseDriver]&amp#27;[39m Valid locator strategies for this request: xpath, id, class name, accessibility id, -android uiautomator
[debug] &amp#27;[35m[BaseDriver]&amp#27;[39m Waiting up to 10000 ms for condition
[debug] &amp#27;[35m[WD Proxy]&amp#27;[39m Matched '/element' to command name 'findElement'
[debug] &amp#27;[35m[WD Proxy]&amp#27;[39m Proxying [POST /element] to [POST http://127.0.0.1:8200/wd/hub/session/431c0a09-5eae-45ff-8ee1-2a94613010da/element] with body: {"strategy":"id","selector":"com.androidsample.generalstore:id/appbar_btn_back","context":"","multiple":false}
[debug] &amp#27;[35m[WD Proxy]&amp#27;[39m Got response with status 200: {"sessionId":"431c0a09-5eae-45ff-8ee1-2a94613010da","value":{"ELEMENT":"1123fb67-b30d-423e-84a5-2f5bad6520f2","element-6066-11e4-a52e-4f735466cecf":"1123fb67-b30d-423e-84a5-2f5bad6520f2"}}
[debug] &amp#27;[35m[W3C (bf540858)]&amp#27;[39m Responding to client with driver.findElement() result: {"element-6066-11e4-a52e-4f735466cecf":"1123fb67-b30d-423e-84a5-2f5bad6520f2","ELEMENT":"1123fb67-b30d-423e-84a5-2f5bad6520f2"}
&amp#27;[35m[HTTP]&amp#27;[39m &amp#27;[37m<-- POST /wd/hub/session/bf540858-b87c-41a8-a728-b6d33a4f5b2f/element &amp#27;[39m&amp#27;[32m200&amp#27;[39m &amp#27;[90m23 ms - 137&amp#27;[39m
&amp#27;[35m[HTTP]&amp#27;[39m &amp#27;[90m&amp#27;[39m
&amp#27;[35m[HTTP]&amp#27;[39m &amp#27;[37m-->&amp#27;[39m &amp#27;[37mGET&amp#27;[39m &amp#27;[37m/wd/hub/session/bf540858-b87c-41a8-a728-b6d33a4f5b2f/element/1123fb67-b30d-423e-84a5-2f5bad6520f2/enabled&amp#27;[39m
&amp#27;[35m[HTTP]&amp#27;[39m &amp#27;[90m{}&amp#27;[39m
[debug] &amp#27;[35m[W3C (bf540858)]&amp#27;[39m Calling AppiumDriver.elementEnabled() with args: ["1123fb67-b30d-423e-84a5-2f5bad6520f2","bf540858-b87c-41a8-a728-b6d33a4f5b2f"]
[debug] &amp#27;[35m[WD Proxy]&amp#27;[39m Matched '/element/1123fb67-b30d-423e-84a5-2f5bad6520f2/attribute/enabled' to command name 'getAttribute'
[debug] &amp#27;[35m[WD Proxy]&amp#27;[39m Proxying [GET /element/1123fb67-b30d-423e-84a5-2f5bad6520f2/attribute/enabled] to [GET http://127.0.0.1:8200/wd/hub/session/431c0a09-5eae-45ff-8ee1-2a94613010da/element/1123fb67-b30d-423e-84a5-2f5bad6520f2/attribute/enabled] with body: {}
[debug] &amp#27;[35m[WD Proxy]&amp#27;[39m Got response with status 200: {"sessionId":"431c0a09-5eae-45ff-8ee1-2a94613010da","value":"true"}
[debug] &amp#27;[35m[W3C (bf540858)]&amp#27;[39m Responding to client with driver.elementEnabled() result: true
&amp#27;[35m[HTTP]&amp#27;[39m &amp#27;[37m<-- GET /wd/hub/session/bf540858-b87c-41a8-a728-b6d33a4f5b2f/element/1123fb67-b30d-423e-84a5-2f5bad6520f2/enabled &amp#27;[39m&amp#27;[32m200&amp#27;[39m &amp#27;[90m11 ms - 14&amp#27;[39m
&amp#27;[35m[HTTP]&amp#27;[39m &amp#27;[90m&amp#27;[39m
&amp#27;[35m[HTTP]&amp#27;[39m &amp#27;[37m-->&amp#27;[39m &amp#27;[37mGET&amp#27;[39m &amp#27;[37m/wd/hub/session/bf540858-b87c-41a8-a728-b6d33a4f5b2f/context&amp#27;[39m
&amp#27;[35m[HTTP]&amp#27;[39m &amp#27;[90m{}&amp#27;[39m
[debug] &amp#27;[35m[W3C (bf540858)]&amp#27;[39m Calling AppiumDriver.getCurrentContext() with args: ["bf540858-b87c-41a8-a728-b6d33a4f5b2f"]
[debug] &amp#27;[35m[W3C (bf540858)]&amp#27;[39m Responding to client with driver.getCurrentContext() result: "NATIVE_APP"
&amp#27;[35m[HTTP]&amp#27;[39m &amp#27;[37m<-- GET /wd/hub/session/bf540858-b87c-41a8-a728-b6d33a4f5b2f/context &amp#27;[39m&amp#27;[32m200&amp#27;[39m &amp#27;[90m2 ms - 22&amp#27;[39m
&amp#27;[35m[HTTP]&amp#27;[39m &amp#27;[90m&amp#27;[39m
&amp#27;[35m[HTTP]&amp#27;[39m &amp#27;[37m-->&amp#27;[39m &amp#27;[37mPOST&amp#27;[39m &amp#27;[37m/wd/hub/session/bf540858-b87c-41a8-a728-b6d33a4f5b2f/element&amp#27;[39m
&amp#27;[35m[HTTP]&amp#27;[39m &amp#27;[90m{"using":"id","value":"com.androidsample.generalstore:id/appbar_btn_back"}&amp#27;[39m
[debug] &amp#27;[35m[W3C (bf540858)]&amp#27;[39m Calling AppiumDriver.findElement() with args: ["id","com.androidsample.generalstore:id/appbar_btn_back","bf540858-b87c-41a8-a728-b6d33a4f5b2f"]
[debug] &amp#27;[35m[BaseDriver]&amp#27;[39m Valid locator strategies for this request: xpath, id, class name, accessibility id, -android uiautomator
[debug] &amp#27;[35m[BaseDriver]&amp#27;[39m Waiting up to 10000 ms for condition
[debug] &amp#27;[35m[WD Proxy]&amp#27;[39m Matched '/element' to command name 'findElement'
[debug] &amp#27;[35m[WD Proxy]&amp#27;[39m Proxying [POST /element] to [POST http://127.0.0.1:8200/wd/hub/session/431c0a09-5eae-45ff-8ee1-2a94613010da/element] with body: {"strategy":"id","selector":"com.androidsample.generalstore:id/appbar_btn_back","context":"","multiple":false}
[debug] &amp#27;[35m[WD Proxy]&amp#27;[39m Got response with status 200: {"sessionId":"431c0a09-5eae-45ff-8ee1-2a94613010da","value":{"ELEMENT":"32c64fca-61be-43b3-b491-e15ec56d0a9b","element-6066-11e4-a52e-4f735466cecf":"32c64fca-61be-43b3-b491-e15ec56d0a9b"}}
[debug] &amp#27;[35m[W3C (bf540858)]&amp#27;[39m Responding to client with driver.findElement() result: {"element-6066-11e4-a52e-4f735466cecf":"32c64fca-61be-43b3-b491-e15ec56d0a9b","ELEMENT":"32c64fca-61be-43b3-b491-e15ec56d0a9b"}
&amp#27;[35m[HTTP]&amp#27;[39m &amp#27;[37m<-- POST /wd/hub/session/bf540858-b87c-41a8-a728-b6d33a4f5b2f/element &amp#27;[39m&amp#27;[32m200&amp#27;[39m &amp#27;[90m14 ms - 137&amp#27;[39m
&amp#27;[35m[HTTP]&amp#27;[39m &amp#27;[90m&amp#27;[39m
&amp#27;[35m[HTTP]&amp#27;[39m &amp#27;[37m-->&amp#27;[39m &amp#27;[37mGET&amp#27;[39m &amp#27;[37m/wd/hub/session/bf540858-b87c-41a8-a728-b6d33a4f5b2f/element/32c64fca-61be-43b3-b491-e15ec56d0a9b/attribute/clickable&amp#27;[39m
&amp#27;[35m[HTTP]&amp#27;[39m &amp#27;[90m{}&amp#27;[39m
[debug] &amp#27;[35m[W3C (bf540858)]&amp#27;[39m Calling AppiumDriver.getAttribute() with args: ["clickable","32c64fca-61be-43b3-b491-e15ec56d0a9b","bf540858-b87c-41a8-a728-b6d33a4f5b2f"]
[debug] &amp#27;[35m[WD Proxy]&amp#27;[39m Matched '/element/32c64fca-61be-43b3-b491-e15ec56d0a9b/attribute/clickable' to command name 'getAttribute'
[debug] &amp#27;[35m[WD Proxy]&amp#27;[39m Proxying [GET /element/32c64fca-61be-43b3-b491-e15ec56d0a9b/attribute/clickable] to [GET http://127.0.0.1:8200/wd/hub/session/431c0a09-5eae-45ff-8ee1-2a94613010da/element/32c64fca-61be-43b3-b491-e15ec56d0a9b/attribute/clickable] with body: {}
[debug] &amp#27;[35m[WD Proxy]&amp#27;[39m Got response with status 200: {"sessionId":"431c0a09-5eae-45ff-8ee1-2a94613010da","value":"true"}
[debug] &amp#27;[35m[W3C (bf540858)]&amp#27;[39m Responding to client with driver.getAttribute() result: "true"
&amp#27;[35m[HTTP]&amp#27;[39m &amp#27;[37m<-- GET /wd/hub/session/bf540858-b87c-41a8-a728-b6d33a4f5b2f/element/32c64fca-61be-43b3-b491-e15ec56d0a9b/attribute/clickable &amp#27;[39m&amp#27;[32m200&amp#27;[39m &amp#27;[90m11 ms - 16&amp#27;[39m
&amp#27;[35m[HTTP]&amp#27;[39m &amp#27;[90m&amp#27;[39m
]]></system-out>
  </testcase>
  <testcase name="validateCartItems[Not Found](1)" classname="test.AppiumFramework.CartTest" time="0.178">
    <system-out><![CDATA[&amp#27;[35m[HTTP]&amp#27;[39m &amp#27;[37m-->&amp#27;[39m &amp#27;[37mPOST&amp#27;[39m &amp#27;[37m/wd/hub/session/bf540858-b87c-41a8-a728-b6d33a4f5b2f/element&amp#27;[39m
&amp#27;[35m[HTTP]&amp#27;[39m &amp#27;[90m{"using":"-android uiautomator","value":"new UiScrollable(new UiSelector().scrollable(true)).scrollTextIntoView(\"Converse All Star\")"}&amp#27;[39m
[debug] &amp#27;[35m[W3C (bf540858)]&amp#27;[39m Calling AppiumDriver.findElement() with args: ["-android uiautomator","new UiScrollable(new UiSelector().scrollable(true)).scrollTextIntoView(\"Converse All Star\")","bf540858-b87c-41a8-a728-b6d33a4f5b2f"]
[debug] &amp#27;[35m[BaseDriver]&amp#27;[39m Valid locator strategies for this request: xpath, id, class name, accessibility id, -android uiautomator
[debug] &amp#27;[35m[BaseDriver]&amp#27;[39m Waiting up to 10000 ms for condition
[debug] &amp#27;[35m[WD Proxy]&amp#27;[39m Matched '/element' to command name 'findElement'
[debug] &amp#27;[35m[WD Proxy]&amp#27;[39m Proxying [POST /element] to [POST http://127.0.0.1:8200/wd/hub/session/431c0a09-5eae-45ff-8ee1-2a94613010da/element] with body: {"strategy":"-android uiautomator","selector":"new UiScrollable(new UiSelector().scrollable(true)).scrollTextIntoView(\"Converse All Star\")","context":"","multiple":false}
[debug] &amp#27;[35m[WD Proxy]&amp#27;[39m Got response with status 200: {"sessionId":"431c0a09-5eae-45ff-8ee1-2a94613010da","value":{"ELEMENT":"20f3a86d-aa4c-4c9a-8c7c-f852f44e6799","element-6066-11e4-a52e-4f735466cecf":"20f3a86d-aa4c-4c9a-8c7c-f852f44e6799"}}
[debug] &amp#27;[35m[W3C (bf540858)]&amp#27;[39m Responding to client with driver.findElement() result: {"element-6066-11e4-a52e-4f735466cecf":"20f3a86d-aa4c-4c9a-8c7c-f852f44e6799","ELEMENT":"20f3a86d-aa4c-4c9a-8c7c-f852f44e6799"}
&amp#27;[35m[HTTP]&amp#27;[39m &amp#27;[37m<-- POST /wd/hub/session/bf540858-b87c-41a8-a728-b6d33a4f5b2f/element &amp#27;[39m&amp#27;[32m200&amp#27;[39m &amp#27;[90m20 ms - 137&amp#27;[39m
&amp#27;[35m[HTTP]&amp#27;[39m &amp#27;[90m&amp#27;[39m
&amp#27;[35m[HTTP]&amp#27;[39m &amp#27;[37m-->&amp#27;[39m &amp#27;[37mGET&amp#27;[39m &amp#27;[37m/wd/hub/session/bf540858-b87c-41a8-a728-b6d33a4f5b2f/element/20f3a86d-aa4c-4c9a-8c7c-f852f44e6799/text&amp#27;[39m
&amp#27;[35m[HTTP]&amp#27;[39m &amp#27;[90m{}&amp#27;[39m
&amp#27;[35m[W3C (bf540858)]&amp#27;[39m Driver proxy active, passing request on via HTTP proxy
[debug] &amp#27;[35m[WD Proxy]&amp#27;[39m Matched '/wd/hub/session/bf540858-b87c-41a8-a728-b6d33a4f5b2f/element/20f3a86d-aa4c-4c9a-8c7c-f852f44e6799/text' to command name 'getText'
[debug] &amp#27;[35m[WD Proxy]&amp#27;[39m Proxying [GET /wd/hub/session/bf540858-b87c-41a8-a728-b6d33a4f5b2f/element/20f3a86d-aa4c-4c9a-8c7c-f852f44e6799/text] to [GET http://127.0.0.1:8200/wd/hub/session/431c0a09-5eae-45ff-8ee1-2a94613010da/element/20f3a86d-aa4c-4c9a-8c7c-f852f44e6799/text] with body: {}
[debug] &amp#27;[35m[WD Proxy]&amp#27;[39m Got response with status 200: {"sessionId":"431c0a09-5eae-45ff-8ee1-2a94613010da","value":"Converse All Star"}
&amp#27;[35m[WD Proxy]&amp#27;[39m Replacing sessionId 431c0a09-5eae-45ff-8ee1-2a94613010da with bf540858-b87c-41a8-a728-b6d33a4f5b2f
&amp#27;[35m[HTTP]&amp#27;[39m &amp#27;[37m<-- GET /wd/hub/session/bf540858-b87c-41a8-a728-b6d33a4f5b2f/element/20f3a86d-aa4c-4c9a-8c7c-f852f44e6799/text &amp#27;[39m&amp#27;[32m200&amp#27;[39m &amp#27;[90m19 ms - 80&amp#27;[39m
&amp#27;[35m[HTTP]&amp#27;[39m &amp#27;[90m&amp#27;[39m
&amp#27;[35m[HTTP]&amp#27;[39m &amp#27;[37m-->&amp#27;[39m &amp#27;[37mPOST&amp#27;[39m &amp#27;[37m/wd/hub/session/bf540858-b87c-41a8-a728-b6d33a4f5b2f/element&amp#27;[39m
&amp#27;[35m[HTTP]&amp#27;[39m &amp#27;[90m{"using":"xpath","value":"//*[@text=\"$55.0\"]"}&amp#27;[39m
[debug] &amp#27;[35m[W3C (bf540858)]&amp#27;[39m Calling AppiumDriver.findElement() with args: ["xpath","//*[@text=\"$55.0\"]","bf540858-b87c-41a8-a728-b6d33a4f5b2f"]
[debug] &amp#27;[35m[BaseDriver]&amp#27;[39m Valid locator strategies for this request: xpath, id, class name, accessibility id, -android uiautomator
[debug] &amp#27;[35m[BaseDriver]&amp#27;[39m Waiting up to 10000 ms for condition
[debug] &amp#27;[35m[WD Proxy]&amp#27;[39m Matched '/element' to command name 'findElement'
[debug] &amp#27;[35m[WD Proxy]&amp#27;[39m Proxying [POST /element] to [POST http://127.0.0.1:8200/wd/hub/session/431c0a09-5eae-45ff-8ee1-2a94613010da/element] with body: {"strategy":"xpath","selector":"//*[@text=\"$55.0\"]","context":"","multiple":false}
[debug] &amp#27;[35m[WD Proxy]&amp#27;[39m Got response with status 200: {"sessionId":"431c0a09-5eae-45ff-8ee1-2a94613010da","value":{"ELEMENT":"d34bde95-0342-4f94-a46b-f6b57be108dc","element-6066-11e4-a52e-4f735466cecf":"d34bde95-0342-4f94-a46b-f6b57be108dc"}}
[debug] &amp#27;[35m[W3C (bf540858)]&amp#27;[39m Responding to client with driver.findElement() result: {"element-6066-11e4-a52e-4f735466cecf":"d34bde95-0342-4f94-a46b-f6b57be108dc","ELEMENT":"d34bde95-0342-4f94-a46b-f6b57be108dc"}
&amp#27;[35m[HTTP]&amp#27;[39m &amp#27;[37m<-- POST /wd/hub/session/bf540858-b87c-41a8-a728-b6d33a4f5b2f/element &amp#27;[39m&amp#27;[32m200&amp#27;[39m &amp#27;[90m71 ms - 137&amp#27;[39m
&amp#27;[35m[HTTP]&amp#27;[39m &amp#27;[90m&amp#27;[39m
&amp#27;[35m[HTTP]&amp#27;[39m &amp#27;[37m-->&amp#27;[39m &amp#27;[37mGET&amp#27;[39m &amp#27;[37m/wd/hub/session/bf540858-b87c-41a8-a728-b6d33a4f5b2f/element/d34bde95-0342-4f94-a46b-f6b57be108dc/text&amp#27;[39m
&amp#27;[35m[HTTP]&amp#27;[39m &amp#27;[90m{}&amp#27;[39m
&amp#27;[35m[W3C (bf540858)]&amp#27;[39m Driver proxy active, passing request on via HTTP proxy
[debug] &amp#27;[35m[WD Proxy]&amp#27;[39m Matched '/wd/hub/session/bf540858-b87c-41a8-a728-b6d33a4f5b2f/element/d34bde95-0342-4f94-a46b-f6b57be108dc/text' to command name 'getText'
[debug] &amp#27;[35m[WD Proxy]&amp#27;[39m Proxying [GET /wd/hub/session/bf540858-b87c-41a8-a728-b6d33a4f5b2f/element/d34bde95-0342-4f94-a46b-f6b57be108dc/text] to [GET http://127.0.0.1:8200/wd/hub/session/431c0a09-5eae-45ff-8ee1-2a94613010da/element/d34bde95-0342-4f94-a46b-f6b57be108dc/text] with body: {}
[debug] &amp#27;[35m[WD Proxy]&amp#27;[39m Got response with status 200: {"sessionId":"431c0a09-5eae-45ff-8ee1-2a94613010da","value":"$55.0"}
&amp#27;[35m[WD Proxy]&amp#27;[39m Replacing sessionId 431c0a09-5eae-45ff-8ee1-2a94613010da with bf540858-b87c-41a8-a728-b6d33a4f5b2f
&amp#27;[35m[HTTP]&amp#27;[39m &amp#27;[37m<-- GET /wd/hub/session/bf540858-b87c-41a8-a728-b6d33a4f5b2f/element/d34bde95-0342-4f94-a46b-f6b57be108dc/text &amp#27;[39m&amp#27;[32m200&amp#27;[39m &amp#27;[90m12 ms - 68&amp#27;[39m
&amp#27;[35m[HTTP]&amp#27;[39m &amp#27;[90m&amp#27;[39m
]]></system-out>
  </testcase>
  <testcase name="validateCartTotal" classname="test.AppiumFramework.CartTest" time="0.079">
    <system-out><![CDATA[&amp#27;[35m[HTTP]&amp#27;[39m &amp#27;[37m-->&amp#27;[39m &amp#27;[37mPOST&amp#27;[39m &amp#27;[37m/wd/hub/session/bf540858-b87c-41a8-a728-b6d33a4f5b2f/element&amp#27;[39m
&amp#27;[35m[HTTP]&amp#27;[39m &amp#27;[90m{"using":"id","value":"com.androidsample.generalstore:id/totalAmountLbl"}&amp#27;[39m
[debug] &amp#27;[35m[W3C (bf540858)]&amp#27;[39m Calling AppiumDriver.findElement() with args: ["id","com.androidsample.generalstore:id/totalAmountLbl","bf540858-b87c-41a8-a728-b6d33a4f5b2f"]
[debug] &amp#27;[35m[BaseDriver]&amp#27;[39m Valid locator strategies for this request: xpath, id, class name, accessibility id, -android uiautomator
[debug] &amp#27;[35m[BaseDriver]&amp#27;[39m Waiting up to 10000 ms for condition
[debug] &amp#27;[35m[WD Proxy]&amp#27;[39m Matched '/element' to command name 'findElement'
[debug] &amp#27;[35m[WD Proxy]&amp#27;[39m Proxying [POST /element] to [POST http://127.0.0.1:8200/wd/hub/session/431c0a09-5eae-45ff-8ee1-2a94613010da/element] with body: {"strategy":"id","selector":"com.androidsample.generalstore:id/totalAmountLbl","context":"","multiple":false}
[debug] &amp#27;[35m[WD Proxy]&amp#27;[39m Got response with status 200: {"sessionId":"431c0a09-5eae-45ff-8ee1-2a94613010da","value":{"ELEMENT":"f185773f-c14c-477d-a0ee-832eb5e1be97","element-6066-11e4-a52e-4f735466cecf":"f185773f-c14c-477d-a0ee-832eb5e1be97"}}
[debug] &amp#27;[35m[W3C (bf540858)]&amp#27;[39m Responding to client with driver.findElement() result: {"element-6066-11e4-a52e-4f735466cecf":"f185773f-c14c-477d-a0ee-832eb5e1be97","ELEMENT":"f185773f-c14c-477d-a0ee-832eb5e1be97"}
&amp#27;[35m[HTTP]&amp#27;[39m &amp#27;[37m<-- POST /wd/hub/session/bf540858-b87c-41a8-a728-b6d33a4f5b2f/element &amp#27;[39m&amp#27;[32m200&amp#27;[39m &amp#27;[90m16 ms - 137&amp#27;[39m
&amp#27;[35m[HTTP]&amp#27;[39m &amp#27;[90m&amp#27;[39m
&amp#27;[35m[HTTP]&amp#27;[39m &amp#27;[37m-->&amp#27;[39m &amp#27;[37mGET&amp#27;[39m &amp#27;[37m/wd/hub/session/bf540858-b87c-41a8-a728-b6d33a4f5b2f/element/f185773f-c14c-477d-a0ee-832eb5e1be97/text&amp#27;[39m
&amp#27;[35m[HTTP]&amp#27;[39m &amp#27;[90m{}&amp#27;[39m
&amp#27;[35m[W3C (bf540858)]&amp#27;[39m Driver proxy active, passing request on via HTTP proxy
[debug] &amp#27;[35m[WD Proxy]&amp#27;[39m Matched '/wd/hub/session/bf540858-b87c-41a8-a728-b6d33a4f5b2f/element/f185773f-c14c-477d-a0ee-832eb5e1be97/text' to command name 'getText'
[debug] &amp#27;[35m[WD Proxy]&amp#27;[39m Proxying [GET /wd/hub/session/bf540858-b87c-41a8-a728-b6d33a4f5b2f/element/f185773f-c14c-477d-a0ee-832eb5e1be97/text] to [GET http://127.0.0.1:8200/wd/hub/session/431c0a09-5eae-45ff-8ee1-2a94613010da/element/f185773f-c14c-477d-a0ee-832eb5e1be97/text] with body: {}
[debug] &amp#27;[35m[WD Proxy]&amp#27;[39m Got response with status 200: {"sessionId":"431c0a09-5eae-45ff-8ee1-2a94613010da","value":"$ 55.0"}
&amp#27;[35m[WD Proxy]&amp#27;[39m Replacing sessionId 431c0a09-5eae-45ff-8ee1-2a94613010da with bf540858-b87c-41a8-a728-b6d33a4f5b2f
&amp#27;[35m[HTTP]&amp#27;[39m &amp#27;[37m<-- GET /wd/hub/session/bf540858-b87c-41a8-a728-b6d33a4f5b2f/element/f185773f-c14c-477d-a0ee-832eb5e1be97/text &amp#27;[39m&amp#27;[32m200&amp#27;[39m &amp#27;[90m13 ms - 69&amp#27;[39m
&amp#27;[35m[HTTP]&amp#27;[39m &amp#27;[90m&amp#27;[39m
]]></system-out>
  </testcase>
  <testcase name="validateChkBox[Send me e-mails on discounts related to selected products in future](1)" classname="test.AppiumFramework.CartTest" time="0.32">
    <system-out><![CDATA[&amp#27;[35m[HTTP]&amp#27;[39m &amp#27;[37m-->&amp#27;[39m &amp#27;[37mPOST&amp#27;[39m &amp#27;[37m/wd/hub/session/bf540858-b87c-41a8-a728-b6d33a4f5b2f/element&amp#27;[39m
&amp#27;[35m[HTTP]&amp#27;[39m &amp#27;[90m{"using":"class name","value":"android.widget.CheckBox"}&amp#27;[39m
[debug] &amp#27;[35m[W3C (bf540858)]&amp#27;[39m Calling AppiumDriver.findElement() with args: ["class name","android.widget.CheckBox","bf540858-b87c-41a8-a728-b6d33a4f5b2f"]
[debug] &amp#27;[35m[BaseDriver]&amp#27;[39m Valid locator strategies for this request: xpath, id, class name, accessibility id, -android uiautomator
[debug] &amp#27;[35m[BaseDriver]&amp#27;[39m Waiting up to 10000 ms for condition
[debug] &amp#27;[35m[WD Proxy]&amp#27;[39m Matched '/element' to command name 'findElement'
[debug] &amp#27;[35m[WD Proxy]&amp#27;[39m Proxying [POST /element] to [POST http://127.0.0.1:8200/wd/hub/session/431c0a09-5eae-45ff-8ee1-2a94613010da/element] with body: {"strategy":"class name","selector":"android.widget.CheckBox","context":"","multiple":false}
[debug] &amp#27;[35m[WD Proxy]&amp#27;[39m Got response with status 200: {"sessionId":"431c0a09-5eae-45ff-8ee1-2a94613010da","value":{"ELEMENT":"d7b1cea0-0547-45ca-98af-5b4baf4c3dd3","element-6066-11e4-a52e-4f735466cecf":"d7b1cea0-0547-45ca-98af-5b4baf4c3dd3"}}
[debug] &amp#27;[35m[W3C (bf540858)]&amp#27;[39m Responding to client with driver.findElement() result: {"element-6066-11e4-a52e-4f735466cecf":"d7b1cea0-0547-45ca-98af-5b4baf4c3dd3","ELEMENT":"d7b1cea0-0547-45ca-98af-5b4baf4c3dd3"}
&amp#27;[35m[HTTP]&amp#27;[39m &amp#27;[37m<-- POST /wd/hub/session/bf540858-b87c-41a8-a728-b6d33a4f5b2f/element &amp#27;[39m&amp#27;[32m200&amp#27;[39m &amp#27;[90m14 ms - 137&amp#27;[39m
&amp#27;[35m[HTTP]&amp#27;[39m &amp#27;[90m&amp#27;[39m
&amp#27;[35m[HTTP]&amp#27;[39m &amp#27;[37m-->&amp#27;[39m &amp#27;[37mGET&amp#27;[39m &amp#27;[37m/wd/hub/session/bf540858-b87c-41a8-a728-b6d33a4f5b2f/element/d7b1cea0-0547-45ca-98af-5b4baf4c3dd3/text&amp#27;[39m
&amp#27;[35m[HTTP]&amp#27;[39m &amp#27;[90m{}&amp#27;[39m
&amp#27;[35m[W3C (bf540858)]&amp#27;[39m Driver proxy active, passing request on via HTTP proxy
[debug] &amp#27;[35m[WD Proxy]&amp#27;[39m Matched '/wd/hub/session/bf540858-b87c-41a8-a728-b6d33a4f5b2f/element/d7b1cea0-0547-45ca-98af-5b4baf4c3dd3/text' to command name 'getText'
[debug] &amp#27;[35m[WD Proxy]&amp#27;[39m Proxying [GET /wd/hub/session/bf540858-b87c-41a8-a728-b6d33a4f5b2f/element/d7b1cea0-0547-45ca-98af-5b4baf4c3dd3/text] to [GET http://127.0.0.1:8200/wd/hub/session/431c0a09-5eae-45ff-8ee1-2a94613010da/element/d7b1cea0-0547-45ca-98af-5b4baf4c3dd3/text] with body: {}
[debug] &amp#27;[35m[WD Proxy]&amp#27;[39m Got response with status 200: {"sessionId":"431c0a09-5eae-45ff-8ee1-2a94613010da","value":"Send me e-mails on discounts related to selected products in future"}
&amp#27;[35m[WD Proxy]&amp#27;[39m Replacing sessionId 431c0a09-5eae-45ff-8ee1-2a94613010da with bf540858-b87c-41a8-a728-b6d33a4f5b2f
&amp#27;[35m[HTTP]&amp#27;[39m &amp#27;[37m<-- GET /wd/hub/session/bf540858-b87c-41a8-a728-b6d33a4f5b2f/element/d7b1cea0-0547-45ca-98af-5b4baf4c3dd3/text &amp#27;[39m&amp#27;[32m200&amp#27;[39m &amp#27;[90m13 ms - 130&amp#27;[39m
&amp#27;[35m[HTTP]&amp#27;[39m &amp#27;[90m&amp#27;[39m
&amp#27;[35m[HTTP]&amp#27;[39m &amp#27;[37m-->&amp#27;[39m &amp#27;[37mPOST&amp#27;[39m &amp#27;[37m/wd/hub/session/bf540858-b87c-41a8-a728-b6d33a4f5b2f/element&amp#27;[39m
&amp#27;[35m[HTTP]&amp#27;[39m &amp#27;[90m{"using":"class name","value":"android.widget.CheckBox"}&amp#27;[39m
[debug] &amp#27;[35m[W3C (bf540858)]&amp#27;[39m Calling AppiumDriver.findElement() with args: ["class name","android.widget.CheckBox","bf540858-b87c-41a8-a728-b6d33a4f5b2f"]
[debug] &amp#27;[35m[BaseDriver]&amp#27;[39m Valid locator strategies for this request: xpath, id, class name, accessibility id, -android uiautomator
[debug] &amp#27;[35m[BaseDriver]&amp#27;[39m Waiting up to 10000 ms for condition
[debug] &amp#27;[35m[WD Proxy]&amp#27;[39m Matched '/element' to command name 'findElement'
[debug] &amp#27;[35m[WD Proxy]&amp#27;[39m Proxying [POST /element] to [POST http://127.0.0.1:8200/wd/hub/session/431c0a09-5eae-45ff-8ee1-2a94613010da/element] with body: {"strategy":"class name","selector":"android.widget.CheckBox","context":"","multiple":false}
[debug] &amp#27;[35m[WD Proxy]&amp#27;[39m Got response with status 200: {"sessionId":"431c0a09-5eae-45ff-8ee1-2a94613010da","value":{"ELEMENT":"cfd81aea-8005-4c25-9a7d-a0547e8f1e3b","element-6066-11e4-a52e-4f735466cecf":"cfd81aea-8005-4c25-9a7d-a0547e8f1e3b"}}
[debug] &amp#27;[35m[W3C (bf540858)]&amp#27;[39m Responding to client with driver.findElement() result: {"element-6066-11e4-a52e-4f735466cecf":"cfd81aea-8005-4c25-9a7d-a0547e8f1e3b","ELEMENT":"cfd81aea-8005-4c25-9a7d-a0547e8f1e3b"}
&amp#27;[35m[HTTP]&amp#27;[39m &amp#27;[37m<-- POST /wd/hub/session/bf540858-b87c-41a8-a728-b6d33a4f5b2f/element &amp#27;[39m&amp#27;[32m200&amp#27;[39m &amp#27;[90m15 ms - 137&amp#27;[39m
&amp#27;[35m[HTTP]&amp#27;[39m &amp#27;[90m&amp#27;[39m
&amp#27;[35m[HTTP]&amp#27;[39m &amp#27;[37m-->&amp#27;[39m &amp#27;[37mPOST&amp#27;[39m &amp#27;[37m/wd/hub/session/bf540858-b87c-41a8-a728-b6d33a4f5b2f/element/cfd81aea-8005-4c25-9a7d-a0547e8f1e3b/click&amp#27;[39m
&amp#27;[35m[HTTP]&amp#27;[39m &amp#27;[90m{"id":"cfd81aea-8005-4c25-9a7d-a0547e8f1e3b"}&amp#27;[39m
[debug] &amp#27;[35m[W3C (bf540858)]&amp#27;[39m Calling AppiumDriver.click() with args: ["cfd81aea-8005-4c25-9a7d-a0547e8f1e3b","bf540858-b87c-41a8-a728-b6d33a4f5b2f"]
[debug] &amp#27;[35m[WD Proxy]&amp#27;[39m Matched '/element/cfd81aea-8005-4c25-9a7d-a0547e8f1e3b/click' to command name 'click'
[debug] &amp#27;[35m[WD Proxy]&amp#27;[39m Proxying [POST /element/cfd81aea-8005-4c25-9a7d-a0547e8f1e3b/click] to [POST http://127.0.0.1:8200/wd/hub/session/431c0a09-5eae-45ff-8ee1-2a94613010da/element/cfd81aea-8005-4c25-9a7d-a0547e8f1e3b/click] with body: {"element":"cfd81aea-8005-4c25-9a7d-a0547e8f1e3b"}
[debug] &amp#27;[35m[WD Proxy]&amp#27;[39m Got response with status 200: {"sessionId":"431c0a09-5eae-45ff-8ee1-2a94613010da","value":null}
[debug] &amp#27;[35m[W3C (bf540858)]&amp#27;[39m Responding to client with driver.click() result: null
&amp#27;[35m[HTTP]&amp#27;[39m &amp#27;[37m<-- POST /wd/hub/session/bf540858-b87c-41a8-a728-b6d33a4f5b2f/element/cfd81aea-8005-4c25-9a7d-a0547e8f1e3b/click &amp#27;[39m&amp#27;[32m200&amp#27;[39m &amp#27;[90m19 ms - 14&amp#27;[39m
&amp#27;[35m[HTTP]&amp#27;[39m &amp#27;[90m&amp#27;[39m
&amp#27;[35m[HTTP]&amp#27;[39m &amp#27;[37m-->&amp#27;[39m &amp#27;[37mPOST&amp#27;[39m &amp#27;[37m/wd/hub/session/bf540858-b87c-41a8-a728-b6d33a4f5b2f/element&amp#27;[39m
&amp#27;[35m[HTTP]&amp#27;[39m &amp#27;[90m{"using":"class name","value":"android.widget.CheckBox"}&amp#27;[39m
[debug] &amp#27;[35m[W3C (bf540858)]&amp#27;[39m Calling AppiumDriver.findElement() with args: ["class name","android.widget.CheckBox","bf540858-b87c-41a8-a728-b6d33a4f5b2f"]
[debug] &amp#27;[35m[BaseDriver]&amp#27;[39m Valid locator strategies for this request: xpath, id, class name, accessibility id, -android uiautomator
[debug] &amp#27;[35m[BaseDriver]&amp#27;[39m Waiting up to 10000 ms for condition
[debug] &amp#27;[35m[WD Proxy]&amp#27;[39m Matched '/element' to command name 'findElement'
[debug] &amp#27;[35m[WD Proxy]&amp#27;[39m Proxying [POST /element] to [POST http://127.0.0.1:8200/wd/hub/session/431c0a09-5eae-45ff-8ee1-2a94613010da/element] with body: {"strategy":"class name","selector":"android.widget.CheckBox","context":"","multiple":false}
[debug] &amp#27;[35m[WD Proxy]&amp#27;[39m Got response with status 200: {"sessionId":"431c0a09-5eae-45ff-8ee1-2a94613010da","value":{"ELEMENT":"f8c37ed0-6102-4c2c-9ad0-8478f37a6f75","element-6066-11e4-a52e-4f735466cecf":"f8c37ed0-6102-4c2c-9ad0-8478f37a6f75"}}
[debug] &amp#27;[35m[W3C (bf540858)]&amp#27;[39m Responding to client with driver.findElement() result: {"element-6066-11e4-a52e-4f735466cecf":"f8c37ed0-6102-4c2c-9ad0-8478f37a6f75","ELEMENT":"f8c37ed0-6102-4c2c-9ad0-8478f37a6f75"}
&amp#27;[35m[HTTP]&amp#27;[39m &amp#27;[37m<-- POST /wd/hub/session/bf540858-b87c-41a8-a728-b6d33a4f5b2f/element &amp#27;[39m&amp#27;[32m200&amp#27;[39m &amp#27;[90m35 ms - 137&amp#27;[39m
&amp#27;[35m[HTTP]&amp#27;[39m &amp#27;[90m&amp#27;[39m
&amp#27;[35m[HTTP]&amp#27;[39m &amp#27;[37m-->&amp#27;[39m &amp#27;[37mGET&amp#27;[39m &amp#27;[37m/wd/hub/session/bf540858-b87c-41a8-a728-b6d33a4f5b2f/element/f8c37ed0-6102-4c2c-9ad0-8478f37a6f75/attribute/checked&amp#27;[39m
&amp#27;[35m[HTTP]&amp#27;[39m &amp#27;[90m{}&amp#27;[39m
[debug] &amp#27;[35m[W3C (bf540858)]&amp#27;[39m Calling AppiumDriver.getAttribute() with args: ["checked","f8c37ed0-6102-4c2c-9ad0-8478f37a6f75","bf540858-b87c-41a8-a728-b6d33a4f5b2f"]
[debug] &amp#27;[35m[WD Proxy]&amp#27;[39m Matched '/element/f8c37ed0-6102-4c2c-9ad0-8478f37a6f75/attribute/checked' to command name 'getAttribute'
[debug] &amp#27;[35m[WD Proxy]&amp#27;[39m Proxying [GET /element/f8c37ed0-6102-4c2c-9ad0-8478f37a6f75/attribute/checked] to [GET http://127.0.0.1:8200/wd/hub/session/431c0a09-5eae-45ff-8ee1-2a94613010da/element/f8c37ed0-6102-4c2c-9ad0-8478f37a6f75/attribute/checked] with body: {}
[debug] &amp#27;[35m[WD Proxy]&amp#27;[39m Got response with status 200: {"sessionId":"431c0a09-5eae-45ff-8ee1-2a94613010da","value":"true"}
[debug] &amp#27;[35m[W3C (bf540858)]&amp#27;[39m Responding to client with driver.getAttribute() result: "true"
&amp#27;[35m[HTTP]&amp#27;[39m &amp#27;[37m<-- GET /wd/hub/session/bf540858-b87c-41a8-a728-b6d33a4f5b2f/element/f8c37ed0-6102-4c2c-9ad0-8478f37a6f75/attribute/checked &amp#27;[39m&amp#27;[32m200&amp#27;[39m &amp#27;[90m483 ms - 16&amp#27;[39m
&amp#27;[35m[HTTP]&amp#27;[39m &amp#27;[90m&amp#27;[39m
]]></system-out>
  </testcase>
  <testcase name="validateTC[Please read our terms of conditions, Terms Of Conditions, Lorem Ipsum is simply dummy text of the printing and typesetting industry.,  Lorem Ipsum has been the industry&apos;s standard dummy text ever since the 1500s,,  when an unknown printer took a galley of type and scrambled it to make a type specimen book., CLOSE](1)" classname="test.AppiumFramework.CartTest" time="3.96">
    <system-out><![CDATA[&amp#27;[35m[HTTP]&amp#27;[39m &amp#27;[37m-->&amp#27;[39m &amp#27;[37mPOST&amp#27;[39m &amp#27;[37m/wd/hub/session/bf540858-b87c-41a8-a728-b6d33a4f5b2f/element&amp#27;[39m
&amp#27;[35m[HTTP]&amp#27;[39m &amp#27;[90m{"using":"id","value":"com.androidsample.generalstore:id/termsButton"}&amp#27;[39m
[debug] &amp#27;[35m[W3C (bf540858)]&amp#27;[39m Calling AppiumDriver.findElement() with args: ["id","com.androidsample.generalstore:id/termsButton","bf540858-b87c-41a8-a728-b6d33a4f5b2f"]
[debug] &amp#27;[35m[BaseDriver]&amp#27;[39m Valid locator strategies for this request: xpath, id, class name, accessibility id, -android uiautomator
[debug] &amp#27;[35m[BaseDriver]&amp#27;[39m Waiting up to 10000 ms for condition
[debug] &amp#27;[35m[WD Proxy]&amp#27;[39m Matched '/element' to command name 'findElement'
[debug] &amp#27;[35m[WD Proxy]&amp#27;[39m Proxying [POST /element] to [POST http://127.0.0.1:8200/wd/hub/session/431c0a09-5eae-45ff-8ee1-2a94613010da/element] with body: {"strategy":"id","selector":"com.androidsample.generalstore:id/termsButton","context":"","multiple":false}
[debug] &amp#27;[35m[WD Proxy]&amp#27;[39m Got response with status 200: {"sessionId":"431c0a09-5eae-45ff-8ee1-2a94613010da","value":{"ELEMENT":"8b680a37-e442-4c8a-8937-0ee3bea768ee","element-6066-11e4-a52e-4f735466cecf":"8b680a37-e442-4c8a-8937-0ee3bea768ee"}}
[debug] &amp#27;[35m[W3C (bf540858)]&amp#27;[39m Responding to client with driver.findElement() result: {"element-6066-11e4-a52e-4f735466cecf":"8b680a37-e442-4c8a-8937-0ee3bea768ee","ELEMENT":"8b680a37-e442-4c8a-8937-0ee3bea768ee"}
&amp#27;[35m[HTTP]&amp#27;[39m &amp#27;[37m<-- POST /wd/hub/session/bf540858-b87c-41a8-a728-b6d33a4f5b2f/element &amp#27;[39m&amp#27;[32m200&amp#27;[39m &amp#27;[90m17 ms - 137&amp#27;[39m
&amp#27;[35m[HTTP]&amp#27;[39m &amp#27;[90m&amp#27;[39m
&amp#27;[35m[HTTP]&amp#27;[39m &amp#27;[37m-->&amp#27;[39m &amp#27;[37mGET&amp#27;[39m &amp#27;[37m/wd/hub/session/bf540858-b87c-41a8-a728-b6d33a4f5b2f/element/8b680a37-e442-4c8a-8937-0ee3bea768ee/text&amp#27;[39m
&amp#27;[35m[HTTP]&amp#27;[39m &amp#27;[90m{}&amp#27;[39m
&amp#27;[35m[W3C (bf540858)]&amp#27;[39m Driver proxy active, passing request on via HTTP proxy
[debug] &amp#27;[35m[WD Proxy]&amp#27;[39m Matched '/wd/hub/session/bf540858-b87c-41a8-a728-b6d33a4f5b2f/element/8b680a37-e442-4c8a-8937-0ee3bea768ee/text' to command name 'getText'
[debug] &amp#27;[35m[WD Proxy]&amp#27;[39m Proxying [GET /wd/hub/session/bf540858-b87c-41a8-a728-b6d33a4f5b2f/element/8b680a37-e442-4c8a-8937-0ee3bea768ee/text] to [GET http://127.0.0.1:8200/wd/hub/session/431c0a09-5eae-45ff-8ee1-2a94613010da/element/8b680a37-e442-4c8a-8937-0ee3bea768ee/text] with body: {}
[debug] &amp#27;[35m[WD Proxy]&amp#27;[39m Got response with status 200: {"sessionId":"431c0a09-5eae-45ff-8ee1-2a94613010da","value":"Please read our terms of conditions"}
&amp#27;[35m[WD Proxy]&amp#27;[39m Replacing sessionId 431c0a09-5eae-45ff-8ee1-2a94613010da with bf540858-b87c-41a8-a728-b6d33a4f5b2f
&amp#27;[35m[HTTP]&amp#27;[39m &amp#27;[37m<-- GET /wd/hub/session/bf540858-b87c-41a8-a728-b6d33a4f5b2f/element/8b680a37-e442-4c8a-8937-0ee3bea768ee/text &amp#27;[39m&amp#27;[32m200&amp#27;[39m &amp#27;[90m25 ms - 98&amp#27;[39m
&amp#27;[35m[HTTP]&amp#27;[39m &amp#27;[90m&amp#27;[39m
&amp#27;[35m[HTTP]&amp#27;[39m &amp#27;[37m-->&amp#27;[39m &amp#27;[37mPOST&amp#27;[39m &amp#27;[37m/wd/hub/session/bf540858-b87c-41a8-a728-b6d33a4f5b2f/element&amp#27;[39m
&amp#27;[35m[HTTP]&amp#27;[39m &amp#27;[90m{"using":"id","value":"com.androidsample.generalstore:id/termsButton"}&amp#27;[39m
[debug] &amp#27;[35m[W3C (bf540858)]&amp#27;[39m Calling AppiumDriver.findElement() with args: ["id","com.androidsample.generalstore:id/termsButton","bf540858-b87c-41a8-a728-b6d33a4f5b2f"]
[debug] &amp#27;[35m[BaseDriver]&amp#27;[39m Valid locator strategies for this request: xpath, id, class name, accessibility id, -android uiautomator
[debug] &amp#27;[35m[BaseDriver]&amp#27;[39m Waiting up to 10000 ms for condition
[debug] &amp#27;[35m[WD Proxy]&amp#27;[39m Matched '/element' to command name 'findElement'
[debug] &amp#27;[35m[WD Proxy]&amp#27;[39m Proxying [POST /element] to [POST http://127.0.0.1:8200/wd/hub/session/431c0a09-5eae-45ff-8ee1-2a94613010da/element] with body: {"strategy":"id","selector":"com.androidsample.generalstore:id/termsButton","context":"","multiple":false}
[debug] &amp#27;[35m[WD Proxy]&amp#27;[39m Got response with status 200: {"sessionId":"431c0a09-5eae-45ff-8ee1-2a94613010da","value":{"ELEMENT":"2d8e6a98-0fee-45f1-971b-1590a9ce2177","element-6066-11e4-a52e-4f735466cecf":"2d8e6a98-0fee-45f1-971b-1590a9ce2177"}}
[debug] &amp#27;[35m[W3C (bf540858)]&amp#27;[39m Responding to client with driver.findElement() result: {"element-6066-11e4-a52e-4f735466cecf":"2d8e6a98-0fee-45f1-971b-1590a9ce2177","ELEMENT":"2d8e6a98-0fee-45f1-971b-1590a9ce2177"}
&amp#27;[35m[HTTP]&amp#27;[39m &amp#27;[37m<-- POST /wd/hub/session/bf540858-b87c-41a8-a728-b6d33a4f5b2f/element &amp#27;[39m&amp#27;[32m200&amp#27;[39m &amp#27;[90m20 ms - 137&amp#27;[39m
&amp#27;[35m[HTTP]&amp#27;[39m &amp#27;[90m&amp#27;[39m
&amp#27;[35m[HTTP]&amp#27;[39m &amp#27;[37m-->&amp#27;[39m &amp#27;[37mPOST&amp#27;[39m &amp#27;[37m/wd/hub/session/bf540858-b87c-41a8-a728-b6d33a4f5b2f/touch/perform&amp#27;[39m
&amp#27;[35m[HTTP]&amp#27;[39m &amp#27;[90m{"actions":[{"action":"longPress","options":{"duration":2000,"element":"2d8e6a98-0fee-45f1-971b-1590a9ce2177"}},{"action":"release","options":{}}]}&amp#27;[39m
[debug] &amp#27;[35m[W3C (bf540858)]&amp#27;[39m Calling AppiumDriver.performTouch() with args: [[{"action":"longPress","options":{"duration":2000,"element":"2d8e6a98-0fee-45f1-971b-1590a9ce2177"}},{"action":"release","options":{}}],"bf540858-b87c-41a8-a728-b6d33a4f5b2f"]
&amp#27;[35m[UiAutomator2]&amp#27;[39m calling get location: 2d8e6a98-0fee-45f1-971b-1590a9ce2177
[debug] &amp#27;[35m[WD Proxy]&amp#27;[39m Matched '/element/2d8e6a98-0fee-45f1-971b-1590a9ce2177/location' to command name 'getLocation'
[debug] &amp#27;[35m[WD Proxy]&amp#27;[39m Proxying [GET /element/2d8e6a98-0fee-45f1-971b-1590a9ce2177/location] to [GET http://127.0.0.1:8200/wd/hub/session/431c0a09-5eae-45ff-8ee1-2a94613010da/element/2d8e6a98-0fee-45f1-971b-1590a9ce2177/location] with body: {}
[debug] &amp#27;[35m[WD Proxy]&amp#27;[39m Got response with status 200: {"sessionId":"431c0a09-5eae-45ff-8ee1-2a94613010da","value":{"x":53,"y":1694}}
[debug] &amp#27;[35m[WD Proxy]&amp#27;[39m Matched '/element/2d8e6a98-0fee-45f1-971b-1590a9ce2177/size' to command name 'getSize'
[debug] &amp#27;[35m[WD Proxy]&amp#27;[39m Proxying [GET /element/2d8e6a98-0fee-45f1-971b-1590a9ce2177/size] to [GET http://127.0.0.1:8200/wd/hub/session/431c0a09-5eae-45ff-8ee1-2a94613010da/element/2d8e6a98-0fee-45f1-971b-1590a9ce2177/size] with body: {}
[debug] &amp#27;[35m[WD Proxy]&amp#27;[39m Got response with status 200: {"sessionId":"431c0a09-5eae-45ff-8ee1-2a94613010da","value":{"width":974,"height":79}}
[debug] &amp#27;[35m[WD Proxy]&amp#27;[39m Matched '/touch/longclick' to command name 'touchLongClick'
[debug] &amp#27;[35m[WD Proxy]&amp#27;[39m Proxying [POST /touch/longclick] to [POST http://127.0.0.1:8200/wd/hub/session/431c0a09-5eae-45ff-8ee1-2a94613010da/touch/longclick] with body: {"params":{"element":"2d8e6a98-0fee-45f1-971b-1590a9ce2177","x":540,"y":1733.5,"duration":2000}}
[debug] &amp#27;[35m[WD Proxy]&amp#27;[39m Got response with status 200: {"sessionId":"431c0a09-5eae-45ff-8ee1-2a94613010da","value":null}
[debug] &amp#27;[35m[W3C (bf540858)]&amp#27;[39m Responding to client with driver.performTouch() result: null
&amp#27;[35m[HTTP]&amp#27;[39m &amp#27;[37m<-- POST /wd/hub/session/bf540858-b87c-41a8-a728-b6d33a4f5b2f/touch/perform &amp#27;[39m&amp#27;[32m200&amp#27;[39m &amp#27;[90m3554 ms - 14&amp#27;[39m
&amp#27;[35m[HTTP]&amp#27;[39m &amp#27;[90m&amp#27;[39m
&amp#27;[35m[HTTP]&amp#27;[39m &amp#27;[37m-->&amp#27;[39m &amp#27;[37mPOST&amp#27;[39m &amp#27;[37m/wd/hub/session/bf540858-b87c-41a8-a728-b6d33a4f5b2f/element&amp#27;[39m
&amp#27;[35m[HTTP]&amp#27;[39m &amp#27;[90m{"using":"id","value":"com.androidsample.generalstore:id/alertTitle"}&amp#27;[39m
[debug] &amp#27;[35m[W3C (bf540858)]&amp#27;[39m Calling AppiumDriver.findElement() with args: ["id","com.androidsample.generalstore:id/alertTitle","bf540858-b87c-41a8-a728-b6d33a4f5b2f"]
[debug] &amp#27;[35m[BaseDriver]&amp#27;[39m Valid locator strategies for this request: xpath, id, class name, accessibility id, -android uiautomator
[debug] &amp#27;[35m[BaseDriver]&amp#27;[39m Waiting up to 10000 ms for condition
[debug] &amp#27;[35m[WD Proxy]&amp#27;[39m Matched '/element' to command name 'findElement'
[debug] &amp#27;[35m[WD Proxy]&amp#27;[39m Proxying [POST /element] to [POST http://127.0.0.1:8200/wd/hub/session/431c0a09-5eae-45ff-8ee1-2a94613010da/element] with body: {"strategy":"id","selector":"com.androidsample.generalstore:id/alertTitle","context":"","multiple":false}
[debug] &amp#27;[35m[WD Proxy]&amp#27;[39m Got response with status 200: {"sessionId":"431c0a09-5eae-45ff-8ee1-2a94613010da","value":{"ELEMENT":"0a7a9a63-9632-44af-96c2-daf992f78521","element-6066-11e4-a52e-4f735466cecf":"0a7a9a63-9632-44af-96c2-daf992f78521"}}
[debug] &amp#27;[35m[W3C (bf540858)]&amp#27;[39m Responding to client with driver.findElement() result: {"element-6066-11e4-a52e-4f735466cecf":"0a7a9a63-9632-44af-96c2-daf992f78521","ELEMENT":"0a7a9a63-9632-44af-96c2-daf992f78521"}
&amp#27;[35m[HTTP]&amp#27;[39m &amp#27;[37m<-- POST /wd/hub/session/bf540858-b87c-41a8-a728-b6d33a4f5b2f/element &amp#27;[39m&amp#27;[32m200&amp#27;[39m &amp#27;[90m12 ms - 137&amp#27;[39m
&amp#27;[35m[HTTP]&amp#27;[39m &amp#27;[90m&amp#27;[39m
&amp#27;[35m[HTTP]&amp#27;[39m &amp#27;[37m-->&amp#27;[39m &amp#27;[37mGET&amp#27;[39m &amp#27;[37m/wd/hub/session/bf540858-b87c-41a8-a728-b6d33a4f5b2f/element/0a7a9a63-9632-44af-96c2-daf992f78521/text&amp#27;[39m
&amp#27;[35m[HTTP]&amp#27;[39m &amp#27;[90m{}&amp#27;[39m
&amp#27;[35m[W3C (bf540858)]&amp#27;[39m Driver proxy active, passing request on via HTTP proxy
[debug] &amp#27;[35m[WD Proxy]&amp#27;[39m Matched '/wd/hub/session/bf540858-b87c-41a8-a728-b6d33a4f5b2f/element/0a7a9a63-9632-44af-96c2-daf992f78521/text' to command name 'getText'
[debug] &amp#27;[35m[WD Proxy]&amp#27;[39m Proxying [GET /wd/hub/session/bf540858-b87c-41a8-a728-b6d33a4f5b2f/element/0a7a9a63-9632-44af-96c2-daf992f78521/text] to [GET http://127.0.0.1:8200/wd/hub/session/431c0a09-5eae-45ff-8ee1-2a94613010da/element/0a7a9a63-9632-44af-96c2-daf992f78521/text] with body: {}
[debug] &amp#27;[35m[WD Proxy]&amp#27;[39m Got response with status 200: {"sessionId":"431c0a09-5eae-45ff-8ee1-2a94613010da","value":"Terms Of Conditions"}
&amp#27;[35m[WD Proxy]&amp#27;[39m Replacing sessionId 431c0a09-5eae-45ff-8ee1-2a94613010da with bf540858-b87c-41a8-a728-b6d33a4f5b2f
&amp#27;[35m[HTTP]&amp#27;[39m &amp#27;[37m<-- GET /wd/hub/session/bf540858-b87c-41a8-a728-b6d33a4f5b2f/element/0a7a9a63-9632-44af-96c2-daf992f78521/text &amp#27;[39m&amp#27;[32m200&amp#27;[39m &amp#27;[90m16 ms - 82&amp#27;[39m
&amp#27;[35m[HTTP]&amp#27;[39m &amp#27;[90m&amp#27;[39m
&amp#27;[35m[HTTP]&amp#27;[39m &amp#27;[37m-->&amp#27;[39m &amp#27;[37mPOST&amp#27;[39m &amp#27;[37m/wd/hub/session/bf540858-b87c-41a8-a728-b6d33a4f5b2f/element&amp#27;[39m
&amp#27;[35m[HTTP]&amp#27;[39m &amp#27;[90m{"using":"id","value":"android:id/message"}&amp#27;[39m
[debug] &amp#27;[35m[W3C (bf540858)]&amp#27;[39m Calling AppiumDriver.findElement() with args: ["id","android:id/message","bf540858-b87c-41a8-a728-b6d33a4f5b2f"]
[debug] &amp#27;[35m[BaseDriver]&amp#27;[39m Valid locator strategies for this request: xpath, id, class name, accessibility id, -android uiautomator
[debug] &amp#27;[35m[BaseDriver]&amp#27;[39m Waiting up to 10000 ms for condition
[debug] &amp#27;[35m[WD Proxy]&amp#27;[39m Matched '/element' to command name 'findElement'
[debug] &amp#27;[35m[WD Proxy]&amp#27;[39m Proxying [POST /element] to [POST http://127.0.0.1:8200/wd/hub/session/431c0a09-5eae-45ff-8ee1-2a94613010da/element] with body: {"strategy":"id","selector":"android:id/message","context":"","multiple":false}
[debug] &amp#27;[35m[WD Proxy]&amp#27;[39m Got response with status 200: {"sessionId":"431c0a09-5eae-45ff-8ee1-2a94613010da","value":{"ELEMENT":"77917571-cac7-44fe-9087-d3e02821210c","element-6066-11e4-a52e-4f735466cecf":"77917571-cac7-44fe-9087-d3e02821210c"}}
[debug] &amp#27;[35m[W3C (bf540858)]&amp#27;[39m Responding to client with driver.findElement() result: {"element-6066-11e4-a52e-4f735466cecf":"77917571-cac7-44fe-9087-d3e02821210c","ELEMENT":"77917571-cac7-44fe-9087-d3e02821210c"}
&amp#27;[35m[HTTP]&amp#27;[39m &amp#27;[37m<-- POST /wd/hub/session/bf540858-b87c-41a8-a728-b6d33a4f5b2f/element &amp#27;[39m&amp#27;[32m200&amp#27;[39m &amp#27;[90m12 ms - 137&amp#27;[39m
&amp#27;[35m[HTTP]&amp#27;[39m &amp#27;[90m&amp#27;[39m
&amp#27;[35m[HTTP]&amp#27;[39m &amp#27;[37m-->&amp#27;[39m &amp#27;[37mGET&amp#27;[39m &amp#27;[37m/wd/hub/session/bf540858-b87c-41a8-a728-b6d33a4f5b2f/element/77917571-cac7-44fe-9087-d3e02821210c/text&amp#27;[39m
&amp#27;[35m[HTTP]&amp#27;[39m &amp#27;[90m{}&amp#27;[39m
&amp#27;[35m[W3C (bf540858)]&amp#27;[39m Driver proxy active, passing request on via HTTP proxy
[debug] &amp#27;[35m[WD Proxy]&amp#27;[39m Matched '/wd/hub/session/bf540858-b87c-41a8-a728-b6d33a4f5b2f/element/77917571-cac7-44fe-9087-d3e02821210c/text' to command name 'getText'
[debug] &amp#27;[35m[WD Proxy]&amp#27;[39m Proxying [GET /wd/hub/session/bf540858-b87c-41a8-a728-b6d33a4f5b2f/element/77917571-cac7-44fe-9087-d3e02821210c/text] to [GET http://127.0.0.1:8200/wd/hub/session/431c0a09-5eae-45ff-8ee1-2a94613010da/element/77917571-cac7-44fe-9087-d3e02821210c/text] with body: {}
[debug] &amp#27;[35m[WD Proxy]&amp#27;[39m Got response with status 200: {"sessionId":"431c0a09-5eae-45ff-8ee1-2a94613010da","value":"Lorem Ipsum is simply dummy text of the printing and typesetting industry. Lorem Ipsum has been the industry's standard dummy text ever since the 1500s, when an unknown printer took a galley of type and scrambled it to make a type specimen book."}
&amp#27;[35m[WD Proxy]&amp#27;[39m Replacing sessionId 431c0a09-5eae-45ff-8ee1-2a94613010da with bf540858-b87c-41a8-a728-b6d33a4f5b2f
&amp#27;[35m[HTTP]&amp#27;[39m &amp#27;[37m<-- GET /wd/hub/session/bf540858-b87c-41a8-a728-b6d33a4f5b2f/element/77917571-cac7-44fe-9087-d3e02821210c/text &amp#27;[39m&amp#27;[32m200&amp#27;[39m &amp#27;[90m15 ms - 308&amp#27;[39m
&amp#27;[35m[HTTP]&amp#27;[39m &amp#27;[90m&amp#27;[39m
&amp#27;[35m[HTTP]&amp#27;[39m &amp#27;[37m-->&amp#27;[39m &amp#27;[37mPOST&amp#27;[39m &amp#27;[37m/wd/hub/session/bf540858-b87c-41a8-a728-b6d33a4f5b2f/element&amp#27;[39m
&amp#27;[35m[HTTP]&amp#27;[39m &amp#27;[90m{"using":"id","value":"android:id/button1"}&amp#27;[39m
[debug] &amp#27;[35m[W3C (bf540858)]&amp#27;[39m Calling AppiumDriver.findElement() with args: ["id","android:id/button1","bf540858-b87c-41a8-a728-b6d33a4f5b2f"]
[debug] &amp#27;[35m[BaseDriver]&amp#27;[39m Valid locator strategies for this request: xpath, id, class name, accessibility id, -android uiautomator
[debug] &amp#27;[35m[BaseDriver]&amp#27;[39m Waiting up to 10000 ms for condition
[debug] &amp#27;[35m[WD Proxy]&amp#27;[39m Matched '/element' to command name 'findElement'
[debug] &amp#27;[35m[WD Proxy]&amp#27;[39m Proxying [POST /element] to [POST http://127.0.0.1:8200/wd/hub/session/431c0a09-5eae-45ff-8ee1-2a94613010da/element] with body: {"strategy":"id","selector":"android:id/button1","context":"","multiple":false}
[debug] &amp#27;[35m[WD Proxy]&amp#27;[39m Got response with status 200: {"sessionId":"431c0a09-5eae-45ff-8ee1-2a94613010da","value":{"ELEMENT":"0b112415-b1cd-4b46-bdca-1d8e46385a34","element-6066-11e4-a52e-4f735466cecf":"0b112415-b1cd-4b46-bdca-1d8e46385a34"}}
[debug] &amp#27;[35m[W3C (bf540858)]&amp#27;[39m Responding to client with driver.findElement() result: {"element-6066-11e4-a52e-4f735466cecf":"0b112415-b1cd-4b46-bdca-1d8e46385a34","ELEMENT":"0b112415-b1cd-4b46-bdca-1d8e46385a34"}
&amp#27;[35m[HTTP]&amp#27;[39m &amp#27;[37m<-- POST /wd/hub/session/bf540858-b87c-41a8-a728-b6d33a4f5b2f/element &amp#27;[39m&amp#27;[32m200&amp#27;[39m &amp#27;[90m14 ms - 137&amp#27;[39m
&amp#27;[35m[HTTP]&amp#27;[39m &amp#27;[90m&amp#27;[39m
&amp#27;[35m[HTTP]&amp#27;[39m &amp#27;[37m-->&amp#27;[39m &amp#27;[37mGET&amp#27;[39m &amp#27;[37m/wd/hub/session/bf540858-b87c-41a8-a728-b6d33a4f5b2f/element/0b112415-b1cd-4b46-bdca-1d8e46385a34/text&amp#27;[39m
&amp#27;[35m[HTTP]&amp#27;[39m &amp#27;[90m{}&amp#27;[39m
&amp#27;[35m[W3C (bf540858)]&amp#27;[39m Driver proxy active, passing request on via HTTP proxy
[debug] &amp#27;[35m[WD Proxy]&amp#27;[39m Matched '/wd/hub/session/bf540858-b87c-41a8-a728-b6d33a4f5b2f/element/0b112415-b1cd-4b46-bdca-1d8e46385a34/text' to command name 'getText'
[debug] &amp#27;[35m[WD Proxy]&amp#27;[39m Proxying [GET /wd/hub/session/bf540858-b87c-41a8-a728-b6d33a4f5b2f/element/0b112415-b1cd-4b46-bdca-1d8e46385a34/text] to [GET http://127.0.0.1:8200/wd/hub/session/431c0a09-5eae-45ff-8ee1-2a94613010da/element/0b112415-b1cd-4b46-bdca-1d8e46385a34/text] with body: {}
[debug] &amp#27;[35m[WD Proxy]&amp#27;[39m Got response with status 200: {"sessionId":"431c0a09-5eae-45ff-8ee1-2a94613010da","value":"CLOSE"}
&amp#27;[35m[WD Proxy]&amp#27;[39m Replacing sessionId 431c0a09-5eae-45ff-8ee1-2a94613010da with bf540858-b87c-41a8-a728-b6d33a4f5b2f
&amp#27;[35m[HTTP]&amp#27;[39m &amp#27;[37m<-- GET /wd/hub/session/bf540858-b87c-41a8-a728-b6d33a4f5b2f/element/0b112415-b1cd-4b46-bdca-1d8e46385a34/text &amp#27;[39m&amp#27;[32m200&amp#27;[39m &amp#27;[90m10 ms - 68&amp#27;[39m
&amp#27;[35m[HTTP]&amp#27;[39m &amp#27;[90m&amp#27;[39m
&amp#27;[35m[HTTP]&amp#27;[39m &amp#27;[37m-->&amp#27;[39m &amp#27;[37mPOST&amp#27;[39m &amp#27;[37m/wd/hub/session/bf540858-b87c-41a8-a728-b6d33a4f5b2f/element&amp#27;[39m
&amp#27;[35m[HTTP]&amp#27;[39m &amp#27;[90m{"using":"id","value":"android:id/button1"}&amp#27;[39m
[debug] &amp#27;[35m[W3C (bf540858)]&amp#27;[39m Calling AppiumDriver.findElement() with args: ["id","android:id/button1","bf540858-b87c-41a8-a728-b6d33a4f5b2f"]
[debug] &amp#27;[35m[BaseDriver]&amp#27;[39m Valid locator strategies for this request: xpath, id, class name, accessibility id, -android uiautomator
[debug] &amp#27;[35m[BaseDriver]&amp#27;[39m Waiting up to 10000 ms for condition
[debug] &amp#27;[35m[WD Proxy]&amp#27;[39m Matched '/element' to command name 'findElement'
[debug] &amp#27;[35m[WD Proxy]&amp#27;[39m Proxying [POST /element] to [POST http://127.0.0.1:8200/wd/hub/session/431c0a09-5eae-45ff-8ee1-2a94613010da/element] with body: {"strategy":"id","selector":"android:id/button1","context":"","multiple":false}
[debug] &amp#27;[35m[WD Proxy]&amp#27;[39m Got response with status 200: {"sessionId":"431c0a09-5eae-45ff-8ee1-2a94613010da","value":{"ELEMENT":"b3f47eb8-71e1-4367-84ca-5368bc3a27c0","element-6066-11e4-a52e-4f735466cecf":"b3f47eb8-71e1-4367-84ca-5368bc3a27c0"}}
[debug] &amp#27;[35m[W3C (bf540858)]&amp#27;[39m Responding to client with driver.findElement() result: {"element-6066-11e4-a52e-4f735466cecf":"b3f47eb8-71e1-4367-84ca-5368bc3a27c0","ELEMENT":"b3f47eb8-71e1-4367-84ca-5368bc3a27c0"}
&amp#27;[35m[HTTP]&amp#27;[39m &amp#27;[37m<-- POST /wd/hub/session/bf540858-b87c-41a8-a728-b6d33a4f5b2f/element &amp#27;[39m&amp#27;[32m200&amp#27;[39m &amp#27;[90m13 ms - 137&amp#27;[39m
&amp#27;[35m[HTTP]&amp#27;[39m &amp#27;[90m&amp#27;[39m
&amp#27;[35m[HTTP]&amp#27;[39m &amp#27;[37m-->&amp#27;[39m &amp#27;[37mPOST&amp#27;[39m &amp#27;[37m/wd/hub/session/bf540858-b87c-41a8-a728-b6d33a4f5b2f/element/b3f47eb8-71e1-4367-84ca-5368bc3a27c0/click&amp#27;[39m
&amp#27;[35m[HTTP]&amp#27;[39m &amp#27;[90m{"id":"b3f47eb8-71e1-4367-84ca-5368bc3a27c0"}&amp#27;[39m
[debug] &amp#27;[35m[W3C (bf540858)]&amp#27;[39m Calling AppiumDriver.click() with args: ["b3f47eb8-71e1-4367-84ca-5368bc3a27c0","bf540858-b87c-41a8-a728-b6d33a4f5b2f"]
[debug] &amp#27;[35m[WD Proxy]&amp#27;[39m Matched '/element/b3f47eb8-71e1-4367-84ca-5368bc3a27c0/click' to command name 'click'
[debug] &amp#27;[35m[WD Proxy]&amp#27;[39m Proxying [POST /element/b3f47eb8-71e1-4367-84ca-5368bc3a27c0/click] to [POST http://127.0.0.1:8200/wd/hub/session/431c0a09-5eae-45ff-8ee1-2a94613010da/element/b3f47eb8-71e1-4367-84ca-5368bc3a27c0/click] with body: {"element":"b3f47eb8-71e1-4367-84ca-5368bc3a27c0"}
[debug] &amp#27;[35m[WD Proxy]&amp#27;[39m Got response with status 200: {"sessionId":"431c0a09-5eae-45ff-8ee1-2a94613010da","value":null}
[debug] &amp#27;[35m[W3C (bf540858)]&amp#27;[39m Responding to client with driver.click() result: null
&amp#27;[35m[HTTP]&amp#27;[39m &amp#27;[37m<-- POST /wd/hub/session/bf540858-b87c-41a8-a728-b6d33a4f5b2f/element/b3f47eb8-71e1-4367-84ca-5368bc3a27c0/click &amp#27;[39m&amp#27;[32m200&amp#27;[39m &amp#27;[90m19 ms - 14&amp#27;[39m
&amp#27;[35m[HTTP]&amp#27;[39m &amp#27;[90m&amp#27;[39m
]]></system-out>
  </testcase>
  <testcase name="validatePurchaseBtn[Visit to the website to complete purchase](1)" classname="test.AppiumFramework.CartTest" time="2.392">
    <system-out><![CDATA[&amp#27;[35m[HTTP]&amp#27;[39m &amp#27;[37m-->&amp#27;[39m &amp#27;[37mPOST&amp#27;[39m &amp#27;[37m/wd/hub/session/bf540858-b87c-41a8-a728-b6d33a4f5b2f/element&amp#27;[39m
&amp#27;[35m[HTTP]&amp#27;[39m &amp#27;[90m{"using":"id","value":"com.androidsample.generalstore:id/btnProceed"}&amp#27;[39m
[debug] &amp#27;[35m[W3C (bf540858)]&amp#27;[39m Calling AppiumDriver.findElement() with args: ["id","com.androidsample.generalstore:id/btnProceed","bf540858-b87c-41a8-a728-b6d33a4f5b2f"]
[debug] &amp#27;[35m[BaseDriver]&amp#27;[39m Valid locator strategies for this request: xpath, id, class name, accessibility id, -android uiautomator
[debug] &amp#27;[35m[BaseDriver]&amp#27;[39m Waiting up to 10000 ms for condition
[debug] &amp#27;[35m[WD Proxy]&amp#27;[39m Matched '/element' to command name 'findElement'
[debug] &amp#27;[35m[WD Proxy]&amp#27;[39m Proxying [POST /element] to [POST http://127.0.0.1:8200/wd/hub/session/431c0a09-5eae-45ff-8ee1-2a94613010da/element] with body: {"strategy":"id","selector":"com.androidsample.generalstore:id/btnProceed","context":"","multiple":false}
[debug] &amp#27;[35m[WD Proxy]&amp#27;[39m Got response with status 200: {"sessionId":"431c0a09-5eae-45ff-8ee1-2a94613010da","value":{"ELEMENT":"494700b8-e3bf-4718-a129-7bae96ff6a76","element-6066-11e4-a52e-4f735466cecf":"494700b8-e3bf-4718-a129-7bae96ff6a76"}}
[debug] &amp#27;[35m[W3C (bf540858)]&amp#27;[39m Responding to client with driver.findElement() result: {"element-6066-11e4-a52e-4f735466cecf":"494700b8-e3bf-4718-a129-7bae96ff6a76","ELEMENT":"494700b8-e3bf-4718-a129-7bae96ff6a76"}
&amp#27;[35m[HTTP]&amp#27;[39m &amp#27;[37m<-- POST /wd/hub/session/bf540858-b87c-41a8-a728-b6d33a4f5b2f/element &amp#27;[39m&amp#27;[32m200&amp#27;[39m &amp#27;[90m532 ms - 137&amp#27;[39m
&amp#27;[35m[HTTP]&amp#27;[39m &amp#27;[90m&amp#27;[39m
&amp#27;[35m[HTTP]&amp#27;[39m &amp#27;[37m-->&amp#27;[39m &amp#27;[37mGET&amp#27;[39m &amp#27;[37m/wd/hub/session/bf540858-b87c-41a8-a728-b6d33a4f5b2f/element/494700b8-e3bf-4718-a129-7bae96ff6a76/text&amp#27;[39m
&amp#27;[35m[HTTP]&amp#27;[39m &amp#27;[90m{}&amp#27;[39m
&amp#27;[35m[W3C (bf540858)]&amp#27;[39m Driver proxy active, passing request on via HTTP proxy
[debug] &amp#27;[35m[WD Proxy]&amp#27;[39m Matched '/wd/hub/session/bf540858-b87c-41a8-a728-b6d33a4f5b2f/element/494700b8-e3bf-4718-a129-7bae96ff6a76/text' to command name 'getText'
[debug] &amp#27;[35m[WD Proxy]&amp#27;[39m Proxying [GET /wd/hub/session/bf540858-b87c-41a8-a728-b6d33a4f5b2f/element/494700b8-e3bf-4718-a129-7bae96ff6a76/text] to [GET http://127.0.0.1:8200/wd/hub/session/431c0a09-5eae-45ff-8ee1-2a94613010da/element/494700b8-e3bf-4718-a129-7bae96ff6a76/text] with body: {}
[debug] &amp#27;[35m[WD Proxy]&amp#27;[39m Got response with status 200: {"sessionId":"431c0a09-5eae-45ff-8ee1-2a94613010da","value":"Visit to the website to complete purchase"}
&amp#27;[35m[WD Proxy]&amp#27;[39m Replacing sessionId 431c0a09-5eae-45ff-8ee1-2a94613010da with bf540858-b87c-41a8-a728-b6d33a4f5b2f
&amp#27;[35m[HTTP]&amp#27;[39m &amp#27;[37m<-- GET /wd/hub/session/bf540858-b87c-41a8-a728-b6d33a4f5b2f/element/494700b8-e3bf-4718-a129-7bae96ff6a76/text &amp#27;[39m&amp#27;[32m200&amp#27;[39m &amp#27;[90m11 ms - 104&amp#27;[39m
&amp#27;[35m[HTTP]&amp#27;[39m &amp#27;[90m&amp#27;[39m
&amp#27;[35m[HTTP]&amp#27;[39m &amp#27;[37m-->&amp#27;[39m &amp#27;[37mPOST&amp#27;[39m &amp#27;[37m/wd/hub/session/bf540858-b87c-41a8-a728-b6d33a4f5b2f/element&amp#27;[39m
&amp#27;[35m[HTTP]&amp#27;[39m &amp#27;[90m{"using":"id","value":"com.androidsample.generalstore:id/btnProceed"}&amp#27;[39m
[debug] &amp#27;[35m[W3C (bf540858)]&amp#27;[39m Calling AppiumDriver.findElement() with args: ["id","com.androidsample.generalstore:id/btnProceed","bf540858-b87c-41a8-a728-b6d33a4f5b2f"]
[debug] &amp#27;[35m[BaseDriver]&amp#27;[39m Valid locator strategies for this request: xpath, id, class name, accessibility id, -android uiautomator
[debug] &amp#27;[35m[BaseDriver]&amp#27;[39m Waiting up to 10000 ms for condition
[debug] &amp#27;[35m[WD Proxy]&amp#27;[39m Matched '/element' to command name 'findElement'
[debug] &amp#27;[35m[WD Proxy]&amp#27;[39m Proxying [POST /element] to [POST http://127.0.0.1:8200/wd/hub/session/431c0a09-5eae-45ff-8ee1-2a94613010da/element] with body: {"strategy":"id","selector":"com.androidsample.generalstore:id/btnProceed","context":"","multiple":false}
[debug] &amp#27;[35m[WD Proxy]&amp#27;[39m Got response with status 200: {"sessionId":"431c0a09-5eae-45ff-8ee1-2a94613010da","value":{"ELEMENT":"5bd90348-fb1d-45a9-844f-10f917d85835","element-6066-11e4-a52e-4f735466cecf":"5bd90348-fb1d-45a9-844f-10f917d85835"}}
[debug] &amp#27;[35m[W3C (bf540858)]&amp#27;[39m Responding to client with driver.findElement() result: {"element-6066-11e4-a52e-4f735466cecf":"5bd90348-fb1d-45a9-844f-10f917d85835","ELEMENT":"5bd90348-fb1d-45a9-844f-10f917d85835"}
&amp#27;[35m[HTTP]&amp#27;[39m &amp#27;[37m<-- POST /wd/hub/session/bf540858-b87c-41a8-a728-b6d33a4f5b2f/element &amp#27;[39m&amp#27;[32m200&amp#27;[39m &amp#27;[90m13 ms - 137&amp#27;[39m
&amp#27;[35m[HTTP]&amp#27;[39m &amp#27;[90m&amp#27;[39m
&amp#27;[35m[HTTP]&amp#27;[39m &amp#27;[37m-->&amp#27;[39m &amp#27;[37mPOST&amp#27;[39m &amp#27;[37m/wd/hub/session/bf540858-b87c-41a8-a728-b6d33a4f5b2f/element/5bd90348-fb1d-45a9-844f-10f917d85835/click&amp#27;[39m
&amp#27;[35m[HTTP]&amp#27;[39m &amp#27;[90m{"id":"5bd90348-fb1d-45a9-844f-10f917d85835"}&amp#27;[39m
[debug] &amp#27;[35m[W3C (bf540858)]&amp#27;[39m Calling AppiumDriver.click() with args: ["5bd90348-fb1d-45a9-844f-10f917d85835","bf540858-b87c-41a8-a728-b6d33a4f5b2f"]
[debug] &amp#27;[35m[WD Proxy]&amp#27;[39m Matched '/element/5bd90348-fb1d-45a9-844f-10f917d85835/click' to command name 'click'
[debug] &amp#27;[35m[WD Proxy]&amp#27;[39m Proxying [POST /element/5bd90348-fb1d-45a9-844f-10f917d85835/click] to [POST http://127.0.0.1:8200/wd/hub/session/431c0a09-5eae-45ff-8ee1-2a94613010da/element/5bd90348-fb1d-45a9-844f-10f917d85835/click] with body: {"element":"5bd90348-fb1d-45a9-844f-10f917d85835"}
[debug] &amp#27;[35m[WD Proxy]&amp#27;[39m Got response with status 200: {"sessionId":"431c0a09-5eae-45ff-8ee1-2a94613010da","value":null}
[debug] &amp#27;[35m[W3C (bf540858)]&amp#27;[39m Responding to client with driver.click() result: null
&amp#27;[35m[HTTP]&amp#27;[39m &amp#27;[37m<-- POST /wd/hub/session/bf540858-b87c-41a8-a728-b6d33a4f5b2f/element/5bd90348-fb1d-45a9-844f-10f917d85835/click &amp#27;[39m&amp#27;[32m200&amp#27;[39m &amp#27;[90m24 ms - 14&amp#27;[39m
&amp#27;[35m[HTTP]&amp#27;[39m &amp#27;[90m&amp#27;[39m
]]></system-out>
  </testcase>
  <testcase name="webView" classname="test.AppiumFramework.HybridTest" time="9.636">
    <system-out><![CDATA[&amp#27;[35m[HTTP]&amp#27;[39m &amp#27;[37m-->&amp#27;[39m &amp#27;[37mGET&amp#27;[39m &amp#27;[37m/wd/hub/session/bf540858-b87c-41a8-a728-b6d33a4f5b2f/contexts&amp#27;[39m
&amp#27;[35m[HTTP]&amp#27;[39m &amp#27;[90m{}&amp#27;[39m
[debug] &amp#27;[35m[W3C (bf540858)]&amp#27;[39m Calling AppiumDriver.getContexts() with args: ["bf540858-b87c-41a8-a728-b6d33a4f5b2f"]
[debug] &amp#27;[35m[AndroidDriver]&amp#27;[39m Getting a list of available webviews
[debug] &amp#27;[35m[ADB]&amp#27;[39m Running 'B:\Android\sdk\platform-tools\adb.exe -P 5037 -s emulator-5554 shell cat /proc/net/unix'
&amp#27;[35m[AndroidDriver]&amp#27;[39m Not checking whether webviews have active pages; use the 'ensureWebviewsHavePages' cap to turn this check on
[debug] &amp#27;[35m[AndroidDriver]&amp#27;[39m WEBVIEW_2788 mapped to pid 2788
[debug] &amp#27;[35m[AndroidDriver]&amp#27;[39m Getting process name for webview
[debug] &amp#27;[35m[ADB]&amp#27;[39m Running 'B:\Android\sdk\platform-tools\adb.exe -P 5037 -s emulator-5554 shell ps'
[debug] &amp#27;[35m[AndroidDriver]&amp#27;[39m Parsed pid: '2788' pkg: 'com.androidsample.generalstore' from
[debug] &amp#27;[35m[AndroidDriver]&amp#27;[39m     USER           PID  PPID     VSZ    RSS WCHAN            ADDR S NAME
[debug] &amp#27;[35m[AndroidDriver]&amp#27;[39m     u0_a94        2788  1699 1576252 169608 0                   0 S com.androidsample.generalstore
[debug] &amp#27;[35m[AndroidDriver]&amp#27;[39m Returning process name: 'com.androidsample.generalstore'
[debug] &amp#27;[35m[AndroidDriver]&amp#27;[39m Found webviews: ["WEBVIEW_com.androidsample.generalstore"]
[debug] &amp#27;[35m[AndroidDriver]&amp#27;[39m Available contexts: ["NATIVE_APP","WEBVIEW_com.androidsample.generalstore"]
[debug] &amp#27;[35m[W3C (bf540858)]&amp#27;[39m Responding to client with driver.getContexts() result: ["NATIVE_APP","WEBVIEW_com.androidsample.generalstore"]
&amp#27;[35m[HTTP]&amp#27;[39m &amp#27;[37m<-- GET /wd/hub/session/bf540858-b87c-41a8-a728-b6d33a4f5b2f/contexts &amp#27;[39m&amp#27;[32m200&amp#27;[39m &amp#27;[90m229 ms - 65&amp#27;[39m
&amp#27;[35m[HTTP]&amp#27;[39m &amp#27;[90m&amp#27;[39m
&amp#27;[35m[HTTP]&amp#27;[39m &amp#27;[37m-->&amp#27;[39m &amp#27;[37mPOST&amp#27;[39m &amp#27;[37m/wd/hub/session/bf540858-b87c-41a8-a728-b6d33a4f5b2f/context&amp#27;[39m
&amp#27;[35m[HTTP]&amp#27;[39m &amp#27;[90m{"name":"WEBVIEW_com.androidsample.generalstore"}&amp#27;[39m
[debug] &amp#27;[35m[W3C (bf540858)]&amp#27;[39m Calling AppiumDriver.setContext() with args: ["WEBVIEW_com.androidsample.generalstore","bf540858-b87c-41a8-a728-b6d33a4f5b2f"]
[debug] &amp#27;[35m[AndroidDriver]&amp#27;[39m Getting a list of available webviews
[debug] &amp#27;[35m[ADB]&amp#27;[39m Running 'B:\Android\sdk\platform-tools\adb.exe -P 5037 -s emulator-5554 shell cat /proc/net/unix'
&amp#27;[35m[AndroidDriver]&amp#27;[39m Not checking whether webviews have active pages; use the 'ensureWebviewsHavePages' cap to turn this check on
[debug] &amp#27;[35m[AndroidDriver]&amp#27;[39m WEBVIEW_2788 mapped to pid 2788
[debug] &amp#27;[35m[AndroidDriver]&amp#27;[39m Getting process name for webview
[debug] &amp#27;[35m[ADB]&amp#27;[39m Running 'B:\Android\sdk\platform-tools\adb.exe -P 5037 -s emulator-5554 shell ps'
[debug] &amp#27;[35m[AndroidDriver]&amp#27;[39m Parsed pid: '2788' pkg: 'com.androidsample.generalstore' from
[debug] &amp#27;[35m[AndroidDriver]&amp#27;[39m     USER           PID  PPID     VSZ    RSS WCHAN            ADDR S NAME
[debug] &amp#27;[35m[AndroidDriver]&amp#27;[39m     u0_a94        2788  1699 1577316 169944 0                   0 S com.androidsample.generalstore
[debug] &amp#27;[35m[AndroidDriver]&amp#27;[39m Returning process name: 'com.androidsample.generalstore'
[debug] &amp#27;[35m[AndroidDriver]&amp#27;[39m Found webviews: ["WEBVIEW_com.androidsample.generalstore"]
[debug] &amp#27;[35m[AndroidDriver]&amp#27;[39m Available contexts: ["NATIVE_APP","WEBVIEW_com.androidsample.generalstore"]
[debug] &amp#27;[35m[AndroidDriver]&amp#27;[39m Connecting to chrome-backed webview context 'WEBVIEW_com.androidsample.generalstore'
[debug] &amp#27;[35m[AndroidDriver]&amp#27;[39m A port was not given, using random free port: 8000
[debug] &amp#27;[35m[AndroidDriver]&amp#27;[39m Automated Chromedriver download is disabled. Use 'chromedriver_autodownload' server feature to enable it
[debug] &amp#27;[35m[AndroidDriver]&amp#27;[39m Before starting chromedriver, androidPackage is 'com.androidsample.generalstore'
[debug] &amp#27;[35m[Chromedriver]&amp#27;[39m Changed state to 'starting'
&amp#27;[35m[Chromedriver]&amp#27;[39m Set chromedriver binary as: C:\Selenium\ChromeDriver\v69\chromedriver.exe
[debug] &amp#27;[35m[Chromedriver]&amp#27;[39m Killing any old chromedrivers, running: wmic process where "commandline like '%chromedriver.exe%--port=8000%'" delete
[debug] &amp#27;[35m[Chromedriver]&amp#27;[39m Successfully cleaned up old chromedrivers
[debug] &amp#27;[35m[Chromedriver]&amp#27;[39m Cleaning any old adb forwarded port socket connections
[debug] &amp#27;[35m[ADB]&amp#27;[39m List forwarding ports
[debug] &amp#27;[35m[ADB]&amp#27;[39m Running 'B:\Android\sdk\platform-tools\adb.exe -P 5037 -s emulator-5554 forward --list'
&amp#27;[35m[Chromedriver]&amp#27;[39m Spawning chromedriver with: C:\Selenium\ChromeDriver\v69\chromedriver.exe --url-base=wd/hub --port=8000 --adb-port=5037 --verbose
[debug] &amp#27;[35m[Chromedriver]&amp#27;[39m Chromedriver version: '2.44.609538'
[debug] &amp#27;[35m[Chromedriver]&amp#27;[39m Chromedriver v. 2.44.609538 does not fully support W3C protocol. Defaulting to MJSONWP
[debug] &amp#27;[35m[WD Proxy]&amp#27;[39m Matched '/status' to command name 'getStatus'
[debug] &amp#27;[35m[WD Proxy]&amp#27;[39m Proxying [GET /status] to [GET http://127.0.0.1:8000/wd/hub/status] with no body
[debug] &amp#27;[35m[WD Proxy]&amp#27;[39m Got response with status 200: {"sessionId":"","status":0,"value":{"build":{"version":"alpha"},"os":{"arch":"x86_64","name":"Windows NT","version":"10.0.18363"}}}
&amp#27;[35m[Chromedriver]&amp#27;[39m Starting MJSONWP Chromedriver session with capabilities: {
&amp#27;[35m[Chromedriver]&amp#27;[39m   "desiredCapabilities": {
&amp#27;[35m[Chromedriver]&amp#27;[39m     "chromeOptions": {
&amp#27;[35m[Chromedriver]&amp#27;[39m       "androidPackage": "com.androidsample.generalstore",
&amp#27;[35m[Chromedriver]&amp#27;[39m       "androidUseRunningApp": true,
&amp#27;[35m[Chromedriver]&amp#27;[39m       "androidDeviceSerial": "emulator-5554"
&amp#27;[35m[Chromedriver]&amp#27;[39m     },
&amp#27;[35m[Chromedriver]&amp#27;[39m     "loggingPrefs": {
&amp#27;[35m[Chromedriver]&amp#27;[39m       "browser": "ALL"
&amp#27;[35m[Chromedriver]&amp#27;[39m     }
&amp#27;[35m[Chromedriver]&amp#27;[39m   }
&amp#27;[35m[Chromedriver]&amp#27;[39m }
[debug] &amp#27;[35m[WD Proxy]&amp#27;[39m Matched '/session' to command name 'createSession'
[debug] &amp#27;[35m[WD Proxy]&amp#27;[39m Proxying [POST /session] to [POST http://127.0.0.1:8000/wd/hub/session] with body: {"desiredCapabilities":{"chromeOptions":{"androidPackage":"com.androidsample.generalstore","androidUseRunningApp":true,"androidDeviceSerial":"emulator-5554"},"loggingPrefs":{"browser":"ALL"}}}
[debug] &amp#27;[35m[Chromedriver]&amp#27;[39m Webview version: 'Chrome/69.0.3497.100'
[debug] &amp#27;[35m[WD Proxy]&amp#27;[39m Got response with status 200: {"sessionId":"dc3538c45bb9115c240a2ed77591dee4","status":0,"value":{"acceptInsecureCerts":false,"acceptSslCerts":false,"applicationCacheEnabled":false,"browserConnectionEnabled":false,"browserName":"chrome","chrome":{"chromedriverVersion":"2.44.609538 (b655c5a60b0b544917107a59d4153d4bf78e1b90)"},"cssSelectorsEnabled":true,"databaseEnabled":false,"goog:chromeOptions":{"debuggerAddress":"localhost:62785"},"handlesAlerts":true,"hasTouchScreen":true,"javascriptEnabled":true,"locationContextEnabled":true,"mobileEmulationEnabled":false,"nativeEvents":true,"pageLoadStrategy":"normal","platform":"ANDROID","rotatable":false,"setWindowRect":false,"takesHeapSnapshot":true,"takesScreenshot":true,"unexpectedAlertBehaviour":"ignore","version":"69.0.3497.100","webStorageEnabled":true}}
&amp#27;[35m[WD Proxy]&amp#27;[39m Determined the downstream protocol as 'MJSONWP'
[debug] &amp#27;[35m[Chromedriver]&amp#27;[39m Changed state to 'online'
[debug] &amp#27;[35m[W3C (bf540858)]&amp#27;[39m Responding to client with driver.setContext() result: null
&amp#27;[35m[HTTP]&amp#27;[39m &amp#27;[37m<-- POST /wd/hub/session/bf540858-b87c-41a8-a728-b6d33a4f5b2f/context &amp#27;[39m&amp#27;[32m200&amp#27;[39m &amp#27;[90m5318 ms - 14&amp#27;[39m
&amp#27;[35m[HTTP]&amp#27;[39m &amp#27;[90m&amp#27;[39m
&amp#27;[35m[HTTP]&amp#27;[39m &amp#27;[37m-->&amp#27;[39m &amp#27;[37mGET&amp#27;[39m &amp#27;[37m/wd/hub/session/bf540858-b87c-41a8-a728-b6d33a4f5b2f/context&amp#27;[39m
&amp#27;[35m[HTTP]&amp#27;[39m &amp#27;[90m{}&amp#27;[39m
[debug] &amp#27;[35m[W3C (bf540858)]&amp#27;[39m Calling AppiumDriver.getCurrentContext() with args: ["bf540858-b87c-41a8-a728-b6d33a4f5b2f"]
[debug] &amp#27;[35m[W3C (bf540858)]&amp#27;[39m Responding to client with driver.getCurrentContext() result: "WEBVIEW_com.androidsample.generalstore"
&amp#27;[35m[HTTP]&amp#27;[39m &amp#27;[37m<-- GET /wd/hub/session/bf540858-b87c-41a8-a728-b6d33a4f5b2f/context &amp#27;[39m&amp#27;[32m200&amp#27;[39m &amp#27;[90m1 ms - 50&amp#27;[39m
&amp#27;[35m[HTTP]&amp#27;[39m &amp#27;[90m&amp#27;[39m
&amp#27;[35m[HTTP]&amp#27;[39m &amp#27;[37m-->&amp#27;[39m &amp#27;[37mPOST&amp#27;[39m &amp#27;[37m/wd/hub/session/bf540858-b87c-41a8-a728-b6d33a4f5b2f/element&amp#27;[39m
&amp#27;[35m[HTTP]&amp#27;[39m &amp#27;[90m{"using":"name","value":"q"}&amp#27;[39m
&amp#27;[35m[W3C (bf540858)]&amp#27;[39m Driver proxy active, passing request on via HTTP proxy
[debug] &amp#27;[35m[WD Proxy]&amp#27;[39m Matched '/wd/hub/session/bf540858-b87c-41a8-a728-b6d33a4f5b2f/element' to command name 'findElement'
[debug] &amp#27;[35m[WD Proxy]&amp#27;[39m Proxying [POST /wd/hub/session/bf540858-b87c-41a8-a728-b6d33a4f5b2f/element] to [POST http://127.0.0.1:8000/wd/hub/session/dc3538c45bb9115c240a2ed77591dee4/element] with body: {"using":"name","value":"q"}
[debug] &amp#27;[35m[WD Proxy]&amp#27;[39m Got response with status 200: {"sessionId":"dc3538c45bb9115c240a2ed77591dee4","status":0,"value":{"ELEMENT":"0.2958414760476096-1"}}
&amp#27;[35m[WD Proxy]&amp#27;[39m Replacing sessionId dc3538c45bb9115c240a2ed77591dee4 with bf540858-b87c-41a8-a728-b6d33a4f5b2f
&amp#27;[35m[HTTP]&amp#27;[39m &amp#27;[37m<-- POST /wd/hub/session/bf540858-b87c-41a8-a728-b6d33a4f5b2f/element &amp#27;[39m&amp#27;[32m200&amp#27;[39m &amp#27;[90m43 ms - 156&amp#27;[39m
&amp#27;[35m[HTTP]&amp#27;[39m &amp#27;[90m&amp#27;[39m
&amp#27;[35m[HTTP]&amp#27;[39m &amp#27;[37m-->&amp#27;[39m &amp#27;[37mPOST&amp#27;[39m &amp#27;[37m/wd/hub/session/bf540858-b87c-41a8-a728-b6d33a4f5b2f/element/0.2958414760476096-1/value&amp#27;[39m
&amp#27;[35m[HTTP]&amp#27;[39m &amp#27;[90m{"id":"0.2958414760476096-1","text":"youtube","value":["y","o","u","t","u","b","e"]}&amp#27;[39m
&amp#27;[35m[W3C (bf540858)]&amp#27;[39m Driver proxy active, passing request on via HTTP proxy
[debug] &amp#27;[35m[WD Proxy]&amp#27;[39m Matched '/wd/hub/session/bf540858-b87c-41a8-a728-b6d33a4f5b2f/element/0.2958414760476096-1/value' to command name 'setValue'
[debug] &amp#27;[35m[WD Proxy]&amp#27;[39m Proxying [POST /wd/hub/session/bf540858-b87c-41a8-a728-b6d33a4f5b2f/element/0.2958414760476096-1/value] to [POST http://127.0.0.1:8000/wd/hub/session/dc3538c45bb9115c240a2ed77591dee4/element/0.2958414760476096-1/value] with body: {"id":"0.2958414760476096-1","text":"youtube","value":["y","o","u","t","u","b","e"]}
[debug] &amp#27;[35m[WD Proxy]&amp#27;[39m Got response with status 200: {"sessionId":"dc3538c45bb9115c240a2ed77591dee4","status":0,"value":null}
&amp#27;[35m[WD Proxy]&amp#27;[39m Replacing sessionId dc3538c45bb9115c240a2ed77591dee4 with bf540858-b87c-41a8-a728-b6d33a4f5b2f
&amp#27;[35m[HTTP]&amp#27;[39m &amp#27;[37m<-- POST /wd/hub/session/bf540858-b87c-41a8-a728-b6d33a4f5b2f/element/0.2958414760476096-1/value &amp#27;[39m&amp#27;[32m200&amp#27;[39m &amp#27;[90m801 ms - 65&amp#27;[39m
&amp#27;[35m[HTTP]&amp#27;[39m &amp#27;[90m&amp#27;[39m
&amp#27;[35m[HTTP]&amp#27;[39m &amp#27;[37m-->&amp#27;[39m &amp#27;[37mPOST&amp#27;[39m &amp#27;[37m/wd/hub/session/bf540858-b87c-41a8-a728-b6d33a4f5b2f/element&amp#27;[39m
&amp#27;[35m[HTTP]&amp#27;[39m &amp#27;[90m{"using":"name","value":"q"}&amp#27;[39m
&amp#27;[35m[W3C (bf540858)]&amp#27;[39m Driver proxy active, passing request on via HTTP proxy
[debug] &amp#27;[35m[WD Proxy]&amp#27;[39m Matched '/wd/hub/session/bf540858-b87c-41a8-a728-b6d33a4f5b2f/element' to command name 'findElement'
[debug] &amp#27;[35m[WD Proxy]&amp#27;[39m Proxying [POST /wd/hub/session/bf540858-b87c-41a8-a728-b6d33a4f5b2f/element] to [POST http://127.0.0.1:8000/wd/hub/session/dc3538c45bb9115c240a2ed77591dee4/element] with body: {"using":"name","value":"q"}
[debug] &amp#27;[35m[WD Proxy]&amp#27;[39m Got response with status 200: {"sessionId":"dc3538c45bb9115c240a2ed77591dee4","status":0,"value":{"ELEMENT":"0.2958414760476096-1"}}
&amp#27;[35m[WD Proxy]&amp#27;[39m Replacing sessionId dc3538c45bb9115c240a2ed77591dee4 with bf540858-b87c-41a8-a728-b6d33a4f5b2f
&amp#27;[35m[HTTP]&amp#27;[39m &amp#27;[37m<-- POST /wd/hub/session/bf540858-b87c-41a8-a728-b6d33a4f5b2f/element &amp#27;[39m&amp#27;[32m200&amp#27;[39m &amp#27;[90m36 ms - 156&amp#27;[39m
&amp#27;[35m[HTTP]&amp#27;[39m &amp#27;[90m&amp#27;[39m
&amp#27;[35m[HTTP]&amp#27;[39m &amp#27;[37m-->&amp#27;[39m &amp#27;[37mPOST&amp#27;[39m &amp#27;[37m/wd/hub/session/bf540858-b87c-41a8-a728-b6d33a4f5b2f/element/0.2958414760476096-1/value&amp#27;[39m
&amp#27;[35m[HTTP]&amp#27;[39m &amp#27;[90m{"id":"0.2958414760476096-1","text":"î€‡","value":["î€‡"]}&amp#27;[39m
&amp#27;[35m[W3C (bf540858)]&amp#27;[39m Driver proxy active, passing request on via HTTP proxy
[debug] &amp#27;[35m[WD Proxy]&amp#27;[39m Matched '/wd/hub/session/bf540858-b87c-41a8-a728-b6d33a4f5b2f/element/0.2958414760476096-1/value' to command name 'setValue'
[debug] &amp#27;[35m[WD Proxy]&amp#27;[39m Proxying [POST /wd/hub/session/bf540858-b87c-41a8-a728-b6d33a4f5b2f/element/0.2958414760476096-1/value] to [POST http://127.0.0.1:8000/wd/hub/session/dc3538c45bb9115c240a2ed77591dee4/element/0.2958414760476096-1/value] with body: {"id":"0.2958414760476096-1","text":"î€‡","value":["î€‡"]}
[debug] &amp#27;[35m[WD Proxy]&amp#27;[39m Got response with status 200: {"sessionId":"dc3538c45bb9115c240a2ed77591dee4","status":0,"value":null}
&amp#27;[35m[WD Proxy]&amp#27;[39m Replacing sessionId dc3538c45bb9115c240a2ed77591dee4 with bf540858-b87c-41a8-a728-b6d33a4f5b2f
&amp#27;[35m[HTTP]&amp#27;[39m &amp#27;[37m<-- POST /wd/hub/session/bf540858-b87c-41a8-a728-b6d33a4f5b2f/element/0.2958414760476096-1/value &amp#27;[39m&amp#27;[32m200&amp#27;[39m &amp#27;[90m3160 ms - 65&amp#27;[39m
&amp#27;[35m[HTTP]&amp#27;[39m &amp#27;[90m&amp#27;[39m
]]></system-out>
  </testcase>
  <testcase name="nativeAppView" classname="test.AppiumFramework.HybridTest" time="3.436">
    <system-out><![CDATA[&amp#27;[35m[HTTP]&amp#27;[39m &amp#27;[37m-->&amp#27;[39m &amp#27;[37mPOST&amp#27;[39m &amp#27;[37m/wd/hub/session/bf540858-b87c-41a8-a728-b6d33a4f5b2f/appium/device/press_keycode&amp#27;[39m
&amp#27;[35m[HTTP]&amp#27;[39m &amp#27;[90m{"keycode":4}&amp#27;[39m
[debug] &amp#27;[35m[W3C (bf540858)]&amp#27;[39m Calling AppiumDriver.pressKeyCode() with args: [4,null,null,null,null,"bf540858-b87c-41a8-a728-b6d33a4f5b2f"]
[debug] &amp#27;[35m[WD Proxy]&amp#27;[39m Matched '/appium/device/press_keycode' to command name 'pressKeyCode'
[debug] &amp#27;[35m[WD Proxy]&amp#27;[39m Proxying [POST /appium/device/press_keycode] to [POST http://127.0.0.1:8200/wd/hub/session/431c0a09-5eae-45ff-8ee1-2a94613010da/appium/device/press_keycode] with body: {"keycode":4,"metastate":null,"flags":null}
[debug] &amp#27;[35m[WD Proxy]&amp#27;[39m Got response with status 200: {"sessionId":"431c0a09-5eae-45ff-8ee1-2a94613010da","value":null}
[debug] &amp#27;[35m[W3C (bf540858)]&amp#27;[39m Responding to client with driver.pressKeyCode() result: null
&amp#27;[35m[HTTP]&amp#27;[39m &amp#27;[37m<-- POST /wd/hub/session/bf540858-b87c-41a8-a728-b6d33a4f5b2f/appium/device/press_keycode &amp#27;[39m&amp#27;[32m200&amp#27;[39m &amp#27;[90m82 ms - 14&amp#27;[39m
&amp#27;[35m[HTTP]&amp#27;[39m &amp#27;[90m&amp#27;[39m
&amp#27;[35m[HTTP]&amp#27;[39m &amp#27;[37m-->&amp#27;[39m &amp#27;[37mGET&amp#27;[39m &amp#27;[37m/wd/hub/session/bf540858-b87c-41a8-a728-b6d33a4f5b2f/contexts&amp#27;[39m
&amp#27;[35m[HTTP]&amp#27;[39m &amp#27;[90m{}&amp#27;[39m
[debug] &amp#27;[35m[W3C (bf540858)]&amp#27;[39m Calling AppiumDriver.getContexts() with args: ["bf540858-b87c-41a8-a728-b6d33a4f5b2f"]
[debug] &amp#27;[35m[AndroidDriver]&amp#27;[39m Getting a list of available webviews
[debug] &amp#27;[35m[ADB]&amp#27;[39m Running 'B:\Android\sdk\platform-tools\adb.exe -P 5037 -s emulator-5554 shell cat /proc/net/unix'
&amp#27;[35m[AndroidDriver]&amp#27;[39m Not checking whether webviews have active pages; use the 'ensureWebviewsHavePages' cap to turn this check on
[debug] &amp#27;[35m[AndroidDriver]&amp#27;[39m WEBVIEW_2788 mapped to pid 2788
[debug] &amp#27;[35m[AndroidDriver]&amp#27;[39m Getting process name for webview
[debug] &amp#27;[35m[ADB]&amp#27;[39m Running 'B:\Android\sdk\platform-tools\adb.exe -P 5037 -s emulator-5554 shell ps'
[debug] &amp#27;[35m[AndroidDriver]&amp#27;[39m Parsed pid: '2788' pkg: 'com.androidsample.generalstore' from
[debug] &amp#27;[35m[AndroidDriver]&amp#27;[39m     USER           PID  PPID     VSZ    RSS WCHAN            ADDR S NAME
[debug] &amp#27;[35m[AndroidDriver]&amp#27;[39m     u0_a94        2788  1699 1572832 166300 0                   0 S com.androidsample.generalstore
[debug] &amp#27;[35m[AndroidDriver]&amp#27;[39m Returning process name: 'com.androidsample.generalstore'
[debug] &amp#27;[35m[AndroidDriver]&amp#27;[39m Found webviews: ["WEBVIEW_com.androidsample.generalstore"]
[debug] &amp#27;[35m[AndroidDriver]&amp#27;[39m Available contexts: ["NATIVE_APP","WEBVIEW_com.androidsample.generalstore"]
[debug] &amp#27;[35m[W3C (bf540858)]&amp#27;[39m Responding to client with driver.getContexts() result: ["NATIVE_APP","WEBVIEW_com.androidsample.generalstore"]
&amp#27;[35m[HTTP]&amp#27;[39m &amp#27;[37m<-- GET /wd/hub/session/bf540858-b87c-41a8-a728-b6d33a4f5b2f/contexts &amp#27;[39m&amp#27;[32m200&amp#27;[39m &amp#27;[90m139 ms - 65&amp#27;[39m
&amp#27;[35m[HTTP]&amp#27;[39m &amp#27;[90m&amp#27;[39m
&amp#27;[35m[HTTP]&amp#27;[39m &amp#27;[37m-->&amp#27;[39m &amp#27;[37mPOST&amp#27;[39m &amp#27;[37m/wd/hub/session/bf540858-b87c-41a8-a728-b6d33a4f5b2f/appium/device/press_keycode&amp#27;[39m
&amp#27;[35m[HTTP]&amp#27;[39m &amp#27;[90m{"keycode":4}&amp#27;[39m
[debug] &amp#27;[35m[W3C (bf540858)]&amp#27;[39m Calling AppiumDriver.pressKeyCode() with args: [4,null,null,null,null,"bf540858-b87c-41a8-a728-b6d33a4f5b2f"]
[debug] &amp#27;[35m[WD Proxy]&amp#27;[39m Matched '/appium/device/press_keycode' to command name 'pressKeyCode'
[debug] &amp#27;[35m[WD Proxy]&amp#27;[39m Proxying [POST /appium/device/press_keycode] to [POST http://127.0.0.1:8200/wd/hub/session/431c0a09-5eae-45ff-8ee1-2a94613010da/appium/device/press_keycode] with body: {"keycode":4,"metastate":null,"flags":null}
[debug] &amp#27;[35m[WD Proxy]&amp#27;[39m Got response with status 200: {"sessionId":"431c0a09-5eae-45ff-8ee1-2a94613010da","value":null}
[debug] &amp#27;[35m[W3C (bf540858)]&amp#27;[39m Responding to client with driver.pressKeyCode() result: null
&amp#27;[35m[HTTP]&amp#27;[39m &amp#27;[37m<-- POST /wd/hub/session/bf540858-b87c-41a8-a728-b6d33a4f5b2f/appium/device/press_keycode &amp#27;[39m&amp#27;[32m200&amp#27;[39m &amp#27;[90m28 ms - 14&amp#27;[39m
&amp#27;[35m[HTTP]&amp#27;[39m &amp#27;[90m&amp#27;[39m
&amp#27;[35m[HTTP]&amp#27;[39m &amp#27;[37m-->&amp#27;[39m &amp#27;[37mPOST&amp#27;[39m &amp#27;[37m/wd/hub/session/bf540858-b87c-41a8-a728-b6d33a4f5b2f/context&amp#27;[39m
&amp#27;[35m[HTTP]&amp#27;[39m &amp#27;[90m{"name":"NATIVE_APP"}&amp#27;[39m
[debug] &amp#27;[35m[W3C (bf540858)]&amp#27;[39m Calling AppiumDriver.setContext() with args: ["NATIVE_APP","bf540858-b87c-41a8-a728-b6d33a4f5b2f"]
[debug] &amp#27;[35m[AndroidDriver]&amp#27;[39m Getting a list of available webviews
[debug] &amp#27;[35m[ADB]&amp#27;[39m Running 'B:\Android\sdk\platform-tools\adb.exe -P 5037 -s emulator-5554 shell cat /proc/net/unix'
&amp#27;[35m[AndroidDriver]&amp#27;[39m Not checking whether webviews have active pages; use the 'ensureWebviewsHavePages' cap to turn this check on
[debug] &amp#27;[35m[AndroidDriver]&amp#27;[39m WEBVIEW_2788 mapped to pid 2788
[debug] &amp#27;[35m[AndroidDriver]&amp#27;[39m Getting process name for webview
[debug] &amp#27;[35m[ADB]&amp#27;[39m Running 'B:\Android\sdk\platform-tools\adb.exe -P 5037 -s emulator-5554 shell ps'
[debug] &amp#27;[35m[AndroidDriver]&amp#27;[39m Parsed pid: '2788' pkg: 'com.androidsample.generalstore' from
[debug] &amp#27;[35m[AndroidDriver]&amp#27;[39m     USER           PID  PPID     VSZ    RSS WCHAN            ADDR S NAME
[debug] &amp#27;[35m[AndroidDriver]&amp#27;[39m     u0_a94        2788  1699 1573432 166584 0                   0 S com.androidsample.generalstore
[debug] &amp#27;[35m[AndroidDriver]&amp#27;[39m Returning process name: 'com.androidsample.generalstore'
[debug] &amp#27;[35m[AndroidDriver]&amp#27;[39m Found webviews: ["WEBVIEW_com.androidsample.generalstore"]
[debug] &amp#27;[35m[AndroidDriver]&amp#27;[39m Available contexts: ["NATIVE_APP","WEBVIEW_com.androidsample.generalstore"]
[debug] &amp#27;[35m[W3C (bf540858)]&amp#27;[39m Responding to client with driver.setContext() result: null
&amp#27;[35m[HTTP]&amp#27;[39m &amp#27;[37m<-- POST /wd/hub/session/bf540858-b87c-41a8-a728-b6d33a4f5b2f/context &amp#27;[39m&amp#27;[32m200&amp#27;[39m &amp#27;[90m139 ms - 14&amp#27;[39m
&amp#27;[35m[HTTP]&amp#27;[39m &amp#27;[90m&amp#27;[39m
&amp#27;[35m[HTTP]&amp#27;[39m &amp#27;[37m-->&amp#27;[39m &amp#27;[37mGET&amp#27;[39m &amp#27;[37m/wd/hub/session/bf540858-b87c-41a8-a728-b6d33a4f5b2f/context&amp#27;[39m
&amp#27;[35m[HTTP]&amp#27;[39m &amp#27;[90m{}&amp#27;[39m
[debug] &amp#27;[35m[W3C (bf540858)]&amp#27;[39m Calling AppiumDriver.getCurrentContext() with args: ["bf540858-b87c-41a8-a728-b6d33a4f5b2f"]
[debug] &amp#27;[35m[W3C (bf540858)]&amp#27;[39m Responding to client with driver.getCurrentContext() result: "NATIVE_APP"
&amp#27;[35m[HTTP]&amp#27;[39m &amp#27;[37m<-- GET /wd/hub/session/bf540858-b87c-41a8-a728-b6d33a4f5b2f/context &amp#27;[39m&amp#27;[32m200&amp#27;[39m &amp#27;[90m3 ms - 22&amp#27;[39m
&amp#27;[35m[HTTP]&amp#27;[39m &amp#27;[90m&amp#27;[39m
]]></system-out>
  </testcase>
</testsuite>