<?xml version="1.0" encoding="UTF-8"?>
<!-- Generated by org.testng.reporters.JUnitReportReporter -->
<testsuite hostname="DESKTOP-UUGSSKP" failures="0" tests="4" name="test.AppiumFramework.appfwTest2" time="9.038" errors="0" timestamp="2020-10-04T22:41:14 EDT" skipped="0">
  <testcase classname="test.AppiumFramework.appfwTest2" name="productsPage" time="0.319"/>
  <system-out/>
  <testcase classname="test.AppiumFramework.appfwTest2" name="toastMsg" time="0.701"/>
  <system-out/>
  <testcase classname="test.AppiumFramework.appfwTest2" name="locateItems" time="5.964"/>
  <system-out/>
  <testcase classname="test.AppiumFramework.appfwTest2" name="gotoCart" time="2.054"/>
  <system-out/>
</testsuite> <!-- test.AppiumFramework.appfwTest2 -->
