<?xml version="1.0" encoding="UTF-8"?>
<!-- Generated by org.testng.reporters.JUnitReportReporter -->
<testsuite hostname="DESKTOP-UUGSSKP" failures="0" tests="6" name="test.AppiumFramework.appfwTest3" time="5.443" errors="0" timestamp="2020-10-04T22:41:14 EDT" skipped="0">
  <testcase classname="test.AppiumFramework.appfwTest3" name="cartPage" time="0.160"/>
  <system-out/>
  <testcase classname="test.AppiumFramework.appfwTest3" name="validateCartItems" time="0.188"/>
  <system-out/>
  <testcase classname="test.AppiumFramework.appfwTest3" name="validateCartTotal" time="0.042"/>
  <system-out/>
  <testcase classname="test.AppiumFramework.appfwTest3" name="validateChkBox" time="0.624"/>
  <system-out/>
  <testcase classname="test.AppiumFramework.appfwTest3" name="validateTC" time="3.807"/>
  <system-out/>
  <testcase classname="test.AppiumFramework.appfwTest3" name="validatePurchaseBtn" time="0.622"/>
  <system-out/>
</testsuite> <!-- test.AppiumFramework.appfwTest3 -->
