<?xml version="1.0" encoding="UTF-8"?>
<!-- Generated by org.testng.reporters.JUnitReportReporter -->
<testsuite hostname="DESKTOP-UUGSSKP" failures="0" tests="6" name="test.AppiumFramework.CartTest" time="7.250" errors="0" timestamp="2020-10-19T04:27:59 EDT" skipped="0">
  <testcase classname="test.AppiumFramework.CartTest" name="cartPage" time="0.130"/>
  <system-out/>
  <testcase classname="test.AppiumFramework.CartTest" name="validateCartItems" time="0.132"/>
  <system-out/>
  <testcase classname="test.AppiumFramework.CartTest" name="validateCartTotal" time="0.036"/>
  <system-out/>
  <testcase classname="test.AppiumFramework.CartTest" name="validateChkBox" time="0.585"/>
  <system-out/>
  <testcase classname="test.AppiumFramework.CartTest" name="validateTC" time="3.764"/>
  <system-out/>
  <testcase classname="test.AppiumFramework.CartTest" name="validatePurchaseBtn" time="2.603"/>
  <system-out/>
</testsuite> <!-- test.AppiumFramework.CartTest -->
