<?xml version="1.0" encoding="UTF-8"?>
<!-- Generated by org.testng.reporters.JUnitReportReporter -->
<testsuite hostname="DESKTOP-UUGSSKP" failures="0" tests="3" name="test.AppiumFramework.CustLoginTest" time="45.148" errors="0" timestamp="2020-10-19T04:27:59 EDT" skipped="0">
  <testcase classname="test.AppiumFramework.CustLoginTest" name="mySQL_Test" time="20.707"/>
  <system-out/>
  <testcase classname="test.AppiumFramework.CustLoginTest" name="mySQL_Test" time="14.637"/>
  <system-out/>
  <testcase classname="test.AppiumFramework.CustLoginTest" name="mySQL_Test" time="9.804"/>
  <system-out/>
</testsuite> <!-- test.AppiumFramework.CustLoginTest -->
