<?xml version="1.0" encoding="UTF-8"?>
<!-- Generated by org.testng.reporters.JUnitReportReporter -->
<testsuite hostname="DESKTOP-UUGSSKP" failures="0" tests="2" name="test.AppiumFramework.appfwTest4" time="15.188" errors="0" timestamp="2020-10-04T22:41:14 EDT" skipped="0">
  <testcase classname="test.AppiumFramework.appfwTest4" name="webView" time="11.727"/>
  <system-out/>
  <testcase classname="test.AppiumFramework.appfwTest4" name="nativeAppView" time="3.461"/>
  <system-out/>
</testsuite> <!-- test.AppiumFramework.appfwTest4 -->
