<?xml version="1.0" encoding="UTF-8"?>
<!-- Generated by org.testng.reporters.JUnitReportReporter -->
<testsuite hostname="DESKTOP-UUGSSKP" failures="0" tests="2" name="test.AppiumFramework.HybridTest" time="12.416" errors="0" timestamp="2020-10-19T04:27:59 EDT" skipped="0">
  <testcase classname="test.AppiumFramework.HybridTest" name="webView" time="9.051"/>
  <system-out/>
  <testcase classname="test.AppiumFramework.HybridTest" name="nativeAppView" time="3.365"/>
  <system-out/>
</testsuite> <!-- test.AppiumFramework.HybridTest -->
