<?xml version="1.0" encoding="UTF-8"?>
<!-- Generated by org.testng.reporters.JUnitReportReporter -->
<testsuite hostname="DESKTOP-UUGSSKP" failures="0" tests="7" name="test.AppiumFramework.appfwTest1" time="12.241" errors="0" timestamp="2020-10-04T22:41:14 EDT" skipped="0">
  <testcase classname="test.AppiumFramework.appfwTest1" name="pageTitle" time="4.188"/>
  <system-out/>
  <testcase classname="test.AppiumFramework.appfwTest1" name="dropdownLabel" time="0.232"/>
  <system-out/>
  <testcase classname="test.AppiumFramework.appfwTest1" name="selectCountry" time="1.729"/>
  <system-out/>
  <testcase classname="test.AppiumFramework.appfwTest1" name="nameField" time="1.312"/>
  <system-out/>
  <testcase classname="test.AppiumFramework.appfwTest1" name="genderSelect" time="0.284"/>
  <system-out/>
  <testcase classname="test.AppiumFramework.appfwTest1" name="toastMsg" time="1.834"/>
  <system-out/>
  <testcase classname="test.AppiumFramework.appfwTest1" name="login" time="2.662"/>
  <system-out/>
</testsuite> <!-- test.AppiumFramework.appfwTest1 -->
