<?xml version="1.0" encoding="UTF-8"?>
<!-- Generated by org.testng.reporters.JUnitReportReporter -->
<testsuite hostname="DESKTOP-UUGSSKP" failures="0" tests="2" name="test.AppiumFramework.HybridTest" time="0.000" errors="0" timestamp="2020-10-17T07:43:17 EDT" skipped="2">
  <testcase classname="test.AppiumFramework.HybridTest" name="webView" time="0.000">
    <skipped/>
  </testcase> <!-- webView -->
  <system-out/>
  <testcase classname="test.AppiumFramework.HybridTest" name="nativeAppView" time="0.000">
    <skipped/>
  </testcase> <!-- nativeAppView -->
  <system-out/>
</testsuite> <!-- test.AppiumFramework.HybridTest -->
