<?xml version="1.0" encoding="UTF-8"?>
<!-- Generated by org.testng.reporters.JUnitReportReporter -->
<testsuite hostname="DESKTOP-UUGSSKP" failures="0" tests="4" name="test.AppiumFramework.ProductsTest" time="0.000" errors="0" timestamp="2020-10-13T20:40:19 EDT" skipped="4">
  <testcase classname="test.AppiumFramework.ProductsTest" name="productsPage" time="0.000">
    <skipped/>
  </testcase> <!-- productsPage -->
  <system-out/>
  <testcase classname="test.AppiumFramework.ProductsTest" name="toastMsg" time="0.000">
    <skipped/>
  </testcase> <!-- toastMsg -->
  <system-out/>
  <testcase classname="test.AppiumFramework.ProductsTest" name="locateItems" time="0.000">
    <skipped/>
  </testcase> <!-- locateItems -->
  <system-out/>
  <testcase classname="test.AppiumFramework.ProductsTest" name="gotoCart" time="0.000">
    <skipped/>
  </testcase> <!-- gotoCart -->
  <system-out/>
</testsuite> <!-- test.AppiumFramework.ProductsTest -->
