<?xml version="1.0" encoding="UTF-8"?>
<!-- Generated by org.testng.reporters.JUnitReportReporter -->
<testsuite hostname="DESKTOP-UUGSSKP" failures="0" tests="2" name="test.AppiumFramework.HybridTest" time="13.938" errors="0" timestamp="2020-10-14T02:36:14 EDT" skipped="0">
  <testcase classname="test.AppiumFramework.HybridTest" name="webView" time="9.185"/>
  <system-out/>
  <testcase classname="test.AppiumFramework.HybridTest" name="nativeAppView" time="4.753"/>
  <system-out/>
</testsuite> <!-- test.AppiumFramework.HybridTest -->
