<?xml version="1.0" encoding="UTF-8"?>
<!-- Generated by org.testng.reporters.JUnitReportReporter -->
<testsuite hostname="DESKTOP-UUGSSKP" failures="0" tests="8" name="test.AppiumFramework.HomeTest" time="120.106" errors="1" timestamp="2020-10-13T21:53:34 EDT" skipped="7">
  <testcase classname="test.AppiumFramework.HomeTest" name="setUp" time="120.106">
    <error message="The local appium server has not been started. The given Node.js executable: C:\Program Files\nodejs\node.exe Arguments: [C:\Users\Basement\AppData\Roaming\npm\node_modules\appium\lib\main.js, --port, 4723, --address, 0.0.0.0, --chromedriver-executable, C:\Selenium\ChromeDriver\v69\chromedriver.exe] 
" type="io.appium.java_client.service.local.AppiumServerHasNotBeenStartedLocallyException">
      <![CDATA[io.appium.java_client.service.local.AppiumServerHasNotBeenStartedLocallyException: The local appium server has not been started. The given Node.js executable: C:\Program Files\nodejs\node.exe Arguments: [C:\Users\Basement\AppData\Roaming\npm\node_modules\appium\lib\main.js, --port, 4723, --address, 0.0.0.0, --chromedriver-executable, C:\Selenium\ChromeDriver\v69\chromedriver.exe] 

at io.appium.java_client.service.local.AppiumDriverLocalService.start(AppiumDriverLocalService.java:164)
at test.AppiumFramework.AppTest.startServer(AppTest.java:68)
at test.AppiumFramework.HomeTest.setUp(HomeTest.java:20)
at java.base/jdk.internal.reflect.NativeMethodAccessorImpl.invoke0(Native Method)
at java.base/jdk.internal.reflect.NativeMethodAccessorImpl.invoke(NativeMethodAccessorImpl.java:62)
at java.base/jdk.internal.reflect.DelegatingMethodAccessorImpl.invoke(DelegatingMethodAccessorImpl.java:43)
at java.base/java.lang.reflect.Method.invoke(Method.java:567)
at org.testng.internal.MethodInvocationHelper.invokeMethod(MethodInvocationHelper.java:132)
at org.testng.internal.MethodInvocationHelper.invokeMethodConsideringTimeout(MethodInvocationHelper.java:61)
at org.testng.internal.ConfigInvoker.invokeConfigurationMethod(ConfigInvoker.java:366)
at org.testng.internal.ConfigInvoker.invokeConfigurations(ConfigInvoker.java:320)
at org.testng.SuiteRunner.privateRun(SuiteRunner.java:327)
at org.testng.SuiteRunner.run(SuiteRunner.java:286)
at org.testng.SuiteRunnerWorker.runSuite(SuiteRunnerWorker.java:53)
at org.testng.SuiteRunnerWorker.run(SuiteRunnerWorker.java:96)
at org.testng.TestNG.runSuitesSequentially(TestNG.java:1218)
at org.testng.TestNG.runSuitesLocally(TestNG.java:1140)
at org.testng.TestNG.runSuites(TestNG.java:1069)
at org.testng.TestNG.run(TestNG.java:1037)
at org.apache.maven.surefire.testng.TestNGExecutor.run(TestNGExecutor.java:284)
at org.apache.maven.surefire.testng.TestNGXmlTestSuite.execute(TestNGXmlTestSuite.java:75)
at org.apache.maven.surefire.testng.TestNGProvider.invoke(TestNGProvider.java:119)
at org.apache.maven.surefire.booter.ForkedBooter.runSuitesInProcess(ForkedBooter.java:428)
at org.apache.maven.surefire.booter.ForkedBooter.execute(ForkedBooter.java:162)
at org.apache.maven.surefire.booter.ForkedBooter.run(ForkedBooter.java:562)
at org.apache.maven.surefire.booter.ForkedBooter.main(ForkedBooter.java:548)
Caused by: org.openqa.selenium.net.UrlChecker$TimeoutException: Timed out waiting for [http://127.0.0.1:4723/wd/hub/status] to be available after 120003 ms
at org.openqa.selenium.net.UrlChecker.waitUntilAvailable(UrlChecker.java:100)
at io.appium.java_client.service.local.AppiumDriverLocalService.ping(AppiumDriverLocalService.java:129)
at io.appium.java_client.service.local.AppiumDriverLocalService.start(AppiumDriverLocalService.java:151)
... 25 more
Caused by: java.util.concurrent.TimeoutException
at java.base/java.util.concurrent.FutureTask.get(FutureTask.java:204)
at com.google.common.util.concurrent.SimpleTimeLimiter.callWithTimeout(SimpleTimeLimiter.java:156)
at org.openqa.selenium.net.UrlChecker.waitUntilAvailable(UrlChecker.java:75)
... 27 more
]]>
    </error>
  </testcase> <!-- setUp -->
  <system-out/>
  <testcase classname="test.AppiumFramework.HomeTest" name="pageTitle" time="0.000">
    <skipped/>
  </testcase> <!-- pageTitle -->
  <system-out/>
  <testcase classname="test.AppiumFramework.HomeTest" name="dropdownLabel" time="0.000">
    <skipped/>
  </testcase> <!-- dropdownLabel -->
  <system-out/>
  <testcase classname="test.AppiumFramework.HomeTest" name="selectCountry" time="0.000">
    <skipped/>
  </testcase> <!-- selectCountry -->
  <system-out/>
  <testcase classname="test.AppiumFramework.HomeTest" name="nameField" time="0.000">
    <skipped/>
  </testcase> <!-- nameField -->
  <system-out/>
  <testcase classname="test.AppiumFramework.HomeTest" name="genderSelect" time="0.000">
    <skipped/>
  </testcase> <!-- genderSelect -->
  <system-out/>
  <testcase classname="test.AppiumFramework.HomeTest" name="toastMsg" time="0.000">
    <skipped/>
  </testcase> <!-- toastMsg -->
  <system-out/>
  <testcase classname="test.AppiumFramework.HomeTest" name="login" time="0.000">
    <skipped/>
  </testcase> <!-- login -->
  <system-out/>
</testsuite> <!-- test.AppiumFramework.HomeTest -->
