<?xml version="1.0" encoding="UTF-8"?>
<!-- Generated by org.testng.reporters.JUnitReportReporter -->
<testsuite hostname="DESKTOP-UUGSSKP" failures="0" tests="6" name="test.AppiumFramework.CartTest" time="8.163" errors="0" timestamp="2020-10-14T02:36:14 EDT" skipped="0">
  <testcase classname="test.AppiumFramework.CartTest" name="cartPage" time="0.377"/>
  <system-out/>
  <testcase classname="test.AppiumFramework.CartTest" name="validateCartItems" time="0.242"/>
  <system-out/>
  <testcase classname="test.AppiumFramework.CartTest" name="validateCartTotal" time="0.073"/>
  <system-out/>
  <testcase classname="test.AppiumFramework.CartTest" name="validateChkBox" time="0.785"/>
  <system-out/>
  <testcase classname="test.AppiumFramework.CartTest" name="validateTC" time="4.007"/>
  <system-out/>
  <testcase classname="test.AppiumFramework.CartTest" name="validatePurchaseBtn" time="2.679"/>
  <system-out/>
</testsuite> <!-- test.AppiumFramework.CartTest -->
