<?xml version="1.0" encoding="UTF-8"?>
<!-- Generated by org.testng.reporters.JUnitReportReporter -->
<testsuite hostname="DESKTOP-UUGSSKP" failures="0" tests="3" name="test.AppiumFramework.CustLoginTest" time="0.000" errors="0" timestamp="2020-10-17T07:43:17 EDT" skipped="3">
  <testcase classname="test.AppiumFramework.CustLoginTest" name="mySQL_Test" time="0.000">
    <skipped/>
  </testcase> <!-- mySQL_Test -->
  <system-out/>
  <testcase classname="test.AppiumFramework.CustLoginTest" name="mySQL_Test" time="0.000">
    <skipped/>
  </testcase> <!-- mySQL_Test -->
  <system-out/>
  <testcase classname="test.AppiumFramework.CustLoginTest" name="mySQL_Test" time="0.000">
    <skipped/>
  </testcase> <!-- mySQL_Test -->
  <system-out/>
</testsuite> <!-- test.AppiumFramework.CustLoginTest -->
