<?xml version="1.0" encoding="UTF-8"?>
<!-- Generated by org.testng.reporters.JUnitReportReporter -->
<testsuite hostname="DESKTOP-UUGSSKP" failures="0" tests="6" name="test.AppiumFramework.CartTest" time="7.281" errors="0" timestamp="2020-10-13T18:04:52 EDT" skipped="0">
  <testcase classname="test.AppiumFramework.CartTest" name="cartPage" time="0.150"/>
  <system-out/>
  <testcase classname="test.AppiumFramework.CartTest" name="validateCartItems" time="0.134"/>
  <system-out/>
  <testcase classname="test.AppiumFramework.CartTest" name="validateCartTotal" time="0.035"/>
  <system-out/>
  <testcase classname="test.AppiumFramework.CartTest" name="validateChkBox" time="0.595"/>
  <system-out/>
  <testcase classname="test.AppiumFramework.CartTest" name="validateTC" time="3.773"/>
  <system-out/>
  <testcase classname="test.AppiumFramework.CartTest" name="validatePurchaseBtn" time="2.594"/>
  <system-out/>
</testsuite> <!-- test.AppiumFramework.CartTest -->
