<?xml version="1.0" encoding="UTF-8"?>
<!-- Generated by org.testng.reporters.JUnitReportReporter -->
<testsuite hostname="DESKTOP-UUGSSKP" failures="0" tests="1" name="test.AppiumFramework.appfwTest1" time="13.701" errors="0" timestamp="2020-09-28T16:30:02 EDT" skipped="0">
  <testcase classname="test.AppiumFramework.appfwTest1" name="homepageFormFill" time="13.701"/>
  <system-out/>
</testsuite> <!-- test.AppiumFramework.appfwTest1 -->
