<?xml version="1.0" encoding="UTF-8"?>
<!-- Generated by org.testng.reporters.JUnitReportReporter -->
<testsuite hostname="DESKTOP-UUGSSKP" failures="0" tests="6" name="test.AppiumFramework.CartTest" time="7.225" errors="0" timestamp="2020-10-19T04:53:00 EDT" skipped="0">
  <testcase classname="test.AppiumFramework.CartTest" name="cartPage" time="0.149"/>
  <system-out/>
  <testcase classname="test.AppiumFramework.CartTest" name="validateCartItems" time="0.112"/>
  <system-out/>
  <testcase classname="test.AppiumFramework.CartTest" name="validateCartTotal" time="0.032"/>
  <system-out/>
  <testcase classname="test.AppiumFramework.CartTest" name="validateChkBox" time="0.592"/>
  <system-out/>
  <testcase classname="test.AppiumFramework.CartTest" name="validateTC" time="3.777"/>
  <system-out/>
  <testcase classname="test.AppiumFramework.CartTest" name="validatePurchaseBtn" time="2.563"/>
  <system-out/>
</testsuite> <!-- test.AppiumFramework.CartTest -->
