<?xml version="1.0" encoding="UTF-8"?>
<!-- Generated by org.testng.reporters.JUnitReportReporter -->
<testsuite hostname="DESKTOP-UUGSSKP" failures="0" tests="2" name="test.AppiumFramework.HybridTest" time="11.736" errors="0" timestamp="2020-10-19T04:53:00 EDT" skipped="0">
  <testcase classname="test.AppiumFramework.HybridTest" name="webView" time="8.409"/>
  <system-out/>
  <testcase classname="test.AppiumFramework.HybridTest" name="nativeAppView" time="3.327"/>
  <system-out/>
</testsuite> <!-- test.AppiumFramework.HybridTest -->
