<?xml version="1.0" encoding="UTF-8"?>
<!-- Generated by org.testng.reporters.JUnitReportReporter -->
<testsuite hostname="DESKTOP-UUGSSKP" failures="0" tests="3" name="test.AppiumFramework.CustLoginTest" time="46.449" errors="0" timestamp="2020-10-19T04:53:00 EDT" skipped="0">
  <testcase classname="test.AppiumFramework.CustLoginTest" name="mySQL_Test" time="20.699"/>
  <system-out/>
  <testcase classname="test.AppiumFramework.CustLoginTest" name="mySQL_Test" time="15.280"/>
  <system-out/>
  <testcase classname="test.AppiumFramework.CustLoginTest" name="mySQL_Test" time="10.470"/>
  <system-out/>
</testsuite> <!-- test.AppiumFramework.CustLoginTest -->
