<?xml version="1.0" encoding="UTF-8"?>
<!-- Generated by org.testng.reporters.JUnitReportReporter -->
<testsuite hostname="DESKTOP-UUGSSKP" failures="0" tests="6" name="test.AppiumFramework.CartTest" time="0.000" errors="0" timestamp="2020-10-13T20:40:19 EDT" skipped="6">
  <testcase classname="test.AppiumFramework.CartTest" name="cartPage" time="0.000">
    <skipped/>
  </testcase> <!-- cartPage -->
  <system-out/>
  <testcase classname="test.AppiumFramework.CartTest" name="validateCartItems" time="0.000">
    <skipped/>
  </testcase> <!-- validateCartItems -->
  <system-out/>
  <testcase classname="test.AppiumFramework.CartTest" name="validateCartTotal" time="0.000">
    <skipped/>
  </testcase> <!-- validateCartTotal -->
  <system-out/>
  <testcase classname="test.AppiumFramework.CartTest" name="validateChkBox" time="0.000">
    <skipped/>
  </testcase> <!-- validateChkBox -->
  <system-out/>
  <testcase classname="test.AppiumFramework.CartTest" name="validateTC" time="0.000">
    <skipped/>
  </testcase> <!-- validateTC -->
  <system-out/>
  <testcase classname="test.AppiumFramework.CartTest" name="validatePurchaseBtn" time="0.000">
    <skipped/>
  </testcase> <!-- validatePurchaseBtn -->
  <system-out/>
</testsuite> <!-- test.AppiumFramework.CartTest -->
