<?xml version="1.0" encoding="UTF-8"?>
<!-- Generated by org.testng.reporters.JUnitReportReporter -->
<testsuite hostname="DESKTOP-UUGSSKP" failures="0" tests="2" name="test.AppiumFramework.startADBServer" time="0.000" errors="0" timestamp="2020-10-13T17:11:02 EDT" skipped="2">
  <testcase classname="test.AppiumFramework.startADBServer" name="delay" time="0.000">
    <skipped/>
  </testcase> <!-- delay -->
  <system-out/>
  <testcase classname="test.AppiumFramework.startADBServer" name="start" time="0.000">
    <skipped/>
  </testcase> <!-- start -->
  <system-out/>
</testsuite> <!-- test.AppiumFramework.startADBServer -->
