<?xml version="1.0" encoding="UTF-8"?>
<!-- Generated by org.testng.reporters.JUnitReportReporter -->
<testsuite hostname="DESKTOP-UUGSSKP" failures="0" tests="2" name="test.AppiumFramework.HybridTest" time="13.027" errors="0" timestamp="2020-10-13T18:04:52 EDT" skipped="0">
  <testcase classname="test.AppiumFramework.HybridTest" name="webView" time="9.614"/>
  <system-out/>
  <testcase classname="test.AppiumFramework.HybridTest" name="nativeAppView" time="3.413"/>
  <system-out/>
</testsuite> <!-- test.AppiumFramework.HybridTest -->
